Acquiring lock for maaxboard2
Lock for maaxboard2 currently free
Lock acquired, we are allowed to run
ssh: Could not resolve hostname tftp.keg.cse.unsw.edu.au: Name or service not known
scp: Connection closed
Failed to copy kernel image
Acquiring lock for maaxboard2
Lock for maaxboard2 currently free
Lock acquired, we are allowed to run
loader.img                                      0%    0     0.0KB/s   --:-- ETAloader.img                                    100% 7040KB  32.2MB/s   00:00    
scp: download ./: not a regular file
1d0
< 5
Local version of mq.sh appears to differ from version on tftp.keg.cse.unsw.edu.au at /var/cache/machinelocks
Acquiring lock for maaxboard2
Lock for maaxboard2 currently free
Failed to acquire lock for system (maaxboard2)
Acquiring lock for maaxboard2
Lock for maaxboard2 currently free
Lock acquired, we are allowed to run
loader.img                                      0%    0     0.0KB/s   --:-- ETAloader.img                                    100% 7040KB  99.3MB/s   00:00    
