co
^Eco
[Enter `^Ec?' for help]
[connecting...up]
SM1:BL:511f6b:81ca2f;FEAT:A0F83180:20282000;POC:F;RCY:0;EMMC:0;READ:0;0.0;CHK:0;
bl2_stage_init 0x01
bl2_stage_init 0x81
hw id: 0x0000 - pwm id 0x01
bl2_stage_init 0xc1
bl2_stage_init 0x02

L0:00000000
L1:00000703
L2:00008067
L3:15000020
S1:00000000
B2:20282000
B1:a0f83180

TE: 147136

BL2 Built : 20:29:41, Jun 18 2019. g12a ga659aac - luan.yuan@droid15-sz

Board ID = 1
Set cpu clk to 24M
Set clk81 to 24M
Use GP1_pll as DSU clk.
DSU clk: 1200 Mhz
CPU clk: 1200 MHz
Set clk81 to 166.6M
eMMC boot @ 0
sw8 s
DDR driver_vesion: LPDDR4_PHY_V_0_1_15 build time: Jun 18 2019 20:29:37
board id: 1
Load FIP HDR from eMMC, src: 0x00010200, des: 0xfffd0000, size: 0x00004000, part: 0
fw parse done
Load ddrfw from eMMC, src: 0x00060200, des: 0xfffd0000, size: 0x0000c000, part: 0
Load ddrfw from eMMC, src: 0x00038200, des: 0xfffd0000, size: 0x00004000, part: 0
PIEI prepare done
fastboot data load
00000000
emmc switch 1 ok
00000000
emmc switch 2 ok
fastboot data verify
verify result: 255
Cfg max: 2, cur: 1. Board id: 255. Force loop cfg
DDR4 probe
ddr clk to 1320MHz
Load ddrfw from eMMC, src: 0x00014200, des: 0xfffd0000, size: 0x0000c000, part: 0
00000000
emmc switch 0 ok

dmc_version 0001
Check phy result
INFO : End of initialization
INFO : End of read enable training
INFO : End of fine write leveling
INFO : End of read dq deskew training
INFO : End of MPR read delay center optimization
INFO : End of Write leveling coarse delay
INFO : End of write delay center optimization
INFO : End of read delay center optimization
INFO : End of max read latency training
INFO : Training has run successfully!
1D training succeed
Load ddrfw from eMMC, src: 0x00020200, des: 0xfffd0000, size: 0x0000c000, part: 0
Check phy result
INFO : End of initialization
INFO : End of 2D read delay Voltage center optimization
INFO : End of 2D write delay Voltage center optimization
INFO : Training has run successfully!

R0_RxClkDly_Margin==118 ps 10
R0_TxDqDly_Margi==106 ps 9


R1_RxClkDly_Margin==0 ps 0
R1_TxDqDly_Margi==0 ps 0

 dwc_ddrphy_apb_wr((0<<20)|(2<<16)|(0<<12)|(0xb0):0001 

soc_vref_reg_value 0x 0000004f 0000004f 0000004e 0000004c 0000004f 00000051 0000004d 0000004d 0000004e 0000004f 0000004e 0000004d 0000004e 0000004e 0000004d 0000004d 0000004f 00000050 0000004e 00000050 0000004f 0000004e 0000004e 00000051 0000004f 00000051 0000004f 0000004f 0000004f 0000004f 00000051 00000051 dram_vref_reg_value 0x 00000020
2D training succeed
aml_ddr_fw_vesion: LPDDR4_PHY_V_0_1_15 build time: Jun 18 2019 20:29:43
auto size-- 65535DDR cs0 size: 2048MB
DDR cs1 size: 2048MB
DMC_DDR_CTRL: 00700024DDR size: 3928MB
cs0 DataBus test pass
cs1 DataBus test pass
cs0 AddrBus test pass
cs1 AddrBus test pass

non-sec scramble use zero key
ddr scramble enabled

100bdlr_step_size ps== 435
result report
boot times 0Enable ddr reg access
00000000
emmc switch 3 ok
Authentication key not yet programmed
get rpmb counter error 0x00000007
00000000
emmc switch 0 ok
Load FIP HDR from eMMC, src: 0x00010200, des: 0x01700000, size: 0x00004000, part: 0
Load BL3X from eMMC, src: 0x00078200, des: 0x01768000, size: 0x0009c000, part: 0
bl2z: ptr: 05129330, size: 00001e40
0.0;M3 CHK:0;cm4_sp_mode 0

MVN_1=0x00000000

MVN_2=0x00000000

[Image: g12a_v1.1.3386-3b31431 2019-05-21 10:41:54 luan.yuan@droid15-sz]

OPS=0x10

ring efuse init

2b 0c 10 00 01 1d 22 00 00 19 36 30 36 58 4b 50 

[0.017354 Inits done]

secure task start!
high task start!
low task start!
run into bl31
NOTICE:  BL31: v1.3(release):4fc40b1
NOTICE:  BL31: Built : 15:57:33, May 22 2019
NOTICE:  BL31: G12A normal boot!
NOTICE:  BL31: BL33 decompress pass
ERROR:   Error initializing runtime service opteed_fast

<debug_uart>


U-Boot 2022.07-armbian (Feb 17 2023 - 22:32:33 +0000) odroid-c4/hc4

Model: Hardkernel ODROID-C4
SoC:   Amlogic Meson SM1 (S905X3) Revision 2b:c (10:2)
DRAM:  3.8 GiB
Core:  388 devices, 27 uclasses, devicetree: separate
MMC:   sd@ffe05000: 0, mmc@ffe07000: 1
Loading Environment from nowhere... OK
In:    serial
Out:   serial
Err:   serial
Board variant: c4
Net:   eth0: ethernet@ff3f0000
Hit any key to stop autoboot:  2  
 0 
=> 
=> setenv autoload no && dhcp && tftpboot 0x20000000 odroidc4-2/local-kernel
setenv autoload no && dhcp && tftpboot 0x20000000 odroidc4-2/local-kernel
ethernet@ff3f0000 Waiting for PHY auto negotiation to complete...... done
Speed: 1000, full duplex
BOOTP broadcast 1
BOOTP broadcast 2
BOOTP broadcast 3
BOOTP broadcast 4
BOOTP broadcast 5
BOOTP broadcast 6
*** WARNING: Host Name is too long (34 - max: 32) - truncated
*** WARNING: Host Name is too long (34 - max: 32) - truncated
DHCP client bound to address 172.16.0.12 (5762 ms)
Speed: 1000, full duplex
Using ethernet@ff3f0000 device
TFTP from server 172.16.0.2; our IP address is 172.16.0.12
Filename 'odroidc4-2/local-kernel'.
Load address: 0x20000000
Loading: *#################################################################
	 #################################################################
	 #################################################################
	 #################################################################
	 #################################################################
	 #################################################################
	 #################################################################
	 #######################
	 14.3 MiB/s
done
Bytes transferred = 7007336 (6aec68 hex)
=> go 0x20000000
go 0x20000000
## Starting application at 0x20000000 ...
BENCH|LOG: MICROKIT_CONFIG_benchmark defined
BENCH|LOG: CONFIG_BENCHMARK_TRACK_UTILISATION defined
DHCP request finished, IP address for netif client0 is: 172.16.1.66
DHCP request finished, IP address for netif client1 is: 172.16.1.65
Utilization connection established!
client0 measurement starting...
client0 measurement finished 
{
L1 i-cache misses: 19457280
L1 d-cache misses: 37635717
L1 i-tlb misses: 6123452
L1 d-tlb misses: 26845049
Instructions: 397119199
Branch mispredictions: 12506158
}
Total utilisation details: 
{
KernelUtilisation: 3825877742
KernelEntries: 4849924
NumberSchedules: 3759518
TotalUtilisation: 307145271687
}
Utilisation details for PD: serial_driver (0)
{
KernelUtilisation: 2020
KernelEntries: 1
NumberSchedules: 1
TotalUtilisation: 20262
}
Utilisation details for PD: serial_virt_tx (1)
{
KernelUtilisation: 5399
KernelEntries: 3
NumberSchedules: 2
TotalUtilisation: 13985
}
Utilisation details for PD: ethernet_driver (2)
{
KernelUtilisation: 1210544412
KernelEntries: 1300062
NumberSchedules: 1296721
TotalUtilisation: 2528531501
}
Utilisation details for PD: net_virt_tx (3)
{
KernelUtilisation: 539964617
KernelEntries: 648383
NumberSchedules: 432097
TotalUtilisation: 1154860641
}
Utilisation details for PD: net_virt_rx (4)
{
KernelUtilisation: 747677502
KernelEntries: 1087742
NumberSchedules: 655641
TotalUtilisation: 1424428632
}
Utilisation details for PD: client0 (5)
{
KernelUtilisation: 248269578
KernelEntries: 442172
NumberSchedules: 227507
TotalUtilisation: 1242533254
}
Utilisation details for PD: client0_net_copier (6)
{
KernelUtilisation: 433344315
KernelEntries: 650357
NumberSchedules: 432626
TotalUtilisation: 1192789276
}
Utilisation details for PD: client1 (7)
{
KernelUtilisation: 7325253
KernelEntries: 11961
NumberSchedules: 11960
TotalUtilisation: 23702371
}
Utilisation details for PD: client1_net_copier (8)
{
KernelUtilisation: 442975
KernelEntries: 379
NumberSchedules: 253
TotalUtilisation: 1226111
}
Utilisation details for PD: timer_driver (9)
{
KernelUtilisation: 26599386
KernelEntries: 36768
NumberSchedules: 30621
TotalUtilisation: 62821196
}
Utilization connection established!
client0 measurement starting...
client0 measurement finished 
{
L1 i-cache misses: 20087559
L1 d-cache misses: 39746596
L1 i-tlb misses: 6207623
L1 d-tlb misses: 28000925
Instructions: 1208278515
Branch mispredictions: 12486786
}
Total utilisation details: 
{
KernelUtilisation: 3914750552
KernelEntries: 4984464
NumberSchedules: 3814435
TotalUtilisation: 165625423970
}
Utilisation details for PD: serial_driver (0)
{
KernelUtilisation: 1982
KernelEntries: 1
NumberSchedules: 1
TotalUtilisation: 20867
}
Utilisation details for PD: serial_virt_tx (1)
{
KernelUtilisation: 4951
KernelEntries: 3
NumberSchedules: 2
TotalUtilisation: 13199
}
Utilisation details for PD: ethernet_driver (2)
{
KernelUtilisation: 1280889469
KernelEntries: 1386488
NumberSchedules: 1369771
TotalUtilisation: 2689397973
}
Utilisation details for PD: net_virt_tx (3)
{
KernelUtilisation: 574495175
KernelEntries: 692096
NumberSchedules: 459843
TotalUtilisation: 1226470596
}
Utilisation details for PD: net_virt_rx (4)
{
KernelUtilisation: 809871399
KernelEntries: 1175783
NumberSchedules: 717541
TotalUtilisation: 1534915325
}
Utilisation details for PD: client0 (5)
{
KernelUtilisation: 255030208
KernelEntries: 454120
NumberSchedules: 231202
TotalUtilisation: 1299459323
}
Utilisation details for PD: client0_net_copier (6)
{
KernelUtilisation: 460095196
KernelEntries: 697466
NumberSchedules: 460990
TotalUtilisation: 1274514555
}
Utilisation details for PD: client1 (7)
{
KernelUtilisation: 4379148
KernelEntries: 6523
NumberSchedules: 6523
TotalUtilisation: 16350425
}
Utilisation details for PD: client1_net_copier (8)
{
KernelUtilisation: 208337
KernelEntries: 160
NumberSchedules: 107
TotalUtilisation: 548046
}
Utilisation details for PD: timer_driver (9)
{
KernelUtilisation: 18511312
KernelEntries: 19948
NumberSchedules: 16586
TotalUtilisation: 41296002
}
Utilization connection established!
client0 measurement starting...
client0 measurement finished 
{
L1 i-cache misses: 23150829
L1 d-cache misses: 46775117
L1 i-tlb misses: 7091000
L1 d-tlb misses: 32723258
Instructions: 2651387993
Branch mispredictions: 14834454
}
Total utilisation details: 
{
KernelUtilisation: 4523051347
KernelEntries: 5808175
NumberSchedules: 4402962
TotalUtilisation: 81050370549
}
Utilisation details for PD: serial_driver (0)
{
KernelUtilisation: 2442
KernelEntries: 1
NumberSchedules: 1
TotalUtilisation: 21250
}
Utilisation details for PD: serial_virt_tx (1)
{
KernelUtilisation: 4973
KernelEntries: 3
NumberSchedules: 2
TotalUtilisation: 13735
}
Utilisation details for PD: ethernet_driver (2)
{
KernelUtilisation: 1521269550
KernelEntries: 1667412
NumberSchedules: 1624714
TotalUtilisation: 3221924599
}
Utilisation details for PD: net_virt_tx (3)
{
KernelUtilisation: 679704930
KernelEntries: 823088
NumberSchedules: 546275
TotalUtilisation: 1451076708
}
Utilisation details for PD: net_virt_rx (4)
{
KernelUtilisation: 986728279
KernelEntries: 1425435
NumberSchedules: 883717
TotalUtilisation: 1860130896
}
Utilisation details for PD: client0 (5)
{
KernelUtilisation: 290896385
KernelEntries: 516011
NumberSchedules: 262170
TotalUtilisation: 1517646178
}
Utilisation details for PD: client0_net_copier (6)
{
KernelUtilisation: 543878671
KernelEntries: 834687
NumberSchedules: 546438
TotalUtilisation: 1523703212
}
Utilisation details for PD: client1 (7)
{
KernelUtilisation: 2306365
KernelEntries: 3160
NumberSchedules: 3160
TotalUtilisation: 9153092
}
Utilisation details for PD: client1_net_copier (8)
{
KernelUtilisation: 123166
KernelEntries: 94
NumberSchedules: 63
TotalUtilisation: 327170
}
Utilisation details for PD: timer_driver (9)
{
KernelUtilisation: 10801779
KernelEntries: 10099
NumberSchedules: 8253
TotalUtilisation: 24116864
}
Utilization connection established!
client0 measurement starting...
client0 measurement finished 
{
L1 i-cache misses: 27732525
L1 d-cache misses: 56970911
L1 i-tlb misses: 8426523
L1 d-tlb misses: 38619247
Instructions: 281276150
Branch mispredictions: 19153279
}
Total utilisation details: 
{
KernelUtilisation: 5342830070
KernelEntries: 6869563
NumberSchedules: 5137522
TotalUtilisation: 52688482740
}
Utilisation details for PD: serial_driver (0)
{
KernelUtilisation: 1998
KernelEntries: 1
NumberSchedules: 1
TotalUtilisation: 21426
}
Utilisation details for PD: serial_virt_tx (1)
{
KernelUtilisation: 4620
KernelEntries: 3
NumberSchedules: 2
TotalUtilisation: 14062
}
Utilisation details for PD: ethernet_driver (2)
{
KernelUtilisation: 1802792001
KernelEntries: 1972665
NumberSchedules: 1931922
TotalUtilisation: 3873540705
}
Utilisation details for PD: net_virt_tx (3)
{
KernelUtilisation: 854915660
KernelEntries: 1037443
NumberSchedules: 683216
TotalUtilisation: 1831144574
}
Utilisation details for PD: net_virt_rx (4)
{
KernelUtilisation: 1066915535
KernelEntries: 1560757
NumberSchedules: 944779
TotalUtilisation: 2067043308
}
Utilisation details for PD: client0 (5)
{
KernelUtilisation: 359229830
KernelEntries: 629689
NumberSchedules: 318272
TotalUtilisation: 1902486367
}
Utilisation details for PD: client0_net_copier (6)
{
KernelUtilisation: 634263289
KernelEntries: 953813
NumberSchedules: 636922
TotalUtilisation: 1796832117
}
Utilisation details for PD: client1 (7)
{
KernelUtilisation: 1532799
KernelEntries: 2085
NumberSchedules: 2075
TotalUtilisation: 5993367
}
Utilisation details for PD: client1_net_copier (8)
{
KernelUtilisation: 36454
KernelEntries: 28
NumberSchedules: 19
TotalUtilisation: 95708
}
Utilisation details for PD: timer_driver (9)
{
KernelUtilisation: 7427200
KernelEntries: 6803
NumberSchedules: 5401
TotalUtilisation: 16507679
}
Utilization connection established!
client0 measurement starting...
client0 measurement finished 
{
L1 i-cache misses: 17191845
L1 d-cache misses: 49960607
L1 i-tlb misses: 7073836
L1 d-tlb misses: 35540161
Instructions: 2686618768
Branch mispredictions: 17292055
}
Total utilisation details: 
{
KernelUtilisation: 6566277097
KernelEntries: 8574935
NumberSchedules: 7198673
TotalUtilisation: 38670373987
}
Utilisation details for PD: serial_driver (0)
{
KernelUtilisation: 2055
KernelEntries: 1
NumberSchedules: 1
TotalUtilisation: 19983
}
Utilisation details for PD: serial_virt_tx (1)
{
KernelUtilisation: 5180
KernelEntries: 3
NumberSchedules: 2
TotalUtilisation: 13347
}
Utilisation details for PD: ethernet_driver (2)
{
KernelUtilisation: 2552921967
KernelEntries: 3357485
NumberSchedules: 3192169
TotalUtilisation: 5658111775
}
Utilisation details for PD: net_virt_tx (3)
{
KernelUtilisation: 1950972430
KernelEntries: 2354842
NumberSchedules: 2073893
TotalUtilisation: 3044248304
}
Utilisation details for PD: net_virt_rx (4)
{
KernelUtilisation: 980776499
KernelEntries: 1351288
NumberSchedules: 938386
TotalUtilisation: 1872155115
}
Utilisation details for PD: client0 (5)
{
KernelUtilisation: 202060028
KernelEntries: 343936
NumberSchedules: 176617
TotalUtilisation: 1894888068
}
Utilisation details for PD: client0_net_copier (6)
{
KernelUtilisation: 439260428
KernelEntries: 654737
NumberSchedules: 423141
TotalUtilisation: 1599730263
}
Utilisation details for PD: client1 (7)
{
KernelUtilisation: 1025781
KernelEntries: 1505
NumberSchedules: 1491
TotalUtilisation: 4329734
}
Utilisation details for PD: client1_net_copier (8)
{
KernelUtilisation: 45581
KernelEntries: 35
NumberSchedules: 24
TotalUtilisation: 114035
}
Utilisation details for PD: timer_driver (9)
{
KernelUtilisation: 5585427
KernelEntries: 5237
NumberSchedules: 4169
TotalUtilisation: 12389330
}
Utilization connection established!
client0 measurement starting...
client0 measurement finished 
{
L1 i-cache misses: 7054241
L1 d-cache misses: 39245510
L1 i-tlb misses: 5122529
L1 d-tlb misses: 27796182
Instructions: 2557726205
Branch mispredictions: 10558847
}
Total utilisation details: 
{
KernelUtilisation: 6628659780
KernelEntries: 8601498
NumberSchedules: 7878662
TotalUtilisation: 33945893681
}
Utilisation details for PD: serial_driver (0)
{
KernelUtilisation: 2085
KernelEntries: 1
NumberSchedules: 1
TotalUtilisation: 20736
}
Utilisation details for PD: serial_virt_tx (1)
{
KernelUtilisation: 4240
KernelEntries: 3
NumberSchedules: 2
TotalUtilisation: 13261
}
Utilisation details for PD: ethernet_driver (2)
{
KernelUtilisation: 2738232766
KernelEntries: 3928248
NumberSchedules: 3731262
TotalUtilisation: 6426948343
}
Utilisation details for PD: net_virt_tx (3)
{
KernelUtilisation: 3133403229
KernelEntries: 3718870
NumberSchedules: 3587551
TotalUtilisation: 4244882370
}
Utilisation details for PD: net_virt_rx (4)
{
KernelUtilisation: 251696799
KernelEntries: 329336
NumberSchedules: 197992
TotalUtilisation: 832104023
}
Utilisation details for PD: client0 (5)
{
KernelUtilisation: 78889471
KernelEntries: 132747
NumberSchedules: 66806
TotalUtilisation: 1993073939
}
Utilisation details for PD: client0_net_copier (6)
{
KernelUtilisation: 176157838
KernelEntries: 197079
NumberSchedules: 131120
TotalUtilisation: 1256593099
}
Utilisation details for PD: client1 (7)
{
KernelUtilisation: 1051555
KernelEntries: 1255
NumberSchedules: 1255
TotalUtilisation: 4012468
}
Utilisation details for PD: client1_net_copier (8)
{
KernelUtilisation: 63178
KernelEntries: 45
NumberSchedules: 30
TotalUtilisation: 165772
}
Utilisation details for PD: timer_driver (9)
{
KernelUtilisation: 4911935
KernelEntries: 5125
NumberSchedules: 3887
TotalUtilisation: 11468641
}
Utilization connection established!
client0 measurement starting...
client0 measurement finished 
{
L1 i-cache misses: 6626523
L1 d-cache misses: 44528751
L1 i-tlb misses: 4512587
L1 d-tlb misses: 26569855
Instructions: 795425298
Branch mispredictions: 10513825
}
Total utilisation details: 
{
KernelUtilisation: 5778038515
KernelEntries: 7464219
NumberSchedules: 6787176
TotalUtilisation: 31543658771
}
Utilisation details for PD: serial_driver (0)
{
KernelUtilisation: 3303
KernelEntries: 2
NumberSchedules: 2
TotalUtilisation: 22828
}
Utilisation details for PD: serial_virt_tx (1)
{
KernelUtilisation: 4872
KernelEntries: 3
NumberSchedules: 2
TotalUtilisation: 13916
}
Utilisation details for PD: ethernet_driver (2)
{
KernelUtilisation: 2360949076
KernelEntries: 3383079
NumberSchedules: 3198312
TotalUtilisation: 6032790409
}
Utilisation details for PD: net_virt_tx (3)
{
KernelUtilisation: 2696637090
KernelEntries: 3189785
NumberSchedules: 3066609
TotalUtilisation: 3819761010
}
Utilisation details for PD: net_virt_rx (4)
{
KernelUtilisation: 241321719
KernelEntries: 309088
NumberSchedules: 185898
TotalUtilisation: 898265177
}
Utilisation details for PD: client0 (5)
{
KernelUtilisation: 77924840
KernelEntries: 125118
NumberSchedules: 63160
TotalUtilisation: 2406308007
}
Utilisation details for PD: client0_net_copier (6)
{
KernelUtilisation: 168063940
KernelEntries: 184977
NumberSchedules: 123238
TotalUtilisation: 1498286170
}
Utilisation details for PD: client1 (7)
{
KernelUtilisation: 996885
KernelEntries: 1164
NumberSchedules: 1164
TotalUtilisation: 3582807
}
Utilisation details for PD: client1_net_copier (8)
{
KernelUtilisation: 31069
KernelEntries: 21
NumberSchedules: 14
TotalUtilisation: 76775
}
Utilisation details for PD: timer_driver (9)
{
KernelUtilisation: 5111672
KernelEntries: 4310
NumberSchedules: 3093
TotalUtilisation: 11039478
}
Utilization connection established!
client0 measurement starting...
client0 measurement finished 
{
L1 i-cache misses: 6383637
L1 d-cache misses: 50119610
L1 i-tlb misses: 4093694
L1 d-tlb misses: 26232832
Instructions: 3900181104
Branch mispredictions: 10577808
}
Total utilisation details: 
{
KernelUtilisation: 5193575654
KernelEntries: 6683740
NumberSchedules: 6033794
TotalUtilisation: 30101351675
}
Utilisation details for PD: serial_driver (0)
{
KernelUtilisation: 2082
KernelEntries: 1
NumberSchedules: 1
TotalUtilisation: 20267
}
Utilisation details for PD: serial_virt_tx (1)
{
KernelUtilisation: 5741
KernelEntries: 3
NumberSchedules: 2
TotalUtilisation: 14895
}
Utilisation details for PD: ethernet_driver (2)
{
KernelUtilisation: 2104786658
KernelEntries: 3007952
NumberSchedules: 2830286
TotalUtilisation: 5807554501
}
Utilisation details for PD: net_virt_tx (3)
{
KernelUtilisation: 2391387538
KernelEntries: 2822405
NumberSchedules: 2703964
TotalUtilisation: 3537449710
}
Utilisation details for PD: net_virt_rx (4)
{
KernelUtilisation: 235119892
KernelEntries: 297131
NumberSchedules: 178681
TotalUtilisation: 974639366
}
Utilisation details for PD: client0 (5)
{
KernelUtilisation: 75222794
KernelEntries: 119758
NumberSchedules: 60295
TotalUtilisation: 2822103904
}
Utilisation details for PD: client0_net_copier (6)
{
KernelUtilisation: 165259586
KernelEntries: 177755
NumberSchedules: 118292
TotalUtilisation: 1765827687
}
Utilisation details for PD: client1 (7)
{
KernelUtilisation: 924207
KernelEntries: 1106
NumberSchedules: 1106
TotalUtilisation: 3461957
}
Utilisation details for PD: client1_net_copier (8)
{
KernelUtilisation: 26991
KernelEntries: 18
NumberSchedules: 12
TotalUtilisation: 67694
}
Utilisation details for PD: timer_driver (9)
{
KernelUtilisation: 4144430
KernelEntries: 4901
NumberSchedules: 3707
TotalUtilisation: 10585157
}
Utilization connection established!
client0 measurement starting...
client0 measurement finished 
{
L1 i-cache misses: 6202564
L1 d-cache misses: 55520508
L1 i-tlb misses: 3728128
L1 d-tlb misses: 26210149
Instructions: 3003539744
Branch mispredictions: 10812165
}
Total utilisation details: 
{
KernelUtilisation: 4657029969
KernelEntries: 5968700
NumberSchedules: 5335369
TotalUtilisation: 29114514092
}
Utilisation details for PD: serial_driver (0)
{
KernelUtilisation: 2038
KernelEntries: 1
NumberSchedules: 1
TotalUtilisation: 20540
}
Utilisation details for PD: serial_virt_tx (1)
{
KernelUtilisation: 4404
KernelEntries: 3
NumberSchedules: 2
TotalUtilisation: 13829
}
Utilisation details for PD: ethernet_driver (2)
{
KernelUtilisation: 1862231924
KernelEntries: 2658673
NumberSchedules: 2484964
TotalUtilisation: 5659654530
}
Utilisation details for PD: net_virt_tx (3)
{
KernelUtilisation: 2110214304
KernelEntries: 2483321
NumberSchedules: 2367518
TotalUtilisation: 3288088984
}
Utilisation details for PD: net_virt_rx (4)
{
KernelUtilisation: 231864695
KernelEntries: 290676
NumberSchedules: 174860
TotalUtilisation: 1059958512
}
Utilisation details for PD: client0 (5)
{
KernelUtilisation: 74229972
KernelEntries: 117209
NumberSchedules: 59219
TotalUtilisation: 3249735001
}
Utilisation details for PD: client0_net_copier (6)
{
KernelUtilisation: 165241722
KernelEntries: 173835
NumberSchedules: 115874
TotalUtilisation: 2047642523
}
Utilisation details for PD: client1 (7)
{
KernelUtilisation: 915288
KernelEntries: 1146
NumberSchedules: 1130
TotalUtilisation: 3441158
}
Utilisation details for PD: client1_net_copier (8)
{
KernelUtilisation: 48428
KernelEntries: 33
NumberSchedules: 22
TotalUtilisation: 121776
}
Utilisation details for PD: timer_driver (9)
{
KernelUtilisation: 4152533
KernelEntries: 3764
NumberSchedules: 3057
TotalUtilisation: 9217947
}
Utilization connection established!
client0 measurement starting...
client0 measurement finished 
{
L1 i-cache misses: 6103971
L1 d-cache misses: 61329329
L1 i-tlb misses: 3456570
L1 d-tlb misses: 26445178
Instructions: 2301325477
Branch mispredictions: 10972700
}
Total utilisation details: 
{
KernelUtilisation: 4277857725
KernelEntries: 5452868
NumberSchedules: 4830824
TotalUtilisation: 28575017738
}
Utilisation details for PD: serial_driver (0)
{
KernelUtilisation: 2742
KernelEntries: 1
NumberSchedules: 1
TotalUtilisation: 20725
}
Utilisation details for PD: serial_virt_tx (1)
{
KernelUtilisation: 4468
KernelEntries: 3
NumberSchedules: 2
TotalUtilisation: 13151
}
Utilisation details for PD: ethernet_driver (2)
{
KernelUtilisation: 1690199815
KernelEntries: 2407095
NumberSchedules: 2236431
TotalUtilisation: 5631120948
}
Utilisation details for PD: net_virt_tx (3)
{
KernelUtilisation: 1886140883
KernelEntries: 2213920
NumberSchedules: 2100151
TotalUtilisation: 3102541413
}
Utilisation details for PD: net_virt_rx (4)
{
KernelUtilisation: 229522116
KernelEntries: 285620
NumberSchedules: 171843
TotalUtilisation: 1144315367
}
Utilisation details for PD: client0 (5)
{
KernelUtilisation: 75673886
KernelEntries: 115223
NumberSchedules: 58148
TotalUtilisation: 3694601003
}
Utilisation details for PD: client0_net_copier (6)
{
KernelUtilisation: 164366750
KernelEntries: 170960
NumberSchedules: 113871
TotalUtilisation: 2343959339
}
Utilisation details for PD: client1 (7)
{
KernelUtilisation: 898508
KernelEntries: 1059
NumberSchedules: 1055
TotalUtilisation: 3306153
}
Utilisation details for PD: client1_net_copier (8)
{
KernelUtilisation: 14081
KernelEntries: 9
NumberSchedules: 6
TotalUtilisation: 34453
}
Utilisation details for PD: timer_driver (9)
{
KernelUtilisation: 5007115
KernelEntries: 4343
NumberSchedules: 3160
TotalUtilisation: 11573665
}
Utilization connection established!
client0 measurement starting...
client0 measurement finished 
{
L1 i-cache misses: 6094701
L1 d-cache misses: 66922118
L1 i-tlb misses: 3193014
L1 d-tlb misses: 26301275
Instructions: 1687895277
Branch mispredictions: 11121316
}
Total utilisation details: 
{
KernelUtilisation: 3882331994
KernelEntries: 4922235
NumberSchedules: 4307436
TotalUtilisation: 28069866502
}
Utilisation details for PD: serial_driver (0)
{
KernelUtilisation: 1926
KernelEntries: 1
NumberSchedules: 1
TotalUtilisation: 20084
}
Utilisation details for PD: serial_virt_tx (1)
{
KernelUtilisation: 5200
KernelEntries: 3
NumberSchedules: 2
TotalUtilisation: 13792
}
Utilisation details for PD: ethernet_driver (2)
{
KernelUtilisation: 1508355836
KernelEntries: 2145462
NumberSchedules: 1976205
TotalUtilisation: 5545315638
}
Utilisation details for PD: net_virt_tx (3)
{
KernelUtilisation: 1670569785
KernelEntries: 1953932
NumberSchedules: 1841104
TotalUtilisation: 2924633508
}
Utilisation details for PD: net_virt_rx (4)
{
KernelUtilisation: 229233076
KernelEntries: 283332
NumberSchedules: 170479
TotalUtilisation: 1232822371
}
Utilisation details for PD: client0 (5)
{
KernelUtilisation: 76411487
KernelEntries: 114820
NumberSchedules: 58052
TotalUtilisation: 4133064772
}
Utilisation details for PD: client0_net_copier (6)
{
KernelUtilisation: 166286680
KernelEntries: 169584
NumberSchedules: 113051
TotalUtilisation: 2650660129
}
Utilisation details for PD: client1 (7)
{
KernelUtilisation: 908055
KernelEntries: 1043
NumberSchedules: 1043
TotalUtilisation: 3305534
}
Utilisation details for PD: client1_net_copier (8)
{
KernelUtilisation: 54386
KernelEntries: 36
NumberSchedules: 24
TotalUtilisation: 133373
}
Utilisation details for PD: timer_driver (9)
{
KernelUtilisation: 5196749
KernelEntries: 3757
NumberSchedules: 2767
TotalUtilisation: 11086026
}
Utilization connection established!
client0 measurement starting...
client0 measurement finished 
{
L1 i-cache misses: 5891776
L1 d-cache misses: 72770159
L1 i-tlb misses: 2937626
L1 d-tlb misses: 26166053
Instructions: 1076929033
Branch mispredictions: 12113308
}
Total utilisation details: 
{
KernelUtilisation: 3508100567
KernelEntries: 4390467
NumberSchedules: 3825850
TotalUtilisation: 27670781709
}
Utilisation details for PD: serial_driver (0)
{
KernelUtilisation: 2459
KernelEntries: 1
NumberSchedules: 1
TotalUtilisation: 20517
}
Utilisation details for PD: serial_virt_tx (1)
{
KernelUtilisation: 4859
KernelEntries: 3
NumberSchedules: 2
TotalUtilisation: 13578
}
Utilisation details for PD: ethernet_driver (2)
{
KernelUtilisation: 1342483877
KernelEntries: 1905418
NumberSchedules: 1737307
TotalUtilisation: 5522071278
}
Utilisation details for PD: net_virt_tx (3)
{
KernelUtilisation: 1463318571
KernelEntries: 1668706
NumberSchedules: 1603249
TotalUtilisation: 2741532373
}
Utilisation details for PD: net_virt_rx (4)
{
KernelUtilisation: 226608001
KernelEntries: 281588
NumberSchedules: 169494
TotalUtilisation: 1317436310
}
Utilisation details for PD: client0 (5)
{
KernelUtilisation: 75599369
KernelEntries: 113600
NumberSchedules: 57245
TotalUtilisation: 4599507275
}
Utilisation details for PD: client0_net_copier (6)
{
KernelUtilisation: 167677588
KernelEntries: 168378
NumberSchedules: 112073
TotalUtilisation: 2983151284
}
Utilisation details for PD: client1 (7)
{
KernelUtilisation: 930657
KernelEntries: 1031
NumberSchedules: 1031
TotalUtilisation: 3317483
}
Utilisation details for PD: client1_net_copier (8)
{
KernelUtilisation: 46024
KernelEntries: 30
NumberSchedules: 20
TotalUtilisation: 111647
}
Utilisation details for PD: timer_driver (9)
{
KernelUtilisation: 5037540
KernelEntries: 3983
NumberSchedules: 2921
TotalUtilisation: 11335417
}
Utilization connection established!
client0 measurement starting...
client0 measurement finished 
{
L1 i-cache misses: 5847814
L1 d-cache misses: 76213457
L1 i-tlb misses: 2831081
L1 d-tlb misses: 25900766
Instructions: 803081383
Branch mispredictions: 11829266
}
Total utilisation details: 
{
KernelUtilisation: 3344084203
KernelEntries: 4172324
NumberSchedules: 3611260
TotalUtilisation: 27591564871
}
Utilisation details for PD: serial_driver (0)
{
KernelUtilisation: 2036
KernelEntries: 1
NumberSchedules: 1
TotalUtilisation: 20744
}
Utilisation details for PD: serial_virt_tx (1)
{
KernelUtilisation: 5137
KernelEntries: 3
NumberSchedules: 2
TotalUtilisation: 13475
}
Utilisation details for PD: ethernet_driver (2)
{
KernelUtilisation: 1267536520
KernelEntries: 1798613
NumberSchedules: 1628783
TotalUtilisation: 5534252246
}
Utilisation details for PD: net_virt_tx (3)
{
KernelUtilisation: 1404383404
KernelEntries: 1591317
NumberSchedules: 1533000
TotalUtilisation: 2709480294
}
Utilisation details for PD: net_virt_rx (4)
{
KernelUtilisation: 232253597
KernelEntries: 286555
NumberSchedules: 173319
TotalUtilisation: 1372143907
}
Utilisation details for PD: client0 (5)
{
KernelUtilisation: 77286926
KernelEntries: 114621
NumberSchedules: 57731
TotalUtilisation: 4865845092
}
Utilisation details for PD: client0_net_copier (6)
{
KernelUtilisation: 169398245
KernelEntries: 170142
NumberSchedules: 113222
TotalUtilisation: 3186211046
}
Utilisation details for PD: client1 (7)
{
KernelUtilisation: 960548
KernelEntries: 1071
NumberSchedules: 1070
TotalUtilisation: 3414530
}
Utilisation details for PD: client1_net_copier (8)
{
KernelUtilisation: 57719
KernelEntries: 39
NumberSchedules: 26
TotalUtilisation: 145191
}
Utilisation details for PD: timer_driver (9)
{
KernelUtilisation: 4575726
KernelEntries: 4326
NumberSchedules: 3242
TotalUtilisation: 11145435
}
