co
^Eco
[Enter `^Ec?' for help]
[connecting...up]

U-Boot SPL 2018.03 (Jan 14 2020 - 02:43:08 +0000)
power_bd71837_init
set buck8 to 1.2v for DDR4
DDRINFO: start lpddr4 ddr init
DRAM PHY training for 2400MTS
check ddr4_pmu_train_imem code
check ddr4_pmu_train_imem code pass
check ddr4_pmu_train_dmem code
check ddr4_pmu_train_dmem code pass
Training PASS
DRAM PHY training for 1600MTS
check ddr4_pmu_train_imem code
check ddr4_pmu_train_imem code pass
check ddr4_pmu_train_dmem code
check ddr4_pmu_train_dmem code pass
Training PASS
DRAM PHY training for 1064MTS
check ddr4_pmu_train_imem code
check ddr4_pmu_train_imem code pass
check ddr4_pmu_train_dmem code
check ddr4_pmu_train_dmem code pass
Training PASS
DRAM PHY training for 2400MTS
check ddr4_pmu_train_imem code
check ddr4_pmu_train_imem code pass
check ddr4_pmu_train_dmem code
check ddr4_pmu_train_dmem code pass
Training PASS
DDRINFO:ddrphy calibration done
DDRINFO: ddrmix config done
Normal Boot
Trying to boot from MMC1


U-Boot 2018.03 (Jan 14 2020 - 02:43:08 +0000)

CPU:   Freescale i.MX8MQ rev2.1 1500 MHz (running at 1000 MHz)
CPU:   Commercial temperature grade (0C to 95C) at 35C
Reset cause: POR
Model: Freescale i.MX8MQ EVK
DRAM:  2 GiB
MMC:   FSL_SDHC: 0
Loading Environment from MMC... OK
No panel detected: default to HDMI
Display: HDMI (1280x720)
In:    serial
Out:   serial
Err:   serial

 BuildInfo:
  - ATF d6451cc
  - U-Boot 2018.03

switch to partitions #0, OK
mmc0 is current device
flash target is MMC:0
Net:   
Warning: ethernet@30be0000 (eth0) using random MAC address - a6:4a:23:a5:03:f4
eth0: ethernet@30be0000
Fastboot: Normal
Normal Boot
Hit any key to stop autoboot:  2  
 0 
u-boot=> 
u-boot=> setenv loadaddr 0x50000000
dhcp
setenv loadaddr 0x50000000
u-boot=> dhcp
ethernet@30be0000 Waiting for PHY auto negotiation to complete.... done
BOOTP broadcast 1
BOOTP broadcast 2
BOOTP broadcast 3
BOOTP broadcast 4
BOOTP broadcast 5
BOOTP broadcast 6
DHCP client bound to address 172.16.1.141 (5770 ms)
*** Warning: no boot file name; using 'AC10018D.img'
Using ethernet@30be0000 device
TFTP from server 172.16.0.2; our IP address is 172.16.1.141
Filename 'AC10018D.img'.
Load address: 0x50000000
Loading: *
TFTP error: 'File not found' (1)
Not retrying...
u-boot=> tftp ${loadaddr} /maaxboard2/sel4-image
tftp ${loadaddr} /maaxboard2/sel4-image
Using ethernet@30be0000 device
TFTP from server 172.16.0.2; our IP address is 172.16.1.141
Filename '/maaxboard2/sel4-image'.
Load address: 0x50000000
Loading: *#################################################################
	 #################################################################
	 #################################################################
	 #################################################################
	 #################################################################
	 #################################################################
	 #################################################################
	 #####################################
	 9.4 MiB/s
done
Bytes transferred = 7209416 (6e01c8 hex)
u-boot=> go ${loadaddr}
go ${loadaddr}
## Starting application at 0x50000000 ...
BENCH|LOG: MICROKIT_CONFIG_benchmark defined
BENCH|LOG: CONFIG_BENCHMARK_TRACK_UTILISATION defined
DHCP request finished, IP address for netif client0 is: 172.16.1.142
DHCP request finished, IP address for netif client1 is: 172.16.1.143
Utilization connection established!
client0 measurement starting...
client0 measurement finished 
{
L1 i-cache misses: 65432966
L1 d-cache misses: 43480005
L1 i-tlb misses: 2661488
L1 d-tlb misses: 6569989
Instructions: 3873119935
Branch mispredictions: 17499820
}
Total utilisation details: 
{
KernelUtilisation: 2899386454
KernelEntries: 3957609
NumberSchedules: 3519731
TotalUtilisation: 255795253074
}
Utilisation details for PD: serial_driver (0)
{
KernelUtilisation: 3065
KernelEntries: 2
NumberSchedules: 2
TotalUtilisation: 30025
}
Utilisation details for PD: serial_virt_tx (1)
{
KernelUtilisation: 5179
KernelEntries: 3
NumberSchedules: 2
TotalUtilisation: 13920
}
Utilisation details for PD: ethernet_driver (2)
{
KernelUtilisation: 804020640
KernelEntries: 1064644
NumberSchedules: 1063093
TotalUtilisation: 2255154323
}
Utilisation details for PD: net_virt_tx (3)
{
KernelUtilisation: 411267623
KernelEntries: 423171
NumberSchedules: 423171
TotalUtilisation: 1070511489
}
Utilisation details for PD: net_virt_rx (4)
{
KernelUtilisation: 575109080
KernelEntries: 653676
NumberSchedules: 652936
TotalUtilisation: 1264495568
}
Utilisation details for PD: client0 (5)
{
KernelUtilisation: 195946953
KernelEntries: 445413
NumberSchedules: 229455
TotalUtilisation: 1065242644
}
Utilisation details for PD: client0_net_copier (6)
{
KernelUtilisation: 362705358
KernelEntries: 650097
NumberSchedules: 434107
TotalUtilisation: 1053398038
}
Utilisation details for PD: client1 (7)
{
KernelUtilisation: 6213590
KernelEntries: 12170
NumberSchedules: 12170
TotalUtilisation: 16811377
}
Utilisation details for PD: client1_net_copier (8)
{
KernelUtilisation: 685728
KernelEntries: 740
NumberSchedules: 495
TotalUtilisation: 2583176
}
Utilisation details for PD: timer_driver (9)
{
KernelUtilisation: 15359203
KernelEntries: 33067
NumberSchedules: 29681
TotalUtilisation: 73615406
}
Utilization connection established!
client0 measurement starting...
client0 measurement finished 
{
L1 i-cache misses: 62169749
L1 d-cache misses: 42673797
L1 i-tlb misses: 2499398
L1 d-tlb misses: 6292265
Instructions: 1683362490
Branch mispredictions: 16882703
}
Total utilisation details: 
{
KernelUtilisation: 2626318243
KernelEntries: 3617455
NumberSchedules: 3152611
TotalUtilisation: 138012865472
}
Utilisation details for PD: serial_driver (0)
{
KernelUtilisation: 2959
KernelEntries: 2
NumberSchedules: 2
TotalUtilisation: 29669
}
Utilisation details for PD: serial_virt_tx (1)
{
KernelUtilisation: 4733
KernelEntries: 3
NumberSchedules: 2
TotalUtilisation: 13388
}
Utilisation details for PD: ethernet_driver (2)
{
KernelUtilisation: 722796291
KernelEntries: 962634
NumberSchedules: 942232
TotalUtilisation: 2118726239
}
Utilisation details for PD: net_virt_tx (3)
{
KernelUtilisation: 353608714
KernelEntries: 364325
NumberSchedules: 364325
TotalUtilisation: 964775333
}
Utilisation details for PD: net_virt_rx (4)
{
KernelUtilisation: 608731260
KernelEntries: 698369
NumberSchedules: 688230
TotalUtilisation: 1327358388
}
Utilisation details for PD: client0 (5)
{
KernelUtilisation: 196490054
KernelEntries: 443854
NumberSchedules: 227967
TotalUtilisation: 1088898696
}
Utilisation details for PD: client0_net_copier (6)
{
KernelUtilisation: 377322398
KernelEntries: 673396
NumberSchedules: 457199
TotalUtilisation: 1106547315
}
Utilisation details for PD: client1 (7)
{
KernelUtilisation: 3773502
KernelEntries: 6680
NumberSchedules: 6680
TotalUtilisation: 11422079
}
Utilisation details for PD: client1_net_copier (8)
{
KernelUtilisation: 495287
KernelEntries: 562
NumberSchedules: 376
TotalUtilisation: 1837877
}
Utilisation details for PD: timer_driver (9)
{
KernelUtilisation: 8891262
KernelEntries: 17982
NumberSchedules: 15957
TotalUtilisation: 41036947
}
Utilization connection established!
client0 measurement starting...
client0 measurement finished 
{
L1 i-cache misses: 75679106
L1 d-cache misses: 51986487
L1 i-tlb misses: 3003444
L1 d-tlb misses: 7709997
Instructions: 2833201730
Branch mispredictions: 20035841
}
Total utilisation details: 
{
KernelUtilisation: 3155767682
KernelEntries: 4343973
NumberSchedules: 3783112
TotalUtilisation: 67545419478
}
Utilisation details for PD: serial_driver (0)
{
KernelUtilisation: 2885
KernelEntries: 2
NumberSchedules: 2
TotalUtilisation: 27702
}
Utilisation details for PD: serial_virt_tx (1)
{
KernelUtilisation: 5739
KernelEntries: 3
NumberSchedules: 2
TotalUtilisation: 15280
}
Utilisation details for PD: ethernet_driver (2)
{
KernelUtilisation: 902059587
KernelEntries: 1201136
NumberSchedules: 1182738
TotalUtilisation: 2619962614
}
Utilisation details for PD: net_virt_tx (3)
{
KernelUtilisation: 434935237
KernelEntries: 448094
NumberSchedules: 448087
TotalUtilisation: 1185537201
}
Utilisation details for PD: net_virt_rx (4)
{
KernelUtilisation: 736527511
KernelEntries: 844279
NumberSchedules: 832954
TotalUtilisation: 1609170734
}
Utilisation details for PD: client0 (5)
{
KernelUtilisation: 237157587
KernelEntries: 535921
NumberSchedules: 271706
TotalUtilisation: 1319608570
}
Utilisation details for PD: client0_net_copier (6)
{
KernelUtilisation: 459092700
KernelEntries: 819982
NumberSchedules: 555537
TotalUtilisation: 1346807576
}
Utilisation details for PD: client1 (7)
{
KernelUtilisation: 2168064
KernelEntries: 3332
NumberSchedules: 3332
TotalUtilisation: 9002053
}
Utilisation details for PD: client1_net_copier (8)
{
KernelUtilisation: 199491
KernelEntries: 190
NumberSchedules: 128
TotalUtilisation: 766840
}
Utilisation details for PD: timer_driver (9)
{
KernelUtilisation: 7672851
KernelEntries: 9153
NumberSchedules: 7952
TotalUtilisation: 25019241
}
Utilization connection established!
client0 measurement starting...
client0 measurement finished 
{
L1 i-cache misses: 70962558
L1 d-cache misses: 54438058
L1 i-tlb misses: 2701387
L1 d-tlb misses: 7376198
Instructions: 503234492
Branch mispredictions: 22751426
}
Total utilisation details: 
{
KernelUtilisation: 2993808289
KernelEntries: 4124036
NumberSchedules: 3534884
TotalUtilisation: 43896255137
}
Utilisation details for PD: serial_driver (0)
{
KernelUtilisation: 4066
KernelEntries: 3
NumberSchedules: 3
TotalUtilisation: 30968
}
Utilisation details for PD: serial_virt_tx (1)
{
KernelUtilisation: 5145
KernelEntries: 3
NumberSchedules: 2
TotalUtilisation: 13932
}
Utilisation details for PD: ethernet_driver (2)
{
KernelUtilisation: 872448390
KernelEntries: 1188328
NumberSchedules: 1117928
TotalUtilisation: 2774350278
}
Utilisation details for PD: net_virt_tx (3)
{
KernelUtilisation: 392346620
KernelEntries: 397347
NumberSchedules: 397337
TotalUtilisation: 1144357426
}
Utilisation details for PD: net_virt_rx (4)
{
KernelUtilisation: 762527358
KernelEntries: 891683
NumberSchedules: 845374
TotalUtilisation: 1714984629
}
Utilisation details for PD: client0 (5)
{
KernelUtilisation: 214379319
KernelEntries: 475001
NumberSchedules: 244238
TotalUtilisation: 1423612545
}
Utilisation details for PD: client0_net_copier (6)
{
KernelUtilisation: 465633553
KernelEntries: 810178
NumberSchedules: 578961
TotalUtilisation: 1487619480
}
Utilisation details for PD: client1 (7)
{
KernelUtilisation: 1342828
KernelEntries: 2192
NumberSchedules: 2191
TotalUtilisation: 7081197
}
Utilisation details for PD: client1_net_copier (8)
{
KernelUtilisation: 200671
KernelEntries: 198
NumberSchedules: 136
TotalUtilisation: 688786
}
Utilisation details for PD: timer_driver (9)
{
KernelUtilisation: 5660133
KernelEntries: 6480
NumberSchedules: 5286
TotalUtilisation: 18287074
}
Utilization connection established!
client0 measurement starting...
client0 measurement finished 
{
L1 i-cache misses: 64826644
L1 d-cache misses: 57960218
L1 i-tlb misses: 2383201
L1 d-tlb misses: 7244160
Instructions: 3674277022
Branch mispredictions: 24901669
}
Total utilisation details: 
{
KernelUtilisation: 2735370389
KernelEntries: 3734905
NumberSchedules: 3210357
TotalUtilisation: 32225416729
}
Utilisation details for PD: serial_driver (0)
{
KernelUtilisation: 3411
KernelEntries: 2
NumberSchedules: 2
TotalUtilisation: 30576
}
Utilisation details for PD: serial_virt_tx (1)
{
KernelUtilisation: 5171
KernelEntries: 3
NumberSchedules: 2
TotalUtilisation: 13709
}
Utilisation details for PD: ethernet_driver (2)
{
KernelUtilisation: 809775267
KernelEntries: 1097177
NumberSchedules: 1036556
TotalUtilisation: 3020980895
}
Utilisation details for PD: net_virt_tx (3)
{
KernelUtilisation: 319449261
KernelEntries: 317046
NumberSchedules: 317046
TotalUtilisation: 1116182727
}
Utilisation details for PD: net_virt_rx (4)
{
KernelUtilisation: 758552783
KernelEntries: 894424
NumberSchedules: 829020
TotalUtilisation: 1820210548
}
Utilisation details for PD: client0 (5)
{
KernelUtilisation: 180800648
KernelEntries: 398573
NumberSchedules: 202225
TotalUtilisation: 1661975569
}
Utilisation details for PD: client0_net_copier (6)
{
KernelUtilisation: 439466688
KernelEntries: 747319
NumberSchedules: 550634
TotalUtilisation: 1685148134
}
Utilisation details for PD: client1 (7)
{
KernelUtilisation: 973790
KernelEntries: 1601
NumberSchedules: 1599
TotalUtilisation: 5105530
}
Utilisation details for PD: client1_net_copier (8)
{
KernelUtilisation: 102923
KernelEntries: 84
NumberSchedules: 57
TotalUtilisation: 351578
}
Utilisation details for PD: timer_driver (9)
{
KernelUtilisation: 4195967
KernelEntries: 4864
NumberSchedules: 3919
TotalUtilisation: 13544457
}
Utilization connection established!
client0 measurement starting...
client0 measurement finished 
{
L1 i-cache misses: 70247462
L1 d-cache misses: 67406279
L1 i-tlb misses: 2565494
L1 d-tlb misses: 8250602
Instructions: 3916684361
Branch mispredictions: 28440539
}
Total utilisation details: 
{
KernelUtilisation: 2909507839
KernelEntries: 3976892
NumberSchedules: 3370154
TotalUtilisation: 28289276366
}
Utilisation details for PD: serial_driver (0)
{
KernelUtilisation: 4014
KernelEntries: 3
NumberSchedules: 3
TotalUtilisation: 31235
}
Utilisation details for PD: serial_virt_tx (1)
{
KernelUtilisation: 4368
KernelEntries: 3
NumberSchedules: 2
TotalUtilisation: 12875
}
Utilisation details for PD: ethernet_driver (2)
{
KernelUtilisation: 859988255
KernelEntries: 1179273
NumberSchedules: 1079295
TotalUtilisation: 3540859825
}
Utilisation details for PD: net_virt_tx (3)
{
KernelUtilisation: 333884062
KernelEntries: 327107
NumberSchedules: 327014
TotalUtilisation: 1272853677
}
Utilisation details for PD: net_virt_rx (4)
{
KernelUtilisation: 816903734
KernelEntries: 939410
NumberSchedules: 892992
TotalUtilisation: 2047289794
}
Utilisation details for PD: client0 (5)
{
KernelUtilisation: 207393658
KernelEntries: 454522
NumberSchedules: 232874
TotalUtilisation: 2069687309
}
Utilisation details for PD: client0_net_copier (6)
{
KernelUtilisation: 482226361
KernelEntries: 815444
NumberSchedules: 593073
TotalUtilisation: 2041785491
}
Utilisation details for PD: client1 (7)
{
KernelUtilisation: 935644
KernelEntries: 1446
NumberSchedules: 1443
TotalUtilisation: 4819816
}
Utilisation details for PD: client1_net_copier (8)
{
KernelUtilisation: 186678
KernelEntries: 180
NumberSchedules: 125
TotalUtilisation: 607115
}
Utilisation details for PD: timer_driver (9)
{
KernelUtilisation: 3711099
KernelEntries: 4231
NumberSchedules: 3428
TotalUtilisation: 11908954
}
Utilization connection established!
client0 measurement starting...
client0 measurement finished 
{
L1 i-cache misses: 59185100
L1 d-cache misses: 65975210
L1 i-tlb misses: 2028198
L1 d-tlb misses: 7551207
Instructions: 2290115000
Branch mispredictions: 29209206
}
Total utilisation details: 
{
KernelUtilisation: 2535643871
KernelEntries: 3493164
NumberSchedules: 2879139
TotalUtilisation: 26288588776
}
Utilisation details for PD: serial_driver (0)
{
KernelUtilisation: 2936
KernelEntries: 2
NumberSchedules: 2
TotalUtilisation: 29878
}
Utilisation details for PD: serial_virt_tx (1)
{
KernelUtilisation: 4791
KernelEntries: 3
NumberSchedules: 2
TotalUtilisation: 13647
}
Utilisation details for PD: ethernet_driver (2)
{
KernelUtilisation: 766698503
KernelEntries: 1084273
NumberSchedules: 921716
TotalUtilisation: 3808761502
}
Utilisation details for PD: net_virt_tx (3)
{
KernelUtilisation: 261258734
KernelEntries: 253917
NumberSchedules: 251022
TotalUtilisation: 1211564368
}
Utilisation details for PD: net_virt_rx (4)
{
KernelUtilisation: 802508161
KernelEntries: 936447
NumberSchedules: 877517
TotalUtilisation: 2119114543
}
Utilisation details for PD: client0 (5)
{
KernelUtilisation: 188519395
KernelEntries: 399818
NumberSchedules: 212434
TotalUtilisation: 2295733985
}
Utilisation details for PD: client0_net_copier (6)
{
KernelUtilisation: 406732645
KernelEntries: 690537
NumberSchedules: 501936
TotalUtilisation: 2184319672
}
Utilisation details for PD: client1 (7)
{
KernelUtilisation: 869604
KernelEntries: 1323
NumberSchedules: 1315
TotalUtilisation: 4657377
}
Utilisation details for PD: client1_net_copier (8)
{
KernelUtilisation: 193966
KernelEntries: 188
NumberSchedules: 133
TotalUtilisation: 620422
}
Utilisation details for PD: timer_driver (9)
{
KernelUtilisation: 3553407
KernelEntries: 4003
NumberSchedules: 3212
TotalUtilisation: 11335824
}
Utilization connection established!
client0 measurement starting...
client0 measurement finished 
{
L1 i-cache misses: 46985737
L1 d-cache misses: 64438977
L1 i-tlb misses: 1577449
L1 d-tlb misses: 6987011
Instructions: 1425935766
Branch mispredictions: 28844316
}
Total utilisation details: 
{
KernelUtilisation: 2034309494
KernelEntries: 2714693
NumberSchedules: 2291610
TotalUtilisation: 25068474554
}
Utilisation details for PD: serial_driver (0)
{
KernelUtilisation: 4943
KernelEntries: 2
NumberSchedules: 2
TotalUtilisation: 29936
}
Utilisation details for PD: serial_virt_tx (1)
{
KernelUtilisation: 4261
KernelEntries: 3
NumberSchedules: 2
TotalUtilisation: 12674
}
Utilisation details for PD: ethernet_driver (2)
{
KernelUtilisation: 703142103
KernelEntries: 981627
NumberSchedules: 850492
TotalUtilisation: 4063284164
}
Utilisation details for PD: net_virt_tx (3)
{
KernelUtilisation: 210855549
KernelEntries: 202299
NumberSchedules: 197192
TotalUtilisation: 1223829081
}
Utilisation details for PD: net_virt_rx (4)
{
KernelUtilisation: 624379685
KernelEntries: 707774
NumberSchedules: 665200
TotalUtilisation: 1922443223
}
Utilisation details for PD: client0 (5)
{
KernelUtilisation: 128612041
KernelEntries: 260904
NumberSchedules: 135481
TotalUtilisation: 2478040527
}
Utilisation details for PD: client0_net_copier (6)
{
KernelUtilisation: 298649119
KernelEntries: 491755
NumberSchedules: 374672
TotalUtilisation: 2293338433
}
Utilisation details for PD: client1 (7)
{
KernelUtilisation: 960720
KernelEntries: 1263
NumberSchedules: 1255
TotalUtilisation: 4452217
}
Utilisation details for PD: client1_net_copier (8)
{
KernelUtilisation: 199942
KernelEntries: 196
NumberSchedules: 147
TotalUtilisation: 613472
}
Utilisation details for PD: timer_driver (9)
{
KernelUtilisation: 3368561
KernelEntries: 3716
NumberSchedules: 2980
TotalUtilisation: 10657292
}
Utilization connection established!
client0 measurement starting...
client0 measurement finished 
{
L1 i-cache misses: 32275088
L1 d-cache misses: 59915867
L1 i-tlb misses: 1117319
L1 d-tlb misses: 6415627
Instructions: 763139929
Branch mispredictions: 28594012
}
Total utilisation details: 
{
KernelUtilisation: 1580078984
KernelEntries: 2084452
NumberSchedules: 1772394
TotalUtilisation: 24287204871
}
Utilisation details for PD: serial_driver (0)
{
KernelUtilisation: 3042
KernelEntries: 2
NumberSchedules: 2
TotalUtilisation: 30863
}
Utilisation details for PD: serial_virt_tx (1)
{
KernelUtilisation: 4971
KernelEntries: 3
NumberSchedules: 2
TotalUtilisation: 13223
}
Utilisation details for PD: ethernet_driver (2)
{
KernelUtilisation: 578419200
KernelEntries: 808857
NumberSchedules: 683318
TotalUtilisation: 4326154960
}
Utilisation details for PD: net_virt_tx (3)
{
KernelUtilisation: 136608726
KernelEntries: 167664
NumberSchedules: 121976
TotalUtilisation: 1266581876
}
Utilisation details for PD: net_virt_rx (4)
{
KernelUtilisation: 457599675
KernelEntries: 508509
NumberSchedules: 484547
TotalUtilisation: 1774428532
}
Utilisation details for PD: client0 (5)
{
KernelUtilisation: 69135699
KernelEntries: 130014
NumberSchedules: 71986
TotalUtilisation: 2642958391
}
Utilisation details for PD: client0_net_copier (6)
{
KernelUtilisation: 263031630
KernelEntries: 399337
NumberSchedules: 341294
TotalUtilisation: 2476892374
}
Utilisation details for PD: client1 (7)
{
KernelUtilisation: 756205
KernelEntries: 1162
NumberSchedules: 1162
TotalUtilisation: 4035136
}
Utilisation details for PD: client1_net_copier (8)
{
KernelUtilisation: 185734
KernelEntries: 174
NumberSchedules: 131
TotalUtilisation: 553600
}
Utilisation details for PD: timer_driver (9)
{
KernelUtilisation: 3370519
KernelEntries: 3645
NumberSchedules: 2898
TotalUtilisation: 10734935
}
Utilization connection established!
client0 measurement starting...
client0 measurement finished 
{
L1 i-cache misses: 30619497
L1 d-cache misses: 62444795
L1 i-tlb misses: 1121359
L1 d-tlb misses: 6952842
Instructions: 214062172
Branch mispredictions: 30551922
}
Total utilisation details: 
{
KernelUtilisation: 1410294300
KernelEntries: 1844806
NumberSchedules: 1549063
TotalUtilisation: 23816283951
}
Utilisation details for PD: serial_driver (0)
{
KernelUtilisation: 4083
KernelEntries: 3
NumberSchedules: 3
TotalUtilisation: 32001
}
Utilisation details for PD: serial_virt_tx (1)
{
KernelUtilisation: 4369
KernelEntries: 3
NumberSchedules: 2
TotalUtilisation: 15111
}
Utilisation details for PD: ethernet_driver (2)
{
KernelUtilisation: 480763979
KernelEntries: 696301
NumberSchedules: 551079
TotalUtilisation: 4369878225
}
Utilisation details for PD: net_virt_tx (3)
{
KernelUtilisation: 133025457
KernelEntries: 123949
NumberSchedules: 123917
TotalUtilisation: 1372625532
}
Utilisation details for PD: net_virt_rx (4)
{
KernelUtilisation: 408682352
KernelEntries: 471678
NumberSchedules: 434242
TotalUtilisation: 1784340218
}
Utilisation details for PD: client0 (5)
{
KernelUtilisation: 57415803
KernelEntries: 113223
NumberSchedules: 57155
TotalUtilisation: 2963519038
}
Utilisation details for PD: client0_net_copier (6)
{
KernelUtilisation: 255175700
KernelEntries: 368853
NumberSchedules: 312731
TotalUtilisation: 2752038123
}
Utilisation details for PD: client1 (7)
{
KernelUtilisation: 987693
KernelEntries: 1116
NumberSchedules: 1116
TotalUtilisation: 4082519
}
Utilisation details for PD: client1_net_copier (8)
{
KernelUtilisation: 89118
KernelEntries: 78
NumberSchedules: 63
TotalUtilisation: 251368
}
Utilisation details for PD: timer_driver (9)
{
KernelUtilisation: 4114811
KernelEntries: 3756
NumberSchedules: 2916
TotalUtilisation: 12302373
}
Utilization connection established!
client0 measurement starting...
client0 measurement finished 
{
L1 i-cache misses: 28461192
L1 d-cache misses: 62855869
L1 i-tlb misses: 1039522
L1 d-tlb misses: 7316309
Instructions: 4040993425
Branch mispredictions: 31339626
}
Total utilisation details: 
{
KernelUtilisation: 1148495871
KernelEntries: 1515705
NumberSchedules: 1215033
TotalUtilisation: 23390809356
}
Utilisation details for PD: serial_driver (0)
{
KernelUtilisation: 3301
KernelEntries: 2
NumberSchedules: 2
TotalUtilisation: 28487
}
Utilisation details for PD: serial_virt_tx (1)
{
KernelUtilisation: 4891
KernelEntries: 3
NumberSchedules: 2
TotalUtilisation: 17363
}
Utilisation details for PD: ethernet_driver (2)
{
KernelUtilisation: 355300512
KernelEntries: 544032
NumberSchedules: 390330
TotalUtilisation: 4524495319
}
Utilisation details for PD: net_virt_tx (3)
{
KernelUtilisation: 162262894
KernelEntries: 151820
NumberSchedules: 150866
TotalUtilisation: 1541478658
}
Utilisation details for PD: net_virt_rx (4)
{
KernelUtilisation: 324078684
KernelEntries: 390486
NumberSchedules: 361290
TotalUtilisation: 1719358276
}
Utilisation details for PD: client0 (5)
{
KernelUtilisation: 60125700
KernelEntries: 117168
NumberSchedules: 59152
TotalUtilisation: 3317818284
}
Utilisation details for PD: client0_net_copier (6)
{
KernelUtilisation: 170448304
KernelEntries: 241264
NumberSchedules: 183274
TotalUtilisation: 2813593654
}
Utilisation details for PD: client1 (7)
{
KernelUtilisation: 1134890
KernelEntries: 1093
NumberSchedules: 1093
TotalUtilisation: 4260299
}
Utilisation details for PD: client1_net_copier (8)
{
KernelUtilisation: 67634
KernelEntries: 48
NumberSchedules: 33
TotalUtilisation: 211072
}
Utilisation details for PD: timer_driver (9)
{
KernelUtilisation: 4230738
KernelEntries: 3548
NumberSchedules: 2758
TotalUtilisation: 12393597
}
Utilization connection established!
client0 measurement starting...
client0 measurement finished 
{
L1 i-cache misses: 26964281
L1 d-cache misses: 65706361
L1 i-tlb misses: 1023664
L1 d-tlb misses: 7771382
Instructions: 3524397731
Branch mispredictions: 32425210
}
Total utilisation details: 
{
KernelUtilisation: 934940953
KernelEntries: 1244410
NumberSchedules: 944060
TotalUtilisation: 23066248424
}
Utilisation details for PD: serial_driver (0)
{
KernelUtilisation: 3450
KernelEntries: 2
NumberSchedules: 2
TotalUtilisation: 28877
}
Utilisation details for PD: serial_virt_tx (1)
{
KernelUtilisation: 5115
KernelEntries: 3
NumberSchedules: 2
TotalUtilisation: 15755
}
Utilisation details for PD: ethernet_driver (2)
{
KernelUtilisation: 281452143
KernelEntries: 458579
NumberSchedules: 285675
TotalUtilisation: 4708278151
}
Utilisation details for PD: net_virt_tx (3)
{
KernelUtilisation: 178320953
KernelEntries: 167531
NumberSchedules: 160937
TotalUtilisation: 1675448363
}
Utilisation details for PD: net_virt_rx (4)
{
KernelUtilisation: 208982497
KernelEntries: 245883
NumberSchedules: 245760
TotalUtilisation: 1662922310
}
Utilisation details for PD: client0 (5)
{
KernelUtilisation: 62947459
KernelEntries: 120837
NumberSchedules: 60931
TotalUtilisation: 3681564494
}
Utilisation details for PD: client0_net_copier (6)
{
KernelUtilisation: 125667108
KernelEntries: 179599
NumberSchedules: 119661
TotalUtilisation: 3026984151
}
Utilisation details for PD: client1 (7)
{
KernelUtilisation: 1012059
KernelEntries: 1084
NumberSchedules: 1083
TotalUtilisation: 4106354
}
Utilisation details for PD: client1_net_copier (8)
{
KernelUtilisation: 67717
KernelEntries: 45
NumberSchedules: 29
TotalUtilisation: 211980
}
Utilisation details for PD: timer_driver (9)
{
KernelUtilisation: 4008459
KernelEntries: 3670
NumberSchedules: 2811
TotalUtilisation: 12131680
}
Utilization connection established!
client0 measurement starting...
client0 measurement finished 
{
L1 i-cache misses: 27019731
L1 d-cache misses: 69026496
L1 i-tlb misses: 1034057
L1 d-tlb misses: 8167969
Instructions: 3223821610
Branch mispredictions: 33661846
}
Total utilisation details: 
{
KernelUtilisation: 886376636
KernelEntries: 1195347
NumberSchedules: 883007
TotalUtilisation: 23078010830
}
Utilisation details for PD: serial_driver (0)
{
KernelUtilisation: 3091
KernelEntries: 2
NumberSchedules: 2
TotalUtilisation: 28113
}
Utilisation details for PD: serial_virt_tx (1)
{
KernelUtilisation: 5038
KernelEntries: 3
NumberSchedules: 2
TotalUtilisation: 13532
}
Utilisation details for PD: ethernet_driver (2)
{
KernelUtilisation: 256894443
KernelEntries: 424185
NumberSchedules: 243898
TotalUtilisation: 4815853592
}
Utilisation details for PD: net_virt_tx (3)
{
KernelUtilisation: 176126719
KernelEntries: 167629
NumberSchedules: 165914
TotalUtilisation: 1788009292
}
Utilisation details for PD: net_virt_rx (4)
{
KernelUtilisation: 174747153
KernelEntries: 204602
NumberSchedules: 204222
TotalUtilisation: 1702126417
}
Utilisation details for PD: client0 (5)
{
KernelUtilisation: 66653201
KernelEntries: 130135
NumberSchedules: 65725
TotalUtilisation: 3914601120
}
Utilisation details for PD: client0_net_copier (6)
{
KernelUtilisation: 132313058
KernelEntries: 193525
NumberSchedules: 129099
TotalUtilisation: 3247935108
}
Utilisation details for PD: client1 (7)
{
KernelUtilisation: 1034297
KernelEntries: 1082
NumberSchedules: 1082
TotalUtilisation: 4189838
}
Utilisation details for PD: client1_net_copier (8)
{
KernelUtilisation: 79491
KernelEntries: 51
NumberSchedules: 34
TotalUtilisation: 249898
}
Utilisation details for PD: timer_driver (9)
{
KernelUtilisation: 4052466
KernelEntries: 3567
NumberSchedules: 2734
TotalUtilisation: 12273473
}
