[22:48.00] dbg: Finding plugins in /usr/lib/x86_64-linux-gnu/ipbench
[22:48.00] dbg: Checking /usr/lib/x86_64-linux-gnu/ipbench/liblatencyramp.so against latency ...
[22:48.00] dbg: Checking for header ...
[22:48.00] dbg: Checking magic number ...
[22:48.00] dbg: Checking test name |latency|latency_ramp|...
[22:48.00] dbg: latency does not match latency_ramp
[22:48.00] dbg: Checking /usr/lib/x86_64-linux-gnu/ipbench/libwrapper_target.so against latency ...
[22:48.00] dbg: /usr/lib/x86_64-linux-gnu/ipbench/libwrapper_target.so: undefined symbol: target_wrap_setup_controller
[22:48.00] dbg: Checking /usr/lib/x86_64-linux-gnu/ipbench/libwrapper_client.so against latency ...
[22:48.00] dbg: /usr/lib/x86_64-linux-gnu/ipbench/libwrapper_client.so: undefined symbol: client_wrap_setup_controller
[22:48.00] dbg: Checking /usr/lib/x86_64-linux-gnu/ipbench/libwait.so against latency ...
[22:48.00] dbg: Checking for header ...
[22:48.00] dbg: Checking magic number ...
[22:48.00] dbg: Checking test name |latency|wait|...
[22:48.00] dbg: latency does not match wait
[22:48.00] dbg: Checking /usr/lib/x86_64-linux-gnu/ipbench/libnfsstones.so against latency ...
[22:48.00] dbg: Checking for header ...
[22:48.00] dbg: Checking magic number ...
[22:48.00] dbg: Checking test name |latency|nfsstone|...
[22:48.00] dbg: latency does not match nfsstone
[22:48.00] dbg: Checking /usr/lib/x86_64-linux-gnu/ipbench/libnfs_latency.so against latency ...
[22:48.00] dbg: Checking for header ...
[22:48.00] dbg: Checking magic number ...
[22:48.00] dbg: Checking test name |latency|nfs_latency|...
[22:48.00] dbg: latency does not match nfs_latency
[22:48.00] dbg: Checking /usr/lib/x86_64-linux-gnu/ipbench/liblatencycheck.so against latency ...
[22:48.00] dbg: Checking for header ...
[22:48.00] dbg: Checking magic number ...
[22:48.00] dbg: Checking test name |latency|latency|...
[22:48.00] dbg: Test loaded
[main] setting up target 172.16.1.122
[22:48.00] dbg: Finding plugins in /usr/lib/x86_64-linux-gnu/ipbench
[22:48.00] dbg: Checking /usr/lib/x86_64-linux-gnu/ipbench/liblatencyramp.so against cpu_target_lukem ...
[22:48.00] dbg: Checking for header ...
[22:48.00] dbg: Checking magic number ...
[22:48.00] dbg: Checking test name |cpu_target_lukem|latency_ramp|...
[22:48.00] dbg: cpu_target_lukem does not match latency_ramp
[22:48.00] dbg: Checking /usr/lib/x86_64-linux-gnu/ipbench/libwrapper_target.so against cpu_target_lukem ...
[22:48.00] dbg: /usr/lib/x86_64-linux-gnu/ipbench/libwrapper_target.so: undefined symbol: target_wrap_setup_controller
[22:48.00] dbg: Checking /usr/lib/x86_64-linux-gnu/ipbench/libwrapper_client.so against cpu_target_lukem ...
[22:48.00] dbg: /usr/lib/x86_64-linux-gnu/ipbench/libwrapper_client.so: undefined symbol: client_wrap_setup_controller
[22:48.00] dbg: Checking /usr/lib/x86_64-linux-gnu/ipbench/libwait.so against cpu_target_lukem ...
[22:48.00] dbg: Checking for header ...
[22:48.00] dbg: Checking magic number ...
[22:48.00] dbg: Checking test name |cpu_target_lukem|wait|...
[22:48.00] dbg: cpu_target_lukem does not match wait
[22:48.00] dbg: Checking /usr/lib/x86_64-linux-gnu/ipbench/libnfsstones.so against cpu_target_lukem ...
[22:48.00] dbg: Checking for header ...
[22:48.00] dbg: Checking magic number ...
[22:48.00] dbg: Checking test name |cpu_target_lukem|nfsstone|...
[22:48.00] dbg: cpu_target_lukem does not match nfsstone
[22:48.00] dbg: Checking /usr/lib/x86_64-linux-gnu/ipbench/libnfs_latency.so against cpu_target_lukem ...
[22:48.00] dbg: Checking for header ...
[22:48.00] dbg: Checking magic number ...
[22:48.00] dbg: Checking test name |cpu_target_lukem|nfs_latency|...
[22:48.00] dbg: cpu_target_lukem does not match nfs_latency
[22:48.00] dbg: Checking /usr/lib/x86_64-linux-gnu/ipbench/liblatencycheck.so against cpu_target_lukem ...
[22:48.00] dbg: Checking for header ...
[22:48.00] dbg: Checking magic number ...
[22:48.00] dbg: Checking test name |cpu_target_lukem|latency|...
[22:48.00] dbg: cpu_target_lukem does not match latency
[22:48.00] dbg: Checking /usr/lib/x86_64-linux-gnu/ipbench/liblatency.so against cpu_target_lukem ...
[22:48.00] dbg: Checking for header ...
[22:48.00] dbg: Checking magic number ...
[22:48.00] dbg: Checking test name |cpu_target_lukem|latency|...
[22:48.00] dbg: cpu_target_lukem does not match latency
[22:48.00] dbg: Checking /usr/lib/x86_64-linux-gnu/ipbench/libdummy_target.so against cpu_target_lukem ...
[22:48.00] dbg: Checking for header ...
[22:48.00] dbg: Checking magic number ...
[22:48.00] dbg: Checking test name |cpu_target_lukem|dummy_target|...
[22:48.00] dbg: cpu_target_lukem does not match dummy_target
[22:48.00] dbg: Checking /usr/lib/x86_64-linux-gnu/ipbench/libdummy.so against cpu_target_lukem ...
[22:48.00] dbg: Checking for header ...
[22:48.00] dbg: Checking magic number ...
[22:48.00] dbg: Checking test name |cpu_target_lukem|dummy|...
[22:48.00] dbg: cpu_target_lukem does not match dummy
[22:48.00] dbg: Checking /usr/lib/x86_64-linux-gnu/ipbench/libdiscard.so against cpu_target_lukem ...
[22:48.00] dbg: Checking for header ...
[22:48.00] dbg: Checking magic number ...
[22:48.00] dbg: Checking test name |cpu_target_lukem|discard|...
[22:48.00] dbg: cpu_target_lukem does not match discard
[22:48.00] dbg: Checking /usr/lib/x86_64-linux-gnu/ipbench/libcpu_target_lukem.so against cpu_target_lukem ...
[22:48.00] dbg: Checking for header ...
[22:48.00] dbg: Checking magic number ...
[22:48.00] dbg: Checking test name |cpu_target_lukem|cpu_target_lukem|...
[22:48.00] dbg: Test loaded
[IpbenchTestTarget:__init__] : client 172.16.1.122
[connect] start | hostname 172.16.1.122 | port 1236 | 
[parse_return_code] :  code=100|str=IPBENCH V1.0|msg=|
[send_command] : HELLO
[parse_return_code] :  code=200|str=OK|msg=Ready to go|
[send_command] : LOAD cpu_target_lukem
[parse_return_code] :  code=200|str=OK|msg=|
[send_command] : SETUP args::""
[parse_return_code] :  code=200|str=OK|msg=|
[main] setting up client vb01
[IpbenchTestClient:__init__] : client vb01 port 8036 test_port 1235 test_args socktype=udp,bps=250000000,size=1472,warmup=10,cooldown=10,samples=50000
[connect] start | hostname vb01 | port 8036 | 
[parse_return_code] :  code=100|str=IPBENCH V1.0|msg=|
[send_command] : HELLO
[parse_return_code] :  code=200|str=OK|msg=Ready to go|
[send_command] : LOAD latency
[parse_return_code] :  code=200|str=OK|msg=|
[Setup]: target: 172.16.1.122
[Setup]: port: 1235
[Setup]: args: socktype=udp,bps=250000000,size=1472,warmup=10,cooldown=10,samples=50000
[send_command] : SETUP target::172.16.1.122||port::1235||args::"socktype=udp,bps=250000000,size=1472,warmup=10,cooldown=10,samples=50000"
[parse_return_code] :  code=200|str=OK|msg=|
[main] setting up client vb02
[IpbenchTestClient:__init__] : client vb02 port 8036 test_port 1235 test_args socktype=udp,bps=250000000,size=1472,warmup=10,cooldown=10,samples=50000
[connect] start | hostname vb02 | port 8036 | 
[parse_return_code] :  code=100|str=IPBENCH V1.0|msg=|
[send_command] : HELLO
[parse_return_code] :  code=200|str=OK|msg=Ready to go|
[send_command] : LOAD latency
[parse_return_code] :  code=200|str=OK|msg=|
[Setup]: target: 172.16.1.122
[Setup]: port: 1235
[Setup]: args: socktype=udp,bps=250000000,size=1472,warmup=10,cooldown=10,samples=50000
[send_command] : SETUP target::172.16.1.122||port::1235||args::"socktype=udp,bps=250000000,size=1472,warmup=10,cooldown=10,samples=50000"
[parse_return_code] :  code=200|str=OK|msg=|
[main] setting up client vb03
[IpbenchTestClient:__init__] : client vb03 port 8036 test_port 1235 test_args socktype=udp,bps=250000000,size=1472,warmup=10,cooldown=10,samples=50000
[connect] start | hostname vb03 | port 8036 | 
[parse_return_code] :  code=100|str=IPBENCH V1.0|msg=|
[send_command] : HELLO
[parse_return_code] :  code=200|str=OK|msg=Ready to go|
[send_command] : LOAD latency
[parse_return_code] :  code=200|str=OK|msg=|
[Setup]: target: 172.16.1.122
[Setup]: port: 1235
[Setup]: args: socktype=udp,bps=250000000,size=1472,warmup=10,cooldown=10,samples=50000
[send_command] : SETUP target::172.16.1.122||port::1235||args::"socktype=udp,bps=250000000,size=1472,warmup=10,cooldown=10,samples=50000"
[parse_return_code] :  code=200|str=OK|msg=|
[main] setting up client vb04
[IpbenchTestClient:__init__] : client vb04 port 8036 test_port 1235 test_args socktype=udp,bps=250000000,size=1472,warmup=10,cooldown=10,samples=50000
[connect] start | hostname vb04 | port 8036 | 
[parse_return_code] :  code=100|str=IPBENCH V1.0|msg=|
[send_command] : HELLO
[parse_return_code] :  code=200|str=OK|msg=Ready to go|
[send_command] : LOAD latency
[parse_return_code] :  code=200|str=OK|msg=|
[Setup]: target: 172.16.1.122
[Setup]: port: 1235
[Setup]: args: socktype=udp,bps=250000000,size=1472,warmup=10,cooldown=10,samples=50000
[send_command] : SETUP target::172.16.1.122||port::1235||args::"socktype=udp,bps=250000000,size=1472,warmup=10,cooldown=10,samples=50000"
[parse_return_code] :  code=200|str=OK|msg=|
[send_command] : START
[main] client vb01 start
[send_command] : START
[main] client vb02 start
[send_command] : START
[main] client vb03 start
[send_command] : START
[main] client vb04 start
[send_command] : START
[unmarshall] client vb03 unmarshall 
[parse_return_code] :  code=220|str=VALID DATA|msg=Data to follow|
[unmarshall] client vb03 content-length: 400072
[unmarshall] client vb03 len(201) < 400072
[unmarshall] got 96040 new bytes 
[unmarshall] client vb03 len(96241) < 400072
[unmarshall] got 56472 new bytes 
[unmarshall] client vb03 len(152713) < 400072
[unmarshall] got 26216 new bytes 
[unmarshall] client vb03 len(178929) < 400072
[unmarshall] got 59968 new bytes 
[unmarshall] client vb03 len(238897) < 400072
[unmarshall] got 62264 new bytes 
[unmarshall] client vb03 len(301161) < 400072
[unmarshall] got 20272 new bytes 
[unmarshall] client vb03 len(321433) < 400072
[unmarshall] got 78639 new bytes 
[22:49.01] dbg: [unmarshall] data for client 2 "" [len 400072] [invalid]
[22:49.01] dbg: Latency unmarshall arguments.
[22:49.01] dbg: Unmarshalling 50000 samples
[unmarshall] client vb01 unmarshall 
[parse_return_code] :  code=220|str=VALID DATA|msg=Data to follow|
[unmarshall] client vb01 content-length: 400072
[unmarshall] client vb01 len(201) < 400072
[unmarshall] got 128055 new bytes 
[unmarshall] client vb01 len(128256) < 400072
[unmarshall] got 94720 new bytes 
[unmarshall] client vb01 len(222976) < 400072
[unmarshall] got 94720 new bytes 
[unmarshall] client vb01 len(317696) < 400072
[unmarshall] got 82376 new bytes 
[22:49.01] dbg: [unmarshall] data for client 0 "" [len 400072] [invalid]
[22:49.01] dbg: Latency unmarshall arguments.
[22:49.01] dbg: Unmarshalling 50000 samples
[unmarshall] client vb02 unmarshall 
[parse_return_code] :  code=220|str=VALID DATA|msg=Data to follow|
[unmarshall] client vb02 content-length: 400072
[unmarshall] client vb02 len(201) < 400072
[unmarshall] got 95104 new bytes 
[unmarshall] client vb02 len(95305) < 400072
[unmarshall] got 1448 new bytes 
[unmarshall] client vb02 len(96753) < 400072
[unmarshall] got 8688 new bytes 
[unmarshall] client vb02 len(105441) < 400072
[unmarshall] got 2896 new bytes 
[unmarshall] client vb02 len(108337) < 400072
[unmarshall] got 4344 new bytes 
[unmarshall] client vb02 len(112681) < 400072
[unmarshall] got 4344 new bytes 
[unmarshall] client vb02 len(117025) < 400072
[unmarshall] got 4344 new bytes 
[unmarshall] client vb02 len(121369) < 400072
[unmarshall] got 5792 new bytes 
[unmarshall] client vb02 len(127161) < 400072
[unmarshall] got 5792 new bytes 
[unmarshall] client vb02 len(132953) < 400072
[unmarshall] got 4344 new bytes 
[unmarshall] client vb02 len(137297) < 400072
[unmarshall] got 4344 new bytes 
[unmarshall] client vb02 len(141641) < 400072
[unmarshall] got 7240 new bytes 
[unmarshall] client vb02 len(148881) < 400072
[unmarshall] got 2896 new bytes 
[unmarshall] client vb02 len(151777) < 400072
[unmarshall] got 5792 new bytes 
[unmarshall] client vb02 len(157569) < 400072
[unmarshall] got 4344 new bytes 
[unmarshall] client vb02 len(161913) < 400072
[unmarshall] got 5792 new bytes 
[unmarshall] client vb02 len(167705) < 400072
[unmarshall] got 4344 new bytes 
[unmarshall] client vb02 len(172049) < 400072
[unmarshall] got 7240 new bytes 
[unmarshall] client vb02 len(179289) < 400072
[unmarshall] got 14480 new bytes 
[unmarshall] client vb02 len(193769) < 400072
[unmarshall] got 15928 new bytes 
[unmarshall] client vb02 len(209697) < 400072
[unmarshall] got 2896 new bytes 
[unmarshall] client vb02 len(212593) < 400072
[unmarshall] got 7240 new bytes 
[unmarshall] client vb02 len(219833) < 400072
[unmarshall] got 4344 new bytes 
[unmarshall] client vb02 len(224177) < 400072
[unmarshall] got 5792 new bytes 
[unmarshall] client vb02 len(229969) < 400072
[unmarshall] got 5792 new bytes 
[unmarshall] client vb02 len(235761) < 400072
[unmarshall] got 4344 new bytes 
[unmarshall] client vb02 len(240105) < 400072
[unmarshall] got 14480 new bytes 
[unmarshall] client vb02 len(254585) < 400072
[unmarshall] got 2896 new bytes 
[unmarshall] client vb02 len(257481) < 400072
[unmarshall] got 5792 new bytes 
[unmarshall] client vb02 len(263273) < 400072
[unmarshall] got 11584 new bytes 
[unmarshall] client vb02 len(274857) < 400072
[unmarshall] got 4344 new bytes 
[unmarshall] client vb02 len(279201) < 400072
[unmarshall] got 4344 new bytes 
[unmarshall] client vb02 len(283545) < 400072
[unmarshall] got 10136 new bytes 
[unmarshall] client vb02 len(293681) < 400072
[unmarshall] got 4344 new bytes 
[unmarshall] client vb02 len(298025) < 400072
[unmarshall] got 4344 new bytes 
[unmarshall] client vb02 len(302369) < 400072
[unmarshall] got 10136 new bytes 
[unmarshall] client vb02 len(312505) < 400072
[unmarshall] got 5792 new bytes 
[unmarshall] client vb02 len(318297) < 400072
[unmarshall] got 7240 new bytes 
[unmarshall] client vb02 len(325537) < 400072
[unmarshall] got 8688 new bytes 
[unmarshall] client vb02 len(334225) < 400072
[unmarshall] got 5792 new bytes 
[unmarshall] client vb02 len(340017) < 400072
[unmarshall] got 5792 new bytes 
[unmarshall] client vb02 len(345809) < 400072
[unmarshall] got 10136 new bytes 
[unmarshall] client vb02 len(355945) < 400072
[unmarshall] got 4344 new bytes 
[unmarshall] client vb02 len(360289) < 400072
[unmarshall] got 8688 new bytes 
[unmarshall] client vb02 len(368977) < 400072
[unmarshall] got 10136 new bytes 
[unmarshall] client vb02 len(379113) < 400072
[unmarshall] got 4344 new bytes 
[unmarshall] client vb02 len(383457) < 400072
[unmarshall] got 7240 new bytes 
[unmarshall] client vb02 len(390697) < 400072
[unmarshall] got 9375 new bytes 
[22:49.01] dbg: [unmarshall] data for client 1 "" [len 400072] [invalid]
[22:49.01] dbg: Latency unmarshall arguments.
[22:49.01] dbg: Unmarshalling 50000 samples
[unmarshall] client vb04 unmarshall 
[parse_return_code] :  code=220|str=VALID DATA|msg=Data to follow|
[unmarshall] client vb04 content-length: 400072
[unmarshall] client vb04 len(201) < 400072
[unmarshall] got 96080 new bytes 
[unmarshall] client vb04 len(96281) < 400072
[unmarshall] got 56472 new bytes 
[unmarshall] client vb04 len(152753) < 400072
[unmarshall] got 26216 new bytes 
[unmarshall] client vb04 len(178969) < 400072
[unmarshall] got 118736 new bytes 
[unmarshall] client vb04 len(297705) < 400072
[unmarshall] got 102367 new bytes 
[22:49.01] dbg: [unmarshall] data for client 3 "" [len 400072] [invalid]
[22:49.01] dbg: Latency unmarshall arguments.
[22:49.01] dbg: Unmarshalling 50000 samples
[send_command] : STOP
[unmarshall] client 172.16.1.122 unmarshall 
[parse_return_code] :  code=220|str=VALID DATA|msg=Data to follow|
[unmarshall] client 172.16.1.122 content-length: 24
[22:49.01] dbg: [unmarshall] data for target ",6493334223,22881218360" [len 24] [invalid]
[22:49.01] dbg: [cpu_target_lukem_unmarhsall] start
[22:49.01] dbg: [cpu_target_lukem_unmarshall] cpu usage ,6493334223,22881218360
[22:49.01] dbg: Latency begin output function
[send_command] : QUIT
[send_command] : QUIT
[send_command] : QUIT
[send_command] : QUIT
[send_command] : QUIT
b'100 IPBENCH V1.0\n'
b'100 IPBENCH V1.0\n'
b'100 IPBENCH V1.0\n'
b'100 IPBENCH V1.0\n'
b'100 IPBENCH V1.0\n'
b'100 IPBENCH V1.0\n'
b'100 IPBENCH V1.0\n'
b'100 IPBENCH V1.0\n'
Requested_Throughput,Receive_Throughput,Send_Throughput,Packet_Size,Minimum_RTT,Average_RTT,Maximum_RTT,Stdev_RTT,Median_RTT,Bad_Packets,Idle_Cycles,Total_Cycles
 1000000000,956671506,999989633,1472,1287,1324,1395,12.65,1328,0,6493334223,22881218360

b'100 IPBENCH V1.0\n'
b'100 IPBENCH V1.0\n'
b'100 IPBENCH V1.0\n'
b'100 IPBENCH V1.0\n'
Result Summary:
Requested_Throughput,Receive_Throughput,Send_Throughput,Packet_Size,Minimum_RTT,Average_RTT,Maximum_RTT,Stdev_RTT,Median_RTT,Bad_Packets,Idle_Cycles,Total_Cycles
1000000000,956671506,999989633,1472,1287,1324,1395,12.65,1328,0,6493334223,22881218360

