co
^Eco
[Enter `^Ec?' for help]
[connecting...up]

U-Boot SPL 2018.03 (Jan 14 2020 - 02:43:08 +0000)
power_bd71837_init
set buck8 to 1.2v for DDR4
DDRINFO: start lpddr4 ddr init
DRAM PHY training for 2400MTS
check ddr4_pmu_train_imem code
check ddr4_pmu_train_imem code pass
check ddr4_pmu_train_dmem code
check ddr4_pmu_train_dmem code pass
Training PASS
DRAM PHY training for 1600MTS
check ddr4_pmu_train_imem code
check ddr4_pmu_train_imem code pass
check ddr4_pmu_train_dmem code
check ddr4_pmu_train_dmem code pass
Training PASS
DRAM PHY training for 1064MTS
check ddr4_pmu_train_imem code
check ddr4_pmu_train_imem code pass
check ddr4_pmu_train_dmem code
check ddr4_pmu_train_dmem code pass
Training PASS
DRAM PHY training for 2400MTS
check ddr4_pmu_train_imem code
check ddr4_pmu_train_imem code pass
check ddr4_pmu_train_dmem code
check ddr4_pmu_train_dmem code pass
Training PASS
DDRINFO:ddrphy calibration done
DDRINFO: ddrmix config done
Normal Boot
Trying to boot from MMC1


U-Boot 2018.03 (Jan 14 2020 - 02:43:08 +0000)

CPU:   Freescale i.MX8MQ rev2.1 1500 MHz (running at 1000 MHz)
CPU:   Commercial temperature grade (0C to 95C) at 44C
Reset cause: POR
Model: Freescale i.MX8MQ EVK
DRAM:  2 GiB
MMC:   FSL_SDHC: 0
Loading Environment from MMC... OK
No panel detected: default to HDMI
Display: HDMI (1280x720)
In:    serial
Out:   serial
Err:   serial

 BuildInfo:
  - ATF d6451cc
  - U-Boot 2018.03

switch to partitions #0, OK
mmc0 is current device
flash target is MMC:0
Net:   
Warning: ethernet@30be0000 (eth0) using random MAC address - 7a:16:9d:40:15:68
eth0: ethernet@30be0000
Fastboot: Normal
Normal Boot
Hit any key to stop autoboot:  2  
 0 
u-boot=> 
u-boot=> setenv loadaddr 0x50000000
dhcp
setenv loadaddr 0x50000000
u-boot=> dhcp
ethernet@30be0000 Waiting for PHY auto negotiation to complete... done
BOOTP broadcast 1
BOOTP broadcast 2
BOOTP broadcast 3
BOOTP broadcast 4
BOOTP broadcast 5
BOOTP broadcast 6
DHCP client bound to address 172.16.1.49 (5773 ms)
*** Warning: no boot file name; using 'AC100131.img'
Using ethernet@30be0000 device
TFTP from server 172.16.0.2; our IP address is 172.16.1.49
Filename 'AC100131.img'.
Load address: 0x50000000
Loading: *
TFTP error: 'File not found' (1)
Not retrying...
u-boot=> tftp ${loadaddr} /maaxboard2/sel4-image
tftp ${loadaddr} /maaxboard2/sel4-image
Using ethernet@30be0000 device
TFTP from server 172.16.0.2; our IP address is 172.16.1.49
Filename '/maaxboard2/sel4-image'.
Load address: 0x50000000
Loading: *#################################################################
	 #################################################################
	 #################################################################
	 #################################################################
	 #################################################################
	 #################################################################
	 #################################################################
	 ####################################
	 11.6 MiB/s
done
Bytes transferred = 7204176 (6ded50 hex)
u-boot=> go ${loadaddr}
go ${loadaddr}
## Starting application at 0x50000000 ...
BENCH|LOG: MICROKIT_CONFIG_benchmark defined
BENCH|LOG: CONFIG_BENCHMARK_TRACK_UTILISATION defined
DHCP request finished, IP address for netif client1 is: 172.16.1.123
DHCP request finished, IP address for netif client0 is: 172.16.1.122
Utilization connection established!
client0 measurement starting...
client0 measurement finished 
{
L1 i-cache misses: 24769545
L1 d-cache misses: 69720214
L1 i-tlb misses: 1019181
L1 d-tlb misses: 8029133
Instructions: 1199607505
Branch mispredictions: 33578264
}
Total utilisation details: 
{
KernelUtilisation: 820470160
KernelEntries: 1044855
NumberSchedules: 846461
TotalUtilisation: 22881292505
}
Utilisation details for PD: serial_driver (0)
{
KernelUtilisation: 3270
KernelEntries: 2
NumberSchedules: 2
TotalUtilisation: 31820
}
Utilisation details for PD: serial_virt_tx (1)
{
KernelUtilisation: 4992
KernelEntries: 3
NumberSchedules: 2
TotalUtilisation: 13808
}
Utilisation details for PD: ethernet_driver (2)
{
KernelUtilisation: 248733539
KernelEntries: 413054
NumberSchedules: 233068
TotalUtilisation: 4803705227
}
Utilisation details for PD: net_virt_tx (3)
{
KernelUtilisation: 173042862
KernelEntries: 162644
NumberSchedules: 160986
TotalUtilisation: 1770277079
}
Utilisation details for PD: net_virt_rx (4)
{
KernelUtilisation: 168022213
KernelEntries: 196255
NumberSchedules: 195739
TotalUtilisation: 1912175365
}
Utilisation details for PD: client0 (5)
{
KernelUtilisation: 48614767
KernelEntries: 77945
NumberSchedules: 62633
TotalUtilisation: 3888948300
}
Utilisation details for PD: client0_net_copier (6)
{
KernelUtilisation: 106808376
KernelEntries: 123818
NumberSchedules: 123623
TotalUtilisation: 3893880256
}
Utilisation details for PD: client1 (7)
{
KernelUtilisation: 839623
KernelEntries: 1069
NumberSchedules: 1069
TotalUtilisation: 3953700
}
Utilisation details for PD: client1_net_copier (8)
{
KernelUtilisation: 55313
KernelEntries: 45
NumberSchedules: 45
TotalUtilisation: 229104
}
Utilisation details for PD: timer_driver (9)
{
KernelUtilisation: 3772962
KernelEntries: 3402
NumberSchedules: 2694
TotalUtilisation: 11500190
}
