1d0
< 5
Local version of mq.sh appears to differ from version on tftp.keg.cse.unsw.edu.au at /var/cache/machinelocks
Acquiring lock for maaxboard2
Lock for maaxboard2 currently free
Lock acquired, we are allowed to run
loader.img                                      0%    0     0.0KB/s   --:-- ETAloader.img                                    100% 6994KB 103.2MB/s   00:00    
Attempting to unlock system maaxboard2 that you do not hold
Unable to ssh to tftp.keg.cse.unsw.edu.au
Acquiring lock for maaxboard2
Lock for maaxboard2 currently free
Lock acquired, we are allowed to run
loader.img                                      0%    0     0.0KB/s   --:-- ETAloader.img                                    100% 6994KB  33.8MB/s   00:00    
usage: reboot [-h] [-L] [-b DTBFILE] [-i] [-c COMPLETION_TXT] [-e FAILURE_TXT]
              [-t TIMEOUT] [-li] [-l LOGFILE] [-k KERNEL_IMAGE]
              [-u USER_IMAGE] [--bitstream BITSTREAM] [-a] [-s]
reboot: error: argument -k/--kernel-image: can't open '': [Errno 2] No such file or directory: ''
ssh: Could not resolve hostname tftp.keg.cse.unsw.edu.au: Name or service not known
scp: Connection closed
Acquiring lock for maaxboard2
Lock for maaxboard2 currently free
Failed to acquire lock for system (maaxboard2)
