[14:34.18] dbg: Finding plugins in /usr/lib/x86_64-linux-gnu/ipbench
[14:34.18] dbg: Checking /usr/lib/x86_64-linux-gnu/ipbench/liblatencyramp.so against latency ...
[14:34.18] dbg: Checking for header ...
[14:34.18] dbg: Checking magic number ...
[14:34.18] dbg: Checking test name |latency|latency_ramp|...
[14:34.18] dbg: latency does not match latency_ramp
[14:34.18] dbg: Checking /usr/lib/x86_64-linux-gnu/ipbench/libwrapper_target.so against latency ...
[14:34.18] dbg: /usr/lib/x86_64-linux-gnu/ipbench/libwrapper_target.so: undefined symbol: target_wrap_setup_controller
[14:34.18] dbg: Checking /usr/lib/x86_64-linux-gnu/ipbench/libwrapper_client.so against latency ...
[14:34.18] dbg: /usr/lib/x86_64-linux-gnu/ipbench/libwrapper_client.so: undefined symbol: client_wrap_setup_controller
[14:34.18] dbg: Checking /usr/lib/x86_64-linux-gnu/ipbench/libwait.so against latency ...
[14:34.18] dbg: Checking for header ...
[14:34.18] dbg: Checking magic number ...
[14:34.18] dbg: Checking test name |latency|wait|...
[14:34.18] dbg: latency does not match wait
[14:34.18] dbg: Checking /usr/lib/x86_64-linux-gnu/ipbench/libnfsstones.so against latency ...
[14:34.18] dbg: Checking for header ...
[14:34.18] dbg: Checking magic number ...
[14:34.18] dbg: Checking test name |latency|nfsstone|...
[14:34.18] dbg: latency does not match nfsstone
[14:34.18] dbg: Checking /usr/lib/x86_64-linux-gnu/ipbench/libnfs_latency.so against latency ...
[14:34.18] dbg: Checking for header ...
[14:34.18] dbg: Checking magic number ...
[14:34.18] dbg: Checking test name |latency|nfs_latency|...
[14:34.18] dbg: latency does not match nfs_latency
[14:34.18] dbg: Checking /usr/lib/x86_64-linux-gnu/ipbench/liblatencycheck.so against latency ...
[14:34.18] dbg: Checking for header ...
[14:34.18] dbg: Checking magic number ...
[14:34.18] dbg: Checking test name |latency|latency|...
[14:34.18] dbg: Test loaded
[main] setting up target 172.16.1.146
[14:34.18] dbg: Finding plugins in /usr/lib/x86_64-linux-gnu/ipbench
[14:34.18] dbg: Checking /usr/lib/x86_64-linux-gnu/ipbench/liblatencyramp.so against cpu_target_lukem ...
[14:34.18] dbg: Checking for header ...
[14:34.18] dbg: Checking magic number ...
[14:34.18] dbg: Checking test name |cpu_target_lukem|latency_ramp|...
[14:34.18] dbg: cpu_target_lukem does not match latency_ramp
[14:34.18] dbg: Checking /usr/lib/x86_64-linux-gnu/ipbench/libwrapper_target.so against cpu_target_lukem ...
[14:34.18] dbg: /usr/lib/x86_64-linux-gnu/ipbench/libwrapper_target.so: undefined symbol: target_wrap_setup_controller
[14:34.18] dbg: Checking /usr/lib/x86_64-linux-gnu/ipbench/libwrapper_client.so against cpu_target_lukem ...
[14:34.18] dbg: /usr/lib/x86_64-linux-gnu/ipbench/libwrapper_client.so: undefined symbol: client_wrap_setup_controller
[14:34.18] dbg: Checking /usr/lib/x86_64-linux-gnu/ipbench/libwait.so against cpu_target_lukem ...
[14:34.18] dbg: Checking for header ...
[14:34.18] dbg: Checking magic number ...
[14:34.18] dbg: Checking test name |cpu_target_lukem|wait|...
[14:34.18] dbg: cpu_target_lukem does not match wait
[14:34.18] dbg: Checking /usr/lib/x86_64-linux-gnu/ipbench/libnfsstones.so against cpu_target_lukem ...
[14:34.18] dbg: Checking for header ...
[14:34.18] dbg: Checking magic number ...
[14:34.18] dbg: Checking test name |cpu_target_lukem|nfsstone|...
[14:34.18] dbg: cpu_target_lukem does not match nfsstone
[14:34.18] dbg: Checking /usr/lib/x86_64-linux-gnu/ipbench/libnfs_latency.so against cpu_target_lukem ...
[14:34.18] dbg: Checking for header ...
[14:34.18] dbg: Checking magic number ...
[14:34.18] dbg: Checking test name |cpu_target_lukem|nfs_latency|...
[14:34.18] dbg: cpu_target_lukem does not match nfs_latency
[14:34.18] dbg: Checking /usr/lib/x86_64-linux-gnu/ipbench/liblatencycheck.so against cpu_target_lukem ...
[14:34.18] dbg: Checking for header ...
[14:34.18] dbg: Checking magic number ...
[14:34.18] dbg: Checking test name |cpu_target_lukem|latency|...
[14:34.18] dbg: cpu_target_lukem does not match latency
[14:34.18] dbg: Checking /usr/lib/x86_64-linux-gnu/ipbench/liblatency.so against cpu_target_lukem ...
[14:34.18] dbg: Checking for header ...
[14:34.18] dbg: Checking magic number ...
[14:34.18] dbg: Checking test name |cpu_target_lukem|latency|...
[14:34.18] dbg: cpu_target_lukem does not match latency
[14:34.18] dbg: Checking /usr/lib/x86_64-linux-gnu/ipbench/libdummy_target.so against cpu_target_lukem ...
[14:34.18] dbg: Checking for header ...
[14:34.18] dbg: Checking magic number ...
[14:34.18] dbg: Checking test name |cpu_target_lukem|dummy_target|...
[14:34.18] dbg: cpu_target_lukem does not match dummy_target
[14:34.18] dbg: Checking /usr/lib/x86_64-linux-gnu/ipbench/libdummy.so against cpu_target_lukem ...
[14:34.18] dbg: Checking for header ...
[14:34.18] dbg: Checking magic number ...
[14:34.18] dbg: Checking test name |cpu_target_lukem|dummy|...
[14:34.18] dbg: cpu_target_lukem does not match dummy
[14:34.18] dbg: Checking /usr/lib/x86_64-linux-gnu/ipbench/libdiscard.so against cpu_target_lukem ...
[14:34.18] dbg: Checking for header ...
[14:34.18] dbg: Checking magic number ...
[14:34.18] dbg: Checking test name |cpu_target_lukem|discard|...
[14:34.18] dbg: cpu_target_lukem does not match discard
[14:34.18] dbg: Checking /usr/lib/x86_64-linux-gnu/ipbench/libcpu_target_lukem.so against cpu_target_lukem ...
[14:34.18] dbg: Checking for header ...
[14:34.18] dbg: Checking magic number ...
[14:34.18] dbg: Checking test name |cpu_target_lukem|cpu_target_lukem|...
[14:34.18] dbg: Test loaded
[IpbenchTestTarget:__init__] : client 172.16.1.146
[connect] start | hostname 172.16.1.146 | port 1236 | 
[parse_return_code] :  code=100|str=IPBENCH V1.0|msg=|
[send_command] : HELLO
[parse_return_code] :  code=200|str=OK|msg=Ready to go|
[send_command] : LOAD cpu_target_lukem
[parse_return_code] :  code=200|str=OK|msg=|
[send_command] : SETUP args::""
[parse_return_code] :  code=200|str=OK|msg=|
[main] setting up client vb01
[IpbenchTestClient:__init__] : client vb01 port 8036 test_port 1235 test_args socktype=udp,bps=250000000,size=1472,warmup=10,cooldown=10,samples=50000
[connect] start | hostname vb01 | port 8036 | 
[parse_return_code] :  code=100|str=IPBENCH V1.0|msg=|
[send_command] : HELLO
[parse_return_code] :  code=200|str=OK|msg=Ready to go|
[send_command] : LOAD latency
[parse_return_code] :  code=200|str=OK|msg=|
[Setup]: target: 172.16.1.146
[Setup]: port: 1235
[Setup]: args: socktype=udp,bps=250000000,size=1472,warmup=10,cooldown=10,samples=50000
[send_command] : SETUP target::172.16.1.146||port::1235||args::"socktype=udp,bps=250000000,size=1472,warmup=10,cooldown=10,samples=50000"
[parse_return_code] :  code=200|str=OK|msg=|
[main] setting up client vb02
[IpbenchTestClient:__init__] : client vb02 port 8036 test_port 1235 test_args socktype=udp,bps=250000000,size=1472,warmup=10,cooldown=10,samples=50000
[connect] start | hostname vb02 | port 8036 | 
[parse_return_code] :  code=100|str=IPBENCH V1.0|msg=|
[send_command] : HELLO
[parse_return_code] :  code=200|str=OK|msg=Ready to go|
[send_command] : LOAD latency
[parse_return_code] :  code=200|str=OK|msg=|
[Setup]: target: 172.16.1.146
[Setup]: port: 1235
[Setup]: args: socktype=udp,bps=250000000,size=1472,warmup=10,cooldown=10,samples=50000
[send_command] : SETUP target::172.16.1.146||port::1235||args::"socktype=udp,bps=250000000,size=1472,warmup=10,cooldown=10,samples=50000"
[parse_return_code] :  code=200|str=OK|msg=|
[main] setting up client vb03
[IpbenchTestClient:__init__] : client vb03 port 8036 test_port 1235 test_args socktype=udp,bps=250000000,size=1472,warmup=10,cooldown=10,samples=50000
[connect] start | hostname vb03 | port 8036 | 
[parse_return_code] :  code=100|str=IPBENCH V1.0|msg=|
[send_command] : HELLO
[parse_return_code] :  code=200|str=OK|msg=Ready to go|
[send_command] : LOAD latency
[parse_return_code] :  code=200|str=OK|msg=|
[Setup]: target: 172.16.1.146
[Setup]: port: 1235
[Setup]: args: socktype=udp,bps=250000000,size=1472,warmup=10,cooldown=10,samples=50000
[send_command] : SETUP target::172.16.1.146||port::1235||args::"socktype=udp,bps=250000000,size=1472,warmup=10,cooldown=10,samples=50000"
[parse_return_code] :  code=200|str=OK|msg=|
[main] setting up client vb04
[IpbenchTestClient:__init__] : client vb04 port 8036 test_port 1235 test_args socktype=udp,bps=250000000,size=1472,warmup=10,cooldown=10,samples=50000
[connect] start | hostname vb04 | port 8036 | 
[parse_return_code] :  code=100|str=IPBENCH V1.0|msg=|
[send_command] : HELLO
[parse_return_code] :  code=200|str=OK|msg=Ready to go|
[send_command] : LOAD latency
[parse_return_code] :  code=200|str=OK|msg=|
[Setup]: target: 172.16.1.146
[Setup]: port: 1235
[Setup]: args: socktype=udp,bps=250000000,size=1472,warmup=10,cooldown=10,samples=50000
[send_command] : SETUP target::172.16.1.146||port::1235||args::"socktype=udp,bps=250000000,size=1472,warmup=10,cooldown=10,samples=50000"
[parse_return_code] :  code=200|str=OK|msg=|
[send_command] : START
[main] client vb01 start
[send_command] : START
[main] client vb02 start
[send_command] : START
[main] client vb03 start
[send_command] : START
[main] client vb04 start
[send_command] : START
[unmarshall] client vb03 unmarshall 
[parse_return_code] :  code=220|str=VALID DATA|msg=Data to follow|
[unmarshall] client vb03 content-length: 400072
[unmarshall] client vb03 len(201) < 400072
[unmarshall] got 95560 new bytes 
[unmarshall] client vb03 len(95761) < 400072
[unmarshall] got 56472 new bytes 
[unmarshall] client vb03 len(152233) < 400072
[unmarshall] got 25320 new bytes 
[unmarshall] client vb03 len(177553) < 400072
[unmarshall] got 56472 new bytes 
[unmarshall] client vb03 len(234025) < 400072
[unmarshall] got 62264 new bytes 
[unmarshall] client vb03 len(296289) < 400072
[unmarshall] got 52128 new bytes 
[unmarshall] client vb03 len(348417) < 400072
[unmarshall] got 51655 new bytes 
[14:35.19] dbg: [unmarshall] data for client 2 "" [len 400072] [invalid]
[14:35.19] dbg: Latency unmarshall arguments.
[14:35.19] dbg: Unmarshalling 50000 samples
[unmarshall] client vb04 unmarshall 
[parse_return_code] :  code=220|str=VALID DATA|msg=Data to follow|
[unmarshall] client vb04 content-length: 400072
[unmarshall] client vb04 len(201) < 400072
[unmarshall] got 96080 new bytes 
[unmarshall] client vb04 len(96281) < 400072
[unmarshall] got 56472 new bytes 
[unmarshall] client vb04 len(152753) < 400072
[unmarshall] got 26216 new bytes 
[unmarshall] client vb04 len(178969) < 400072
[unmarshall] got 43440 new bytes 
[unmarshall] client vb04 len(222409) < 400072
[unmarshall] got 39248 new bytes 
[unmarshall] client vb04 len(261657) < 400072
[unmarshall] got 62264 new bytes 
[unmarshall] client vb04 len(323921) < 400072
[unmarshall] got 59368 new bytes 
[unmarshall] client vb04 len(383289) < 400072
[unmarshall] got 16783 new bytes 
[14:35.19] dbg: [unmarshall] data for client 3 "" [len 400072] [invalid]
[14:35.19] dbg: Latency unmarshall arguments.
[14:35.19] dbg: Unmarshalling 50000 samples
[unmarshall] client vb01 unmarshall 
[parse_return_code] :  code=220|str=VALID DATA|msg=Data to follow|
[unmarshall] client vb01 content-length: 400072
[unmarshall] client vb01 len(201) < 400072
[unmarshall] got 128055 new bytes 
[unmarshall] client vb01 len(128256) < 400072
[unmarshall] got 94720 new bytes 
[unmarshall] client vb01 len(222976) < 400072
[unmarshall] got 94720 new bytes 
[unmarshall] client vb01 len(317696) < 400072
[unmarshall] got 82376 new bytes 
[14:35.19] dbg: [unmarshall] data for client 0 "" [len 400072] [invalid]
[14:35.19] dbg: Latency unmarshall arguments.
[14:35.19] dbg: Unmarshalling 50000 samples
[unmarshall] client vb02 unmarshall 
[parse_return_code] :  code=220|str=VALID DATA|msg=Data to follow|
[unmarshall] client vb02 content-length: 400072
[unmarshall] client vb02 len(201) < 400072
[unmarshall] got 95104 new bytes 
[unmarshall] client vb02 len(95305) < 400072
[unmarshall] got 1448 new bytes 
[unmarshall] client vb02 len(96753) < 400072
[unmarshall] got 1448 new bytes 
[unmarshall] client vb02 len(98201) < 400072
[unmarshall] got 1448 new bytes 
[unmarshall] client vb02 len(99649) < 400072
[unmarshall] got 1448 new bytes 
[unmarshall] client vb02 len(101097) < 400072
[unmarshall] got 1448 new bytes 
[unmarshall] client vb02 len(102545) < 400072
[unmarshall] got 1448 new bytes 
[unmarshall] client vb02 len(103993) < 400072
[unmarshall] got 1448 new bytes 
[unmarshall] client vb02 len(105441) < 400072
[unmarshall] got 1448 new bytes 
[unmarshall] client vb02 len(106889) < 400072
[unmarshall] got 1448 new bytes 
[unmarshall] client vb02 len(108337) < 400072
[unmarshall] got 1448 new bytes 
[unmarshall] client vb02 len(109785) < 400072
[unmarshall] got 2896 new bytes 
[unmarshall] client vb02 len(112681) < 400072
[unmarshall] got 2896 new bytes 
[unmarshall] client vb02 len(115577) < 400072
[unmarshall] got 1448 new bytes 
[unmarshall] client vb02 len(117025) < 400072
[unmarshall] got 1448 new bytes 
[unmarshall] client vb02 len(118473) < 400072
[unmarshall] got 1448 new bytes 
[unmarshall] client vb02 len(119921) < 400072
[unmarshall] got 1448 new bytes 
[unmarshall] client vb02 len(121369) < 400072
[unmarshall] got 1448 new bytes 
[unmarshall] client vb02 len(122817) < 400072
[unmarshall] got 2896 new bytes 
[unmarshall] client vb02 len(125713) < 400072
[unmarshall] got 1448 new bytes 
[unmarshall] client vb02 len(127161) < 400072
[unmarshall] got 1448 new bytes 
[unmarshall] client vb02 len(128609) < 400072
[unmarshall] got 1448 new bytes 
[unmarshall] client vb02 len(130057) < 400072
[unmarshall] got 1448 new bytes 
[unmarshall] client vb02 len(131505) < 400072
[unmarshall] got 1448 new bytes 
[unmarshall] client vb02 len(132953) < 400072
[unmarshall] got 2896 new bytes 
[unmarshall] client vb02 len(135849) < 400072
[unmarshall] got 2896 new bytes 
[unmarshall] client vb02 len(138745) < 400072
[unmarshall] got 2896 new bytes 
[unmarshall] client vb02 len(141641) < 400072
[unmarshall] got 1448 new bytes 
[unmarshall] client vb02 len(143089) < 400072
[unmarshall] got 1448 new bytes 
[unmarshall] client vb02 len(144537) < 400072
[unmarshall] got 1448 new bytes 
[unmarshall] client vb02 len(145985) < 400072
[unmarshall] got 1448 new bytes 
[unmarshall] client vb02 len(147433) < 400072
[unmarshall] got 1448 new bytes 
[unmarshall] client vb02 len(148881) < 400072
[unmarshall] got 1448 new bytes 
[unmarshall] client vb02 len(150329) < 400072
[unmarshall] got 1448 new bytes 
[unmarshall] client vb02 len(151777) < 400072
[unmarshall] got 1448 new bytes 
[unmarshall] client vb02 len(153225) < 400072
[unmarshall] got 1448 new bytes 
[unmarshall] client vb02 len(154673) < 400072
[unmarshall] got 1448 new bytes 
[unmarshall] client vb02 len(156121) < 400072
[unmarshall] got 1448 new bytes 
[unmarshall] client vb02 len(157569) < 400072
[unmarshall] got 1448 new bytes 
[unmarshall] client vb02 len(159017) < 400072
[unmarshall] got 1448 new bytes 
[unmarshall] client vb02 len(160465) < 400072
[unmarshall] got 1448 new bytes 
[unmarshall] client vb02 len(161913) < 400072
[unmarshall] got 1448 new bytes 
[unmarshall] client vb02 len(163361) < 400072
[unmarshall] got 1448 new bytes 
[unmarshall] client vb02 len(164809) < 400072
[unmarshall] got 1448 new bytes 
[unmarshall] client vb02 len(166257) < 400072
[unmarshall] got 2896 new bytes 
[unmarshall] client vb02 len(169153) < 400072
[unmarshall] got 1448 new bytes 
[unmarshall] client vb02 len(170601) < 400072
[unmarshall] got 1448 new bytes 
[unmarshall] client vb02 len(172049) < 400072
[unmarshall] got 1448 new bytes 
[unmarshall] client vb02 len(173497) < 400072
[unmarshall] got 1448 new bytes 
[unmarshall] client vb02 len(174945) < 400072
[unmarshall] got 1448 new bytes 
[unmarshall] client vb02 len(176393) < 400072
[unmarshall] got 1448 new bytes 
[unmarshall] client vb02 len(177841) < 400072
[unmarshall] got 2896 new bytes 
[unmarshall] client vb02 len(180737) < 400072
[unmarshall] got 1448 new bytes 
[unmarshall] client vb02 len(182185) < 400072
[unmarshall] got 1448 new bytes 
[unmarshall] client vb02 len(183633) < 400072
[unmarshall] got 1448 new bytes 
[unmarshall] client vb02 len(185081) < 400072
[unmarshall] got 1448 new bytes 
[unmarshall] client vb02 len(186529) < 400072
[unmarshall] got 2896 new bytes 
[unmarshall] client vb02 len(189425) < 400072
[unmarshall] got 1448 new bytes 
[unmarshall] client vb02 len(190873) < 400072
[unmarshall] got 1448 new bytes 
[unmarshall] client vb02 len(192321) < 400072
[unmarshall] got 1448 new bytes 
[unmarshall] client vb02 len(193769) < 400072
[unmarshall] got 1448 new bytes 
[unmarshall] client vb02 len(195217) < 400072
[unmarshall] got 2896 new bytes 
[unmarshall] client vb02 len(198113) < 400072
[unmarshall] got 1448 new bytes 
[unmarshall] client vb02 len(199561) < 400072
[unmarshall] got 1448 new bytes 
[unmarshall] client vb02 len(201009) < 400072
[unmarshall] got 1448 new bytes 
[unmarshall] client vb02 len(202457) < 400072
[unmarshall] got 1448 new bytes 
[unmarshall] client vb02 len(203905) < 400072
[unmarshall] got 2896 new bytes 
[unmarshall] client vb02 len(206801) < 400072
[unmarshall] got 1448 new bytes 
[unmarshall] client vb02 len(208249) < 400072
[unmarshall] got 1448 new bytes 
[unmarshall] client vb02 len(209697) < 400072
[unmarshall] got 2896 new bytes 
[unmarshall] client vb02 len(212593) < 400072
[unmarshall] got 1448 new bytes 
[unmarshall] client vb02 len(214041) < 400072
[unmarshall] got 2896 new bytes 
[unmarshall] client vb02 len(216937) < 400072
[unmarshall] got 1448 new bytes 
[unmarshall] client vb02 len(218385) < 400072
[unmarshall] got 2896 new bytes 
[unmarshall] client vb02 len(221281) < 400072
[unmarshall] got 1448 new bytes 
[unmarshall] client vb02 len(222729) < 400072
[unmarshall] got 1448 new bytes 
[unmarshall] client vb02 len(224177) < 400072
[unmarshall] got 2896 new bytes 
[unmarshall] client vb02 len(227073) < 400072
[unmarshall] got 2896 new bytes 
[unmarshall] client vb02 len(229969) < 400072
[unmarshall] got 1448 new bytes 
[unmarshall] client vb02 len(231417) < 400072
[unmarshall] got 1448 new bytes 
[unmarshall] client vb02 len(232865) < 400072
[unmarshall] got 1448 new bytes 
[unmarshall] client vb02 len(234313) < 400072
[unmarshall] got 2896 new bytes 
[unmarshall] client vb02 len(237209) < 400072
[unmarshall] got 1448 new bytes 
[unmarshall] client vb02 len(238657) < 400072
[unmarshall] got 2896 new bytes 
[unmarshall] client vb02 len(241553) < 400072
[unmarshall] got 1448 new bytes 
[unmarshall] client vb02 len(243001) < 400072
[unmarshall] got 1448 new bytes 
[unmarshall] client vb02 len(244449) < 400072
[unmarshall] got 1448 new bytes 
[unmarshall] client vb02 len(245897) < 400072
[unmarshall] got 2896 new bytes 
[unmarshall] client vb02 len(248793) < 400072
[unmarshall] got 2896 new bytes 
[unmarshall] client vb02 len(251689) < 400072
[unmarshall] got 1448 new bytes 
[unmarshall] client vb02 len(253137) < 400072
[unmarshall] got 2896 new bytes 
[unmarshall] client vb02 len(256033) < 400072
[unmarshall] got 1448 new bytes 
[unmarshall] client vb02 len(257481) < 400072
[unmarshall] got 2896 new bytes 
[unmarshall] client vb02 len(260377) < 400072
[unmarshall] got 2896 new bytes 
[unmarshall] client vb02 len(263273) < 400072
[unmarshall] got 1448 new bytes 
[unmarshall] client vb02 len(264721) < 400072
[unmarshall] got 2896 new bytes 
[unmarshall] client vb02 len(267617) < 400072
[unmarshall] got 1448 new bytes 
[unmarshall] client vb02 len(269065) < 400072
[unmarshall] got 2896 new bytes 
[unmarshall] client vb02 len(271961) < 400072
[unmarshall] got 2896 new bytes 
[unmarshall] client vb02 len(274857) < 400072
[unmarshall] got 1448 new bytes 
[unmarshall] client vb02 len(276305) < 400072
[unmarshall] got 1448 new bytes 
[unmarshall] client vb02 len(277753) < 400072
[unmarshall] got 1448 new bytes 
[unmarshall] client vb02 len(279201) < 400072
[unmarshall] got 4344 new bytes 
[unmarshall] client vb02 len(283545) < 400072
[unmarshall] got 1448 new bytes 
[unmarshall] client vb02 len(284993) < 400072
[unmarshall] got 1448 new bytes 
[unmarshall] client vb02 len(286441) < 400072
[unmarshall] got 2896 new bytes 
[unmarshall] client vb02 len(289337) < 400072
[unmarshall] got 1448 new bytes 
[unmarshall] client vb02 len(290785) < 400072
[unmarshall] got 2896 new bytes 
[unmarshall] client vb02 len(293681) < 400072
[unmarshall] got 2896 new bytes 
[unmarshall] client vb02 len(296577) < 400072
[unmarshall] got 1448 new bytes 
[unmarshall] client vb02 len(298025) < 400072
[unmarshall] got 2896 new bytes 
[unmarshall] client vb02 len(300921) < 400072
[unmarshall] got 1448 new bytes 
[unmarshall] client vb02 len(302369) < 400072
[unmarshall] got 2896 new bytes 
[unmarshall] client vb02 len(305265) < 400072
[unmarshall] got 2896 new bytes 
[unmarshall] client vb02 len(308161) < 400072
[unmarshall] got 1448 new bytes 
[unmarshall] client vb02 len(309609) < 400072
[unmarshall] got 2896 new bytes 
[unmarshall] client vb02 len(312505) < 400072
[unmarshall] got 2896 new bytes 
[unmarshall] client vb02 len(315401) < 400072
[unmarshall] got 2896 new bytes 
[unmarshall] client vb02 len(318297) < 400072
[unmarshall] got 1448 new bytes 
[unmarshall] client vb02 len(319745) < 400072
[unmarshall] got 2896 new bytes 
[unmarshall] client vb02 len(322641) < 400072
[unmarshall] got 2896 new bytes 
[unmarshall] client vb02 len(325537) < 400072
[unmarshall] got 1448 new bytes 
[unmarshall] client vb02 len(326985) < 400072
[unmarshall] got 2896 new bytes 
[unmarshall] client vb02 len(329881) < 400072
[unmarshall] got 1448 new bytes 
[unmarshall] client vb02 len(331329) < 400072
[unmarshall] got 4344 new bytes 
[unmarshall] client vb02 len(335673) < 400072
[unmarshall] got 1448 new bytes 
[unmarshall] client vb02 len(337121) < 400072
[unmarshall] got 1448 new bytes 
[unmarshall] client vb02 len(338569) < 400072
[unmarshall] got 2896 new bytes 
[unmarshall] client vb02 len(341465) < 400072
[unmarshall] got 1448 new bytes 
[unmarshall] client vb02 len(342913) < 400072
[unmarshall] got 4344 new bytes 
[unmarshall] client vb02 len(347257) < 400072
[unmarshall] got 2896 new bytes 
[unmarshall] client vb02 len(350153) < 400072
[unmarshall] got 1448 new bytes 
[unmarshall] client vb02 len(351601) < 400072
[unmarshall] got 2896 new bytes 
[unmarshall] client vb02 len(354497) < 400072
[unmarshall] got 1448 new bytes 
[unmarshall] client vb02 len(355945) < 400072
[unmarshall] got 2896 new bytes 
[unmarshall] client vb02 len(358841) < 400072
[unmarshall] got 2896 new bytes 
[unmarshall] client vb02 len(361737) < 400072
[unmarshall] got 1448 new bytes 
[unmarshall] client vb02 len(363185) < 400072
[unmarshall] got 2896 new bytes 
[unmarshall] client vb02 len(366081) < 400072
[unmarshall] got 1448 new bytes 
[unmarshall] client vb02 len(367529) < 400072
[unmarshall] got 4344 new bytes 
[unmarshall] client vb02 len(371873) < 400072
[unmarshall] got 2896 new bytes 
[unmarshall] client vb02 len(374769) < 400072
[unmarshall] got 1448 new bytes 
[unmarshall] client vb02 len(376217) < 400072
[unmarshall] got 2896 new bytes 
[unmarshall] client vb02 len(379113) < 400072
[unmarshall] got 1448 new bytes 
[unmarshall] client vb02 len(380561) < 400072
[unmarshall] got 2896 new bytes 
[unmarshall] client vb02 len(383457) < 400072
[unmarshall] got 5792 new bytes 
[unmarshall] client vb02 len(389249) < 400072
[unmarshall] got 10823 new bytes 
[14:35.19] dbg: [unmarshall] data for client 1 "" [len 400072] [invalid]
[14:35.19] dbg: Latency unmarshall arguments.
[14:35.19] dbg: Unmarshalling 50000 samples
[send_command] : STOP
[unmarshall] client 172.16.1.146 unmarshall 
[parse_return_code] :  code=220|str=VALID DATA|msg=Data to follow|
[unmarshall] client 172.16.1.146 content-length: 24
[14:35.19] dbg: [unmarshall] data for target ",8124908824,22873719681" [len 24] [invalid]
[14:35.19] dbg: [cpu_target_lukem_unmarhsall] start
[14:35.19] dbg: [cpu_target_lukem_unmarshall] cpu usage ,8124908824,22873719681
[14:35.19] dbg: Latency begin output function
[send_command] : QUIT
[send_command] : QUIT
[send_command] : QUIT
[send_command] : QUIT
[send_command] : QUIT
b'100 IPBENCH V1.0\n'
b'100 IPBENCH V1.0\n'
b'100 IPBENCH V1.0\n'
b'100 IPBENCH V1.0\n'
b'100 IPBENCH V1.0\n'
b'100 IPBENCH V1.0\n'
b'100 IPBENCH V1.0\n'
b'100 IPBENCH V1.0\n'
Requested_Throughput,Receive_Throughput,Send_Throughput,Packet_Size,Minimum_RTT,Average_RTT,Maximum_RTT,Stdev_RTT,Median_RTT,Bad_Packets,Idle_Cycles,Total_Cycles
 1000000000,957401728,999995868,1472,1291,1333,1409,7.55,1333,0,8124908824,22873719681

b'100 IPBENCH V1.0\n'
b'100 IPBENCH V1.0\n'
b'100 IPBENCH V1.0\n'
b'100 IPBENCH V1.0\n'
Result Summary:
Requested_Throughput,Receive_Throughput,Send_Throughput,Packet_Size,Minimum_RTT,Average_RTT,Maximum_RTT,Stdev_RTT,Median_RTT,Bad_Packets,Idle_Cycles,Total_Cycles
1000000000,957401728,999995868,1472,1291,1333,1409,7.55,1333,0,8124908824,22873719681

