co
^Eco
[Enter `^Ec?' for help]
[bumped zhewen@tftp.keg.cse.unsw.edu.au]
[connecting...up]

U-Boot SPL 2018.03 (Jan 14 2020 - 02:43:08 +0000)
power_bd71837_init
set buck8 to 1.2v for DDR4
DDRINFO: start lpddr4 ddr init
DRAM PHY training for 2400MTS
check ddr4_pmu_train_imem code
check ddr4_pmu_train_imem code pass
check ddr4_pmu_train_dmem code
check ddr4_pmu_train_dmem code pass
Training PASS
DRAM PHY training for 1600MTS
check ddr4_pmu_train_imem code
check ddr4_pmu_train_imem code pass
check ddr4_pmu_train_dmem code
check ddr4_pmu_train_dmem code pass
Training PASS
DRAM PHY training for 1064MTS
check ddr4_pmu_train_imem code
check ddr4_pmu_train_imem code pass
check ddr4_pmu_train_dmem code
check ddr4_pmu_train_dmem code pass
Training PASS
DRAM PHY training for 2400MTS
check ddr4_pmu_train_imem code
check ddr4_pmu_train_imem code pass
check ddr4_pmu_train_dmem code
check ddr4_pmu_train_dmem code pass
Training PASS
DDRINFO:ddrphy calibration done
DDRINFO: ddrmix config done
Normal Boot
Trying to boot from MMC1


U-Boot 2018.03 (Jan 14 2020 - 02:43:08 +0000)

CPU:   Freescale i.MX8MQ rev2.1 1500 MHz (running at 1000 MHz)
CPU:   Commercial temperature grade (0C to 95C) at 30C
Reset cause: POR
Model: Freescale i.MX8MQ EVK
DRAM:  2 GiB
MMC:   FSL_SDHC: 0
Loading Environment from MMC... OK
No panel detected: default to HDMI
Display: HDMI (1280x720)
In:    serial
Out:   serial
Err:   serial

 BuildInfo:
  - ATF d6451cc
  - U-Boot 2018.03

switch to partitions #0, OK
mmc0 is current device
flash target is MMC:0
Net:   
Warning: ethernet@30be0000 (eth0) using random MAC address - fe:12:99:4c:21:0f
eth0: ethernet@30be0000
Fastboot: Normal
Normal Boot
Hit any key to stop autoboot:  2  
 0 
u-boot=> 
u-boot=> setenv loadaddr 0x50000000
dhcp
setenv loadaddr 0x50000000
u-boot=> dhcp
ethernet@30be0000 Waiting for PHY auto negotiation to complete... done
BOOTP broadcast 1
BOOTP broadcast 2
BOOTP broadcast 3
BOOTP broadcast 4
BOOTP broadcast 5
BOOTP broadcast 6
DHCP client bound to address 172.16.1.152 (5764 ms)
*** Warning: no boot file name; using 'AC100198.img'
Using ethernet@30be0000 device
TFTP from server 172.16.0.2; our IP address is 172.16.1.152
Filename 'AC100198.img'.
Load address: 0x50000000
Loading: *
TFTP error: 'File not found' (1)
Not retrying...
u-boot=> tftp ${loadaddr} /maaxboard2/sel4-image
tftp ${loadaddr} /maaxboard2/sel4-image
Using ethernet@30be0000 device
TFTP from server 172.16.0.2; our IP address is 172.16.1.152
Filename '/maaxboard2/sel4-image'.
Load address: 0x50000000
Loading: *#################################################################
	 #################################################################
	 #################################################################
	 #################################################################
	 #################################################################
	 #################################################################
	 #################################################################
	 #########################
	 12.8 MiB/s
done
Bytes transferred = 7033624 (6b5318 hex)
u-boot=> go ${loadaddr}
go ${loadaddr}
## Starting application at 0x50000000 ...
BENCH|LOG: MICROKIT_CONFIG_benchmark defined
BENCH|LOG: CONFIG_BENCHMARK_TRACK_UTILISATION defined
DHCP request finished, IP address for netif client1 is: 172.16.1.175
DHCP request finished, IP address for netif client0 is: 172.16.1.176
Utilization connection established!
client0 measurement starting...
client0 measurement finished 
{
L1 i-cache misses: 22546744
L1 d-cache misses: 68010884
L1 i-tlb misses: 845470
L1 d-tlb misses: 7711722
Instructions: 3206236115
Branch mispredictions: 34605270
}
Total utilisation details: 
{
KernelUtilisation: 927787491
KernelEntries: 1366270
NumberSchedules: 857992
TotalUtilisation: 23082317533
}
Utilisation details for PD: serial_driver (0)
{
KernelUtilisation: 3102
KernelEntries: 2
NumberSchedules: 2
TotalUtilisation: 27917
}
Utilisation details for PD: serial_virt_tx (1)
{
KernelUtilisation: 4215
KernelEntries: 3
NumberSchedules: 2
TotalUtilisation: 12949
}
Utilisation details for PD: ethernet_driver (2)
{
KernelUtilisation: 249220519
KernelEntries: 410459
NumberSchedules: 230015
TotalUtilisation: 4843887514
}
Utilisation details for PD: net_virt_tx (3)
{
KernelUtilisation: 186381625
KernelEntries: 218977
NumberSchedules: 152388
TotalUtilisation: 1543976793
}
Utilisation details for PD: net_virt_rx (4)
{
KernelUtilisation: 214856337
KernelEntries: 334549
NumberSchedules: 204467
TotalUtilisation: 1465831925
}
Utilisation details for PD: client0 (5)
{
KernelUtilisation: 66230913
KernelEntries: 131071
NumberSchedules: 66283
TotalUtilisation: 3905856096
}
Utilisation details for PD: client0_net_copier (6)
{
KernelUtilisation: 130167417
KernelEntries: 195026
NumberSchedules: 129704
TotalUtilisation: 2914202421
}
Utilisation details for PD: client1 (7)
{
KernelUtilisation: 808326
KernelEntries: 1096
NumberSchedules: 1096
TotalUtilisation: 3786849
}
Utilisation details for PD: client1_net_copier (8)
{
KernelUtilisation: 84587
KernelEntries: 78
NumberSchedules: 52
TotalUtilisation: 226551
}
Utilisation details for PD: timer_driver (9)
{
KernelUtilisation: 3060566
KernelEntries: 3310
NumberSchedules: 2549
TotalUtilisation: 9624728
}
