[01:12.17] dbg: Checking test name |latency|latency_ramp|...

[01:12.17] dbg: latency does not match latency_ramp

[01:12.17] dbg: Checking /usr/lib/x86_64-linux-gnu/ipbench/libwrapper_target.so against latency ...

[01:12.17] dbg: /usr/lib/x86_64-linux-gnu/ipbench/libwrapper_target.so: undefined symbol: target_wrap_setup_controller

[01:12.17] dbg: Checking /usr/lib/x86_64-linux-gnu/ipbench/libwrapper_client.so against latency ...

[01:12.17] dbg: /usr/lib/x86_64-linux-gnu/ipbench/libwrapper_client.so: undefined symbol: client_wrap_setup_controller

[01:12.17] dbg: Checking /usr/lib/x86_64-linux-gnu/ipbench/libwait.so against latency ...

[01:12.17] dbg: Checking for header ...

[01:12.17] dbg: Checking magic number ...

[01:12.17] dbg: Checking test name |latency|wait|...

[01:12.17] dbg: latency does not match wait

[01:12.17] dbg: Checking /usr/lib/x86_64-linux-gnu/ipbench/libnfsstones.so against latency ...

[01:12.17] dbg: Checking for header ...

[01:12.17] dbg: Checking magic number ...

[01:12.17] dbg: Checking test name |latency|nfsstone|...

[01:12.17] dbg: latency does not match nfsstone

[01:12.17] dbg: Checking /usr/lib/x86_64-linux-gnu/ipbench/libnfs_latency.so against latency ...

[01:12.17] dbg: Checking for header ...

[01:12.17] dbg: Checking magic number ...

[01:12.17] dbg: Checking test name |latency|nfs_latency|...

[01:12.17] dbg: latency does not match nfs_latency

[01:12.17] dbg: Checking /usr/lib/x86_64-linux-gnu/ipbench/liblatencycheck.so against latency ...

[01:12.17] dbg: Checking for header ...

[01:12.17] dbg: Checking magic number ...

[01:12.17] dbg: Checking test name |latency|latency|...

[01:12.17] dbg: Test loaded

[main] setting up target 172.16.1.131

[01:12.17] dbg: Finding plugins in /usr/lib/x86_64-linux-gnu/ipbench

[01:12.17] dbg: Checking /usr/lib/x86_64-linux-gnu/ipbench/liblatencyramp.so against cpu_target_lukem ...

[01:12.17] dbg: Checking for header ...

[01:12.17] dbg: Checking magic number ...

[01:12.17] dbg: Checking test name |cpu_target_lukem|latency_ramp|...

[01:12.17] dbg: cpu_target_lukem does not match latency_ramp

[01:12.17] dbg: Checking /usr/lib/x86_64-linux-gnu/ipbench/libwrapper_target.so against cpu_target_lukem ...

[01:12.17] dbg: /usr/lib/x86_64-linux-gnu/ipbench/libwrapper_target.so: undefined symbol: target_wrap_setup_controller

[01:12.17] dbg: Checking /usr/lib/x86_64-linux-gnu/ipbench/libwrapper_client.so against cpu_target_lukem ...

[01:12.17] dbg: /usr/lib/x86_64-linux-gnu/ipbench/libwrapper_client.so: undefined symbol: client_wrap_setup_controller

[01:12.17] dbg: Checking /usr/lib/x86_64-linux-gnu/ipbench/libwait.so against cpu_target_lukem ...

[01:12.17] dbg: Checking for header ...

[01:12.17] dbg: Checking magic number ...

[01:12.17] dbg: Checking test name |cpu_target_lukem|wait|...

[01:12.17] dbg: cpu_target_lukem does not match wait

[01:12.17] dbg: Checking /usr/lib/x86_64-linux-gnu/ipbench/libnfsstones.so against cpu_target_lukem ...

[01:12.17] dbg: Checking for header ...

[01:12.17] dbg: Checking magic number ...

[01:12.17] dbg: Checking test name |cpu_target_lukem|nfsstone|...

[01:12.17] dbg: cpu_target_lukem does not match nfsstone

[01:12.17] dbg: Checking /usr/lib/x86_64-linux-gnu/ipbench/libnfs_latency.so against cpu_target_lukem ...

[01:12.17] dbg: Checking for header ...

[01:12.17] dbg: Checking magic number ...

[01:12.17] dbg: Checking test name |cpu_target_lukem|nfs_latency|...

[01:12.17] dbg: cpu_target_lukem does not match nfs_latency

[01:12.17] dbg: Checking /usr/lib/x86_64-linux-gnu/ipbench/liblatencycheck.so against cpu_target_lukem ...

[01:12.17] dbg: Checking for header ...

[01:12.17] dbg: Checking magic number ...

[01:12.17] dbg: Checking test name |cpu_target_lukem|latency|...

[01:12.17] dbg: cpu_target_lukem does not match latency

[01:12.17] dbg: Checking /usr/lib/x86_64-linux-gnu/ipbench/liblatency.so against cpu_target_lukem ...

[01:12.17] dbg: Checking for header ...

[01:12.17] dbg: Checking magic number ...

[01:12.17] dbg: Checking test name |cpu_target_lukem|latency|...

[01:12.17] dbg: cpu_target_lukem does not match latency

[01:12.17] dbg: Checking /usr/lib/x86_64-linux-gnu/ipbench/libdummy_target.so against cpu_target_lukem ...

[01:12.17] dbg: Checking for header ...

[01:12.17] dbg: Checking magic number ...

[01:12.17] dbg: Checking test name |cpu_target_lukem|dummy_target|...

[01:12.17] dbg: cpu_target_lukem does not match dummy_target

[01:12.17] dbg: Checking /usr/lib/x86_64-linux-gnu/ipbench/libdummy.so against cpu_target_lukem ...

[01:12.17] dbg: Checking for header ...

[01:12.17] dbg: Checking magic number ...

[01:12.17] dbg: Checking test name |cpu_target_lukem|dummy|...

[01:12.17] dbg: cpu_target_lukem does not match dummy

[01:12.17] dbg: Checking /usr/lib/x86_64-linux-gnu/ipbench/libdiscard.so against cpu_target_lukem ...

[01:12.17] dbg: Checking for header ...

[01:12.17] dbg: Checking magic number ...

[01:12.17] dbg: Checking test name |cpu_target_lukem|discard|...

[01:12.17] dbg: cpu_target_lukem does not match discard

[01:12.17] dbg: Checking /usr/lib/x86_64-linux-gnu/ipbench/libcpu_target_lukem.so against cpu_target_lukem ...

[01:12.17] dbg: Checking for header ...

[01:12.17] dbg: Checking magic number ...

[01:12.17] dbg: Checking test name |cpu_target_lukem|cpu_target_lukem|...

[01:12.17] dbg: Test loaded

[IpbenchTestTarget:__init__] : client 172.16.1.131

[connect] start | hostname 172.16.1.131 | port 1236 | 

[parse_return_code] :  code=100|str=IPBENCH V1.0|msg=|

[send_command] : HELLO

[parse_return_code] :  code=200|str=OK|msg=Ready to go|

[send_command] : LOAD cpu_target_lukem

[parse_return_code] :  code=200|str=OK|msg=|

[send_command] : SETUP args::""

[parse_return_code] :  code=200|str=OK|msg=|

[main] setting up client vb01

[IpbenchTestClient:__init__] : client vb01 port 8036 test_port 1235 test_args socktype=udp,bps=200000000,size=1472,warmup=10,cooldown=10,samples=50000

[connect] start | hostname vb01 | port 8036 | 

[parse_return_code] :  code=100|str=IPBENCH V1.0|msg=|

[send_command] : HELLO

[parse_return_code] :  code=200|str=OK|msg=Ready to go|

[send_command] : LOAD latency

[parse_return_code] :  code=200|str=OK|msg=|

[Setup]: target: 172.16.1.131

[Setup]: port: 1235

[Setup]: args: socktype=udp,bps=200000000,size=1472,warmup=10,cooldown=10,samples=50000

[send_command] : SETUP target::172.16.1.131||port::1235||args::"socktype=udp,bps=200000000,size=1472,warmup=10,cooldown=10,samples=50000"

[parse_return_code] :  code=200|str=OK|msg=|

[main] setting up client vb02

[IpbenchTestClient:__init__] : client vb02 port 8036 test_port 1235 test_args socktype=udp,bps=200000000,size=1472,warmup=10,cooldown=10,samples=50000

[connect] start | hostname vb02 | port 8036 | 

[parse_return_code] :  code=100|str=IPBENCH V1.0|msg=|

[send_command] : HELLO

[parse_return_code] :  code=200|str=OK|msg=Ready to go|

[send_command] : LOAD latency

[parse_return_code] :  code=200|str=OK|msg=|

[Setup]: target: 172.16.1.131

[Setup]: port: 1235

[Setup]: args: socktype=udp,bps=200000000,size=1472,warmup=10,cooldown=10,samples=50000

[send_command] : SETUP target::172.16.1.131||port::1235||args::"socktype=udp,bps=200000000,size=1472,warmup=10,cooldown=10,samples=50000"

[parse_return_code] :  code=200|str=OK|msg=|

[main] setting up client vb03

[IpbenchTestClient:__init__] : client vb03 port 8036 test_port 1235 test_args socktype=udp,bps=200000000,size=1472,warmup=10,cooldown=10,samples=50000

[connect] start | hostname vb03 | port 8036 | 

[parse_return_code] :  code=100|str=IPBENCH V1.0|msg=|

[send_command] : HELLO

[parse_return_code] :  code=200|str=OK|msg=Ready to go|

[send_command] : LOAD latency

[parse_return_code] :  code=200|str=OK|msg=|

[Setup]: target: 172.16.1.131

[Setup]: port: 1235

[Setup]: args: socktype=udp,bps=200000000,size=1472,warmup=10,cooldown=10,samples=50000

[send_command] : SETUP target::172.16.1.131||port::1235||args::"socktype=udp,bps=200000000,size=1472,warmup=10,cooldown=10,samples=50000"

[parse_return_code] :  code=200|str=OK|msg=|

[main] setting up client vb04

[IpbenchTestClient:__init__] : client vb04 port 8036 test_port 1235 test_args socktype=udp,bps=200000000,size=1472,warmup=10,cooldown=10,samples=50000

[connect] start | hostname vb04 | port 8036 | 

[parse_return_code] :  code=100|str=IPBENCH V1.0|msg=|

[send_command] : HELLO

[parse_return_code] :  code=200|str=OK|msg=Ready to go|

[send_command] : LOAD latency

[parse_return_code] :  code=200|str=OK|msg=|

[Setup]: target: 172.16.1.131

[Setup]: port: 1235

[Setup]: args: socktype=udp,bps=200000000,size=1472,warmup=10,cooldown=10,samples=50000

[send_command] : SETUP target::172.16.1.131||port::1235||args::"socktype=udp,bps=200000000,size=1472,warmup=10,cooldown=10,samples=50000"

[parse_return_code] :  code=200|str=OK|msg=|

[send_command] : START

[main] client vb01 start

[send_command] : START

[main] client vb02 start

[send_command] : START

[main] client vb03 start

[send_command] : START

[main] client vb04 start

[send_command] : START

[unmarshall] client vb01 unmarshall 

[parse_return_code] :  code=220|str=VALID DATA|msg=Data to follow|

[unmarshall] client vb01 content-length: 400072

[unmarshall] client vb01 len(128) < 400072

[unmarshall] got 127488 new bytes 

[unmarshall] client vb01 len(127616) < 400072

[unmarshall] got 94848 new bytes 

[unmarshall] client vb01 len(222464) < 400072

[unmarshall] got 177608 new bytes 

[01:13.18] dbg: [unmarshall] data for client 0 "" [len 400072] [invalid]

[01:13.18] dbg: Latency unmarshall arguments.

[01:13.18] dbg: Unmarshalling 50000 samples

[unmarshall] client vb02 unmarshall 

[parse_return_code] :  code=220|str=VALID DATA|msg=Data to follow|

[unmarshall] client vb02 content-length: 400072

[unmarshall] client vb02 len(201) < 400072

[unmarshall] got 94024 new bytes 

[unmarshall] client vb02 len(94225) < 400072

[unmarshall] got 1448 new bytes 

[unmarshall] client vb02 len(95673) < 400072

[unmarshall] got 7240 new bytes 

[unmarshall] client vb02 len(102913) < 400072

[unmarshall] got 1448 new bytes 

[unmarshall] client vb02 len(104361) < 400072

[unmarshall] got 1448 new bytes 

[unmarshall] client vb02 len(105809) < 400072

[unmarshall] got 7240 new bytes 

[unmarshall] client vb02 len(113049) < 400072

[unmarshall] got 1448 new bytes 

[unmarshall] client vb02 len(114497) < 400072

[unmarshall] got 1448 new bytes 

[unmarshall] client vb02 len(115945) < 400072

[unmarshall] got 1448 new bytes 

[unmarshall] client vb02 len(117393) < 400072

[unmarshall] got 1448 new bytes 

[unmarshall] client vb02 len(118841) < 400072

[unmarshall] got 1448 new bytes 

[unmarshall] client vb02 len(120289) < 400072

[unmarshall] got 1448 new bytes 

[unmarshall] client vb02 len(121737) < 400072

[unmarshall] got 1448 new bytes 

[unmarshall] client vb02 len(123185) < 400072

[unmarshall] got 4344 new bytes 

[unmarshall] client vb02 len(127529) < 400072

[unmarshall] got 1448 new bytes 

[unmarshall] client vb02 len(128977) < 400072

[unmarshall] got 2896 new bytes 

[unmarshall] client vb02 len(131873) < 400072

[unmarshall] got 1448 new bytes 

[unmarshall] client vb02 len(133321) < 400072

[unmarshall] got 1448 new bytes 

[unmarshall] client vb02 len(134769) < 400072

[unmarshall] got 1448 new bytes 

[unmarshall] client vb02 len(136217) < 400072

[unmarshall] got 1448 new bytes 

[unmarshall] client vb02 len(137665) < 400072

[unmarshall] got 2896 new bytes 

[unmarshall] client vb02 len(140561) < 400072

[unmarshall] got 1448 new bytes 

[unmarshall] client vb02 len(142009) < 400072

[unmarshall] got 1448 new bytes 

[unmarshall] client vb02 len(143457) < 400072

[unmarshall] got 1448 new bytes 

[unmarshall] client vb02 len(144905) < 400072

[unmarshall] got 1448 new bytes 

[unmarshall] client vb02 len(146353) < 400072

[unmarshall] got 1448 new bytes 

[unmarshall] client vb02 len(147801) < 400072

[unmarshall] got 1448 new bytes 

[unmarshall] client vb02 len(149249) < 400072

[unmarshall] got 1448 new bytes 

[unmarshall] client vb02 len(150697) < 400072

[unmarshall] got 1448 new bytes 

[unmarshall] client vb02 len(152145) < 400072

[unmarshall] got 1448 new bytes 

[unmarshall] client vb02 len(153593) < 400072

[unmarshall] got 1448 new bytes 

[unmarshall] client vb02 len(155041) < 400072

[unmarshall] got 1448 new bytes 

[unmarshall] client vb02 len(156489) < 400072

[unmarshall] got 1448 new bytes 

[unmarshall] client vb02 len(157937) < 400072

[unmarshall] got 1448 new bytes 

[unmarshall] client vb02 len(159385) < 400072

[unmarshall] got 1448 new bytes 

[unmarshall] client vb02 len(160833) < 400072

[unmarshall] got 2896 new bytes 

[unmarshall] client vb02 len(163729) < 400072

[unmarshall] got 1448 new bytes 

[unmarshall] client vb02 len(165177) < 400072

[unmarshall] got 1448 new bytes 

[unmarshall] client vb02 len(166625) < 400072

[unmarshall] got 1448 new bytes 

[unmarshall] client vb02 len(168073) < 400072

[unmarshall] got 1448 new bytes 

[unmarshall] client vb02 len(169521) < 400072

[unmarshall] got 2896 new bytes 

[unmarshall] client vb02 len(172417) < 400072

[unmarshall] got 1448 new bytes 

[unmarshall] client vb02 len(173865) < 400072

[unmarshall] got 1448 new bytes 

[unmarshall] client vb02 len(175313) < 400072

[unmarshall] got 1448 new bytes 

[unmarshall] client vb02 len(176761) < 400072

[unmarshall] got 1448 new bytes 

[unmarshall] client vb02 len(178209) < 400072

[unmarshall] got 2896 new bytes 

[unmarshall] client vb02 len(181105) < 400072

[unmarshall] got 1448 new bytes 

[unmarshall] client vb02 len(182553) < 400072

[unmarshall] got 1448 new bytes 

[unmarshall] client vb02 len(184001) < 400072

[unmarshall] got 2896 new bytes 

[unmarshall] client vb02 len(186897) < 400072

[unmarshall] got 1448 new bytes 

[unmarshall] client vb02 len(188345) < 400072

[unmarshall] got 1448 new bytes 

[unmarshall] client vb02 len(189793) < 400072

[unmarshall] got 2896 new bytes 

[unmarshall] client vb02 len(192689) < 400072

[unmarshall] got 1448 new bytes 

[unmarshall] client vb02 len(194137) < 400072

[unmarshall] got 1448 new bytes 

[unmarshall] client vb02 len(195585) < 400072

[unmarshall] got 1448 new bytes 

[unmarshall] client vb02 len(197033) < 400072

[unmarshall] got 1448 new bytes 

[unmarshall] client vb02 len(198481) < 400072

[unmarshall] got 2896 new bytes 

[unmarshall] client vb02 len(201377) < 400072

[unmarshall] got 1448 new bytes 

[unmarshall] client vb02 len(202825) < 400072

[unmarshall] got 1448 new bytes 

[unmarshall] client vb02 len(204273) < 400072

[unmarshall] got 1448 new bytes 

[unmarshall] client vb02 len(205721) < 400072

[unmarshall] got 2896 new bytes 

[unmarshall] client vb02 len(208617) < 400072

[unmarshall] got 1448 new bytes 

[unmarshall] client vb02 len(210065) < 400072

[unmarshall] got 1448 new bytes 

[unmarshall] client vb02 len(211513) < 400072

[unmarshall] got 1448 new bytes 

[unmarshall] client vb02 len(212961) < 400072

[unmarshall] got 1448 new bytes 

[unmarshall] client vb02 len(214409) < 400072

[unmarshall] got 1448 new bytes 

[unmarshall] client vb02 len(215857) < 400072

[unmarshall] got 2896 new bytes 

[unmarshall] client vb02 len(218753) < 400072

[unmarshall] got 2896 new bytes 

[unmarshall] client vb02 len(221649) < 400072

[unmarshall] got 1448 new bytes 

[unmarshall] client vb02 len(223097) < 400072

[unmarshall] got 1448 new bytes 

[unmarshall] client vb02 len(224545) < 400072

[unmarshall] got 1448 new bytes 

[unmarshall] client vb02 len(225993) < 400072

[unmarshall] got 2896 new bytes 

[unmarshall] client vb02 len(228889) < 400072

[unmarshall] got 1448 new bytes 

[unmarshall] client vb02 len(230337) < 400072

[unmarshall] got 1448 new bytes 

[unmarshall] client vb02 len(231785) < 400072

[unmarshall] got 2896 new bytes 

[unmarshall] client vb02 len(234681) < 400072

[unmarshall] got 1448 new bytes 

[unmarshall] client vb02 len(236129) < 400072

[unmarshall] got 2896 new bytes 

[unmarshall] client vb02 len(239025) < 400072

[unmarshall] got 2896 new bytes 

[unmarshall] client vb02 len(241921) < 400072

[unmarshall] got 2896 new bytes 

[unmarshall] client vb02 len(244817) < 400072

[unmarshall] got 4344 new bytes 

[unmarshall] client vb02 len(249161) < 400072

[unmarshall] got 1448 new bytes 

[unmarshall] client vb02 len(250609) < 400072

[unmarshall] got 1448 new bytes 

[unmarshall] client vb02 len(252057) < 400072

[unmarshall] got 1448 new bytes 

[unmarshall] client vb02 len(253505) < 400072

[unmarshall] got 1448 new bytes 

[unmarshall] client vb02 len(254953) < 400072

[unmarshall] got 2896 new bytes 

[unmarshall] client vb02 len(257849) < 400072

[unmarshall] got 2896 new bytes 

[unmarshall] client vb02 len(260745) < 400072

[unmarshall] got 1448 new bytes 

[unmarshall] client vb02 len(262193) < 400072

[unmarshall] got 1448 new bytes 

[unmarshall] client vb02 len(263641) < 400072

[unmarshall] got 1448 new bytes 

[unmarshall] client vb02 len(265089) < 400072

[unmarshall] got 2896 new bytes 

[unmarshall] client vb02 len(267985) < 400072

[unmarshall] got 2896 new bytes 

[unmarshall] client vb02 len(270881) < 400072

[unmarshall] got 1448 new bytes 

[unmarshall] client vb02 len(272329) < 400072

[unmarshall] got 1448 new bytes 

[unmarshall] client vb02 len(273777) < 400072

[unmarshall] got 1448 new bytes 

[unmarshall] client vb02 len(275225) < 400072

[unmarshall] got 4344 new bytes 

[unmarshall] client vb02 len(279569) < 400072

[unmarshall] got 1448 new bytes 

[unmarshall] client vb02 len(281017) < 400072

[unmarshall] got 1448 new bytes 

[unmarshall] client vb02 len(282465) < 400072

[unmarshall] got 1448 new bytes 

[unmarshall] client vb02 len(283913) < 400072

[unmarshall] got 2896 new bytes 

[unmarshall] client vb02 len(286809) < 400072

[unmarshall] got 2896 new bytes 

[unmarshall] client vb02 len(289705) < 400072

[unmarshall] got 2896 new bytes 

[unmarshall] client vb02 len(292601) < 400072

[unmarshall] got 1448 new bytes 

[unmarshall] client vb02 len(294049) < 400072

[unmarshall] got 1448 new bytes 

[unmarshall] client vb02 len(295497) < 400072

[unmarshall] got 1448 new bytes 

[unmarshall] client vb02 len(296945) < 400072

[unmarshall] got 4344 new bytes 

[unmarshall] client vb02 len(301289) < 400072

[unmarshall] got 2896 new bytes 

[unmarshall] client vb02 len(304185) < 400072

[unmarshall] got 1448 new bytes 

[unmarshall] client vb02 len(305633) < 400072

[unmarshall] got 1448 new bytes 

[unmarshall] client vb02 len(307081) < 400072

[unmarshall] got 2896 new bytes 

[unmarshall] client vb02 len(309977) < 400072

[unmarshall] got 2896 new bytes 

[unmarshall] client vb02 len(312873) < 400072

[unmarshall] got 2896 new bytes 

[unmarshall] client vb02 len(315769) < 400072

[unmarshall] got 2896 new bytes 

[unmarshall] client vb02 len(318665) < 400072

[unmarshall] got 1448 new bytes 

[unmarshall] client vb02 len(320113) < 400072

[unmarshall] got 1448 new bytes 

[unmarshall] client vb02 len(321561) < 400072

[unmarshall] got 1448 new bytes 

[unmarshall] client vb02 len(323009) < 400072

[unmarshall] got 2896 new bytes 

[unmarshall] client vb02 len(325905) < 400072

[unmarshall] got 4344 new bytes 

[unmarshall] client vb02 len(330249) < 400072

[unmarshall] got 2896 new bytes 

[unmarshall] client vb02 len(333145) < 400072

[unmarshall] got 1448 new bytes 

[unmarshall] client vb02 len(334593) < 400072

[unmarshall] got 1448 new bytes 

[unmarshall] client vb02 len(336041) < 400072

[unmarshall] got 2896 new bytes 

[unmarshall] client vb02 len(338937) < 400072

[unmarshall] got 4344 new bytes 

[unmarshall] client vb02 len(343281) < 400072

[unmarshall] got 2896 new bytes 

[unmarshall] client vb02 len(346177) < 400072

[unmarshall] got 1448 new bytes 

[unmarshall] client vb02 len(347625) < 400072

[unmarshall] got 2896 new bytes 

[unmarshall] client vb02 len(350521) < 400072

[unmarshall] got 2896 new bytes 

[unmarshall] client vb02 len(353417) < 400072

[unmarshall] got 2896 new bytes 

[unmarshall] client vb02 len(356313) < 400072

[unmarshall] got 4344 new bytes 

[unmarshall] client vb02 len(360657) < 400072

[unmarshall] got 11584 new bytes 

[unmarshall] client vb02 len(372241) < 400072

[unmarshall] got 17376 new bytes 

[unmarshall] client vb02 len(389617) < 400072

[unmarshall] got 4344 new bytes 

[unmarshall] client vb02 len(393961) < 400072

[unmarshall] got 6111 new bytes 

[01:13.18] dbg: [unmarshall] data for client 1 "" [len 400072] [invalid]

[01:13.18] dbg: Latency unmarshall arguments.

[01:13.18] dbg: Unmarshalling 50000 samples

[unmarshall] client vb03 unmarshall 

[parse_return_code] :  code=220|str=VALID DATA|msg=Data to follow|

[unmarshall] client vb03 content-length: 400072

[unmarshall] client vb03 len(201) < 400072

[unmarshall] got 96040 new bytes 

[unmarshall] client vb03 len(96241) < 400072

[unmarshall] got 27512 new bytes 

[unmarshall] client vb03 len(123753) < 400072

[unmarshall] got 28960 new bytes 

[unmarshall] client vb03 len(152713) < 400072

[unmarshall] got 40160 new bytes 

[unmarshall] client vb03 len(192873) < 400072

[unmarshall] got 46024 new bytes 

[unmarshall] client vb03 len(238897) < 400072

[unmarshall] got 81088 new bytes 

[unmarshall] client vb03 len(319985) < 400072

[unmarshall] got 80087 new bytes 

[01:13.18] dbg: [unmarshall] data for client 2 "" [len 400072] [invalid]

[01:13.18] dbg: Latency unmarshall arguments.

[01:13.18] dbg: Unmarshalling 50000 samples

[unmarshall] client vb04 unmarshall 

[parse_return_code] :  code=220|str=VALID DATA|msg=Data to follow|

[unmarshall] client vb04 content-length: 400072

[unmarshall] client vb04 len(201) < 400072

[unmarshall] got 96080 new bytes 

[unmarshall] client vb04 len(96281) < 400072

[unmarshall] got 63712 new bytes 

[unmarshall] client vb04 len(159993) < 400072

[unmarshall] got 18976 new bytes 

[unmarshall] client vb04 len(178969) < 400072

[unmarshall] got 44736 new bytes 

[unmarshall] client vb04 len(223705) < 400072

[unmarshall] got 62264 new bytes 

[unmarshall] client vb04 len(285969) < 400072

[unmarshall] got 59368 new bytes 

[unmarshall] client vb04 len(345337) < 400072

[unmarshall] got 54735 new bytes 

[01:13.18] dbg: [unmarshall] data for client 3 "" [len 400072] [invalid]

[01:13.18] dbg: Latency unmarshall arguments.

[01:13.18] dbg: Unmarshalling 50000 samples

[send_command] : STOP

[unmarshall] client 172.16.1.131 unmarshall 

[parse_return_code] :  code=220|str=VALID DATA|msg=Data to follow|

[unmarshall] client 172.16.1.131 content-length: 24

[01:13.18] dbg: [unmarshall] data for target ",9221375127,23392811320" [len 24] [invalid]

[01:13.18] dbg: [cpu_target_lukem_unmarhsall] start

[01:13.18] dbg: [cpu_target_lukem_unmarshall] cpu usage ,9221375127,23392811320

[01:13.18] dbg: Latency begin output function

[send_command] : QUIT

[send_command] : QUIT

[send_command] : QUIT

[send_command] : QUIT

[send_command] : QUIT

[01:13.18] dbg: Finding plugins in /usr/lib/x86_64-linux-gnu/ipbench

[01:13.18] dbg: Checking /usr/lib/x86_64-linux-gnu/ipbench/liblatencyramp.so against latency ...

[01:13.18] dbg: Checking for header ...

[01:13.18] dbg: Checking magic number ...

[01:13.18] dbg: Checking test name |latency|latency_ramp|...

[01:13.18] dbg: latency does not match latency_ramp

[01:13.18] dbg: Checking /usr/lib/x86_64-linux-gnu/ipbench/libwrapper_target.so against latency ...

[01:13.18] dbg: /usr/lib/x86_64-linux-gnu/ipbench/libwrapper_target.so: undefined symbol: target_wrap_setup_controller

[01:13.18] dbg: Checking /usr/lib/x86_64-linux-gnu/ipbench/libwrapper_client.so against latency ...

[01:13.18] dbg: /usr/lib/x86_64-linux-gnu/ipbench/libwrapper_client.so: undefined symbol: client_wrap_setup_controller

[01:13.18] dbg: Checking /usr/lib/x86_64-linux-gnu/ipbench/libwait.so against latency ...

[01:13.18] dbg: Checking for header ...

[01:13.18] dbg: Checking magic number ...

[01:13.18] dbg: Checking test name |latency|wait|...

[01:13.18] dbg: latency does not match wait

[01:13.18] dbg: Checking /usr/lib/x86_64-linux-gnu/ipbench/libnfsstones.so against latency ...

[01:13.18] dbg: Checking for header ...

[01:13.18] dbg: Checking magic number ...

[01:13.18] dbg: Checking test name |latency|nfsstone|...

[01:13.18] dbg: latency does not match nfsstone

[01:13.18] dbg: Checking /usr/lib/x86_64-linux-gnu/ipbench/libnfs_latency.so against latency ...

[01:13.18] dbg: Checking for header ...

[01:13.18] dbg: Checking magic number ...

[01:13.18] dbg: Checking test name |latency|nfs_latency|...

[01:13.18] dbg: latency does not match nfs_latency

[01:13.18] dbg: Checking /usr/lib/x86_64-linux-gnu/ipbench/liblatencycheck.so against latency ...

[01:13.18] dbg: Checking for header ...

[01:13.18] dbg: Checking magic number ...

[01:13.18] dbg: Checking test name |latency|latency|...

[01:13.18] dbg: Test loaded

[main] setting up target 172.16.1.131

[01:13.18] dbg: Finding plugins in /usr/lib/x86_64-linux-gnu/ipbench

[01:13.18] dbg: Checking /usr/lib/x86_64-linux-gnu/ipbench/liblatencyramp.so against cpu_target_lukem ...

[01:13.18] dbg: Checking for header ...

[01:13.18] dbg: Checking magic number ...

[01:13.18] dbg: Checking test name |cpu_target_lukem|latency_ramp|...

[01:13.18] dbg: cpu_target_lukem does not match latency_ramp

[01:13.18] dbg: Checking /usr/lib/x86_64-linux-gnu/ipbench/libwrapper_target.so against cpu_target_lukem ...

[01:13.18] dbg: /usr/lib/x86_64-linux-gnu/ipbench/libwrapper_target.so: undefined symbol: target_wrap_setup_controller

[01:13.18] dbg: Checking /usr/lib/x86_64-linux-gnu/ipbench/libwrapper_client.so against cpu_target_lukem ...

[01:13.18] dbg: /usr/lib/x86_64-linux-gnu/ipbench/libwrapper_client.so: undefined symbol: client_wrap_setup_controller

[01:13.18] dbg: Checking /usr/lib/x86_64-linux-gnu/ipbench/libwait.so against cpu_target_lukem ...

[01:13.18] dbg: Checking for header ...

[01:13.18] dbg: Checking magic number ...

[01:13.18] dbg: Checking test name |cpu_target_lukem|wait|...

[01:13.18] dbg: cpu_target_lukem does not match wait

[01:13.18] dbg: Checking /usr/lib/x86_64-linux-gnu/ipbench/libnfsstones.so against cpu_target_lukem ...

[01:13.18] dbg: Checking for header ...

[01:13.18] dbg: Checking magic number ...

[01:13.18] dbg: Checking test name |cpu_target_lukem|nfsstone|...

[01:13.18] dbg: cpu_target_lukem does not match nfsstone

[01:13.18] dbg: Checking /usr/lib/x86_64-linux-gnu/ipbench/libnfs_latency.so against cpu_target_lukem ...

[01:13.18] dbg: Checking for header ...

[01:13.18] dbg: Checking magic number ...

[01:13.18] dbg: Checking test name |cpu_target_lukem|nfs_latency|...

[01:13.18] dbg: cpu_target_lukem does not match nfs_latency

[01:13.18] dbg: Checking /usr/lib/x86_64-linux-gnu/ipbench/liblatencycheck.so against cpu_target_lukem ...

[01:13.18] dbg: Checking for header ...

[01:13.18] dbg: Checking magic number ...

[01:13.18] dbg: Checking test name |cpu_target_lukem|latency|...

[01:13.18] dbg: cpu_target_lukem does not match latency

[01:13.18] dbg: Checking /usr/lib/x86_64-linux-gnu/ipbench/liblatency.so against cpu_target_lukem ...

[01:13.18] dbg: Checking for header ...

[01:13.18] dbg: Checking magic number ...

[01:13.18] dbg: Checking test name |cpu_target_lukem|latency|...

[01:13.18] dbg: cpu_target_lukem does not match latency

[01:13.18] dbg: Checking /usr/lib/x86_64-linux-gnu/ipbench/libdummy_target.so against cpu_target_lukem ...

[01:13.18] dbg: Checking for header ...

[01:13.18] dbg: Checking magic number ...

[01:13.18] dbg: Checking test name |cpu_target_lukem|dummy_target|...

[01:13.18] dbg: cpu_target_lukem does not match dummy_target

[01:13.18] dbg: Checking /usr/lib/x86_64-linux-gnu/ipbench/libdummy.so against cpu_target_lukem ...

[01:13.18] dbg: Checking for header ...

[01:13.18] dbg: Checking magic number ...

[01:13.18] dbg: Checking test name |cpu_target_lukem|dummy|...

[01:13.18] dbg: cpu_target_lukem does not match dummy

[01:13.18] dbg: Checking /usr/lib/x86_64-linux-gnu/ipbench/libdiscard.so against cpu_target_lukem ...

[01:13.18] dbg: Checking for header ...

[01:13.18] dbg: Checking magic number ...

[01:13.18] dbg: Checking test name |cpu_target_lukem|discard|...

[01:13.18] dbg: cpu_target_lukem does not match discard

[01:13.18] dbg: Checking /usr/lib/x86_64-linux-gnu/ipbench/libcpu_target_lukem.so against cpu_target_lukem ...

[01:13.18] dbg: Checking for header ...

[01:13.18] dbg: Checking magic number ...

[01:13.18] dbg: Checking test name |cpu_target_lukem|cpu_target_lukem|...

[01:13.18] dbg: Test loaded

[IpbenchTestTarget:__init__] : client 172.16.1.131

[connect] start | hostname 172.16.1.131 | port 1236 | 

[parse_return_code] :  code=100|str=IPBENCH V1.0|msg=|

[send_command] : HELLO

[parse_return_code] :  code=200|str=OK|msg=Ready to go|

[send_command] : LOAD cpu_target_lukem

[parse_return_code] :  code=200|str=OK|msg=|

[send_command] : SETUP args::""

[parse_return_code] :  code=200|str=OK|msg=|

[main] setting up client vb01

[IpbenchTestClient:__init__] : client vb01 port 8036 test_port 1235 test_args socktype=udp,bps=225000000,size=1472,warmup=10,cooldown=10,samples=50000

[connect] start | hostname vb01 | port 8036 | 

[parse_return_code] :  code=100|str=IPBENCH V1.0|msg=|

[send_command] : HELLO

[parse_return_code] :  code=200|str=OK|msg=Ready to go|

[send_command] : LOAD latency

[parse_return_code] :  code=200|str=OK|msg=|

[Setup]: target: 172.16.1.131

[Setup]: port: 1235

[Setup]: args: socktype=udp,bps=225000000,size=1472,warmup=10,cooldown=10,samples=50000

[send_command] : SETUP target::172.16.1.131||port::1235||args::"socktype=udp,bps=225000000,size=1472,warmup=10,cooldown=10,samples=50000"

[parse_return_code] :  code=200|str=OK|msg=|

[main] setting up client vb02

[IpbenchTestClient:__init__] : client vb02 port 8036 test_port 1235 test_args socktype=udp,bps=225000000,size=1472,warmup=10,cooldown=10,samples=50000

[connect] start | hostname vb02 | port 8036 | 

[parse_return_code] :  code=100|str=IPBENCH V1.0|msg=|

[send_command] : HELLO

[parse_return_code] :  code=200|str=OK|msg=Ready to go|

[send_command] : LOAD latency

[parse_return_code] :  code=200|str=OK|msg=|

[Setup]: target: 172.16.1.131

[Setup]: port: 1235

[Setup]: args: socktype=udp,bps=225000000,size=1472,warmup=10,cooldown=10,samples=50000

[send_command] : SETUP target::172.16.1.131||port::1235||args::"socktype=udp,bps=225000000,size=1472,warmup=10,cooldown=10,samples=50000"

[parse_return_code] :  code=200|str=OK|msg=|

[main] setting up client vb03

[IpbenchTestClient:__init__] : client vb03 port 8036 test_port 1235 test_args socktype=udp,bps=225000000,size=1472,warmup=10,cooldown=10,samples=50000

[connect] start | hostname vb03 | port 8036 | 

[parse_return_code] :  code=100|str=IPBENCH V1.0|msg=|

[send_command] : HELLO

[parse_return_code] :  code=200|str=OK|msg=Ready to go|

[send_command] : LOAD latency

[parse_return_code] :  code=200|str=OK|msg=|

[Setup]: target: 172.16.1.131

[Setup]: port: 1235

[Setup]: args: socktype=udp,bps=225000000,size=1472,warmup=10,cooldown=10,samples=50000

[send_command] : SETUP target::172.16.1.131||port::1235||args::"socktype=udp,bps=225000000,size=1472,warmup=10,cooldown=10,samples=50000"

[parse_return_code] :  code=200|str=OK|msg=|

[main] setting up client vb04

[IpbenchTestClient:__init__] : client vb04 port 8036 test_port 1235 test_args socktype=udp,bps=225000000,size=1472,warmup=10,cooldown=10,samples=50000

[connect] start | hostname vb04 | port 8036 | 

[parse_return_code] :  code=100|str=IPBENCH V1.0|msg=|

[send_command] : HELLO

[parse_return_code] :  code=200|str=OK|msg=Ready to go|

[send_command] : LOAD latency

[parse_return_code] :  code=200|str=OK|msg=|

[Setup]: target: 172.16.1.131

[Setup]: port: 1235

[Setup]: args: socktype=udp,bps=225000000,size=1472,warmup=10,cooldown=10,samples=50000

[send_command] : SETUP target::172.16.1.131||port::1235||args::"socktype=udp,bps=225000000,size=1472,warmup=10,cooldown=10,samples=50000"

[parse_return_code] :  code=200|str=OK|msg=|

[send_command] : START

[main] client vb01 start

[send_command] : START

[main] client vb02 start

[send_command] : START

[main] client vb03 start

[send_command] : START

[main] client vb04 start

[send_command] : START

[unmarshall] client vb01 unmarshall 

[parse_return_code] :  code=220|str=VALID DATA|msg=Data to follow|

[unmarshall] client vb01 content-length: 400072

[unmarshall] client vb01 len(201) < 400072

[unmarshall] got 128055 new bytes 

[unmarshall] client vb01 len(128256) < 400072

[unmarshall] got 94720 new bytes 

[unmarshall] client vb01 len(222976) < 400072

[unmarshall] got 94720 new bytes 

[unmarshall] client vb01 len(317696) < 400072

[unmarshall] got 82376 new bytes 

[01:14.19] dbg: [unmarshall] data for client 0 "" [len 400072] [invalid]

[01:14.19] dbg: Latency unmarshall arguments.

[01:14.19] dbg: Unmarshalling 50000 samples

[unmarshall] client vb02 unmarshall 

[parse_return_code] :  code=220|str=VALID DATA|msg=Data to follow|

[unmarshall] client vb02 content-length: 400072

[unmarshall] client vb02 len(201) < 400072

[unmarshall] got 96496 new bytes 

[unmarshall] client vb02 len(96697) < 400072

[unmarshall] got 1448 new bytes 

[unmarshall] client vb02 len(98145) < 400072

[unmarshall] got 5792 new bytes 

[unmarshall] client vb02 len(103937) < 400072

[unmarshall] got 1448 new bytes 

[unmarshall] client vb02 len(105385) < 400072

[unmarshall] got 1448 new bytes 

[unmarshall] client vb02 len(106833) < 400072

[unmarshall] got 5792 new bytes 

[unmarshall] client vb02 len(112625) < 400072

[unmarshall] got 1448 new bytes 

[unmarshall] client vb02 len(114073) < 400072

[unmarshall] got 1448 new bytes 

[unmarshall] client vb02 len(115521) < 400072

[unmarshall] got 1448 new bytes 

[unmarshall] client vb02 len(116969) < 400072

[unmarshall] got 1448 new bytes 

[unmarshall] client vb02 len(118417) < 400072

[unmarshall] got 1448 new bytes 

[unmarshall] client vb02 len(119865) < 400072

[unmarshall] got 1448 new bytes 

[unmarshall] client vb02 len(121313) < 400072

[unmarshall] got 1448 new bytes 

[unmarshall] client vb02 len(122761) < 400072

[unmarshall] got 4344 new bytes 

[unmarshall] client vb02 len(127105) < 400072

[unmarshall] got 1448 new bytes 

[unmarshall] client vb02 len(128553) < 400072

[unmarshall] got 1448 new bytes 

[unmarshall] client vb02 len(130001) < 400072

[unmarshall] got 1448 new bytes 

[unmarshall] client vb02 len(131449) < 400072

[unmarshall] got 1448 new bytes 

[unmarshall] client vb02 len(132897) < 400072

[unmarshall] got 1448 new bytes 

[unmarshall] client vb02 len(134345) < 400072

[unmarshall] got 1448 new bytes 

[unmarshall] client vb02 len(135793) < 400072

[unmarshall] got 1448 new bytes 

[unmarshall] client vb02 len(137241) < 400072

[unmarshall] got 2896 new bytes 

[unmarshall] client vb02 len(140137) < 400072

[unmarshall] got 1448 new bytes 

[unmarshall] client vb02 len(141585) < 400072

[unmarshall] got 1448 new bytes 

[unmarshall] client vb02 len(143033) < 400072

[unmarshall] got 1448 new bytes 

[unmarshall] client vb02 len(144481) < 400072

[unmarshall] got 1448 new bytes 

[unmarshall] client vb02 len(145929) < 400072

[unmarshall] got 1448 new bytes 

[unmarshall] client vb02 len(147377) < 400072

[unmarshall] got 1448 new bytes 

[unmarshall] client vb02 len(148825) < 400072

[unmarshall] got 1448 new bytes 

[unmarshall] client vb02 len(150273) < 400072

[unmarshall] got 2896 new bytes 

[unmarshall] client vb02 len(153169) < 400072

[unmarshall] got 1448 new bytes 

[unmarshall] client vb02 len(154617) < 400072

[unmarshall] got 1448 new bytes 

[unmarshall] client vb02 len(156065) < 400072

[unmarshall] got 1448 new bytes 

[unmarshall] client vb02 len(157513) < 400072

[unmarshall] got 1448 new bytes 

[unmarshall] client vb02 len(158961) < 400072

[unmarshall] got 1448 new bytes 

[unmarshall] client vb02 len(160409) < 400072

[unmarshall] got 1448 new bytes 

[unmarshall] client vb02 len(161857) < 400072

[unmarshall] got 1448 new bytes 

[unmarshall] client vb02 len(163305) < 400072

[unmarshall] got 2896 new bytes 

[unmarshall] client vb02 len(166201) < 400072

[unmarshall] got 1448 new bytes 

[unmarshall] client vb02 len(167649) < 400072

[unmarshall] got 1448 new bytes 

[unmarshall] client vb02 len(169097) < 400072

[unmarshall] got 1448 new bytes 

[unmarshall] client vb02 len(170545) < 400072

[unmarshall] got 1448 new bytes 

[unmarshall] client vb02 len(171993) < 400072

[unmarshall] got 2896 new bytes 

[unmarshall] client vb02 len(174889) < 400072

[unmarshall] got 1448 new bytes 

[unmarshall] client vb02 len(176337) < 400072

[unmarshall] got 1448 new bytes 

[unmarshall] client vb02 len(177785) < 400072

[unmarshall] got 1448 new bytes 

[unmarshall] client vb02 len(179233) < 400072

[unmarshall] got 1448 new bytes 

[unmarshall] client vb02 len(180681) < 400072

[unmarshall] got 1448 new bytes 

[unmarshall] client vb02 len(182129) < 400072

[unmarshall] got 2896 new bytes 

[unmarshall] client vb02 len(185025) < 400072

[unmarshall] got 1448 new bytes 

[unmarshall] client vb02 len(186473) < 400072

[unmarshall] got 1448 new bytes 

[unmarshall] client vb02 len(187921) < 400072

[unmarshall] got 1448 new bytes 

[unmarshall] client vb02 len(189369) < 400072

[unmarshall] got 2896 new bytes 

[unmarshall] client vb02 len(192265) < 400072

[unmarshall] got 1448 new bytes 

[unmarshall] client vb02 len(193713) < 400072

[unmarshall] got 2896 new bytes 

[unmarshall] client vb02 len(196609) < 400072

[unmarshall] got 2896 new bytes 

[unmarshall] client vb02 len(199505) < 400072

[unmarshall] got 1448 new bytes 

[unmarshall] client vb02 len(200953) < 400072

[unmarshall] got 1448 new bytes 

[unmarshall] client vb02 len(202401) < 400072

[unmarshall] got 1448 new bytes 

[unmarshall] client vb02 len(203849) < 400072

[unmarshall] got 2896 new bytes 

[unmarshall] client vb02 len(206745) < 400072

[unmarshall] got 2896 new bytes 

[unmarshall] client vb02 len(209641) < 400072

[unmarshall] got 1448 new bytes 

[unmarshall] client vb02 len(211089) < 400072

[unmarshall] got 2896 new bytes 

[unmarshall] client vb02 len(213985) < 400072

[unmarshall] got 2896 new bytes 

[unmarshall] client vb02 len(216881) < 400072

[unmarshall] got 1448 new bytes 

[unmarshall] client vb02 len(218329) < 400072

[unmarshall] got 2896 new bytes 

[unmarshall] client vb02 len(221225) < 400072

[unmarshall] got 1448 new bytes 

[unmarshall] client vb02 len(222673) < 400072

[unmarshall] got 4344 new bytes 

[unmarshall] client vb02 len(227017) < 400072

[unmarshall] got 1448 new bytes 

[unmarshall] client vb02 len(228465) < 400072

[unmarshall] got 1448 new bytes 

[unmarshall] client vb02 len(229913) < 400072

[unmarshall] got 1448 new bytes 

[unmarshall] client vb02 len(231361) < 400072

[unmarshall] got 1448 new bytes 

[unmarshall] client vb02 len(232809) < 400072

[unmarshall] got 2896 new bytes 

[unmarshall] client vb02 len(235705) < 400072

[unmarshall] got 2896 new bytes 

[unmarshall] client vb02 len(238601) < 400072

[unmarshall] got 1448 new bytes 

[unmarshall] client vb02 len(240049) < 400072

[unmarshall] got 1448 new bytes 

[unmarshall] client vb02 len(241497) < 400072

[unmarshall] got 2896 new bytes 

[unmarshall] client vb02 len(244393) < 400072

[unmarshall] got 2896 new bytes 

[unmarshall] client vb02 len(247289) < 400072

[unmarshall] got 1448 new bytes 

[unmarshall] client vb02 len(248737) < 400072

[unmarshall] got 1448 new bytes 

[unmarshall] client vb02 len(250185) < 400072

[unmarshall] got 2896 new bytes 

[unmarshall] client vb02 len(253081) < 400072

[unmarshall] got 1448 new bytes 

[unmarshall] client vb02 len(254529) < 400072

[unmarshall] got 2896 new bytes 

[unmarshall] client vb02 len(257425) < 400072

[unmarshall] got 1448 new bytes 

[unmarshall] client vb02 len(258873) < 400072

[unmarshall] got 2896 new bytes 

[unmarshall] client vb02 len(261769) < 400072

[unmarshall] got 2896 new bytes 

[unmarshall] client vb02 len(264665) < 400072

[unmarshall] got 1448 new bytes 

[unmarshall] client vb02 len(266113) < 400072

[unmarshall] got 1448 new bytes 

[unmarshall] client vb02 len(267561) < 400072

[unmarshall] got 1448 new bytes 

[unmarshall] client vb02 len(269009) < 400072

[unmarshall] got 1448 new bytes 

[unmarshall] client vb02 len(270457) < 400072

[unmarshall] got 4344 new bytes 

[unmarshall] client vb02 len(274801) < 400072

[unmarshall] got 1448 new bytes 

[unmarshall] client vb02 len(276249) < 400072

[unmarshall] got 1448 new bytes 

[unmarshall] client vb02 len(277697) < 400072

[unmarshall] got 2896 new bytes 

[unmarshall] client vb02 len(280593) < 400072

[unmarshall] got 1448 new bytes 

[unmarshall] client vb02 len(282041) < 400072

[unmarshall] got 2896 new bytes 

[unmarshall] client vb02 len(284937) < 400072

[unmarshall] got 2896 new bytes 

[unmarshall] client vb02 len(287833) < 400072

[unmarshall] got 1448 new bytes 

[unmarshall] client vb02 len(289281) < 400072

[unmarshall] got 2896 new bytes 

[unmarshall] client vb02 len(292177) < 400072

[unmarshall] got 1448 new bytes 

[unmarshall] client vb02 len(293625) < 400072

[unmarshall] got 2896 new bytes 

[unmarshall] client vb02 len(296521) < 400072

[unmarshall] got 2896 new bytes 

[unmarshall] client vb02 len(299417) < 400072

[unmarshall] got 1448 new bytes 

[unmarshall] client vb02 len(300865) < 400072

[unmarshall] got 2896 new bytes 

[unmarshall] client vb02 len(303761) < 400072

[unmarshall] got 1448 new bytes 

[unmarshall] client vb02 len(305209) < 400072

[unmarshall] got 2896 new bytes 

[unmarshall] client vb02 len(308105) < 400072

[unmarshall] got 2896 new bytes 

[unmarshall] client vb02 len(311001) < 400072

[unmarshall] got 1448 new bytes 

[unmarshall] client vb02 len(312449) < 400072

[unmarshall] got 1448 new bytes 

[unmarshall] client vb02 len(313897) < 400072

[unmarshall] got 2896 new bytes 

[unmarshall] client vb02 len(316793) < 400072

[unmarshall] got 2896 new bytes 

[unmarshall] client vb02 len(319689) < 400072

[unmarshall] got 2896 new bytes 

[unmarshall] client vb02 len(322585) < 400072

[unmarshall] got 1448 new bytes 

[unmarshall] client vb02 len(324033) < 400072

[unmarshall] got 1448 new bytes 

[unmarshall] client vb02 len(325481) < 400072

[unmarshall] got 2896 new bytes 

[unmarshall] client vb02 len(328377) < 400072

[unmarshall] got 2896 new bytes 

[unmarshall] client vb02 len(331273) < 400072

[unmarshall] got 2896 new bytes 

[unmarshall] client vb02 len(334169) < 400072

[unmarshall] got 1448 new bytes 

[unmarshall] client vb02 len(335617) < 400072

[unmarshall] got 2896 new bytes 

[unmarshall] client vb02 len(338513) < 400072

[unmarshall] got 1448 new bytes 

[unmarshall] client vb02 len(339961) < 400072

[unmarshall] got 2896 new bytes 

[unmarshall] client vb02 len(342857) < 400072

[unmarshall] got 4344 new bytes 

[unmarshall] client vb02 len(347201) < 400072

[unmarshall] got 11584 new bytes 

[unmarshall] client vb02 len(358785) < 400072

[unmarshall] got 15928 new bytes 

[unmarshall] client vb02 len(374713) < 400072

[unmarshall] got 2896 new bytes 

[unmarshall] client vb02 len(377609) < 400072

[unmarshall] got 2896 new bytes 

[unmarshall] client vb02 len(380505) < 400072

[unmarshall] got 2896 new bytes 

[unmarshall] client vb02 len(383401) < 400072

[unmarshall] got 13032 new bytes 

[unmarshall] client vb02 len(396433) < 400072

[unmarshall] got 3639 new bytes 

[01:14.19] dbg: [unmarshall] data for client 1 "" [len 400072] [invalid]

[01:14.19] dbg: Latency unmarshall arguments.

[01:14.19] dbg: Unmarshalling 50000 samples

[unmarshall] client vb03 unmarshall 

[parse_return_code] :  code=220|str=VALID DATA|msg=Data to follow|

[unmarshall] client vb03 content-length: 400072

[unmarshall] client vb03 len(201) < 400072

[unmarshall] got 96040 new bytes 

[unmarshall] client vb03 len(96241) < 400072

[unmarshall] got 27512 new bytes 

[unmarshall] client vb03 len(123753) < 400072

[unmarshall] got 28960 new bytes 

[unmarshall] client vb03 len(152713) < 400072

[unmarshall] got 40160 new bytes 

[unmarshall] client vb03 len(192873) < 400072

[unmarshall] got 56472 new bytes 

[unmarshall] client vb03 len(249345) < 400072

[unmarshall] got 150727 new bytes 

[01:14.19] dbg: [unmarshall] data for client 2 "" [len 400072] [invalid]

[01:14.19] dbg: Latency unmarshall arguments.

[01:14.19] dbg: Unmarshalling 50000 samples

[unmarshall] client vb04 unmarshall 

[parse_return_code] :  code=220|str=VALID DATA|msg=Data to follow|

[unmarshall] client vb04 content-length: 400072

[unmarshall] client vb04 len(201) < 400072

[unmarshall] got 96080 new bytes 

[unmarshall] client vb04 len(96281) < 400072

[unmarshall] got 56472 new bytes 

[unmarshall] client vb04 len(152753) < 400072

[unmarshall] got 26216 new bytes 

[unmarshall] client vb04 len(178969) < 400072

[unmarshall] got 43440 new bytes 

[unmarshall] client vb04 len(222409) < 400072

[unmarshall] got 62264 new bytes 

[unmarshall] client vb04 len(284673) < 400072

[unmarshall] got 60664 new bytes 

[unmarshall] client vb04 len(345337) < 400072

[unmarshall] got 54735 new bytes 

[01:14.19] dbg: [unmarshall] data for client 3 "" [len 400072] [invalid]

[01:14.19] dbg: Latency unmarshall arguments.

[01:14.19] dbg: Unmarshalling 50000 samples

[send_command] : STOP

[unmarshall] client 172.16.1.131 unmarshall 

[parse_return_code] :  code=220|str=VALID DATA|msg=Data to follow|

[unmarshall] client 172.16.1.131 content-length: 24

[01:14.19] dbg: [unmarshall] data for target ",8004874298,23067722919" [len 24] [invalid]

[01:14.19] dbg: [cpu_target_lukem_unmarhsall] start

[01:14.19] dbg: [cpu_target_lukem_unmarshall] cpu usage ,8004874298,23067722919

[01:14.19] dbg: Latency begin output function

[send_command] : QUIT

[send_command] : QUIT

[send_command] : QUIT

[send_command] : QUIT

[send_command] : QUIT

[01:14.20] dbg: Finding plugins in /usr/lib/x86_64-linux-gnu/ipbench

[01:14.20] dbg: Checking /usr/lib/x86_64-linux-gnu/ipbench/liblatencyramp.so against latency ...

[01:14.20] dbg: Checking for header ...

[01:14.20] dbg: Checking magic number ...

[01:14.20] dbg: Checking test name |latency|latency_ramp|...

[01:14.20] dbg: latency does not match latency_ramp

[01:14.20] dbg: Checking /usr/lib/x86_64-linux-gnu/ipbench/libwrapper_target.so against latency ...

[01:14.20] dbg: /usr/lib/x86_64-linux-gnu/ipbench/libwrapper_target.so: undefined symbol: target_wrap_setup_controller

[01:14.20] dbg: Checking /usr/lib/x86_64-linux-gnu/ipbench/libwrapper_client.so against latency ...

[01:14.20] dbg: /usr/lib/x86_64-linux-gnu/ipbench/libwrapper_client.so: undefined symbol: client_wrap_setup_controller

[01:14.20] dbg: Checking /usr/lib/x86_64-linux-gnu/ipbench/libwait.so against latency ...

[01:14.20] dbg: Checking for header ...

[01:14.20] dbg: Checking magic number ...

[01:14.20] dbg: Checking test name |latency|wait|...

[01:14.20] dbg: latency does not match wait

[01:14.20] dbg: Checking /usr/lib/x86_64-linux-gnu/ipbench/libnfsstones.so against latency ...

[01:14.20] dbg: Checking for header ...

[01:14.20] dbg: Checking magic number ...

[01:14.20] dbg: Checking test name |latency|nfsstone|...

[01:14.20] dbg: latency does not match nfsstone

[01:14.20] dbg: Checking /usr/lib/x86_64-linux-gnu/ipbench/libnfs_latency.so against latency ...

[01:14.20] dbg: Checking for header ...

[01:14.20] dbg: Checking magic number ...

[01:14.20] dbg: Checking test name |latency|nfs_latency|...

[01:14.20] dbg: latency does not match nfs_latency

[01:14.20] dbg: Checking /usr/lib/x86_64-linux-gnu/ipbench/liblatencycheck.so against latency ...

[01:14.20] dbg: Checking for header ...

[01:14.20] dbg: Checking magic number ...

[01:14.20] dbg: Checking test name |latency|latency|...

[01:14.20] dbg: Test loaded

[main] setting up target 172.16.1.131

[01:14.20] dbg: Finding plugins in /usr/lib/x86_64-linux-gnu/ipbench

[01:14.20] dbg: Checking /usr/lib/x86_64-linux-gnu/ipbench/liblatencyramp.so against cpu_target_lukem ...

[01:14.20] dbg: Checking for header ...

[01:14.20] dbg: Checking magic number ...

[01:14.20] dbg: Checking test name |cpu_target_lukem|latency_ramp|...

[01:14.20] dbg: cpu_target_lukem does not match latency_ramp

[01:14.20] dbg: Checking /usr/lib/x86_64-linux-gnu/ipbench/libwrapper_target.so against cpu_target_lukem ...

[01:14.20] dbg: /usr/lib/x86_64-linux-gnu/ipbench/libwrapper_target.so: undefined symbol: target_wrap_setup_controller

[01:14.20] dbg: Checking /usr/lib/x86_64-linux-gnu/ipbench/libwrapper_client.so against cpu_target_lukem ...

[01:14.20] dbg: /usr/lib/x86_64-linux-gnu/ipbench/libwrapper_client.so: undefined symbol: client_wrap_setup_controller

[01:14.20] dbg: Checking /usr/lib/x86_64-linux-gnu/ipbench/libwait.so against cpu_target_lukem ...

[01:14.20] dbg: Checking for header ...

[01:14.20] dbg: Checking magic number ...

[01:14.20] dbg: Checking test name |cpu_target_lukem|wait|...

[01:14.20] dbg: cpu_target_lukem does not match wait

[01:14.20] dbg: Checking /usr/lib/x86_64-linux-gnu/ipbench/libnfsstones.so against cpu_target_lukem ...

[01:14.20] dbg: Checking for header ...

[01:14.20] dbg: Checking magic number ...

[01:14.20] dbg: Checking test name |cpu_target_lukem|nfsstone|...

[01:14.20] dbg: cpu_target_lukem does not match nfsstone

[01:14.20] dbg: Checking /usr/lib/x86_64-linux-gnu/ipbench/libnfs_latency.so against cpu_target_lukem ...

[01:14.20] dbg: Checking for header ...

[01:14.20] dbg: Checking magic number ...

[01:14.20] dbg: Checking test name |cpu_target_lukem|nfs_latency|...

[01:14.20] dbg: cpu_target_lukem does not match nfs_latency

[01:14.20] dbg: Checking /usr/lib/x86_64-linux-gnu/ipbench/liblatencycheck.so against cpu_target_lukem ...

[01:14.20] dbg: Checking for header ...

[01:14.20] dbg: Checking magic number ...

[01:14.20] dbg: Checking test name |cpu_target_lukem|latency|...

[01:14.20] dbg: cpu_target_lukem does not match latency

[01:14.20] dbg: Checking /usr/lib/x86_64-linux-gnu/ipbench/liblatency.so against cpu_target_lukem ...

[01:14.20] dbg: Checking for header ...

[01:14.20] dbg: Checking magic number ...

[01:14.20] dbg: Checking test name |cpu_target_lukem|latency|...

[01:14.20] dbg: cpu_target_lukem does not match latency

[01:14.20] dbg: Checking /usr/lib/x86_64-linux-gnu/ipbench/libdummy_target.so against cpu_target_lukem ...

[01:14.20] dbg: Checking for header ...

[01:14.20] dbg: Checking magic number ...

[01:14.20] dbg: Checking test name |cpu_target_lukem|dummy_target|...

[01:14.20] dbg: cpu_target_lukem does not match dummy_target

[01:14.20] dbg: Checking /usr/lib/x86_64-linux-gnu/ipbench/libdummy.so against cpu_target_lukem ...

[01:14.20] dbg: Checking for header ...

[01:14.20] dbg: Checking magic number ...

[01:14.20] dbg: Checking test name |cpu_target_lukem|dummy|...

[01:14.20] dbg: cpu_target_lukem does not match dummy

[01:14.20] dbg: Checking /usr/lib/x86_64-linux-gnu/ipbench/libdiscard.so against cpu_target_lukem ...

[01:14.20] dbg: Checking for header ...

[01:14.20] dbg: Checking magic number ...

[01:14.20] dbg: Checking test name |cpu_target_lukem|discard|...

[01:14.20] dbg: cpu_target_lukem does not match discard

[01:14.20] dbg: Checking /usr/lib/x86_64-linux-gnu/ipbench/libcpu_target_lukem.so against cpu_target_lukem ...

[01:14.20] dbg: Checking for header ...

[01:14.20] dbg: Checking magic number ...

[01:14.20] dbg: Checking test name |cpu_target_lukem|cpu_target_lukem|...

[01:14.20] dbg: Test loaded

[IpbenchTestTarget:__init__] : client 172.16.1.131

[connect] start | hostname 172.16.1.131 | port 1236 | 

[parse_return_code] :  code=100|str=IPBENCH V1.0|msg=|

[send_command] : HELLO

[parse_return_code] :  code=200|str=OK|msg=Ready to go|

[send_command] : LOAD cpu_target_lukem

[parse_return_code] :  code=200|str=OK|msg=|

[send_command] : SETUP args::""

[parse_return_code] :  code=200|str=OK|msg=|

[main] setting up client vb01

[IpbenchTestClient:__init__] : client vb01 port 8036 test_port 1235 test_args socktype=udp,bps=250000000,size=1472,warmup=10,cooldown=10,samples=50000

[connect] start | hostname vb01 | port 8036 | 

[parse_return_code] :  code=100|str=IPBENCH V1.0|msg=|

[send_command] : HELLO

[parse_return_code] :  code=200|str=OK|msg=Ready to go|

[send_command] : LOAD latency

[parse_return_code] :  code=200|str=OK|msg=|

[Setup]: target: 172.16.1.131

[Setup]: port: 1235

[Setup]: args: socktype=udp,bps=250000000,size=1472,warmup=10,cooldown=10,samples=50000

[send_command] : SETUP target::172.16.1.131||port::1235||args::"socktype=udp,bps=250000000,size=1472,warmup=10,cooldown=10,samples=50000"

[parse_return_code] :  code=200|str=OK|msg=|

[main] setting up client vb02

[IpbenchTestClient:__init__] : client vb02 port 8036 test_port 1235 test_args socktype=udp,bps=250000000,size=1472,warmup=10,cooldown=10,samples=50000

[connect] start | hostname vb02 | port 8036 | 

[parse_return_code] :  code=100|str=IPBENCH V1.0|msg=|

[send_command] : HELLO

[parse_return_code] :  code=200|str=OK|msg=Ready to go|

[send_command] : LOAD latency

[parse_return_code] :  code=200|str=OK|msg=|

[Setup]: target: 172.16.1.131

[Setup]: port: 1235

[Setup]: args: socktype=udp,bps=250000000,size=1472,warmup=10,cooldown=10,samples=50000

[send_command] : SETUP target::172.16.1.131||port::1235||args::"socktype=udp,bps=250000000,size=1472,warmup=10,cooldown=10,samples=50000"

[parse_return_code] :  code=200|str=OK|msg=|

[main] setting up client vb03

[IpbenchTestClient:__init__] : client vb03 port 8036 test_port 1235 test_args socktype=udp,bps=250000000,size=1472,warmup=10,cooldown=10,samples=50000

[connect] start | hostname vb03 | port 8036 | 

[parse_return_code] :  code=100|str=IPBENCH V1.0|msg=|

[send_command] : HELLO

[parse_return_code] :  code=200|str=OK|msg=Ready to go|

[send_command] : LOAD latency

[parse_return_code] :  code=200|str=OK|msg=|

[Setup]: target: 172.16.1.131

[Setup]: port: 1235

[Setup]: args: socktype=udp,bps=250000000,size=1472,warmup=10,cooldown=10,samples=50000

[send_command] : SETUP target::172.16.1.131||port::1235||args::"socktype=udp,bps=250000000,size=1472,warmup=10,cooldown=10,samples=50000"

[parse_return_code] :  code=200|str=OK|msg=|

[main] setting up client vb04

[IpbenchTestClient:__init__] : client vb04 port 8036 test_port 1235 test_args socktype=udp,bps=250000000,size=1472,warmup=10,cooldown=10,samples=50000

[connect] start | hostname vb04 | port 8036 | 

[parse_return_code] :  code=100|str=IPBENCH V1.0|msg=|

[send_command] : HELLO

[parse_return_code] :  code=200|str=OK|msg=Ready to go|

[send_command] : LOAD latency

[parse_return_code] :  code=200|str=OK|msg=|

[Setup]: target: 172.16.1.131

[Setup]: port: 1235

[Setup]: args: socktype=udp,bps=250000000,size=1472,warmup=10,cooldown=10,samples=50000

[send_command] : SETUP target::172.16.1.131||port::1235||args::"socktype=udp,bps=250000000,size=1472,warmup=10,cooldown=10,samples=50000"

[parse_return_code] :  code=200|str=OK|msg=|

[send_command] : START

[main] client vb01 start

[send_command] : START

[main] client vb02 start

[send_command] : START

[main] client vb03 start

[send_command] : START

[main] client vb04 start

[send_command] : START

[unmarshall] client vb03 unmarshall 

[parse_return_code] :  code=220|str=VALID DATA|msg=Data to follow|

[unmarshall] client vb03 content-length: 400072

[unmarshall] client vb03 len(201) < 400072

[unmarshall] got 95992 new bytes 

[unmarshall] client vb03 len(96193) < 400072

[unmarshall] got 56472 new bytes 

[unmarshall] client vb03 len(152665) < 400072

[unmarshall] got 24808 new bytes 

[unmarshall] client vb03 len(177473) < 400072

[unmarshall] got 56472 new bytes 

[unmarshall] client vb03 len(233945) < 400072

[unmarshall] got 62264 new bytes 

[unmarshall] client vb03 len(296209) < 400072

[unmarshall] got 52128 new bytes 

[unmarshall] client vb03 len(348337) < 400072

[unmarshall] got 51735 new bytes 

[01:15.20] dbg: [unmarshall] data for client 2 "" [len 400072] [invalid]

[01:15.20] dbg: Latency unmarshall arguments.

[01:15.20] dbg: Unmarshalling 50000 samples

[unmarshall] client vb04 unmarshall 

[parse_return_code] :  code=220|str=VALID DATA|msg=Data to follow|

[unmarshall] client vb04 content-length: 400072

[unmarshall] client vb04 len(201) < 400072

[unmarshall] got 96080 new bytes 

[unmarshall] client vb04 len(96281) < 400072

[unmarshall] got 56472 new bytes 

[unmarshall] client vb04 len(152753) < 400072

[unmarshall] got 26216 new bytes 

[unmarshall] client vb04 len(178969) < 400072

[unmarshall] got 43440 new bytes 

[unmarshall] client vb04 len(222409) < 400072

[unmarshall] got 41840 new bytes 

[unmarshall] client vb04 len(264249) < 400072

[unmarshall] got 49232 new bytes 

[unmarshall] client vb04 len(313481) < 400072

[unmarshall] got 47784 new bytes 

[unmarshall] client vb04 len(361265) < 400072

[unmarshall] got 14480 new bytes 

[unmarshall] client vb04 len(375745) < 400072

[unmarshall] got 24327 new bytes 

[01:15.20] dbg: [unmarshall] data for client 3 "" [len 400072] [invalid]

[01:15.20] dbg: Latency unmarshall arguments.

[01:15.20] dbg: Unmarshalling 50000 samples

[unmarshall] client vb01 unmarshall 

[parse_return_code] :  code=220|str=VALID DATA|msg=Data to follow|

[unmarshall] client vb01 content-length: 400072

[unmarshall] client vb01 len(201) < 400072

[unmarshall] got 128055 new bytes 

[unmarshall] client vb01 len(128256) < 400072

[unmarshall] got 94720 new bytes 

[unmarshall] client vb01 len(222976) < 400072

[unmarshall] got 94720 new bytes 

[unmarshall] client vb01 len(317696) < 400072

[unmarshall] got 82376 new bytes 

[01:15.20] dbg: [unmarshall] data for client 0 "" [len 400072] [invalid]

[01:15.20] dbg: Latency unmarshall arguments.

[01:15.20] dbg: Unmarshalling 50000 samples

[unmarshall] client vb02 unmarshall 

[parse_return_code] :  code=220|str=VALID DATA|msg=Data to follow|

[unmarshall] client vb02 content-length: 400072

[unmarshall] client vb02 len(201) < 400072

[unmarshall] got 89552 new bytes 

[unmarshall] client vb02 len(89753) < 400072

[unmarshall] got 4344 new bytes 

[unmarshall] client vb02 len(94097) < 400072

[unmarshall] got 2280 new bytes 

[unmarshall] client vb02 len(96377) < 400072

[unmarshall] got 4344 new bytes 

[unmarshall] client vb02 len(100721) < 400072

[unmarshall] got 2896 new bytes 

[unmarshall] client vb02 len(103617) < 400072

[unmarshall] got 4344 new bytes 

[unmarshall] client vb02 len(107961) < 400072

[unmarshall] got 5792 new bytes 

[unmarshall] client vb02 len(113753) < 400072

[unmarshall] got 4344 new bytes 

[unmarshall] client vb02 len(118097) < 400072

[unmarshall] got 2896 new bytes 

[unmarshall] client vb02 len(120993) < 400072

[unmarshall] got 4344 new bytes 

[unmarshall] client vb02 len(125337) < 400072

[unmarshall] got 4344 new bytes 

[unmarshall] client vb02 len(129681) < 400072

[unmarshall] got 4344 new bytes 

[unmarshall] client vb02 len(134025) < 400072

[unmarshall] got 2896 new bytes 

[unmarshall] client vb02 len(136921) < 400072

[unmarshall] got 5792 new bytes 

[unmarshall] client vb02 len(142713) < 400072

[unmarshall] got 2896 new bytes 

[unmarshall] client vb02 len(145609) < 400072

[unmarshall] got 5792 new bytes 

[unmarshall] client vb02 len(151401) < 400072

[unmarshall] got 2896 new bytes 

[unmarshall] client vb02 len(154297) < 400072

[unmarshall] got 5792 new bytes 

[unmarshall] client vb02 len(160089) < 400072

[unmarshall] got 4344 new bytes 

[unmarshall] client vb02 len(164433) < 400072

[unmarshall] got 4344 new bytes 

[unmarshall] client vb02 len(168777) < 400072

[unmarshall] got 4344 new bytes 

[unmarshall] client vb02 len(173121) < 400072

[unmarshall] got 5792 new bytes 

[unmarshall] client vb02 len(178913) < 400072

[unmarshall] got 4344 new bytes 

[unmarshall] client vb02 len(183257) < 400072

[unmarshall] got 4344 new bytes 

[unmarshall] client vb02 len(187601) < 400072

[unmarshall] got 5792 new bytes 

[unmarshall] client vb02 len(193393) < 400072

[unmarshall] got 4344 new bytes 

[unmarshall] client vb02 len(197737) < 400072

[unmarshall] got 4344 new bytes 

[unmarshall] client vb02 len(202081) < 400072

[unmarshall] got 5792 new bytes 

[unmarshall] client vb02 len(207873) < 400072

[unmarshall] got 4344 new bytes 

[unmarshall] client vb02 len(212217) < 400072

[unmarshall] got 5792 new bytes 

[unmarshall] client vb02 len(218009) < 400072

[unmarshall] got 4344 new bytes 

[unmarshall] client vb02 len(222353) < 400072

[unmarshall] got 5792 new bytes 

[unmarshall] client vb02 len(228145) < 400072

[unmarshall] got 2896 new bytes 

[unmarshall] client vb02 len(231041) < 400072

[unmarshall] got 7240 new bytes 

[unmarshall] client vb02 len(238281) < 400072

[unmarshall] got 4344 new bytes 

[unmarshall] client vb02 len(242625) < 400072

[unmarshall] got 7240 new bytes 

[unmarshall] client vb02 len(249865) < 400072

[unmarshall] got 4344 new bytes 

[unmarshall] client vb02 len(254209) < 400072

[unmarshall] got 7240 new bytes 

[unmarshall] client vb02 len(261449) < 400072

[unmarshall] got 2896 new bytes 

[unmarshall] client vb02 len(264345) < 400072

[unmarshall] got 7240 new bytes 

[unmarshall] client vb02 len(271585) < 400072

[unmarshall] got 5792 new bytes 

[unmarshall] client vb02 len(277377) < 400072

[unmarshall] got 5792 new bytes 

[unmarshall] client vb02 len(283169) < 400072

[unmarshall] got 4344 new bytes 

[unmarshall] client vb02 len(287513) < 400072

[unmarshall] got 8688 new bytes 

[unmarshall] client vb02 len(296201) < 400072

[unmarshall] got 4344 new bytes 

[unmarshall] client vb02 len(300545) < 400072

[unmarshall] got 7240 new bytes 

[unmarshall] client vb02 len(307785) < 400072

[unmarshall] got 4344 new bytes 

[unmarshall] client vb02 len(312129) < 400072

[unmarshall] got 7240 new bytes 

[unmarshall] client vb02 len(319369) < 400072

[unmarshall] got 2896 new bytes 

[unmarshall] client vb02 len(322265) < 400072

[unmarshall] got 8688 new bytes 

[unmarshall] client vb02 len(330953) < 400072

[unmarshall] got 4344 new bytes 

[unmarshall] client vb02 len(335297) < 400072

[unmarshall] got 7240 new bytes 

[unmarshall] client vb02 len(342537) < 400072

[unmarshall] got 4344 new bytes 

[unmarshall] client vb02 len(346881) < 400072

[unmarshall] got 8688 new bytes 

[unmarshall] client vb02 len(355569) < 400072

[unmarshall] got 4344 new bytes 

[unmarshall] client vb02 len(359913) < 400072

[unmarshall] got 7240 new bytes 

[unmarshall] client vb02 len(367153) < 400072

[unmarshall] got 5792 new bytes 

[unmarshall] client vb02 len(372945) < 400072

[unmarshall] got 5792 new bytes 

[unmarshall] client vb02 len(378737) < 400072

[unmarshall] got 5792 new bytes 

[unmarshall] client vb02 len(384529) < 400072

[unmarshall] got 8688 new bytes 

[unmarshall] client vb02 len(393217) < 400072

[unmarshall] got 4344 new bytes 

[unmarshall] client vb02 len(397561) < 400072

[unmarshall] got 2511 new bytes 

[01:15.20] dbg: [unmarshall] data for client 1 "" [len 400072] [invalid]

[01:15.20] dbg: Latency unmarshall arguments.

[01:15.20] dbg: Unmarshalling 50000 samples

[send_command] : STOP

[unmarshall] client 172.16.1.131 unmarshall 

[parse_return_code] :  code=220|str=VALID DATA|msg=Data to follow|

[unmarshall] client 172.16.1.131 content-length: 24

[01:15.21] dbg: [unmarshall] data for target ",7142205979,22872984326" [len 24] [invalid]

[01:15.21] dbg: [cpu_target_lukem_unmarhsall] start

[01:15.21] dbg: [cpu_target_lukem_unmarshall] cpu usage ,7142205979,22872984326

[01:15.21] dbg: Latency begin output function

[send_command] : QUIT

[send_command] : QUIT

[send_command] : QUIT

[send_command] : QUIT

[send_command] : QUIT

b'100 IPBENCH V1.0\n'

b'100 IPBENCH V1.0\n'

b'100 IPBENCH V1.0\n'

b'100 IPBENCH V1.0\n'

b'100 IPBENCH V1.0\n'

b'100 IPBENCH V1.0\n'

b'100 IPBENCH V1.0\n'

b'100 IPBENCH V1.0\n'

Requested_Throughput,Receive_Throughput,Send_Throughput,Packet_Size,Minimum_RTT,Average_RTT,Maximum_RTT,Stdev_RTT,Median_RTT,Bad_Packets,Idle_Cycles,Total_Cycles

 10000000,10000184,10000184,1472,28,152,345,6.78,151,0,248614815143,255799923867



Requested_Throughput,Receive_Throughput,Send_Throughput,Packet_Size,Minimum_RTT,Average_RTT,Maximum_RTT,Stdev_RTT,Median_RTT,Bad_Packets,Idle_Cycles,Total_Cycles

 20000000,20000340,20000340,1472,56,146,622,20.90,151,0,130809433964,138017553794



Requested_Throughput,Receive_Throughput,Send_Throughput,Packet_Size,Minimum_RTT,Average_RTT,Maximum_RTT,Stdev_RTT,Median_RTT,Bad_Packets,Idle_Cycles,Total_Cycles

 50000000,50000670,50000670,1472,76,155,627,74.99,136,0,58573450172,67542861205



Requested_Throughput,Receive_Throughput,Send_Throughput,Packet_Size,Minimum_RTT,Average_RTT,Maximum_RTT,Stdev_RTT,Median_RTT,Bad_Packets,Idle_Cycles,Total_Cycles

 100000000,100000685,100000685,1472,14,179,517,100.71,136,0,34135309554,43909807169



Requested_Throughput,Receive_Throughput,Send_Throughput,Packet_Size,Minimum_RTT,Average_RTT,Maximum_RTT,Stdev_RTT,Median_RTT,Bad_Packets,Idle_Cycles,Total_Cycles

 200000000,200000338,199998338,1472,65,213,539,107.29,150,0,21224423478,32228223912



Requested_Throughput,Receive_Throughput,Send_Throughput,Packet_Size,Minimum_RTT,Average_RTT,Maximum_RTT,Stdev_RTT,Median_RTT,Bad_Packets,Idle_Cycles,Total_Cycles

 300000000,300006070,300001570,1472,108,301,649,115.48,284,0,17444355933,28270946842



Requested_Throughput,Receive_Throughput,Send_Throughput,Packet_Size,Minimum_RTT,Average_RTT,Maximum_RTT,Stdev_RTT,Median_RTT,Bad_Packets,Idle_Cycles,Total_Cycles

 400000000,400000864,400000864,1472,165,382,775,86.43,387,0,14403394902,26288445289



Requested_Throughput,Receive_Throughput,Send_Throughput,Packet_Size,Minimum_RTT,Average_RTT,Maximum_RTT,Stdev_RTT,Median_RTT,Bad_Packets,Idle_Cycles,Total_Cycles

 500000000,500005305,499997805,1472,337,595,1000,88.15,580,0,12874789912,25085342680



Requested_Throughput,Receive_Throughput,Send_Throughput,Packet_Size,Minimum_RTT,Average_RTT,Maximum_RTT,Stdev_RTT,Median_RTT,Bad_Packets,Idle_Cycles,Total_Cycles

 600000000,600005666,600002666,1472,636,750,897,49.78,749,0,11596132290,24282637736



Requested_Throughput,Receive_Throughput,Send_Throughput,Packet_Size,Minimum_RTT,Average_RTT,Maximum_RTT,Stdev_RTT,Median_RTT,Bad_Packets,Idle_Cycles,Total_Cycles

 700000000,700008149,699994149,1472,648,744,986,35.79,749,0,10291511635,23813157444



Requested_Throughput,Receive_Throughput,Send_Throughput,Packet_Size,Minimum_RTT,Average_RTT,Maximum_RTT,Stdev_RTT,Median_RTT,Bad_Packets,Idle_Cycles,Total_Cycles

 800000000,800017458,800005458,1472,665,745,1090,24.37,744,0,9221375127,23392811320



Requested_Throughput,Receive_Throughput,Send_Throughput,Packet_Size,Minimum_RTT,Average_RTT,Maximum_RTT,Stdev_RTT,Median_RTT,Bad_Packets,Idle_Cycles,Total_Cycles

 900000000,900008128,899999128,1472,692,748,969,11.79,747,0,8004874298,23067722919



Requested_Throughput,Receive_Throughput,Send_Throughput,Packet_Size,Minimum_RTT,Average_RTT,Maximum_RTT,Stdev_RTT,Median_RTT,Bad_Packets,Idle_Cycles,Total_Cycles

 1000000000,957020435,1000000471,1472,1269,1329,1584,8.94,1329,0,7142205979,22872984326



b'100 IPBENCH V1.0\n'

b'100 IPBENCH V1.0\n'

b'100 IPBENCH V1.0\n'

b'100 IPBENCH V1.0\n'

Result Summary:

Requested_Throughput,Receive_Throughput,Send_Throughput,Packet_Size,Minimum_RTT,Average_RTT,Maximum_RTT,Stdev_RTT,Median_RTT,Bad_Packets,Idle_Cycles,Total_Cycles

10000000,10000184,10000184,1472,28,152,345,6.78,151,0,248614815143,255799923867

20000000,20000340,20000340,1472,56,146,622,20.90,151,0,130809433964,138017553794

50000000,50000670,50000670,1472,76,155,627,74.99,136,0,58573450172,67542861205

100000000,100000685,100000685,1472,14,179,517,100.71,136,0,34135309554,43909807169

200000000,200000338,199998338,1472,65,213,539,107.29,150,0,21224423478,32228223912

300000000,300006070,300001570,1472,108,301,649,115.48,284,0,17444355933,28270946842

400000000,400000864,400000864,1472,165,382,775,86.43,387,0,14403394902,26288445289

500000000,500005305,499997805,1472,337,595,1000,88.15,580,0,12874789912,25085342680

600000000,600005666,600002666,1472,636,750,897,49.78,749,0,11596132290,24282637736

700000000,700008149,699994149,1472,648,744,986,35.79,749,0,10291511635,23813157444

800000000,800017458,800005458,1472,665,745,1090,24.37,744,0,9221375127,23392811320

900000000,900008128,899999128,1472,692,748,969,11.79,747,0,8004874298,23067722919

1000000000,957020435,1000000471,1472,1269,1329,1584,8.94,1329,0,7142205979,22872984326




tmp.G05XSl16Ok                                  0%    0     0.0KB/s   --:-- ETA
tmp.G05XSl16Ok                                100%  270KB  35.3MB/s   00:00    

Released lock for vb01

Released lock for vb02

Released lock for vb03

Released lock for vb04

Released lock for vb05

Will not unlock system vb06 that you do not hold

Released lock for vb07

Released lock for vb08

Will not unlock system vb09 that you do not hold

Released lock for vb10

[31mUtilization connection established!


[0m[31mclient0 measurement starting...


[0m[31mclient0 measurement finished 


[0m[33m{


L1 i-cache misses: 62065541


L1 d-cache misses: 41942594


L1 i-tlb misses: 2504706


L1 d-tlb misses: 6296103


Instructions: 4127226024


Branch mispredictions: 16977258


}


Total utilisation details: 


{


KernelUtilisation: 2729142611


KernelEntries: 3738980


NumberSchedules: 3305825


TotalUtilisation: 255799999185


}


Utilisation details for PD: serial_driver (0)


{


KernelUtilisation: 4909


KernelEntries: 2


NumberSchedules: 2


TotalUtilisation: 29001


}


Utilisation details for PD: serial_virt_tx (1)


{


KernelUtilisation: 4499


KernelEntries: 3


NumberSchedules: 2


TotalUtilisation: 15298


}


Utilisation details for PD: ethernet_driver (2)


{


KernelUtilisation: 733331311


KernelEntries: 968205


NumberSchedules: 964227


TotalUtilisation: 2092777185


}


Utilisation details for PD: net_virt_tx (3)


{


KernelUtilisation: 363677752


KernelEntries: 374398


NumberSchedules: 374398


TotalUtilisation: 975110306


}


Utilisation details for PD: net_virt_rx (4)


{


KernelUtilisation: 575061181


KernelEntries: 654997


NumberSchedules: 651068


TotalUtilisation: 1256935278


}


Utilisation details for PD: client0 (5)


{


KernelUtilisation: 192336968


KernelEntries: 435966


NumberSchedules: 225287


TotalUtilisation: 1047862266


}


Utilisation details for PD: client0_net_copier (6)


{


KernelUtilisation: 360636739


KernelEntries: 644803


NumberSchedules: 433995


TotalUtilisation: 1047790093


}


Utilisation details for PD: client1 (7)


{


KernelUtilisation: 6233733


KernelEntries: 12288


NumberSchedules: 12284


TotalUtilisation: 17009556


}


Utilisation details for PD: client1_net_copier (8)


{


KernelUtilisation: 842663


KernelEntries: 986


NumberSchedules: 659


TotalUtilisation: 3025683


}


Utilisation details for PD: timer_driver (9)


{


KernelUtilisation: 15278783


KernelEntries: 33166


NumberSchedules: 29744


TotalUtilisation: 73421557


}


[0m[31mUtilization connection established!


[0m[31mclient0 measurement starting...


[0m[31mclient0 measurement finished 


[0m[33m{


L1 i-cache misses: 61476064


L1 d-cache misses: 42672689


L1 i-tlb misses: 2488678


L1 d-tlb misses: 6232063


Instructions: 1659510607


Branch mispredictions: 16909661


}


Total utilisation details: 


{


KernelUtilisation: 2653879135


KernelEntries: 3642282


NumberSchedules: 3194368


TotalUtilisation: 138017624847


}


Utilisation details for PD: serial_driver (0)


{


KernelUtilisation: 3049


KernelEntries: 2


NumberSchedules: 2


TotalUtilisation: 26935


}


Utilisation details for PD: serial_virt_tx (1)


{


KernelUtilisation: 5036


KernelEntries: 3


NumberSchedules: 2


TotalUtilisation: 13700


}


Utilisation details for PD: ethernet_driver (2)


{


KernelUtilisation: 744996020


KernelEntries: 991835


NumberSchedules: 979398


TotalUtilisation: 2167997072


}


Utilisation details for PD: net_virt_tx (3)


{


KernelUtilisation: 360681065


KernelEntries: 369699


NumberSchedules: 369699


TotalUtilisation: 974233494


}


Utilisation details for PD: net_virt_rx (4)


{


KernelUtilisation: 604673656


KernelEntries: 693611


NumberSchedules: 676633


TotalUtilisation: 1318815110


}


Utilisation details for PD: client0 (5)


{


KernelUtilisation: 188444109


KernelEntries: 426557


NumberSchedules: 218562


TotalUtilisation: 1069741662


}


Utilisation details for PD: client0_net_copier (6)


{


KernelUtilisation: 371366209


KernelEntries: 661260


NumberSchedules: 452837


TotalUtilisation: 1095536023


}


Utilisation details for PD: client1 (7)


{


KernelUtilisation: 3674495


KernelEntries: 6550


NumberSchedules: 6550


TotalUtilisation: 10991909


}


Utilisation details for PD: client1_net_copier (8)


{


KernelUtilisation: 318368


KernelEntries: 336


NumberSchedules: 225


TotalUtilisation: 1218417


}


Utilisation details for PD: timer_driver (9)


{


KernelUtilisation: 8604722


KernelEntries: 17983


NumberSchedules: 16021


TotalUtilisation: 40911966


}


[0m[31mUtilization connection established!


[0m[31mclient0 measurement starting...


[0m[31mclient0 measurement finished 


[0m[33m{


L1 i-cache misses: 78911335


L1 d-cache misses: 53526590


L1 i-tlb misses: 3159061


L1 d-tlb misses: 7996510


Instructions: 2617097268


Branch mispredictions: 20659808


}


Total utilisation details: 


{


KernelUtilisation: 3297995717


KernelEntries: 4532855


NumberSchedules: 3968882


TotalUtilisation: 67542936467


}


Utilisation details for PD: serial_driver (0)


{


KernelUtilisation: 2923


KernelEntries: 2


NumberSchedules: 2


TotalUtilisation: 27102


}


Utilisation details for PD: serial_virt_tx (1)


{


KernelUtilisation: 4433


KernelEntries: 3


NumberSchedules: 2


TotalUtilisation: 12883


}


Utilisation details for PD: ethernet_driver (2)


{


KernelUtilisation: 960811735


KernelEntries: 1282223


NumberSchedules: 1266495


TotalUtilisation: 2751106517


}


Utilisation details for PD: net_virt_tx (3)


{


KernelUtilisation: 475679801


KernelEntries: 490158


NumberSchedules: 490146


TotalUtilisation: 1270333020


}


Utilisation details for PD: net_virt_rx (4)


{


KernelUtilisation: 732634308


KernelEntries: 841487


NumberSchedules: 836905


TotalUtilisation: 1614698002


}


Utilisation details for PD: client0 (5)


{


KernelUtilisation: 241907359


KernelEntries: 547166


NumberSchedules: 276918


TotalUtilisation: 1341335480


}


Utilisation details for PD: client0_net_copier (6)


{


KernelUtilisation: 461328927


KernelEntries: 825205


NumberSchedules: 554857


TotalUtilisation: 1351386131


}


Utilisation details for PD: client1 (7)


{


KernelUtilisation: 2222533


KernelEntries: 3392


NumberSchedules: 3390


TotalUtilisation: 9210431


}


Utilisation details for PD: client1_net_copier (8)


{


KernelUtilisation: 256213


KernelEntries: 265


NumberSchedules: 178


TotalUtilisation: 929599


}


Utilisation details for PD: timer_driver (9)


{


KernelUtilisation: 7680445


KernelEntries: 9197


NumberSchedules: 7970


TotalUtilisation: 24862454


}


[0m[31mUtilization connection established!


[0m[31mclient0 measurement starting...


[0m[31mclient0 measurement finished 


[0m[33m{


L1 i-cache misses: 83988053


L1 d-cache misses: 60654848


L1 i-tlb misses: 3367601


L1 d-tlb misses: 8739732


Instructions: 4230818448


Branch mispredictions: 23183628


}


Total utilisation details: 


{


KernelUtilisation: 3380097096


KernelEntries: 4652269


NumberSchedules: 4021458


TotalUtilisation: 43909882790


}


Utilisation details for PD: serial_driver (0)


{


KernelUtilisation: 5850


KernelEntries: 2


NumberSchedules: 2


TotalUtilisation: 30102


}


Utilisation details for PD: serial_virt_tx (1)


{


KernelUtilisation: 4508


KernelEntries: 3


NumberSchedules: 2


TotalUtilisation: 14366


}


Utilisation details for PD: ethernet_driver (2)


{


KernelUtilisation: 948378013


KernelEntries: 1249534


NumberSchedules: 1230855


TotalUtilisation: 2886770518


}


Utilisation details for PD: net_virt_tx (3)


{


KernelUtilisation: 445063772


KernelEntries: 458090


NumberSchedules: 458090


TotalUtilisation: 1292377226


}


Utilisation details for PD: net_virt_rx (4)


{


KernelUtilisation: 808117152


KernelEntries: 918508


NumberSchedules: 917831


TotalUtilisation: 1806772480


}


Utilisation details for PD: client0 (5)


{


KernelUtilisation: 270087098


KernelEntries: 610721


NumberSchedules: 307287


TotalUtilisation: 1599509692


}


Utilisation details for PD: client0_net_copier (6)


{


KernelUtilisation: 515576665


KernelEntries: 918871


NumberSchedules: 615361


TotalUtilisation: 1593297072


}


Utilisation details for PD: client1 (7)


{


KernelUtilisation: 1537103


KernelEntries: 2204


NumberSchedules: 2204


TotalUtilisation: 7060292


}


Utilisation details for PD: client1_net_copier (8)


{


KernelUtilisation: 113680


KernelEntries: 100


NumberSchedules: 68


TotalUtilisation: 407668


}


Utilisation details for PD: timer_driver (9)


{


KernelUtilisation: 5657176


KernelEntries: 6213


NumberSchedules: 5219


TotalUtilisation: 17675305


}


[0m[31mUtilization connection established!


[0m[31mclient0 measurement starting...


[0m[31mclient0 measurement finished 


[0m[33m{


L1 i-cache misses: 83680326


L1 d-cache misses: 67684071


L1 i-tlb misses: 3199233


L1 d-tlb misses: 9032596


Instructions: 2705852353


Branch mispredictions: 27748199


}


Total utilisation details: 


{


KernelUtilisation: 3363438066


KernelEntries: 4653739


NumberSchedules: 3929334


TotalUtilisation: 32228297834


}


Utilisation details for PD: serial_driver (0)


{


KernelUtilisation: 3410


KernelEntries: 2


NumberSchedules: 2


TotalUtilisation: 28097


}


Utilisation details for PD: serial_virt_tx (1)


{


KernelUtilisation: 4665


KernelEntries: 3


NumberSchedules: 2


TotalUtilisation: 13322


}


Utilisation details for PD: ethernet_driver (2)


{


KernelUtilisation: 941029017


KernelEntries: 1274741


NumberSchedules: 1183031


TotalUtilisation: 3276035658


}


Utilisation details for PD: net_virt_tx (3)


{


KernelUtilisation: 413102866


KernelEntries: 415617


NumberSchedules: 415511


TotalUtilisation: 1334131606


}


Utilisation details for PD: net_virt_rx (4)


{


KernelUtilisation: 907532471


KernelEntries: 1050153


NumberSchedules: 1015243


TotalUtilisation: 2104161907


}


Utilisation details for PD: client0 (5)


{


KernelUtilisation: 269235559


KernelEntries: 598466


NumberSchedules: 305911


TotalUtilisation: 1922192425


}


Utilisation details for PD: client0_net_copier (6)


{


KernelUtilisation: 549053424


KernelEntries: 960398


NumberSchedules: 667158


TotalUtilisation: 1930609467


}


Utilisation details for PD: client1 (7)


{


KernelUtilisation: 1019301


KernelEntries: 1601


NumberSchedules: 1601


TotalUtilisation: 5243332


}


Utilisation details for PD: client1_net_copier (8)


{


KernelUtilisation: 138687


KernelEntries: 134


NumberSchedules: 94


TotalUtilisation: 452067


}


Utilisation details for PD: timer_driver (9)


{


KernelUtilisation: 4155054


KernelEntries: 4751


NumberSchedules: 3878


TotalUtilisation: 13318227


}


[0m[31mUtilization connection established!


[0m[31mclient0 measurement starting...


[0m[31mclient0 measurement finished 


[0m[33m{


L1 i-cache misses: 60295354


L1 d-cache misses: 62293018


L1 i-tlb misses: 2186436


L1 d-tlb misses: 7255355


Instructions: 4245771886


Branch mispredictions: 27479642


}


Total utilisation details: 


{


KernelUtilisation: 2676863383


KernelEntries: 3666836


NumberSchedules: 3098517


TotalUtilisation: 28271015941


}


Utilisation details for PD: serial_driver (0)


{


KernelUtilisation: 2950


KernelEntries: 2


NumberSchedules: 2


TotalUtilisation: 27691


}


Utilisation details for PD: serial_virt_tx (1)


{


KernelUtilisation: 5103


KernelEntries: 3


NumberSchedules: 2


TotalUtilisation: 13984


}


Utilisation details for PD: ethernet_driver (2)


{


KernelUtilisation: 817417259


KernelEntries: 1149299


NumberSchedules: 1017607


TotalUtilisation: 3491185129


}


Utilisation details for PD: net_virt_tx (3)


{


KernelUtilisation: 294522087


KernelEntries: 286186


NumberSchedules: 286176


TotalUtilisation: 1157067735


}


Utilisation details for PD: net_virt_rx (4)


{


KernelUtilisation: 798046976


KernelEntries: 946523


NumberSchedules: 866924


TotalUtilisation: 1999842063


}


Utilisation details for PD: client0 (5)


{


KernelUtilisation: 166085918


KernelEntries: 360587


NumberSchedules: 185646


TotalUtilisation: 1929174006


}


Utilisation details for PD: client0_net_copier (6)


{


KernelUtilisation: 433178442


KernelEntries: 722494


NumberSchedules: 546368


TotalUtilisation: 1992409431


}


Utilisation details for PD: client1 (7)


{


KernelUtilisation: 900671


KernelEntries: 1383


NumberSchedules: 1383


TotalUtilisation: 4592414


}


Utilisation details for PD: client1_net_copier (8)


{


KernelUtilisation: 116873


KernelEntries: 110


NumberSchedules: 79


TotalUtilisation: 379433


}


Utilisation details for PD: timer_driver (9)


{


KernelUtilisation: 3704237


KernelEntries: 4209


NumberSchedules: 3455


TotalUtilisation: 11772290


}


[0m[31mUtilization connection established!


[0m[31mclient0 measurement starting...


[0m[31mclient0 measurement finished 


[0m[33m{


L1 i-cache misses: 60007888


L1 d-cache misses: 67136579


L1 i-tlb misses: 2034521


L1 d-tlb misses: 7710232


Instructions: 2213519661


Branch mispredictions: 29160449


}


Total utilisation details: 


{


KernelUtilisation: 2542696598


KernelEntries: 3500520


NumberSchedules: 2884704


TotalUtilisation: 26288517716


}


Utilisation details for PD: serial_driver (0)


{


KernelUtilisation: 4984


KernelEntries: 2


NumberSchedules: 2


TotalUtilisation: 29295


}


Utilisation details for PD: serial_virt_tx (1)


{


KernelUtilisation: 4634


KernelEntries: 3


NumberSchedules: 2


TotalUtilisation: 15845


}


Utilisation details for PD: ethernet_driver (2)


{


KernelUtilisation: 771654581


KernelEntries: 1091089


NumberSchedules: 924892


TotalUtilisation: 3809715343


}


Utilisation details for PD: net_virt_tx (3)


{


KernelUtilisation: 278717374


KernelEntries: 270879


NumberSchedules: 268480


TotalUtilisation: 1249523130


}


Utilisation details for PD: net_virt_rx (4)


{


KernelUtilisation: 786016429


KernelEntries: 914439


NumberSchedules: 864094


TotalUtilisation: 2093549648


}


Utilisation details for PD: client0 (5)


{


KernelUtilisation: 187395222


KernelEntries: 400506


NumberSchedules: 209475


TotalUtilisation: 2299592212


}


Utilisation details for PD: client0_net_copier (6)


{


KernelUtilisation: 413313849


KernelEntries: 700085


NumberSchedules: 507726


TotalUtilisation: 2266873809


}


Utilisation details for PD: client1 (7)


{


KernelUtilisation: 879512


KernelEntries: 1334


NumberSchedules: 1325


TotalUtilisation: 4653597


}


Utilisation details for PD: client1_net_copier (8)


{


KernelUtilisation: 197503


KernelEntries: 195


NumberSchedules: 141


TotalUtilisation: 608910


}


Utilisation details for PD: timer_driver (9)


{


KernelUtilisation: 3607980


KernelEntries: 4044


NumberSchedules: 3206


TotalUtilisation: 11487395


}


[0m[31mUtilization connection established!


[0m[31mclient0 measurement starting...


[0m[31mclient0 measurement finished 


[0m[33m{


L1 i-cache misses: 46991750


L1 d-cache misses: 65205820


L1 i-tlb misses: 1587312


L1 d-tlb misses: 7124593


Instructions: 1340096470


Branch mispredictions: 28883091


}


Total utilisation details: 


{


KernelUtilisation: 2036246633


KernelEntries: 2710902


NumberSchedules: 2289938


TotalUtilisation: 25085413306


}


Utilisation details for PD: serial_driver (0)


{


KernelUtilisation: 2925


KernelEntries: 2


NumberSchedules: 2


TotalUtilisation: 29600


}


Utilisation details for PD: serial_virt_tx (1)


{


KernelUtilisation: 4726


KernelEntries: 3


NumberSchedules: 2


TotalUtilisation: 13169


}


Utilisation details for PD: ethernet_driver (2)


{


KernelUtilisation: 708309358


KernelEntries: 984523


NumberSchedules: 852278


TotalUtilisation: 4076324095


}


Utilisation details for PD: net_virt_tx (3)


{


KernelUtilisation: 202782107


KernelEntries: 193285


NumberSchedules: 190569


TotalUtilisation: 1214909077


}


Utilisation details for PD: net_virt_rx (4)


{


KernelUtilisation: 626974895


KernelEntries: 710359


NumberSchedules: 667848


TotalUtilisation: 1925027712


}


Utilisation details for PD: client0 (5)


{


KernelUtilisation: 129110197


KernelEntries: 261114


NumberSchedules: 135990


TotalUtilisation: 2470685720


}


Utilisation details for PD: client0_net_copier (6)


{


KernelUtilisation: 299500072


KernelEntries: 491765


NumberSchedules: 374479


TotalUtilisation: 2412486529


}


Utilisation details for PD: client1 (7)


{


KernelUtilisation: 852345


KernelEntries: 1222


NumberSchedules: 1218


TotalUtilisation: 4339604


}


Utilisation details for PD: client1_net_copier (8)


{


KernelUtilisation: 181449


KernelEntries: 174


NumberSchedules: 126


TotalUtilisation: 575598


}


Utilisation details for PD: timer_driver (9)


{


KernelUtilisation: 3721532


KernelEntries: 3914


NumberSchedules: 3041


TotalUtilisation: 11609750


}


[0m[31mUtilization connection established!


[0m[31mclient0 measurement starting...


[0m[31mclient0 measurement finished 


[0m[33m{


L1 i-cache misses: 31894361


L1 d-cache misses: 60669283


L1 i-tlb misses: 1126525


L1 d-tlb misses: 6467021


Instructions: 685319582


Branch mispredictions: 28457299


}


Total utilisation details: 


{


KernelUtilisation: 1562758636


KernelEntries: 2049999


NumberSchedules: 1752347


TotalUtilisation: 24282716548


}


Utilisation details for PD: serial_driver (0)


{


KernelUtilisation: 4366


KernelEntries: 3


NumberSchedules: 3


TotalUtilisation: 31295


}


Utilisation details for PD: serial_virt_tx (1)


{


KernelUtilisation: 4901


KernelEntries: 3


NumberSchedules: 2


TotalUtilisation: 13361


}


Utilisation details for PD: ethernet_driver (2)


{


KernelUtilisation: 580026951


KernelEntries: 809381


NumberSchedules: 686678


TotalUtilisation: 4322770081


}


Utilisation details for PD: net_virt_tx (3)


{


KernelUtilisation: 140413307


KernelEntries: 171211


NumberSchedules: 125701


TotalUtilisation: 1267095718


}


Utilisation details for PD: net_virt_rx (4)


{


KernelUtilisation: 438346832


KernelEntries: 482398


NumberSchedules: 463835


TotalUtilisation: 1744912452


}


Utilisation details for PD: client0 (5)


{


KernelUtilisation: 62976081


KernelEntries: 118860


NumberSchedules: 63816


TotalUtilisation: 2637018728


}


Utilisation details for PD: client0_net_copier (6)


{


KernelUtilisation: 265803556


KernelEntries: 398830


NumberSchedules: 343762


TotalUtilisation: 2597711201


}


Utilisation details for PD: client1 (7)


{


KernelUtilisation: 952760


KernelEntries: 1155


NumberSchedules: 1152


TotalUtilisation: 4188082


}


Utilisation details for PD: client1_net_copier (8)


{


KernelUtilisation: 142462


KernelEntries: 133


NumberSchedules: 100


TotalUtilisation: 434645


}


Utilisation details for PD: timer_driver (9)


{


KernelUtilisation: 3944397


KernelEntries: 3634


NumberSchedules: 2915


TotalUtilisation: 11849413


}


[0m[31mUtilization connection established!


[0m[31mclient0 measurement starting...


[0m[31mclient0 measurement finished 


[0m[33m{


L1 i-cache misses: 30563420


L1 d-cache misses: 63753875


L1 i-tlb misses: 1131950


L1 d-tlb misses: 7062201


Instructions: 76856421


Branch mispredictions: 30554666


}


Total utilisation details: 


{


KernelUtilisation: 1406128793


KernelEntries: 1836498


NumberSchedules: 1538495


TotalUtilisation: 23813227966


}


Utilisation details for PD: serial_driver (0)


{


KernelUtilisation: 3547


KernelEntries: 2


NumberSchedules: 2


TotalUtilisation: 27756


}


Utilisation details for PD: serial_virt_tx (1)


{


KernelUtilisation: 4445


KernelEntries: 3


NumberSchedules: 2


TotalUtilisation: 13419


}


Utilisation details for PD: ethernet_driver (2)


{


KernelUtilisation: 477754565


KernelEntries: 692973


NumberSchedules: 545848


TotalUtilisation: 4372072225


}


Utilisation details for PD: net_virt_tx (3)


{


KernelUtilisation: 135861517


KernelEntries: 126726


NumberSchedules: 126706


TotalUtilisation: 1372320064


}


Utilisation details for PD: net_virt_rx (4)


{


KernelUtilisation: 408824557


KernelEntries: 472267


NumberSchedules: 434565


TotalUtilisation: 1778105100


}


Utilisation details for PD: client0 (5)


{


KernelUtilisation: 57592191


KernelEntries: 113362


NumberSchedules: 57233


TotalUtilisation: 2980759091


}


Utilisation details for PD: client0_net_copier (6)


{


KernelUtilisation: 250604758


KernelEntries: 360547


NumberSchedules: 304401


TotalUtilisation: 2899792106


}


Utilisation details for PD: client1 (7)


{


KernelUtilisation: 1089379


KernelEntries: 1131


NumberSchedules: 1131


TotalUtilisation: 4229209


}


Utilisation details for PD: client1_net_copier (8)


{


KernelUtilisation: 128897


KernelEntries: 126


NumberSchedules: 99


TotalUtilisation: 385915


}


Utilisation details for PD: timer_driver (9)


{


KernelUtilisation: 4283981


KernelEntries: 3712


NumberSchedules: 2866


TotalUtilisation: 12532968


}


[0m[31mUtilization connection established!


[0m[31mclient0 measurement starting...


[0m[31mclient0 measurement finished 


[0m[33m{


L1 i-cache misses: 28530304


L1 d-cache misses: 64230085


L1 i-tlb misses: 1062943


L1 d-tlb misses: 7427850


Instructions: 3909528119


Branch mispredictions: 31208811


}


Total utilisation details: 


{


KernelUtilisation: 1153413450


KernelEntries: 1520584


NumberSchedules: 1220055


TotalUtilisation: 23392887330


}


Utilisation details for PD: serial_driver (0)


{


KernelUtilisation: 3029


KernelEntries: 2


NumberSchedules: 2


TotalUtilisation: 29723


}


Utilisation details for PD: serial_virt_tx (1)


{


KernelUtilisation: 4328


KernelEntries: 3


NumberSchedules: 2


TotalUtilisation: 13049


}


Utilisation details for PD: ethernet_driver (2)


{


KernelUtilisation: 358798365


KernelEntries: 547508


NumberSchedules: 393825


TotalUtilisation: 4512778431


}


Utilisation details for PD: net_virt_tx (3)


{


KernelUtilisation: 162994495


KernelEntries: 152981


NumberSchedules: 151830


TotalUtilisation: 1531952407


}


Utilisation details for PD: net_virt_rx (4)


{


KernelUtilisation: 322243121


KernelEntries: 387215


NumberSchedules: 358584


TotalUtilisation: 1715963518


}


Utilisation details for PD: client0 (5)


{


KernelUtilisation: 60155996


KernelEntries: 117380


NumberSchedules: 59302


TotalUtilisation: 3307794740


}


Utilisation details for PD: client0_net_copier (6)


{


KernelUtilisation: 172863951


KernelEntries: 244254


NumberSchedules: 186172


TotalUtilisation: 2983042033


}


Utilisation details for PD: client1 (7)


{


KernelUtilisation: 1075731


KernelEntries: 1114


NumberSchedules: 1114


TotalUtilisation: 4330368


}


Utilisation details for PD: client1_net_copier (8)


{


KernelUtilisation: 151801


KernelEntries: 134


NumberSchedules: 95


TotalUtilisation: 458704


}


Utilisation details for PD: timer_driver (9)


{


KernelUtilisation: 4169886


KernelEntries: 3697


NumberSchedules: 2862


TotalUtilisation: 12322210


}


[0m[31mUtilization connection established!


[0m[31mclient0 measurement starting...


[0m[31mclient0 measurement finished 


[0m[33m{


L1 i-cache misses: 27064215


L1 d-cache misses: 66917295


L1 i-tlb misses: 1015523


L1 d-tlb misses: 7862182


Instructions: 3352990170


Branch mispredictions: 32551017


}


Total utilisation details: 


{


KernelUtilisation: 941509978


KernelEntries: 1254078


NumberSchedules: 952920


TotalUtilisation: 23067795834


}


Utilisation details for PD: serial_driver (0)


{


KernelUtilisation: 2984


KernelEntries: 2


NumberSchedules: 2


TotalUtilisation: 27388


}


Utilisation details for PD: serial_virt_tx (1)


{


KernelUtilisation: 4264


KernelEntries: 3


NumberSchedules: 2


TotalUtilisation: 14846


}


Utilisation details for PD: ethernet_driver (2)


{


KernelUtilisation: 284452163


KernelEntries: 463967


NumberSchedules: 289597


TotalUtilisation: 4703416730


}


Utilisation details for PD: net_virt_tx (3)


{


KernelUtilisation: 180382163


KernelEntries: 168903


NumberSchedules: 163735


TotalUtilisation: 1682021793


}


Utilisation details for PD: net_virt_rx (4)


{


KernelUtilisation: 209159943


KernelEntries: 246200


NumberSchedules: 245645


TotalUtilisation: 1663991062


}


Utilisation details for PD: client0 (5)


{


KernelUtilisation: 62890420


KernelEntries: 121217


NumberSchedules: 61170


TotalUtilisation: 3675753006


}


Utilisation details for PD: client0_net_copier (6)


{


KernelUtilisation: 126979846


KernelEntries: 181959


NumberSchedules: 121877


TotalUtilisation: 3216228530


}


Utilisation details for PD: client1 (7)


{


KernelUtilisation: 1032087


KernelEntries: 1081


NumberSchedules: 1081


TotalUtilisation: 4184833


}


Utilisation details for PD: client1_net_copier (8)


{


KernelUtilisation: 94115


KernelEntries: 66


NumberSchedules: 44


TotalUtilisation: 287781


}


Utilisation details for PD: timer_driver (9)


{


KernelUtilisation: 4129046


KernelEntries: 3661


NumberSchedules: 2783


TotalUtilisation: 12190721


}


[0m[31mUtilization connection established!


[0m[31mclient0 measurement starting...


[0m[31mclient0 measurement finished 


[0m[33m{


L1 i-cache misses: 26406831


L1 d-cache misses: 69736426


L1 i-tlb misses: 1037355


L1 d-tlb misses: 8235158


Instructions: 2936113485


Branch mispredictions: 33368985


}


Total utilisation details: 


{


KernelUtilisation: 861674769


KernelEntries: 1162209


NumberSchedules: 855043


TotalUtilisation: 22873058149


}


Utilisation details for PD: serial_driver (0)


{


KernelUtilisation: 4191


KernelEntries: 3


NumberSchedules: 3


TotalUtilisation: 29040


}


Utilisation details for PD: serial_virt_tx (1)


{


KernelUtilisation: 4718


KernelEntries: 3


NumberSchedules: 2


TotalUtilisation: 13741


}


Utilisation details for PD: ethernet_driver (2)


{


KernelUtilisation: 250890721


KernelEntries: 416430


NumberSchedules: 236382


TotalUtilisation: 4808256161


}


Utilisation details for PD: net_virt_tx (3)


{


KernelUtilisation: 171882205


KernelEntries: 163503


NumberSchedules: 161836


TotalUtilisation: 1793740251


}


Utilisation details for PD: net_virt_rx (4)


{


KernelUtilisation: 169157469


KernelEntries: 197790


NumberSchedules: 197279


TotalUtilisation: 1691404473


}


Utilisation details for PD: client0 (5)


{


KernelUtilisation: 64563571


KernelEntries: 125119


NumberSchedules: 63143


TotalUtilisation: 3899550705


}


Utilisation details for PD: client0_net_copier (6)


{


KernelUtilisation: 128041994


KernelEntries: 186854


NumberSchedules: 124810


TotalUtilisation: 3416209276


}


Utilisation details for PD: client1 (7)


{


KernelUtilisation: 945339


KernelEntries: 1074


NumberSchedules: 1074


TotalUtilisation: 4126829


}


Utilisation details for PD: client1_net_copier (8)


{


KernelUtilisation: 78505


KernelEntries: 60


NumberSchedules: 40


TotalUtilisation: 261675


}


Utilisation details for PD: timer_driver (9)


{


KernelUtilisation: 4126271


KernelEntries: 3582


NumberSchedules: 2710


TotalUtilisation: 12256944


}
