co
^Eco
[Enter `^Ec?' for help]
[connecting...up]

U-Boot SPL 2018.03 (Jan 14 2020 - 02:43:08 +0000)
power_bd71837_init
set buck8 to 1.2v for DDR4
DDRINFO: start lpddr4 ddr init
DRAM PHY training for 2400MTS
check ddr4_pmu_train_imem code
check ddr4_pmu_train_imem code pass
check ddr4_pmu_train_dmem code
check ddr4_pmu_train_dmem code pass
Training PASS
DRAM PHY training for 1600MTS
check ddr4_pmu_train_imem code
check ddr4_pmu_train_imem code pass
check ddr4_pmu_train_dmem code
check ddr4_pmu_train_dmem code pass
Training PASS
DRAM PHY training for 1064MTS
check ddr4_pmu_train_imem code
check ddr4_pmu_train_imem code pass
check ddr4_pmu_train_dmem code
check ddr4_pmu_train_dmem code pass
Training PASS
DRAM PHY training for 2400MTS
check ddr4_pmu_train_imem code
check ddr4_pmu_train_imem code pass
check ddr4_pmu_train_dmem code
check ddr4_pmu_train_dmem code pass
Training PASS
DDRINFO:ddrphy calibration done
DDRINFO: ddrmix config done
Normal Boot
Trying to boot from MMC1


U-Boot 2018.03 (Jan 14 2020 - 02:43:08 +0000)

CPU:   Freescale i.MX8MQ rev2.1 1500 MHz (running at 1000 MHz)
CPU:   Commercial temperature grade (0C to 95C) at 43C
Reset cause: POR
Model: Freescale i.MX8MQ EVK
DRAM:  2 GiB
MMC:   FSL_SDHC: 0
Loading Environment from MMC... OK
No panel detected: default to HDMI
Display: HDMI (1280x720)
In:    serial
Out:   serial
Err:   serial

 BuildInfo:
  - ATF d6451cc
  - U-Boot 2018.03

switch to partitions #0, OK
mmc0 is current device
flash target is MMC:0
Net:   
Warning: ethernet@30be0000 (eth0) using random MAC address - 7a:16:9d:40:15:68
eth0: ethernet@30be0000
Fastboot: Normal
Normal Boot
Hit any key to stop autoboot:  2  
 0 
u-boot=> 
u-boot=> setenv loadaddr 0x50000000
dhcp
setenv loadaddr 0x50000000
u-boot=> dhcp
ethernet@30be0000 Waiting for PHY auto negotiation to complete.... done
BOOTP broadcast 1
BOOTP broadcast 2
BOOTP broadcast 3
BOOTP broadcast 4
BOOTP broadcast 5
BOOTP broadcast 6
DHCP client bound to address 172.16.1.16 (5768 ms)
*** Warning: no boot file name; using 'AC100110.img'
Using ethernet@30be0000 device
TFTP from server 172.16.0.2; our IP address is 172.16.1.16
Filename 'AC100110.img'.
Load address: 0x50000000
Loading: *
TFTP error: 'File not found' (1)
Not retrying...
u-boot=> tftp ${loadaddr} /maaxboard2/sel4-image
tftp ${loadaddr} /maaxboard2/sel4-image
Using ethernet@30be0000 device
TFTP from server 172.16.0.2; our IP address is 172.16.1.16
Filename '/maaxboard2/sel4-image'.
Load address: 0x50000000
Loading: *#################################################################
	 #################################################################
	 #################################################################
	 #################################################################
	 #################################################################
	 #################################################################
	 #################################################################
	 #########################
	 13.4 MiB/s
done
Bytes transferred = 7033624 (6b5318 hex)
u-boot=> go ${loadaddr}
go ${loadaddr}
## Starting application at 0x50000000 ...
BENCH|LOG: MICROKIT_CONFIG_benchmark defined
BENCH|LOG: CONFIG_BENCHMARK_TRACK_UTILISATION defined
DHCP request finished, IP address for netif client1 is: 172.16.1.19
DHCP request finished, IP address for netif client0 is: 172.16.1.18
Utilization connection established!
client0 measurement starting...
client0 measurement finished 
{
L1 i-cache misses: 44920439
L1 d-cache misses: 39087615
L1 i-tlb misses: 2004770
L1 d-tlb misses: 5212419
Instructions: 4164273094
Branch mispredictions: 16454197
}
Total utilisation details: 
{
KernelUtilisation: 2687699491
KernelEntries: 4088790
NumberSchedules: 3036193
TotalUtilisation: 255789149051
}
Utilisation details for PD: serial_driver (0)
{
KernelUtilisation: 2710
KernelEntries: 2
NumberSchedules: 2
TotalUtilisation: 28172
}
Utilisation details for PD: serial_virt_tx (1)
{
KernelUtilisation: 4364
KernelEntries: 3
NumberSchedules: 2
TotalUtilisation: 13196
}
Utilisation details for PD: ethernet_driver (2)
{
KernelUtilisation: 654797133
KernelEntries: 857230
NumberSchedules: 850086
TotalUtilisation: 1926724822
}
Utilisation details for PD: net_virt_tx (3)
{
KernelUtilisation: 351599273
KernelEntries: 504844
NumberSchedules: 310155
TotalUtilisation: 829152265
}
Utilisation details for PD: net_virt_rx (4)
{
KernelUtilisation: 663355001
KernelEntries: 1066811
NumberSchedules: 637473
TotalUtilisation: 1260937269
}
Utilisation details for PD: client0 (5)
{
KernelUtilisation: 180060920
KernelEntries: 416232
NumberSchedules: 215368
TotalUtilisation: 973017611
}
Utilisation details for PD: client0_net_copier (6)
{
KernelUtilisation: 351874363
KernelEntries: 637374
NumberSchedules: 420661
TotalUtilisation: 996577564
}
Utilisation details for PD: client1 (7)
{
KernelUtilisation: 6238911
KernelEntries: 12088
NumberSchedules: 12088
TotalUtilisation: 15638365
}
Utilisation details for PD: client1_net_copier (8)
{
KernelUtilisation: 526207
KernelEntries: 657
NumberSchedules: 438
TotalUtilisation: 1497648
}
Utilisation details for PD: timer_driver (9)
{
KernelUtilisation: 15288156
KernelEntries: 33342
NumberSchedules: 29720
TotalUtilisation: 74814241
}
Utilization connection established!
client0 measurement starting...
client0 measurement finished 
{
L1 i-cache misses: 51389539
L1 d-cache misses: 43970230
L1 i-tlb misses: 2305959
L1 d-tlb misses: 6003300
Instructions: 1156951644
Branch mispredictions: 18125600
}
Total utilisation details: 
{
KernelUtilisation: 2984819180
KernelEntries: 4539162
NumberSchedules: 3376442
TotalUtilisation: 138032815008
}
Utilisation details for PD: serial_driver (0)
{
KernelUtilisation: 2944
KernelEntries: 2
NumberSchedules: 2
TotalUtilisation: 30875
}
Utilisation details for PD: serial_virt_tx (1)
{
KernelUtilisation: 4293
KernelEntries: 3
NumberSchedules: 2
TotalUtilisation: 15482
}
Utilisation details for PD: ethernet_driver (2)
{
KernelUtilisation: 792218628
KernelEntries: 1046438
NumberSchedules: 1040671
TotalUtilisation: 2276643467
}
Utilisation details for PD: net_virt_tx (3)
{
KernelUtilisation: 449595341
KernelEntries: 632063
NumberSchedules: 403819
TotalUtilisation: 1024475348
}
Utilisation details for PD: net_virt_rx (4)
{
KernelUtilisation: 719145757
KernelEntries: 1163382
NumberSchedules: 696717
TotalUtilisation: 1372030868
}
Utilisation details for PD: client0 (5)
{
KernelUtilisation: 198077826
KernelEntries: 458664
NumberSchedules: 233807
TotalUtilisation: 1063154346
}
Utilisation details for PD: client0_net_copier (6)
{
KernelUtilisation: 389596692
KernelEntries: 700978
NumberSchedules: 466038
TotalUtilisation: 1089601707
}
Utilisation details for PD: client1 (7)
{
KernelUtilisation: 3677565
KernelEntries: 6514
NumberSchedules: 6514
TotalUtilisation: 10554614
}
Utilisation details for PD: client1_net_copier (8)
{
KernelUtilisation: 269620
KernelEntries: 317
NumberSchedules: 212
TotalUtilisation: 786070
}
Utilisation details for PD: timer_driver (9)
{
KernelUtilisation: 8650521
KernelEntries: 18188
NumberSchedules: 16054
TotalUtilisation: 41503827
}
Utilization connection established!
client0 measurement starting...
client0 measurement finished 
{
L1 i-cache misses: 61748105
L1 d-cache misses: 52938865
L1 i-tlb misses: 2753328
L1 d-tlb misses: 7144542
Instructions: 2295980363
Branch mispredictions: 21164675
}
Total utilisation details: 
{
KernelUtilisation: 3502155662
KernelEntries: 5362288
NumberSchedules: 3928345
TotalUtilisation: 67541149166
}
Utilisation details for PD: serial_driver (0)
{
KernelUtilisation: 2837
KernelEntries: 2
NumberSchedules: 2
TotalUtilisation: 28635
}
Utilisation details for PD: serial_virt_tx (1)
{
KernelUtilisation: 5006
KernelEntries: 3
NumberSchedules: 2
TotalUtilisation: 14066
}
Utilisation details for PD: ethernet_driver (2)
{
KernelUtilisation: 937558808
KernelEntries: 1239268
NumberSchedules: 1225074
TotalUtilisation: 2699367474
}
Utilisation details for PD: net_virt_tx (3)
{
KernelUtilisation: 532685375
KernelEntries: 757949
NumberSchedules: 474909
TotalUtilisation: 1220568049
}
Utilisation details for PD: net_virt_rx (4)
{
KernelUtilisation: 876924934
KernelEntries: 1421796
NumberSchedules: 853032
TotalUtilisation: 1674901413
}
Utilisation details for PD: client0 (5)
{
KernelUtilisation: 243461305
KernelEntries: 564166
NumberSchedules: 285036
TotalUtilisation: 1299524436
}
Utilisation details for PD: client0_net_copier (6)
{
KernelUtilisation: 475785000
KernelEntries: 854595
NumberSchedules: 568526
TotalUtilisation: 1329564336
}
Utilisation details for PD: client1 (7)
{
KernelUtilisation: 2211925
KernelEntries: 3364
NumberSchedules: 3363
TotalUtilisation: 8523539
}
Utilisation details for PD: client1_net_copier (8)
{
KernelUtilisation: 188340
KernelEntries: 226
NumberSchedules: 151
TotalUtilisation: 525313
}
Utilisation details for PD: timer_driver (9)
{
KernelUtilisation: 7500421
KernelEntries: 9348
NumberSchedules: 7952
TotalUtilisation: 24959301
}
Utilization connection established!
client0 measurement starting...
client0 measurement finished 
{
L1 i-cache misses: 65398263
L1 d-cache misses: 58534592
L1 i-tlb misses: 2872443
L1 d-tlb misses: 7657215
Instructions: 3932712069
Branch mispredictions: 23949245
}
Total utilisation details: 
{
KernelUtilisation: 3573637811
KernelEntries: 5497975
NumberSchedules: 3939172
TotalUtilisation: 43910164674
}
Utilisation details for PD: serial_driver (0)
{
KernelUtilisation: 2780
KernelEntries: 2
NumberSchedules: 2
TotalUtilisation: 30337
}
Utilisation details for PD: serial_virt_tx (1)
{
KernelUtilisation: 4831
KernelEntries: 3
NumberSchedules: 2
TotalUtilisation: 16185
}
Utilisation details for PD: ethernet_driver (2)
{
KernelUtilisation: 945108113
KernelEntries: 1250403
NumberSchedules: 1204974
TotalUtilisation: 2884380704
}
Utilisation details for PD: net_virt_tx (3)
{
KernelUtilisation: 541117371
KernelEntries: 776525
NumberSchedules: 471258
TotalUtilisation: 1295715083
}
Utilisation details for PD: net_virt_rx (4)
{
KernelUtilisation: 924790665
KernelEntries: 1502471
NumberSchedules: 905341
TotalUtilisation: 1807647410
}
Utilisation details for PD: client0 (5)
{
KernelUtilisation: 259794631
KernelEntries: 598084
NumberSchedules: 301163
TotalUtilisation: 1517540093
}
Utilisation details for PD: client0_net_copier (6)
{
KernelUtilisation: 504548678
KernelEntries: 897565
NumberSchedules: 596644
TotalUtilisation: 1509332268
}
Utilisation details for PD: client1 (7)
{
KernelUtilisation: 1555254
KernelEntries: 2217
NumberSchedules: 2217
TotalUtilisation: 6730946
}
Utilisation details for PD: client1_net_copier (8)
{
KernelUtilisation: 148617
KernelEntries: 157
NumberSchedules: 105
TotalUtilisation: 397345
}
Utilisation details for PD: timer_driver (9)
{
KernelUtilisation: 5467275
KernelEntries: 6247
NumberSchedules: 5207
TotalUtilisation: 17534514
}
Utilization connection established!
client0 measurement starting...
client0 measurement finished 
{
L1 i-cache misses: 64123781
L1 d-cache misses: 63328454
L1 i-tlb misses: 2644552
L1 d-tlb misses: 7782725
Instructions: 2480694798
Branch mispredictions: 27941430
}
Total utilisation details: 
{
KernelUtilisation: 3495093959
KernelEntries: 5475882
NumberSchedules: 3777122
TotalUtilisation: 32228856193
}
Utilisation details for PD: serial_driver (0)
{
KernelUtilisation: 2978
KernelEntries: 2
NumberSchedules: 2
TotalUtilisation: 28685
}
Utilisation details for PD: serial_virt_tx (1)
{
KernelUtilisation: 3991
KernelEntries: 3
NumberSchedules: 2
TotalUtilisation: 12838
}
Utilisation details for PD: ethernet_driver (2)
{
KernelUtilisation: 904293098
KernelEntries: 1214266
NumberSchedules: 1132968
TotalUtilisation: 3220482846
}
Utilisation details for PD: net_virt_tx (3)
{
KernelUtilisation: 448705366
KernelEntries: 632467
NumberSchedules: 381762
TotalUtilisation: 1214486013
}
Utilisation details for PD: net_virt_rx (4)
{
KernelUtilisation: 1082911281
KernelEntries: 1740070
NumberSchedules: 1038351
TotalUtilisation: 2144762443
}
Utilisation details for PD: client0 (5)
{
KernelUtilisation: 262167285
KernelEntries: 590258
NumberSchedules: 304030
TotalUtilisation: 1837311143
}
Utilisation details for PD: client0_net_copier (6)
{
KernelUtilisation: 535706127
KernelEntries: 994045
NumberSchedules: 628193
TotalUtilisation: 1850998201
}
Utilisation details for PD: client1 (7)
{
KernelUtilisation: 1083479
KernelEntries: 1615
NumberSchedules: 1611
TotalUtilisation: 5011389
}
Utilisation details for PD: client1_net_copier (8)
{
KernelUtilisation: 153786
KernelEntries: 166
NumberSchedules: 112
TotalUtilisation: 409867
}
Utilisation details for PD: timer_driver (9)
{
KernelUtilisation: 4022180
KernelEntries: 4714
NumberSchedules: 3857
TotalUtilisation: 13000826
}
Utilization connection established!
client0 measurement starting...
client0 measurement finished 
{
L1 i-cache misses: 63588978
L1 d-cache misses: 69169595
L1 i-tlb misses: 2596574
L1 d-tlb misses: 8190891
Instructions: 3051231120
Branch mispredictions: 30691668
}
Total utilisation details: 
{
KernelUtilisation: 3439436570
KernelEntries: 5365041
NumberSchedules: 3666533
TotalUtilisation: 28275364287
}
Utilisation details for PD: serial_driver (0)
{
KernelUtilisation: 4082
KernelEntries: 3
NumberSchedules: 3
TotalUtilisation: 32515
}
Utilisation details for PD: serial_virt_tx (1)
{
KernelUtilisation: 4531
KernelEntries: 3
NumberSchedules: 2
TotalUtilisation: 13408
}
Utilisation details for PD: ethernet_driver (2)
{
KernelUtilisation: 902597723
KernelEntries: 1226312
NumberSchedules: 1107899
TotalUtilisation: 3638506254
}
Utilisation details for PD: net_virt_tx (3)
{
KernelUtilisation: 436563450
KernelEntries: 619731
NumberSchedules: 366721
TotalUtilisation: 1298433696
}
Utilisation details for PD: net_virt_rx (4)
{
KernelUtilisation: 1057539972
KernelEntries: 1685014
NumberSchedules: 999543
TotalUtilisation: 2197213945
}
Utilisation details for PD: client0 (5)
{
KernelUtilisation: 246604299
KernelEntries: 550769
NumberSchedules: 280888
TotalUtilisation: 2146989683
}
Utilisation details for PD: client0_net_copier (6)
{
KernelUtilisation: 553274449
KernelEntries: 1008475
NumberSchedules: 646906
TotalUtilisation: 2127605985
}
Utilisation details for PD: client1 (7)
{
KernelUtilisation: 864680
KernelEntries: 1425
NumberSchedules: 1424
TotalUtilisation: 4284151
}
Utilisation details for PD: client1_net_copier (8)
{
KernelUtilisation: 68054
KernelEntries: 68
NumberSchedules: 46
TotalUtilisation: 179579
}
Utilisation details for PD: timer_driver (9)
{
KernelUtilisation: 3663277
KernelEntries: 4341
NumberSchedules: 3458
TotalUtilisation: 11934261
}
Utilization connection established!
client0 measurement starting...
client0 measurement finished 
{
L1 i-cache misses: 56347059
L1 d-cache misses: 68165862
L1 i-tlb misses: 2125033
L1 d-tlb misses: 7589094
Instructions: 1533022976
Branch mispredictions: 31439780
}
Total utilisation details: 
{
KernelUtilisation: 2968897328
KernelEntries: 4687381
NumberSchedules: 3101332
TotalUtilisation: 26289186089
}
Utilisation details for PD: serial_driver (0)
{
KernelUtilisation: 5777
KernelEntries: 3
NumberSchedules: 3
TotalUtilisation: 31727
}
Utilisation details for PD: serial_virt_tx (1)
{
KernelUtilisation: 4094
KernelEntries: 3
NumberSchedules: 2
TotalUtilisation: 15132
}
Utilisation details for PD: ethernet_driver (2)
{
KernelUtilisation: 783605756
KernelEntries: 1084763
NumberSchedules: 923935
TotalUtilisation: 3812534334
}
Utilisation details for PD: net_virt_tx (3)
{
KernelUtilisation: 337689367
KernelEntries: 448496
NumberSchedules: 291227
TotalUtilisation: 1194470860
}
Utilisation details for PD: net_virt_rx (4)
{
KernelUtilisation: 1040717816
KernelEntries: 1632226
NumberSchedules: 984559
TotalUtilisation: 2238394210
}
Utilisation details for PD: client0 (5)
{
KernelUtilisation: 241890307
KernelEntries: 536399
NumberSchedules: 275922
TotalUtilisation: 2442071777
}
Utilisation details for PD: client0_net_copier (6)
{
KernelUtilisation: 456721899
KernelEntries: 863981
NumberSchedules: 515410
TotalUtilisation: 2255025036
}
Utilisation details for PD: client1 (7)
{
KernelUtilisation: 829550
KernelEntries: 1301
NumberSchedules: 1289
TotalUtilisation: 3916050
}
Utilisation details for PD: client1_net_copier (8)
{
KernelUtilisation: 23154
KernelEntries: 21
NumberSchedules: 15
TotalUtilisation: 64112
}
Utilisation details for PD: timer_driver (9)
{
KernelUtilisation: 3449150
KernelEntries: 4010
NumberSchedules: 3202
TotalUtilisation: 11123272
}
Utilization connection established!
client0 measurement starting...
client0 measurement finished 
{
L1 i-cache misses: 39100118
L1 d-cache misses: 63419925
L1 i-tlb misses: 1513237
L1 d-tlb misses: 6844875
Instructions: 984354031
Branch mispredictions: 30325040
}
Total utilisation details: 
{
KernelUtilisation: 2231038864
KernelEntries: 3476338
NumberSchedules: 2300270
TotalUtilisation: 25084897798
}
Utilisation details for PD: serial_driver (0)
{
KernelUtilisation: 2932
KernelEntries: 2
NumberSchedules: 2
TotalUtilisation: 30527
}
Utilisation details for PD: serial_virt_tx (1)
{
KernelUtilisation: 4346
KernelEntries: 3
NumberSchedules: 2
TotalUtilisation: 12836
}
Utilisation details for PD: ethernet_driver (2)
{
KernelUtilisation: 705675485
KernelEntries: 993028
NumberSchedules: 848725
TotalUtilisation: 4102278931
}
Utilisation details for PD: net_virt_tx (3)
{
KernelUtilisation: 221173022
KernelEntries: 285719
NumberSchedules: 180032
TotalUtilisation: 1102447210
}
Utilisation details for PD: net_virt_rx (4)
{
KernelUtilisation: 756702998
KernelEntries: 1164341
NumberSchedules: 682454
TotalUtilisation: 1871640136
}
Utilisation details for PD: client0 (5)
{
KernelUtilisation: 130151491
KernelEntries: 270360
NumberSchedules: 138540
TotalUtilisation: 2476751999
}
Utilisation details for PD: client0_net_copier (6)
{
KernelUtilisation: 347028070
KernelEntries: 692865
NumberSchedules: 381346
TotalUtilisation: 2358593710
}
Utilisation details for PD: client1 (7)
{
KernelUtilisation: 746000
KernelEntries: 1192
NumberSchedules: 1187
TotalUtilisation: 3658953
}
Utilisation details for PD: client1_net_copier (8)
{
KernelUtilisation: 37689
KernelEntries: 38
NumberSchedules: 26
TotalUtilisation: 106273
}
Utilisation details for PD: timer_driver (9)
{
KernelUtilisation: 3289052
KernelEntries: 3809
NumberSchedules: 3024
TotalUtilisation: 10658735
}
Utilization connection established!
client0 measurement starting...
client0 measurement finished 
{
L1 i-cache misses: 27347812
L1 d-cache misses: 60965996
L1 i-tlb misses: 1161717
L1 d-tlb misses: 6632972
Instructions: 289646984
Branch mispredictions: 29422561
}
Total utilisation details: 
{
KernelUtilisation: 1715862156
KernelEntries: 2652485
NumberSchedules: 1762710
TotalUtilisation: 24284998352
}
Utilisation details for PD: serial_driver (0)
{
KernelUtilisation: 7011
KernelEntries: 2
NumberSchedules: 2
TotalUtilisation: 32847
}
Utilisation details for PD: serial_virt_tx (1)
{
KernelUtilisation: 4191
KernelEntries: 3
NumberSchedules: 2
TotalUtilisation: 12906
}
Utilisation details for PD: ethernet_driver (2)
{
KernelUtilisation: 566064052
KernelEntries: 806872
NumberSchedules: 679173
TotalUtilisation: 4344281769
}
Utilisation details for PD: net_virt_tx (3)
{
KernelUtilisation: 155003163
KernelEntries: 214302
NumberSchedules: 119873
TotalUtilisation: 1140898845
}
Utilisation details for PD: net_virt_rx (4)
{
KernelUtilisation: 538127041
KernelEntries: 821930
NumberSchedules: 476864
TotalUtilisation: 1647769835
}
Utilisation details for PD: client0 (5)
{
KernelUtilisation: 66065209
KernelEntries: 127768
NumberSchedules: 70506
TotalUtilisation: 2650539488
}
Utilisation details for PD: client0_net_copier (6)
{
KernelUtilisation: 314211571
KernelEntries: 611524
NumberSchedules: 347012
TotalUtilisation: 2633290611
}
Utilisation details for PD: client1 (7)
{
KernelUtilisation: 817075
KernelEntries: 1149
NumberSchedules: 1149
TotalUtilisation: 3750151
}
Utilisation details for PD: client1_net_copier (8)
{
KernelUtilisation: 109620
KernelEntries: 114
NumberSchedules: 82
TotalUtilisation: 276583
}
Utilisation details for PD: timer_driver (9)
{
KernelUtilisation: 3448806
KernelEntries: 3689
NumberSchedules: 2922
TotalUtilisation: 11005364
}
Utilization connection established!
client0 measurement starting...
client0 measurement finished 
{
L1 i-cache misses: 26419171
L1 d-cache misses: 64982305
L1 i-tlb misses: 1102423
L1 d-tlb misses: 7188970
Instructions: 3951447179
Branch mispredictions: 31470815
}
Total utilisation details: 
{
KernelUtilisation: 1533159386
KernelEntries: 2325777
NumberSchedules: 1540145
TotalUtilisation: 23814365527
}
Utilisation details for PD: serial_driver (0)
{
KernelUtilisation: 5949
KernelEntries: 3
NumberSchedules: 3
TotalUtilisation: 34375
}
Utilisation details for PD: serial_virt_tx (1)
{
KernelUtilisation: 4301
KernelEntries: 3
NumberSchedules: 2
TotalUtilisation: 12940
}
Utilisation details for PD: ethernet_driver (2)
{
KernelUtilisation: 471121500
KernelEntries: 690719
NumberSchedules: 545167
TotalUtilisation: 4411615205
}
Utilisation details for PD: net_virt_tx (3)
{
KernelUtilisation: 155294824
KernelEntries: 182131
NumberSchedules: 125273
TotalUtilisation: 1242645719
}
Utilisation details for PD: net_virt_rx (4)
{
KernelUtilisation: 482216853
KernelEntries: 739851
NumberSchedules: 430940
TotalUtilisation: 1629232466
}
Utilisation details for PD: client0 (5)
{
KernelUtilisation: 56382048
KernelEntries: 114334
NumberSchedules: 57710
TotalUtilisation: 2981291042
}
Utilisation details for PD: client0_net_copier (6)
{
KernelUtilisation: 291001244
KernelEntries: 527493
NumberSchedules: 310659
TotalUtilisation: 2957349606
}
Utilisation details for PD: client1 (7)
{
KernelUtilisation: 955745
KernelEntries: 1119
NumberSchedules: 1119
TotalUtilisation: 3857928
}
Utilisation details for PD: client1_net_copier (8)
{
KernelUtilisation: 77325
KernelEntries: 79
NumberSchedules: 59
TotalUtilisation: 204367
}
Utilisation details for PD: timer_driver (9)
{
KernelUtilisation: 3958480
KernelEntries: 3707
NumberSchedules: 2882
TotalUtilisation: 11991149
}
Utilization connection established!
client0 measurement starting...
client0 measurement finished 
{
L1 i-cache misses: 24059150
L1 d-cache misses: 66389112
L1 i-tlb misses: 990508
L1 d-tlb misses: 7505895
Instructions: 3528553716
Branch mispredictions: 32884388
}
Total utilisation details: 
{
KernelUtilisation: 1229753965
KernelEntries: 1801174
NumberSchedules: 1208403
TotalUtilisation: 23403266757
}
Utilisation details for PD: serial_driver (0)
{
KernelUtilisation: 2910
KernelEntries: 2
NumberSchedules: 2
TotalUtilisation: 30553
}
Utilisation details for PD: serial_virt_tx (1)
{
KernelUtilisation: 4590
KernelEntries: 3
NumberSchedules: 2
TotalUtilisation: 13636
}
Utilisation details for PD: ethernet_driver (2)
{
KernelUtilisation: 353412935
KernelEntries: 538748
NumberSchedules: 384687
TotalUtilisation: 4562901158
}
Utilisation details for PD: net_virt_tx (3)
{
KernelUtilisation: 178030874
KernelEntries: 213361
NumberSchedules: 143170
TotalUtilisation: 1401707744
}
Utilisation details for PD: net_virt_rx (4)
{
KernelUtilisation: 372024215
KernelEntries: 555738
NumberSchedules: 354580
TotalUtilisation: 1511375787
}
Utilisation details for PD: client0 (5)
{
KernelUtilisation: 58968906
KernelEntries: 118130
NumberSchedules: 59656
TotalUtilisation: 3346736168
}
Utilisation details for PD: client0_net_copier (6)
{
KernelUtilisation: 189320126
KernelEntries: 303718
NumberSchedules: 195572
TotalUtilisation: 2994431998
}
Utilisation details for PD: client1 (7)
{
KernelUtilisation: 1022512
KernelEntries: 1084
NumberSchedules: 1084
TotalUtilisation: 3856809
}
Utilisation details for PD: client1_net_copier (8)
{
KernelUtilisation: 48925
KernelEntries: 40
NumberSchedules: 28
TotalUtilisation: 132775
}
Utilisation details for PD: timer_driver (9)
{
KernelUtilisation: 3984671
KernelEntries: 3455
NumberSchedules: 2734
TotalUtilisation: 11888781
}
Utilization connection established!
client0 measurement starting...
client0 measurement finished 
{
L1 i-cache misses: 22265188
L1 d-cache misses: 68973290
L1 i-tlb misses: 882303
L1 d-tlb misses: 7946227
Instructions: 3084855273
Branch mispredictions: 33393797
}
Total utilisation details: 
{
KernelUtilisation: 970037267
KernelEntries: 1390415
NumberSchedules: 907359
TotalUtilisation: 23066115253
}
Utilisation details for PD: serial_driver (0)
{
KernelUtilisation: 4154
KernelEntries: 3
NumberSchedules: 3
TotalUtilisation: 32231
}
Utilisation details for PD: serial_virt_tx (1)
{
KernelUtilisation: 4270
KernelEntries: 3
NumberSchedules: 2
TotalUtilisation: 12728
}
Utilisation details for PD: ethernet_driver (2)
{
KernelUtilisation: 272446317
KernelEntries: 438548
NumberSchedules: 266265
TotalUtilisation: 4741796206
}
Utilisation details for PD: net_virt_tx (3)
{
KernelUtilisation: 188639891
KernelEntries: 218531
NumberSchedules: 149850
TotalUtilisation: 1496887361
}
Utilisation details for PD: net_virt_rx (4)
{
KernelUtilisation: 243652758
KernelEntries: 358890
NumberSchedules: 238179
TotalUtilisation: 1447586144
}
Utilisation details for PD: client0 (5)
{
KernelUtilisation: 61909005
KernelEntries: 121656
NumberSchedules: 61425
TotalUtilisation: 3688496397
}
Utilisation details for PD: client0_net_copier (6)
{
KernelUtilisation: 124698127
KernelEntries: 181032
NumberSchedules: 120629
TotalUtilisation: 3133258962
}
Utilisation details for PD: client1 (7)
{
KernelUtilisation: 1041606
KernelEntries: 1084
NumberSchedules: 1084
TotalUtilisation: 3903565
}
Utilisation details for PD: client1_net_copier (8)
{
KernelUtilisation: 57074
KernelEntries: 45
NumberSchedules: 30
TotalUtilisation: 154324
}
Utilisation details for PD: timer_driver (9)
{
KernelUtilisation: 3899407
KernelEntries: 3417
NumberSchedules: 2694
TotalUtilisation: 11765326
}
Utilization connection established!
client0 measurement starting...
client0 measurement finished 
{
L1 i-cache misses: 22381698
L1 d-cache misses: 71611224
L1 i-tlb misses: 853589
L1 d-tlb misses: 8202823
Instructions: 2823761789
Branch mispredictions: 34447490
}
Total utilisation details: 
{
KernelUtilisation: 912878500
KernelEntries: 1339190
NumberSchedules: 835435
TotalUtilisation: 23074482315
}
Utilisation details for PD: serial_driver (0)
{
KernelUtilisation: 2931
KernelEntries: 2
NumberSchedules: 2
TotalUtilisation: 29442
}
Utilisation details for PD: serial_virt_tx (1)
{
KernelUtilisation: 4132
KernelEntries: 3
NumberSchedules: 2
TotalUtilisation: 12260
}
Utilisation details for PD: ethernet_driver (2)
{
KernelUtilisation: 243419330
KernelEntries: 402834
NumberSchedules: 221457
TotalUtilisation: 4852624365
}
Utilisation details for PD: net_virt_tx (3)
{
KernelUtilisation: 179933792
KernelEntries: 212585
NumberSchedules: 147590
TotalUtilisation: 1548138658
}
Utilisation details for PD: net_virt_rx (4)
{
KernelUtilisation: 210449711
KernelEntries: 327415
NumberSchedules: 199058
TotalUtilisation: 1468163707
}
Utilisation details for PD: client0 (5)
{
KernelUtilisation: 64644125
KernelEntries: 128685
NumberSchedules: 65061
TotalUtilisation: 3912486947
}
Utilisation details for PD: client0_net_copier (6)
{
KernelUtilisation: 131763616
KernelEntries: 192544
NumberSchedules: 127938
TotalUtilisation: 3344344582
}
Utilisation details for PD: client1 (7)
{
KernelUtilisation: 1139401
KernelEntries: 1098
NumberSchedules: 1098
TotalUtilisation: 4029831
}
Utilisation details for PD: client1_net_copier (8)
{
KernelUtilisation: 56605
KernelEntries: 48
NumberSchedules: 32
TotalUtilisation: 153172
}
Utilisation details for PD: timer_driver (9)
{
KernelUtilisation: 3982236
KernelEntries: 3296
NumberSchedules: 2666
TotalUtilisation: 11881474
}
