[22:18.26] dbg: Finding plugins in /usr/lib/x86_64-linux-gnu/ipbench
[22:18.26] dbg: Checking /usr/lib/x86_64-linux-gnu/ipbench/liblatencyramp.so against latency ...
[22:18.26] dbg: Checking for header ...
[22:18.26] dbg: Checking magic number ...
[22:18.26] dbg: Checking test name |latency|latency_ramp|...
[22:18.26] dbg: latency does not match latency_ramp
[22:18.26] dbg: Checking /usr/lib/x86_64-linux-gnu/ipbench/libwrapper_target.so against latency ...
[22:18.26] dbg: /usr/lib/x86_64-linux-gnu/ipbench/libwrapper_target.so: undefined symbol: target_wrap_setup_controller
[22:18.26] dbg: Checking /usr/lib/x86_64-linux-gnu/ipbench/libwrapper_client.so against latency ...
[22:18.26] dbg: /usr/lib/x86_64-linux-gnu/ipbench/libwrapper_client.so: undefined symbol: client_wrap_setup_controller
[22:18.26] dbg: Checking /usr/lib/x86_64-linux-gnu/ipbench/libwait.so against latency ...
[22:18.26] dbg: Checking for header ...
[22:18.26] dbg: Checking magic number ...
[22:18.26] dbg: Checking test name |latency|wait|...
[22:18.26] dbg: latency does not match wait
[22:18.26] dbg: Checking /usr/lib/x86_64-linux-gnu/ipbench/libnfsstones.so against latency ...
[22:18.26] dbg: Checking for header ...
[22:18.26] dbg: Checking magic number ...
[22:18.26] dbg: Checking test name |latency|nfsstone|...
[22:18.26] dbg: latency does not match nfsstone
[22:18.26] dbg: Checking /usr/lib/x86_64-linux-gnu/ipbench/libnfs_latency.so against latency ...
[22:18.26] dbg: Checking for header ...
[22:18.26] dbg: Checking magic number ...
[22:18.26] dbg: Checking test name |latency|nfs_latency|...
[22:18.26] dbg: latency does not match nfs_latency
[22:18.26] dbg: Checking /usr/lib/x86_64-linux-gnu/ipbench/liblatencycheck.so against latency ...
[22:18.26] dbg: Checking for header ...
[22:18.26] dbg: Checking magic number ...
[22:18.26] dbg: Checking test name |latency|latency|...
[22:18.26] dbg: Test loaded
[main] setting up target 172.16.1.66
[22:18.26] dbg: Finding plugins in /usr/lib/x86_64-linux-gnu/ipbench
[22:18.26] dbg: Checking /usr/lib/x86_64-linux-gnu/ipbench/liblatencyramp.so against cpu_target_lukem ...
[22:18.26] dbg: Checking for header ...
[22:18.26] dbg: Checking magic number ...
[22:18.26] dbg: Checking test name |cpu_target_lukem|latency_ramp|...
[22:18.26] dbg: cpu_target_lukem does not match latency_ramp
[22:18.26] dbg: Checking /usr/lib/x86_64-linux-gnu/ipbench/libwrapper_target.so against cpu_target_lukem ...
[22:18.26] dbg: /usr/lib/x86_64-linux-gnu/ipbench/libwrapper_target.so: undefined symbol: target_wrap_setup_controller
[22:18.26] dbg: Checking /usr/lib/x86_64-linux-gnu/ipbench/libwrapper_client.so against cpu_target_lukem ...
[22:18.26] dbg: /usr/lib/x86_64-linux-gnu/ipbench/libwrapper_client.so: undefined symbol: client_wrap_setup_controller
[22:18.26] dbg: Checking /usr/lib/x86_64-linux-gnu/ipbench/libwait.so against cpu_target_lukem ...
[22:18.26] dbg: Checking for header ...
[22:18.26] dbg: Checking magic number ...
[22:18.26] dbg: Checking test name |cpu_target_lukem|wait|...
[22:18.26] dbg: cpu_target_lukem does not match wait
[22:18.26] dbg: Checking /usr/lib/x86_64-linux-gnu/ipbench/libnfsstones.so against cpu_target_lukem ...
[22:18.26] dbg: Checking for header ...
[22:18.26] dbg: Checking magic number ...
[22:18.26] dbg: Checking test name |cpu_target_lukem|nfsstone|...
[22:18.26] dbg: cpu_target_lukem does not match nfsstone
[22:18.26] dbg: Checking /usr/lib/x86_64-linux-gnu/ipbench/libnfs_latency.so against cpu_target_lukem ...
[22:18.26] dbg: Checking for header ...
[22:18.26] dbg: Checking magic number ...
[22:18.26] dbg: Checking test name |cpu_target_lukem|nfs_latency|...
[22:18.26] dbg: cpu_target_lukem does not match nfs_latency
[22:18.26] dbg: Checking /usr/lib/x86_64-linux-gnu/ipbench/liblatencycheck.so against cpu_target_lukem ...
[22:18.26] dbg: Checking for header ...
[22:18.26] dbg: Checking magic number ...
[22:18.26] dbg: Checking test name |cpu_target_lukem|latency|...
[22:18.26] dbg: cpu_target_lukem does not match latency
[22:18.26] dbg: Checking /usr/lib/x86_64-linux-gnu/ipbench/liblatency.so against cpu_target_lukem ...
[22:18.26] dbg: Checking for header ...
[22:18.26] dbg: Checking magic number ...
[22:18.26] dbg: Checking test name |cpu_target_lukem|latency|...
[22:18.26] dbg: cpu_target_lukem does not match latency
[22:18.26] dbg: Checking /usr/lib/x86_64-linux-gnu/ipbench/libdummy_target.so against cpu_target_lukem ...
[22:18.26] dbg: Checking for header ...
[22:18.26] dbg: Checking magic number ...
[22:18.26] dbg: Checking test name |cpu_target_lukem|dummy_target|...
[22:18.26] dbg: cpu_target_lukem does not match dummy_target
[22:18.26] dbg: Checking /usr/lib/x86_64-linux-gnu/ipbench/libdummy.so against cpu_target_lukem ...
[22:18.26] dbg: Checking for header ...
[22:18.26] dbg: Checking magic number ...
[22:18.26] dbg: Checking test name |cpu_target_lukem|dummy|...
[22:18.26] dbg: cpu_target_lukem does not match dummy
[22:18.26] dbg: Checking /usr/lib/x86_64-linux-gnu/ipbench/libdiscard.so against cpu_target_lukem ...
[22:18.26] dbg: Checking for header ...
[22:18.26] dbg: Checking magic number ...
[22:18.26] dbg: Checking test name |cpu_target_lukem|discard|...
[22:18.26] dbg: cpu_target_lukem does not match discard
[22:18.26] dbg: Checking /usr/lib/x86_64-linux-gnu/ipbench/libcpu_target_lukem.so against cpu_target_lukem ...
[22:18.26] dbg: Checking for header ...
[22:18.26] dbg: Checking magic number ...
[22:18.26] dbg: Checking test name |cpu_target_lukem|cpu_target_lukem|...
[22:18.26] dbg: Test loaded
[IpbenchTestTarget:__init__] : client 172.16.1.66
[connect] start | hostname 172.16.1.66 | port 1236 | 
[parse_return_code] :  code=100|str=IPBENCH V1.0|msg=|
[send_command] : HELLO
[parse_return_code] :  code=200|str=OK|msg=Ready to go|
[send_command] : LOAD cpu_target_lukem
[parse_return_code] :  code=200|str=OK|msg=|
[send_command] : SETUP args::""
[parse_return_code] :  code=200|str=OK|msg=|
[main] setting up client vb01
[IpbenchTestClient:__init__] : client vb01 port 8036 test_port 1235 test_args socktype=udp,bps=250000000,size=1472,warmup=10,cooldown=10,samples=50000
[connect] start | hostname vb01 | port 8036 | 
[parse_return_code] :  code=100|str=IPBENCH V1.0|msg=|
[send_command] : HELLO
[parse_return_code] :  code=200|str=OK|msg=Ready to go|
[send_command] : LOAD latency
[parse_return_code] :  code=200|str=OK|msg=|
[Setup]: target: 172.16.1.66
[Setup]: port: 1235
[Setup]: args: socktype=udp,bps=250000000,size=1472,warmup=10,cooldown=10,samples=50000
[send_command] : SETUP target::172.16.1.66||port::1235||args::"socktype=udp,bps=250000000,size=1472,warmup=10,cooldown=10,samples=50000"
[parse_return_code] :  code=200|str=OK|msg=|
[main] setting up client vb02
[IpbenchTestClient:__init__] : client vb02 port 8036 test_port 1235 test_args socktype=udp,bps=250000000,size=1472,warmup=10,cooldown=10,samples=50000
[connect] start | hostname vb02 | port 8036 | 
[parse_return_code] :  code=100|str=IPBENCH V1.0|msg=|
[send_command] : HELLO
[parse_return_code] :  code=200|str=OK|msg=Ready to go|
[send_command] : LOAD latency
[parse_return_code] :  code=200|str=OK|msg=|
[Setup]: target: 172.16.1.66
[Setup]: port: 1235
[Setup]: args: socktype=udp,bps=250000000,size=1472,warmup=10,cooldown=10,samples=50000
[send_command] : SETUP target::172.16.1.66||port::1235||args::"socktype=udp,bps=250000000,size=1472,warmup=10,cooldown=10,samples=50000"
[parse_return_code] :  code=200|str=OK|msg=|
[main] setting up client vb03
[IpbenchTestClient:__init__] : client vb03 port 8036 test_port 1235 test_args socktype=udp,bps=250000000,size=1472,warmup=10,cooldown=10,samples=50000
[connect] start | hostname vb03 | port 8036 | 
[parse_return_code] :  code=100|str=IPBENCH V1.0|msg=|
[send_command] : HELLO
[parse_return_code] :  code=200|str=OK|msg=Ready to go|
[send_command] : LOAD latency
[parse_return_code] :  code=200|str=OK|msg=|
[Setup]: target: 172.16.1.66
[Setup]: port: 1235
[Setup]: args: socktype=udp,bps=250000000,size=1472,warmup=10,cooldown=10,samples=50000
[send_command] : SETUP target::172.16.1.66||port::1235||args::"socktype=udp,bps=250000000,size=1472,warmup=10,cooldown=10,samples=50000"
[parse_return_code] :  code=200|str=OK|msg=|
[main] setting up client vb04
[IpbenchTestClient:__init__] : client vb04 port 8036 test_port 1235 test_args socktype=udp,bps=250000000,size=1472,warmup=10,cooldown=10,samples=50000
[connect] start | hostname vb04 | port 8036 | 
[parse_return_code] :  code=100|str=IPBENCH V1.0|msg=|
[send_command] : HELLO
[parse_return_code] :  code=200|str=OK|msg=Ready to go|
[send_command] : LOAD latency
[parse_return_code] :  code=200|str=OK|msg=|
[Setup]: target: 172.16.1.66
[Setup]: port: 1235
[Setup]: args: socktype=udp,bps=250000000,size=1472,warmup=10,cooldown=10,samples=50000
[send_command] : SETUP target::172.16.1.66||port::1235||args::"socktype=udp,bps=250000000,size=1472,warmup=10,cooldown=10,samples=50000"
[parse_return_code] :  code=200|str=OK|msg=|
[send_command] : START
[main] client vb01 start
[send_command] : START
[main] client vb02 start
[send_command] : START
[main] client vb03 start
[send_command] : START
[main] client vb04 start
[send_command] : START
[unmarshall] client vb02 unmarshall 
[parse_return_code] :  code=220|str=VALID DATA|msg=Data to follow|
[unmarshall] client vb02 content-length: 400072
[unmarshall] client vb02 len(201) < 400072
[unmarshall] got 93184 new bytes 
[unmarshall] client vb02 len(93385) < 400072
[unmarshall] got 1448 new bytes 
[unmarshall] client vb02 len(94833) < 400072
[unmarshall] got 1448 new bytes 
[unmarshall] client vb02 len(96281) < 400072
[unmarshall] got 2896 new bytes 
[unmarshall] client vb02 len(99177) < 400072
[unmarshall] got 1448 new bytes 
[unmarshall] client vb02 len(100625) < 400072
[unmarshall] got 1448 new bytes 
[unmarshall] client vb02 len(102073) < 400072
[unmarshall] got 1448 new bytes 
[unmarshall] client vb02 len(103521) < 400072
[unmarshall] got 1448 new bytes 
[unmarshall] client vb02 len(104969) < 400072
[unmarshall] got 1448 new bytes 
[unmarshall] client vb02 len(106417) < 400072
[unmarshall] got 1448 new bytes 
[unmarshall] client vb02 len(107865) < 400072
[unmarshall] got 1448 new bytes 
[unmarshall] client vb02 len(109313) < 400072
[unmarshall] got 1448 new bytes 
[unmarshall] client vb02 len(110761) < 400072
[unmarshall] got 1448 new bytes 
[unmarshall] client vb02 len(112209) < 400072
[unmarshall] got 1448 new bytes 
[unmarshall] client vb02 len(113657) < 400072
[unmarshall] got 1448 new bytes 
[unmarshall] client vb02 len(115105) < 400072
[unmarshall] got 1448 new bytes 
[unmarshall] client vb02 len(116553) < 400072
[unmarshall] got 1448 new bytes 
[unmarshall] client vb02 len(118001) < 400072
[unmarshall] got 1448 new bytes 
[unmarshall] client vb02 len(119449) < 400072
[unmarshall] got 1448 new bytes 
[unmarshall] client vb02 len(120897) < 400072
[unmarshall] got 1448 new bytes 
[unmarshall] client vb02 len(122345) < 400072
[unmarshall] got 1448 new bytes 
[unmarshall] client vb02 len(123793) < 400072
[unmarshall] got 1448 new bytes 
[unmarshall] client vb02 len(125241) < 400072
[unmarshall] got 1448 new bytes 
[unmarshall] client vb02 len(126689) < 400072
[unmarshall] got 1448 new bytes 
[unmarshall] client vb02 len(128137) < 400072
[unmarshall] got 1448 new bytes 
[unmarshall] client vb02 len(129585) < 400072
[unmarshall] got 1448 new bytes 
[unmarshall] client vb02 len(131033) < 400072
[unmarshall] got 1448 new bytes 
[unmarshall] client vb02 len(132481) < 400072
[unmarshall] got 1448 new bytes 
[unmarshall] client vb02 len(133929) < 400072
[unmarshall] got 1448 new bytes 
[unmarshall] client vb02 len(135377) < 400072
[unmarshall] got 1448 new bytes 
[unmarshall] client vb02 len(136825) < 400072
[unmarshall] got 1448 new bytes 
[unmarshall] client vb02 len(138273) < 400072
[unmarshall] got 1448 new bytes 
[unmarshall] client vb02 len(139721) < 400072
[unmarshall] got 1448 new bytes 
[unmarshall] client vb02 len(141169) < 400072
[unmarshall] got 1448 new bytes 
[unmarshall] client vb02 len(142617) < 400072
[unmarshall] got 1448 new bytes 
[unmarshall] client vb02 len(144065) < 400072
[unmarshall] got 1448 new bytes 
[unmarshall] client vb02 len(145513) < 400072
[unmarshall] got 1448 new bytes 
[unmarshall] client vb02 len(146961) < 400072
[unmarshall] got 1448 new bytes 
[unmarshall] client vb02 len(148409) < 400072
[unmarshall] got 1448 new bytes 
[unmarshall] client vb02 len(149857) < 400072
[unmarshall] got 1448 new bytes 
[unmarshall] client vb02 len(151305) < 400072
[unmarshall] got 1448 new bytes 
[unmarshall] client vb02 len(152753) < 400072
[unmarshall] got 2896 new bytes 
[unmarshall] client vb02 len(155649) < 400072
[unmarshall] got 1448 new bytes 
[unmarshall] client vb02 len(157097) < 400072
[unmarshall] got 1448 new bytes 
[unmarshall] client vb02 len(158545) < 400072
[unmarshall] got 1448 new bytes 
[unmarshall] client vb02 len(159993) < 400072
[unmarshall] got 1448 new bytes 
[unmarshall] client vb02 len(161441) < 400072
[unmarshall] got 1448 new bytes 
[unmarshall] client vb02 len(162889) < 400072
[unmarshall] got 1448 new bytes 
[unmarshall] client vb02 len(164337) < 400072
[unmarshall] got 2896 new bytes 
[unmarshall] client vb02 len(167233) < 400072
[unmarshall] got 1448 new bytes 
[unmarshall] client vb02 len(168681) < 400072
[unmarshall] got 1448 new bytes 
[unmarshall] client vb02 len(170129) < 400072
[unmarshall] got 1448 new bytes 
[unmarshall] client vb02 len(171577) < 400072
[unmarshall] got 1448 new bytes 
[unmarshall] client vb02 len(173025) < 400072
[unmarshall] got 2896 new bytes 
[unmarshall] client vb02 len(175921) < 400072
[unmarshall] got 1448 new bytes 
[unmarshall] client vb02 len(177369) < 400072
[unmarshall] got 1448 new bytes 
[unmarshall] client vb02 len(178817) < 400072
[unmarshall] got 1448 new bytes 
[unmarshall] client vb02 len(180265) < 400072
[unmarshall] got 1448 new bytes 
[unmarshall] client vb02 len(181713) < 400072
[unmarshall] got 1448 new bytes 
[unmarshall] client vb02 len(183161) < 400072
[unmarshall] got 1448 new bytes 
[unmarshall] client vb02 len(184609) < 400072
[unmarshall] got 1448 new bytes 
[unmarshall] client vb02 len(186057) < 400072
[unmarshall] got 2896 new bytes 
[unmarshall] client vb02 len(188953) < 400072
[unmarshall] got 4344 new bytes 
[unmarshall] client vb02 len(193297) < 400072
[unmarshall] got 1448 new bytes 
[unmarshall] client vb02 len(194745) < 400072
[unmarshall] got 5792 new bytes 
[unmarshall] client vb02 len(200537) < 400072
[unmarshall] got 1448 new bytes 
[unmarshall] client vb02 len(201985) < 400072
[unmarshall] got 1448 new bytes 
[unmarshall] client vb02 len(203433) < 400072
[unmarshall] got 1448 new bytes 
[unmarshall] client vb02 len(204881) < 400072
[unmarshall] got 1448 new bytes 
[unmarshall] client vb02 len(206329) < 400072
[unmarshall] got 4344 new bytes 
[unmarshall] client vb02 len(210673) < 400072
[unmarshall] got 1448 new bytes 
[unmarshall] client vb02 len(212121) < 400072
[unmarshall] got 1448 new bytes 
[unmarshall] client vb02 len(213569) < 400072
[unmarshall] got 1448 new bytes 
[unmarshall] client vb02 len(215017) < 400072
[unmarshall] got 1448 new bytes 
[unmarshall] client vb02 len(216465) < 400072
[unmarshall] got 4344 new bytes 
[unmarshall] client vb02 len(220809) < 400072
[unmarshall] got 2896 new bytes 
[unmarshall] client vb02 len(223705) < 400072
[unmarshall] got 4344 new bytes 
[unmarshall] client vb02 len(228049) < 400072
[unmarshall] got 5792 new bytes 
[unmarshall] client vb02 len(233841) < 400072
[unmarshall] got 2896 new bytes 
[unmarshall] client vb02 len(236737) < 400072
[unmarshall] got 4344 new bytes 
[unmarshall] client vb02 len(241081) < 400072
[unmarshall] got 1448 new bytes 
[unmarshall] client vb02 len(242529) < 400072
[unmarshall] got 1448 new bytes 
[unmarshall] client vb02 len(243977) < 400072
[unmarshall] got 1448 new bytes 
[unmarshall] client vb02 len(245425) < 400072
[unmarshall] got 1448 new bytes 
[unmarshall] client vb02 len(246873) < 400072
[unmarshall] got 4344 new bytes 
[unmarshall] client vb02 len(251217) < 400072
[unmarshall] got 2896 new bytes 
[unmarshall] client vb02 len(254113) < 400072
[unmarshall] got 2896 new bytes 
[unmarshall] client vb02 len(257009) < 400072
[unmarshall] got 1448 new bytes 
[unmarshall] client vb02 len(258457) < 400072
[unmarshall] got 1448 new bytes 
[unmarshall] client vb02 len(259905) < 400072
[unmarshall] got 1448 new bytes 
[unmarshall] client vb02 len(261353) < 400072
[unmarshall] got 1448 new bytes 
[unmarshall] client vb02 len(262801) < 400072
[unmarshall] got 4344 new bytes 
[unmarshall] client vb02 len(267145) < 400072
[unmarshall] got 4344 new bytes 
[unmarshall] client vb02 len(271489) < 400072
[unmarshall] got 4344 new bytes 
[unmarshall] client vb02 len(275833) < 400072
[unmarshall] got 4344 new bytes 
[unmarshall] client vb02 len(280177) < 400072
[unmarshall] got 5792 new bytes 
[unmarshall] client vb02 len(285969) < 400072
[unmarshall] got 4344 new bytes 
[unmarshall] client vb02 len(290313) < 400072
[unmarshall] got 4344 new bytes 
[unmarshall] client vb02 len(294657) < 400072
[unmarshall] got 4344 new bytes 
[unmarshall] client vb02 len(299001) < 400072
[unmarshall] got 5792 new bytes 
[unmarshall] client vb02 len(304793) < 400072
[unmarshall] got 4344 new bytes 
[unmarshall] client vb02 len(309137) < 400072
[unmarshall] got 4344 new bytes 
[unmarshall] client vb02 len(313481) < 400072
[unmarshall] got 5792 new bytes 
[unmarshall] client vb02 len(319273) < 400072
[unmarshall] got 4344 new bytes 
[unmarshall] client vb02 len(323617) < 400072
[unmarshall] got 5792 new bytes 
[unmarshall] client vb02 len(329409) < 400072
[unmarshall] got 5792 new bytes 
[unmarshall] client vb02 len(335201) < 400072
[unmarshall] got 5792 new bytes 
[unmarshall] client vb02 len(340993) < 400072
[unmarshall] got 4344 new bytes 
[unmarshall] client vb02 len(345337) < 400072
[unmarshall] got 5792 new bytes 
[unmarshall] client vb02 len(351129) < 400072
[unmarshall] got 5792 new bytes 
[unmarshall] client vb02 len(356921) < 400072
[unmarshall] got 5792 new bytes 
[unmarshall] client vb02 len(362713) < 400072
[unmarshall] got 5792 new bytes 
[unmarshall] client vb02 len(368505) < 400072
[unmarshall] got 5792 new bytes 
[unmarshall] client vb02 len(374297) < 400072
[unmarshall] got 5792 new bytes 
[unmarshall] client vb02 len(380089) < 400072
[unmarshall] got 5792 new bytes 
[unmarshall] client vb02 len(385881) < 400072
[unmarshall] got 5792 new bytes 
[unmarshall] client vb02 len(391673) < 400072
[unmarshall] got 5792 new bytes 
[unmarshall] client vb02 len(397465) < 400072
[unmarshall] got 2607 new bytes 
[22:19.26] dbg: [unmarshall] data for client 1 "" [len 400072] [invalid]
[22:19.26] dbg: Latency unmarshall arguments.
[22:19.26] dbg: Unmarshalling 50000 samples
[unmarshall] client vb03 unmarshall 
[parse_return_code] :  code=220|str=VALID DATA|msg=Data to follow|
[unmarshall] client vb03 content-length: 400072
[unmarshall] client vb03 len(201) < 400072
[unmarshall] got 95952 new bytes 
[unmarshall] client vb03 len(96153) < 400072
[unmarshall] got 56472 new bytes 
[unmarshall] client vb03 len(152625) < 400072
[unmarshall] got 26216 new bytes 
[unmarshall] client vb03 len(178841) < 400072
[unmarshall] got 56472 new bytes 
[unmarshall] client vb03 len(235313) < 400072
[unmarshall] got 62264 new bytes 
[unmarshall] client vb03 len(297577) < 400072
[unmarshall] got 52128 new bytes 
[unmarshall] client vb03 len(349705) < 400072
[unmarshall] got 50367 new bytes 
[22:19.26] dbg: [unmarshall] data for client 2 "" [len 400072] [invalid]
[22:19.26] dbg: Latency unmarshall arguments.
[22:19.26] dbg: Unmarshalling 50000 samples
[unmarshall] client vb04 unmarshall 
[parse_return_code] :  code=220|str=VALID DATA|msg=Data to follow|
[unmarshall] client vb04 content-length: 400072
[unmarshall] client vb04 len(201) < 400072
[unmarshall] got 96080 new bytes 
[unmarshall] client vb04 len(96281) < 400072
[unmarshall] got 56472 new bytes 
[unmarshall] client vb04 len(152753) < 400072
[unmarshall] got 26216 new bytes 
[unmarshall] client vb04 len(178969) < 400072
[unmarshall] got 43440 new bytes 
[unmarshall] client vb04 len(222409) < 400072
[unmarshall] got 41840 new bytes 
[unmarshall] client vb04 len(264249) < 400072
[unmarshall] got 49232 new bytes 
[unmarshall] client vb04 len(313481) < 400072
[unmarshall] got 62264 new bytes 
[unmarshall] client vb04 len(375745) < 400072
[unmarshall] got 24327 new bytes 
[22:19.26] dbg: [unmarshall] data for client 3 "" [len 400072] [invalid]
[22:19.26] dbg: Latency unmarshall arguments.
[22:19.26] dbg: Unmarshalling 50000 samples
[unmarshall] client vb01 unmarshall 
[parse_return_code] :  code=220|str=VALID DATA|msg=Data to follow|
[unmarshall] client vb01 content-length: 400072
[unmarshall] client vb01 len(201) < 400072
[unmarshall] got 65335 new bytes 
[unmarshall] client vb01 len(65536) < 400072
[unmarshall] got 128384 new bytes 
[unmarshall] client vb01 len(193920) < 400072
[unmarshall] got 206152 new bytes 
[22:19.27] dbg: [unmarshall] data for client 0 "" [len 400072] [invalid]
[22:19.27] dbg: Latency unmarshall arguments.
[22:19.27] dbg: Unmarshalling 50000 samples
[send_command] : STOP
[unmarshall] client 172.16.1.66 unmarshall 
[parse_return_code] :  code=220|str=VALID DATA|msg=Data to follow|
[unmarshall] client 172.16.1.66 content-length: 24
[22:19.27] dbg: [unmarshall] data for target ",8083044269,22985286271" [len 24] [invalid]
[22:19.27] dbg: [cpu_target_lukem_unmarhsall] start
[22:19.27] dbg: [cpu_target_lukem_unmarshall] cpu usage ,8083044269,22985286271
[22:19.27] dbg: Latency begin output function
[send_command] : QUIT
[send_command] : QUIT
[send_command] : QUIT
[send_command] : QUIT
[send_command] : QUIT
b'100 IPBENCH V1.0\n'
b'100 IPBENCH V1.0\n'
b'100 IPBENCH V1.0\n'
b'100 IPBENCH V1.0\n'
b'100 IPBENCH V1.0\n'
b'100 IPBENCH V1.0\n'
b'100 IPBENCH V1.0\n'
b'100 IPBENCH V1.0\n'
Requested_Throughput,Receive_Throughput,Send_Throughput,Packet_Size,Minimum_RTT,Average_RTT,Maximum_RTT,Stdev_RTT,Median_RTT,Bad_Packets,Idle_Cycles,Total_Cycles
 1000000000,957686440,999997186,1472,1282,1333,1519,8.25,1333,0,8083044269,22985286271

b'100 IPBENCH V1.0\n'
b'100 IPBENCH V1.0\n'
b'100 IPBENCH V1.0\n'
b'100 IPBENCH V1.0\n'
Result Summary:
Requested_Throughput,Receive_Throughput,Send_Throughput,Packet_Size,Minimum_RTT,Average_RTT,Maximum_RTT,Stdev_RTT,Median_RTT,Bad_Packets,Idle_Cycles,Total_Cycles
1000000000,957686440,999997186,1472,1282,1333,1519,8.25,1333,0,8083044269,22985286271

