co
^Eco
[Enter `^Ec?' for help]
[connecting...up]

U-Boot SPL 2018.03 (Jan 14 2020 - 02:43:08 +0000)
power_bd71837_init
set buck8 to 1.2v for DDR4
DDRINFO: start lpddr4 ddr init
DRAM PHY training for 2400MTS
check ddr4_pmu_train_imem code
check ddr4_pmu_train_imem code pass
check ddr4_pmu_train_dmem code
check ddr4_pmu_train_dmem code pass
Training PASS
DRAM PHY training for 1600MTS
check ddr4_pmu_train_imem code
check ddr4_pmu_train_imem code pass
check ddr4_pmu_train_dmem code
check ddr4_pmu_train_dmem code pass
Training PASS
DRAM PHY training for 1064MTS
check ddr4_pmu_train_imem code
check ddr4_pmu_train_imem code pass
check ddr4_pmu_train_dmem code
check ddr4_pmu_train_dmem code pass
Training PASS
DRAM PHY training for 2400MTS
check ddr4_pmu_train_imem code
check ddr4_pmu_train_imem code pass
check ddr4_pmu_train_dmem code
check ddr4_pmu_train_dmem code pass
Training PASS
DDRINFO:ddrphy calibration done
DDRINFO: ddrmix config done
Normal Boot
Trying to boot from MMC1


U-Boot 2018.03 (Jan 14 2020 - 02:43:08 +0000)

CPU:   Freescale i.MX8MQ rev2.1 1500 MHz (running at 1000 MHz)
CPU:   Commercial temperature grade (0C to 95C) at 42C
Reset cause: POR
Model: Freescale i.MX8MQ EVK
DRAM:  2 GiB
MMC:   FSL_SDHC: 0
Loading Environment from MMC... OK
No panel detected: default to HDMI
Display: HDMI (1280x720)
In:    serial
Out:   serial
Err:   serial

 BuildInfo:
  - ATF d6451cc
  - U-Boot 2018.03

switch to partitions #0, OK
mmc0 is current device
flash target is MMC:0
Net:   
Warning: ethernet@30be0000 (eth0) using random MAC address - 7a:16:9d:40:15:68
eth0: ethernet@30be0000
Fastboot: Normal
Normal Boot
Hit any key to stop autoboot:  2  
 0 
u-boot=> 
u-boot=> setenv loadaddr 0x50000000
dhcp
setenv loadaddr 0x50000000
u-boot=> dhcp
ethernet@30be0000 Waiting for PHY auto negotiation to complete.... done
BOOTP broadcast 1
BOOTP broadcast 2
BOOTP broadcast 3
BOOTP broadcast 4
BOOTP broadcast 5
BOOTP broadcast 6
DHCP client bound to address 172.16.1.91 (5767 ms)
*** Warning: no boot file name; using 'AC10015B.img'
Using ethernet@30be0000 device
TFTP from server 172.16.0.2; our IP address is 172.16.1.91
Filename 'AC10015B.img'.
Load address: 0x50000000
Loading: *
TFTP error: 'File not found' (1)
Not retrying...
u-boot=> tftp ${loadaddr} /maaxboard2/sel4-image
tftp ${loadaddr} /maaxboard2/sel4-image
Using ethernet@30be0000 device
TFTP from server 172.16.0.2; our IP address is 172.16.1.91
Filename '/maaxboard2/sel4-image'.
Load address: 0x50000000
Loading: *#################################################################
	 #################################################################
	 #################################################################
	 #################################################################
	 #################################################################
	 #################################################################
	 #################################################################
	 #########################
	 13 MiB/s
done
Bytes transferred = 7033624 (6b5318 hex)
u-boot=> go ${loadaddr}
go ${loadaddr}
## Starting application at 0x50000000 ...
BENCH|LOG: MICROKIT_CONFIG_benchmark defined
BENCH|LOG: CONFIG_BENCHMARK_TRACK_UTILISATION defined
DHCP request finished, IP address for netif client0 is: 172.16.1.115
DHCP request finished, IP address for netif client1 is: 172.16.1.114
Utilization connection established!
client0 measurement starting...
client0 measurement finished 
{
L1 i-cache misses: 50118913
L1 d-cache misses: 42885751
L1 i-tlb misses: 2327197
L1 d-tlb misses: 5865575
Instructions: 3651243708
Branch mispredictions: 15514821
}
Total utilisation details: 
{
KernelUtilisation: 3042041048
KernelEntries: 4594959
NumberSchedules: 3495033
TotalUtilisation: 255789178408
}
Utilisation details for PD: serial_driver (0)
{
KernelUtilisation: 2713
KernelEntries: 2
NumberSchedules: 2
TotalUtilisation: 29654
}
Utilisation details for PD: serial_virt_tx (1)
{
KernelUtilisation: 4185
KernelEntries: 3
NumberSchedules: 2
TotalUtilisation: 12877
}
Utilisation details for PD: ethernet_driver (2)
{
KernelUtilisation: 792942748
KernelEntries: 1051682
NumberSchedules: 1048281
TotalUtilisation: 2206508273
}
Utilisation details for PD: net_virt_tx (3)
{
KernelUtilisation: 459854145
KernelEntries: 641481
NumberSchedules: 419312
TotalUtilisation: 1032493966
}
Utilisation details for PD: net_virt_rx (4)
{
KernelUtilisation: 669315230
KernelEntries: 1090563
NumberSchedules: 655719
TotalUtilisation: 1282342287
}
Utilisation details for PD: client0 (5)
{
KernelUtilisation: 194265817
KernelEntries: 449353
NumberSchedules: 231777
TotalUtilisation: 1016400618
}
Utilisation details for PD: client0_net_copier (6)
{
KernelUtilisation: 365455670
KernelEntries: 654326
NumberSchedules: 436252
TotalUtilisation: 1021308641
}
Utilisation details for PD: client1 (7)
{
KernelUtilisation: 6229043
KernelEntries: 12171
NumberSchedules: 12171
TotalUtilisation: 15689053
}
Utilisation details for PD: client1_net_copier (8)
{
KernelUtilisation: 494326
KernelEntries: 580
NumberSchedules: 387
TotalUtilisation: 1450896
}
Utilisation details for PD: timer_driver (9)
{
KernelUtilisation: 15491405
KernelEntries: 33285
NumberSchedules: 29624
TotalUtilisation: 74146188
}
Utilization connection established!
client0 measurement starting...
client0 measurement finished 
{
L1 i-cache misses: 51969866
L1 d-cache misses: 44442127
L1 i-tlb misses: 2403849
L1 d-tlb misses: 6152313
Instructions: 1122636862
Branch mispredictions: 15637131
}
Total utilisation details: 
{
KernelUtilisation: 3017428380
KernelEntries: 4597398
NumberSchedules: 3423358
TotalUtilisation: 138033595386
}
Utilisation details for PD: serial_driver (0)
{
KernelUtilisation: 2771
KernelEntries: 2
NumberSchedules: 2
TotalUtilisation: 27841
}
Utilisation details for PD: serial_virt_tx (1)
{
KernelUtilisation: 4089
KernelEntries: 3
NumberSchedules: 2
TotalUtilisation: 13028
}
Utilisation details for PD: ethernet_driver (2)
{
KernelUtilisation: 801076819
KernelEntries: 1053285
NumberSchedules: 1050646
TotalUtilisation: 2249700895
}
Utilisation details for PD: net_virt_tx (3)
{
KernelUtilisation: 454338649
KernelEntries: 642385
NumberSchedules: 409531
TotalUtilisation: 1035971595
}
Utilisation details for PD: net_virt_rx (4)
{
KernelUtilisation: 719185028
KernelEntries: 1172116
NumberSchedules: 704065
TotalUtilisation: 1377228628
}
Utilisation details for PD: client0 (5)
{
KernelUtilisation: 204307210
KernelEntries: 474674
NumberSchedules: 240922
TotalUtilisation: 1080894162
}
Utilisation details for PD: client0_net_copier (6)
{
KernelUtilisation: 390638245
KernelEntries: 700862
NumberSchedules: 466546
TotalUtilisation: 1096522493
}
Utilisation details for PD: client1 (7)
{
KernelUtilisation: 3625317
KernelEntries: 6494
NumberSchedules: 6494
TotalUtilisation: 10637283
}
Utilisation details for PD: client1_net_copier (8)
{
KernelUtilisation: 335943
KernelEntries: 396
NumberSchedules: 265
TotalUtilisation: 999002
}
Utilisation details for PD: timer_driver (9)
{
KernelUtilisation: 8473357
KernelEntries: 18344
NumberSchedules: 16055
TotalUtilisation: 41606005
}
Utilization connection established!
client0 measurement starting...
client0 measurement finished 
{
L1 i-cache misses: 60057429
L1 d-cache misses: 51664802
L1 i-tlb misses: 2724146
L1 d-tlb misses: 7029291
Instructions: 2333736600
Branch mispredictions: 18599656
}
Total utilisation details: 
{
KernelUtilisation: 3472349938
KernelEntries: 5315326
NumberSchedules: 3919334
TotalUtilisation: 67515315694
}
Utilisation details for PD: serial_driver (0)
{
KernelUtilisation: 2816
KernelEntries: 2
NumberSchedules: 2
TotalUtilisation: 27729
}
Utilisation details for PD: serial_virt_tx (1)
{
KernelUtilisation: 4239
KernelEntries: 3
NumberSchedules: 2
TotalUtilisation: 12910
}
Utilisation details for PD: ethernet_driver (2)
{
KernelUtilisation: 941202199
KernelEntries: 1244632
NumberSchedules: 1238629
TotalUtilisation: 2689788726
}
Utilisation details for PD: net_virt_tx (3)
{
KernelUtilisation: 517355183
KernelEntries: 731530
NumberSchedules: 464753
TotalUtilisation: 1188187334
}
Utilisation details for PD: net_virt_rx (4)
{
KernelUtilisation: 866577437
KernelEntries: 1410091
NumberSchedules: 842940
TotalUtilisation: 1654968922
}
Utilisation details for PD: client0 (5)
{
KernelUtilisation: 234510094
KernelEntries: 543418
NumberSchedules: 274089
TotalUtilisation: 1273418750
}
Utilisation details for PD: client0_net_copier (6)
{
KernelUtilisation: 468231319
KernelEntries: 847399
NumberSchedules: 562114
TotalUtilisation: 1320361754
}
Utilisation details for PD: client1 (7)
{
KernelUtilisation: 2221453
KernelEntries: 3343
NumberSchedules: 3343
TotalUtilisation: 8424486
}
Utilisation details for PD: client1_net_copier (8)
{
KernelUtilisation: 140208
KernelEntries: 153
NumberSchedules: 103
TotalUtilisation: 400448
}
Utilisation details for PD: timer_driver (9)
{
KernelUtilisation: 7459252
KernelEntries: 9323
NumberSchedules: 7936
TotalUtilisation: 25014575
}
Utilization connection established!
client0 measurement starting...
client0 measurement finished 
{
L1 i-cache misses: 65521536
L1 d-cache misses: 58480890
L1 i-tlb misses: 2800488
L1 d-tlb misses: 7633686
Instructions: 3859159681
Branch mispredictions: 21991684
}
Total utilisation details: 
{
KernelUtilisation: 3631764445
KernelEntries: 5630534
NumberSchedules: 3997539
TotalUtilisation: 43906516364
}
Utilisation details for PD: serial_driver (0)
{
KernelUtilisation: 2861
KernelEntries: 2
NumberSchedules: 2
TotalUtilisation: 29916
}
Utilisation details for PD: serial_virt_tx (1)
{
KernelUtilisation: 4090
KernelEntries: 3
NumberSchedules: 2
TotalUtilisation: 13066
}
Utilisation details for PD: ethernet_driver (2)
{
KernelUtilisation: 959247324
KernelEntries: 1281635
NumberSchedules: 1213836
TotalUtilisation: 2885791828
}
Utilisation details for PD: net_virt_tx (3)
{
KernelUtilisation: 537559654
KernelEntries: 778303
NumberSchedules: 467856
TotalUtilisation: 1288649801
}
Utilisation details for PD: net_virt_rx (4)
{
KernelUtilisation: 958967134
KernelEntries: 1566063
NumberSchedules: 937389
TotalUtilisation: 1862213499
}
Utilisation details for PD: client0 (5)
{
KernelUtilisation: 263510722
KernelEntries: 602072
NumberSchedules: 305457
TotalUtilisation: 1522012012
}
Utilisation details for PD: client0_net_copier (6)
{
KernelUtilisation: 529555188
KernelEntries: 951133
NumberSchedules: 630661
TotalUtilisation: 1558836550
}
Utilisation details for PD: client1 (7)
{
KernelUtilisation: 1531210
KernelEntries: 2172
NumberSchedules: 2168
TotalUtilisation: 6499014
}
Utilisation details for PD: client1_net_copier (8)
{
KernelUtilisation: 31955
KernelEntries: 30
NumberSchedules: 20
TotalUtilisation: 90816
}
Utilisation details for PD: timer_driver (9)
{
KernelUtilisation: 5453655
KernelEntries: 6185
NumberSchedules: 5195
TotalUtilisation: 17430997
}
Utilization connection established!
client0 measurement starting...
client0 measurement finished 
{
L1 i-cache misses: 70902596
L1 d-cache misses: 68277272
L1 i-tlb misses: 2971179
L1 d-tlb misses: 8484656
Instructions: 1997019522
Branch mispredictions: 25783998
}
Total utilisation details: 
{
KernelUtilisation: 3838449890
KernelEntries: 6014322
NumberSchedules: 4158009
TotalUtilisation: 32224359286
}
Utilisation details for PD: serial_driver (0)
{
KernelUtilisation: 2868
KernelEntries: 2
NumberSchedules: 2
TotalUtilisation: 32297
}
Utilisation details for PD: serial_virt_tx (1)
{
KernelUtilisation: 4025
KernelEntries: 3
NumberSchedules: 2
TotalUtilisation: 12723
}
Utilisation details for PD: ethernet_driver (2)
{
KernelUtilisation: 984382898
KernelEntries: 1315890
NumberSchedules: 1222333
TotalUtilisation: 3307717680
}
Utilisation details for PD: net_virt_tx (3)
{
KernelUtilisation: 540131801
KernelEntries: 786699
NumberSchedules: 456896
TotalUtilisation: 1398006983
}
Utilisation details for PD: net_virt_rx (4)
{
KernelUtilisation: 1102975253
KernelEntries: 1800222
NumberSchedules: 1077000
TotalUtilisation: 2199992998
}
Utilisation details for PD: client0 (5)
{
KernelUtilisation: 293764428
KernelEntries: 666972
NumberSchedules: 339371
TotalUtilisation: 1943688408
}
Utilisation details for PD: client0_net_copier (6)
{
KernelUtilisation: 595576005
KernelEntries: 1073409
NumberSchedules: 703605
TotalUtilisation: 1938769608
}
Utilisation details for PD: client1 (7)
{
KernelUtilisation: 915246
KernelEntries: 1585
NumberSchedules: 1579
TotalUtilisation: 4573482
}
Utilisation details for PD: client1_net_copier (8)
{
KernelUtilisation: 18775
KernelEntries: 18
NumberSchedules: 12
TotalUtilisation: 53521
}
Utilisation details for PD: timer_driver (9)
{
KernelUtilisation: 4164155
KernelEntries: 4933
NumberSchedules: 3938
TotalUtilisation: 13556595
}
Utilization connection established!
client0 measurement starting...
client0 measurement finished 
{
L1 i-cache misses: 69681077
L1 d-cache misses: 72977538
L1 i-tlb misses: 2862475
L1 d-tlb misses: 8725258
Instructions: 2681214599
Branch mispredictions: 27529830
}
Total utilisation details: 
{
KernelUtilisation: 3711007233
KernelEntries: 5830656
NumberSchedules: 3965572
TotalUtilisation: 28291956265
}
Utilisation details for PD: serial_driver (0)
{
KernelUtilisation: 2934
KernelEntries: 2
NumberSchedules: 2
TotalUtilisation: 28331
}
Utilisation details for PD: serial_virt_tx (1)
{
KernelUtilisation: 4318
KernelEntries: 3
NumberSchedules: 2
TotalUtilisation: 13151
}
Utilisation details for PD: ethernet_driver (2)
{
KernelUtilisation: 949524927
KernelEntries: 1277847
NumberSchedules: 1146073
TotalUtilisation: 3654186970
}
Utilisation details for PD: net_virt_tx (3)
{
KernelUtilisation: 498682351
KernelEntries: 721374
NumberSchedules: 421769
TotalUtilisation: 1417571521
}
Utilisation details for PD: net_virt_rx (4)
{
KernelUtilisation: 1132786269
KernelEntries: 1826271
NumberSchedules: 1106503
TotalUtilisation: 2331655932
}
Utilisation details for PD: client0 (5)
{
KernelUtilisation: 304654357
KernelEntries: 685641
NumberSchedules: 351254
TotalUtilisation: 2293966849
}
Utilisation details for PD: client0_net_copier (6)
{
KernelUtilisation: 572431774
KernelEntries: 1034455
NumberSchedules: 663186
TotalUtilisation: 2163950907
}
Utilisation details for PD: client1 (7)
{
KernelUtilisation: 865084
KernelEntries: 1425
NumberSchedules: 1417
TotalUtilisation: 4224062
}
Utilisation details for PD: client1_net_copier (8)
{
KernelUtilisation: 51186
KernelEntries: 46
NumberSchedules: 32
TotalUtilisation: 138034
}
Utilisation details for PD: timer_driver (9)
{
KernelUtilisation: 3684815
KernelEntries: 4356
NumberSchedules: 3451
TotalUtilisation: 11914190
}
Utilization connection established!
client0 measurement starting...
client0 measurement finished 
{
L1 i-cache misses: 47816384
L1 d-cache misses: 64412012
L1 i-tlb misses: 1934814
L1 d-tlb misses: 7179085
Instructions: 1825590591
Branch mispredictions: 25968496
}
Total utilisation details: 
{
KernelUtilisation: 2749674699
KernelEntries: 4349484
NumberSchedules: 2886038
TotalUtilisation: 26274015394
}
Utilisation details for PD: serial_driver (0)
{
KernelUtilisation: 2892
KernelEntries: 2
NumberSchedules: 2
TotalUtilisation: 29902
}
Utilisation details for PD: serial_virt_tx (1)
{
KernelUtilisation: 4143
KernelEntries: 3
NumberSchedules: 2
TotalUtilisation: 12815
}
Utilisation details for PD: ethernet_driver (2)
{
KernelUtilisation: 772289773
KernelEntries: 1104291
NumberSchedules: 928575
TotalUtilisation: 3798086044
}
Utilisation details for PD: net_virt_tx (3)
{
KernelUtilisation: 299068169
KernelEntries: 402589
NumberSchedules: 247011
TotalUtilisation: 1141840218
}
Utilisation details for PD: net_virt_rx (4)
{
KernelUtilisation: 920643114
KernelEntries: 1455747
NumberSchedules: 858025
TotalUtilisation: 2050674858
}
Utilisation details for PD: client0 (5)
{
KernelUtilisation: 165297658
KernelEntries: 361310
NumberSchedules: 187108
TotalUtilisation: 2239217813
}
Utilisation details for PD: client0_net_copier (6)
{
KernelUtilisation: 463466255
KernelEntries: 883099
NumberSchedules: 533224
TotalUtilisation: 2250713087
}
Utilisation details for PD: client1 (7)
{
KernelUtilisation: 862798
KernelEntries: 1300
NumberSchedules: 1295
TotalUtilisation: 4227555
}
Utilisation details for PD: client1_net_copier (8)
{
KernelUtilisation: 122165
KernelEntries: 126
NumberSchedules: 88
TotalUtilisation: 308370
}
Utilisation details for PD: timer_driver (9)
{
KernelUtilisation: 3835981
KernelEntries: 4149
NumberSchedules: 3261
TotalUtilisation: 12033445
}
Utilization connection established!
client0 measurement starting...
client0 measurement finished 
{
L1 i-cache misses: 40286509
L1 d-cache misses: 64612749
L1 i-tlb misses: 1582105
L1 d-tlb misses: 6984227
Instructions: 871726181
Branch mispredictions: 26079390
}
Total utilisation details: 
{
KernelUtilisation: 2310313421
KernelEntries: 3615260
NumberSchedules: 2380912
TotalUtilisation: 25090245084
}
Utilisation details for PD: serial_driver (0)
{
KernelUtilisation: 2766
KernelEntries: 2
NumberSchedules: 2
TotalUtilisation: 29898
}
Utilisation details for PD: serial_virt_tx (1)
{
KernelUtilisation: 4250
KernelEntries: 3
NumberSchedules: 2
TotalUtilisation: 12837
}
Utilisation details for PD: ethernet_driver (2)
{
KernelUtilisation: 719865080
KernelEntries: 1010557
NumberSchedules: 857351
TotalUtilisation: 4067604747
}
Utilisation details for PD: net_virt_tx (3)
{
KernelUtilisation: 220903064
KernelEntries: 284991
NumberSchedules: 180821
TotalUtilisation: 1101205885
}
Utilisation details for PD: net_virt_rx (4)
{
KernelUtilisation: 801161204
KernelEntries: 1242263
NumberSchedules: 728943
TotalUtilisation: 1945699038
}
Utilisation details for PD: client0 (5)
{
KernelUtilisation: 142997718
KernelEntries: 298451
NumberSchedules: 154440
TotalUtilisation: 2512132514
}
Utilisation details for PD: client0_net_copier (6)
{
KernelUtilisation: 352546817
KernelEntries: 709112
NumberSchedules: 390358
TotalUtilisation: 2388121435
}
Utilisation details for PD: client1 (7)
{
KernelUtilisation: 977458
KernelEntries: 1191
NumberSchedules: 1188
TotalUtilisation: 3985828
}
Utilisation details for PD: client1_net_copier (8)
{
KernelUtilisation: 69867
KernelEntries: 65
NumberSchedules: 47
TotalUtilisation: 185788
}
Utilisation details for PD: timer_driver (9)
{
KernelUtilisation: 4174106
KernelEntries: 3963
NumberSchedules: 3113
TotalUtilisation: 12544263
}
Utilization connection established!
client0 measurement starting...
client0 measurement finished 
{
L1 i-cache misses: 27440608
L1 d-cache misses: 60796185
L1 i-tlb misses: 1148267
L1 d-tlb misses: 6513396
Instructions: 287137513
Branch mispredictions: 24347442
}
Total utilisation details: 
{
KernelUtilisation: 1755010944
KernelEntries: 2729342
NumberSchedules: 1815262
TotalUtilisation: 24283749460
}
Utilisation details for PD: serial_driver (0)
{
KernelUtilisation: 4804
KernelEntries: 2
NumberSchedules: 2
TotalUtilisation: 29722
}
Utilisation details for PD: serial_virt_tx (1)
{
KernelUtilisation: 4284
KernelEntries: 3
NumberSchedules: 2
TotalUtilisation: 12759
}
Utilisation details for PD: ethernet_driver (2)
{
KernelUtilisation: 575717444
KernelEntries: 818882
NumberSchedules: 691782
TotalUtilisation: 4304632305
}
Utilisation details for PD: net_virt_tx (3)
{
KernelUtilisation: 158425546
KernelEntries: 226068
NumberSchedules: 121970
TotalUtilisation: 1149417250
}
Utilisation details for PD: net_virt_rx (4)
{
KernelUtilisation: 557480056
KernelEntries: 857829
NumberSchedules: 504156
TotalUtilisation: 1667143302
}
Utilisation details for PD: client0 (5)
{
KernelUtilisation: 77148652
KernelEntries: 146971
NumberSchedules: 83143
TotalUtilisation: 2685743700
}
Utilisation details for PD: client0_net_copier (6)
{
KernelUtilisation: 309765950
KernelEntries: 609905
NumberSchedules: 345410
TotalUtilisation: 2565388690
}
Utilisation details for PD: client1 (7)
{
KernelUtilisation: 939080
KernelEntries: 1141
NumberSchedules: 1141
TotalUtilisation: 3843133
}
Utilisation details for PD: client1_net_copier (8)
{
KernelUtilisation: 68960
KernelEntries: 70
NumberSchedules: 48
TotalUtilisation: 174303
}
Utilisation details for PD: timer_driver (9)
{
KernelUtilisation: 4070884
KernelEntries: 3833
NumberSchedules: 2977
TotalUtilisation: 12403431
}
Utilization connection established!
client0 measurement starting...
client0 measurement finished 
{
L1 i-cache misses: 26124401
L1 d-cache misses: 63758433
L1 i-tlb misses: 1081982
L1 d-tlb misses: 6975304
Instructions: 4022411012
Branch mispredictions: 25578508
}
Total utilisation details: 
{
KernelUtilisation: 1565952844
KernelEntries: 2398957
NumberSchedules: 1582114
TotalUtilisation: 23820268382
}
Utilisation details for PD: serial_driver (0)
{
KernelUtilisation: 2896
KernelEntries: 2
NumberSchedules: 2
TotalUtilisation: 35733
}
Utilisation details for PD: serial_virt_tx (1)
{
KernelUtilisation: 3881
KernelEntries: 3
NumberSchedules: 2
TotalUtilisation: 12536
}
Utilisation details for PD: ethernet_driver (2)
{
KernelUtilisation: 487001735
KernelEntries: 712668
NumberSchedules: 567607
TotalUtilisation: 4366195745
}
Utilisation details for PD: net_virt_tx (3)
{
KernelUtilisation: 152842956
KernelEntries: 180072
NumberSchedules: 123665
TotalUtilisation: 1240008780
}
Utilisation details for PD: net_virt_rx (4)
{
KernelUtilisation: 491418427
KernelEntries: 763061
NumberSchedules: 437768
TotalUtilisation: 1644410168
}
Utilisation details for PD: client0 (5)
{
KernelUtilisation: 55384339
KernelEntries: 113147
NumberSchedules: 57126
TotalUtilisation: 2977293385
}
Utilisation details for PD: client0_net_copier (6)
{
KernelUtilisation: 302197185
KernelEntries: 558880
NumberSchedules: 325658
TotalUtilisation: 2862353939
}
Utilisation details for PD: client1 (7)
{
KernelUtilisation: 979115
KernelEntries: 1134
NumberSchedules: 1132
TotalUtilisation: 3925225
}
Utilisation details for PD: client1_net_copier (8)
{
KernelUtilisation: 102012
KernelEntries: 102
NumberSchedules: 75
TotalUtilisation: 249184
}
Utilisation details for PD: timer_driver (9)
{
KernelUtilisation: 3987667
KernelEntries: 3712
NumberSchedules: 2910
TotalUtilisation: 12351292
}
Utilization connection established!
client0 measurement starting...
client0 measurement finished 
{
L1 i-cache misses: 24273208
L1 d-cache misses: 64898148
L1 i-tlb misses: 950919
L1 d-tlb misses: 7295835
Instructions: 3588437724
Branch mispredictions: 26688756
}
Total utilisation details: 
{
KernelUtilisation: 1280249695
KernelEntries: 1889128
NumberSchedules: 1271088
TotalUtilisation: 23392888641
}
Utilisation details for PD: serial_driver (0)
{
KernelUtilisation: 2997
KernelEntries: 2
NumberSchedules: 2
TotalUtilisation: 27802
}
Utilisation details for PD: serial_virt_tx (1)
{
KernelUtilisation: 4724
KernelEntries: 3
NumberSchedules: 2
TotalUtilisation: 13353
}
Utilisation details for PD: ethernet_driver (2)
{
KernelUtilisation: 372311024
KernelEntries: 564293
NumberSchedules: 412379
TotalUtilisation: 4524711220
}
Utilisation details for PD: net_virt_tx (3)
{
KernelUtilisation: 181215385
KernelEntries: 218502
NumberSchedules: 147874
TotalUtilisation: 1404101272
}
Utilisation details for PD: net_virt_rx (4)
{
KernelUtilisation: 389626031
KernelEntries: 588097
NumberSchedules: 370523
TotalUtilisation: 1535388311
}
Utilisation details for PD: client0 (5)
{
KernelUtilisation: 57823968
KernelEntries: 117193
NumberSchedules: 59155
TotalUtilisation: 3317390364
}
Utilisation details for PD: client0_net_copier (6)
{
KernelUtilisation: 200930847
KernelEntries: 329108
NumberSchedules: 210021
TotalUtilisation: 2899713150
}
Utilisation details for PD: client1 (7)
{
KernelUtilisation: 967938
KernelEntries: 1095
NumberSchedules: 1093
TotalUtilisation: 3793248
}
Utilisation details for PD: client1_net_copier (8)
{
KernelUtilisation: 48654
KernelEntries: 44
NumberSchedules: 31
TotalUtilisation: 126774
}
Utilisation details for PD: timer_driver (9)
{
KernelUtilisation: 3958599
KernelEntries: 3640
NumberSchedules: 2865
TotalUtilisation: 12007906
}
Utilization connection established!
client0 measurement starting...
client0 measurement finished 
{
L1 i-cache misses: 22197061
L1 d-cache misses: 67440908
L1 i-tlb misses: 833615
L1 d-tlb misses: 7576863
Instructions: 3174112299
Branch mispredictions: 27504387
}
Total utilisation details: 
{
KernelUtilisation: 1004055900
KernelEntries: 1441579
NumberSchedules: 956228
TotalUtilisation: 23066935442
}
Utilisation details for PD: serial_driver (0)
{
KernelUtilisation: 5813
KernelEntries: 3
NumberSchedules: 3
TotalUtilisation: 31377
}
Utilisation details for PD: serial_virt_tx (1)
{
KernelUtilisation: 4223
KernelEntries: 3
NumberSchedules: 2
TotalUtilisation: 12829
}
Utilisation details for PD: ethernet_driver (2)
{
KernelUtilisation: 286968180
KernelEntries: 461313
NumberSchedules: 290013
TotalUtilisation: 4702270010
}
Utilisation details for PD: net_virt_tx (3)
{
KernelUtilisation: 189849362
KernelEntries: 221177
NumberSchedules: 151393
TotalUtilisation: 1506969858
}
Utilisation details for PD: net_virt_rx (4)
{
KernelUtilisation: 262153296
KernelEntries: 383013
NumberSchedules: 260456
TotalUtilisation: 1461951834
}
Utilisation details for PD: client0 (5)
{
KernelUtilisation: 61605063
KernelEntries: 120749
NumberSchedules: 60935
TotalUtilisation: 3683941348
}
Utilisation details for PD: client0_net_copier (6)
{
KernelUtilisation: 124440717
KernelEntries: 182455
NumberSchedules: 121368
TotalUtilisation: 2984104281
}
Utilisation details for PD: client1 (7)
{
KernelUtilisation: 918876
KernelEntries: 1074
NumberSchedules: 1074
TotalUtilisation: 3687861
}
Utilisation details for PD: client1_net_copier (8)
{
KernelUtilisation: 9695
KernelEntries: 9
NumberSchedules: 6
TotalUtilisation: 26283
}
Utilisation details for PD: timer_driver (9)
{
KernelUtilisation: 3771839
KernelEntries: 3590
NumberSchedules: 2792
TotalUtilisation: 11708582
}
Utilization connection established!
client0 measurement starting...
client0 measurement finished 
{
L1 i-cache misses: 22399429
L1 d-cache misses: 70044716
L1 i-tlb misses: 839692
L1 d-tlb misses: 7953199
Instructions: 2931496435
Branch mispredictions: 28112148
}
Total utilisation details: 
{
KernelUtilisation: 953921735
KernelEntries: 1390655
NumberSchedules: 884635
TotalUtilisation: 23080838541
}
Utilisation details for PD: serial_driver (0)
{
KernelUtilisation: 2884
KernelEntries: 2
NumberSchedules: 2
TotalUtilisation: 28245
}
Utilisation details for PD: serial_virt_tx (1)
{
KernelUtilisation: 3809
KernelEntries: 3
NumberSchedules: 2
TotalUtilisation: 13125
}
Utilisation details for PD: ethernet_driver (2)
{
KernelUtilisation: 259990452
KernelEntries: 424428
NumberSchedules: 245117
TotalUtilisation: 4809368664
}
Utilisation details for PD: net_virt_tx (3)
{
KernelUtilisation: 192793938
KernelEntries: 226234
NumberSchedules: 159047
TotalUtilisation: 1555573151
}
Utilisation details for PD: net_virt_rx (4)
{
KernelUtilisation: 221834047
KernelEntries: 340957
NumberSchedules: 211582
TotalUtilisation: 1472888282
}
Utilisation details for PD: client0 (5)
{
KernelUtilisation: 65881089
KernelEntries: 129753
NumberSchedules: 65550
TotalUtilisation: 3912728126
}
Utilisation details for PD: client0_net_copier (6)
{
KernelUtilisation: 131590410
KernelEntries: 193603
NumberSchedules: 128674
TotalUtilisation: 3184044884
}
Utilisation details for PD: client1 (7)
{
KernelUtilisation: 982490
KernelEntries: 1087
NumberSchedules: 1087
TotalUtilisation: 3789094
}
Utilisation details for PD: client1_net_copier (8)
{
KernelUtilisation: 23268
KernelEntries: 21
NumberSchedules: 14
TotalUtilisation: 63015
}
Utilisation details for PD: timer_driver (9)
{
KernelUtilisation: 3863206
KernelEntries: 3504
NumberSchedules: 2732
TotalUtilisation: 11863799
}
