[17:14.36] dbg: Finding plugins in /usr/lib/x86_64-linux-gnu/ipbench
[17:14.36] dbg: Checking /usr/lib/x86_64-linux-gnu/ipbench/liblatencyramp.so against latency ...
[17:14.36] dbg: Checking for header ...
[17:14.36] dbg: Checking magic number ...
[17:14.36] dbg: Checking test name |latency|latency_ramp|...
[17:14.36] dbg: latency does not match latency_ramp
[17:14.36] dbg: Checking /usr/lib/x86_64-linux-gnu/ipbench/libwrapper_target.so against latency ...
[17:14.36] dbg: /usr/lib/x86_64-linux-gnu/ipbench/libwrapper_target.so: undefined symbol: target_wrap_setup_controller
[17:14.36] dbg: Checking /usr/lib/x86_64-linux-gnu/ipbench/libwrapper_client.so against latency ...
[17:14.36] dbg: /usr/lib/x86_64-linux-gnu/ipbench/libwrapper_client.so: undefined symbol: client_wrap_setup_controller
[17:14.36] dbg: Checking /usr/lib/x86_64-linux-gnu/ipbench/libwait.so against latency ...
[17:14.36] dbg: Checking for header ...
[17:14.36] dbg: Checking magic number ...
[17:14.36] dbg: Checking test name |latency|wait|...
[17:14.36] dbg: latency does not match wait
[17:14.36] dbg: Checking /usr/lib/x86_64-linux-gnu/ipbench/libnfsstones.so against latency ...
[17:14.36] dbg: Checking for header ...
[17:14.36] dbg: Checking magic number ...
[17:14.36] dbg: Checking test name |latency|nfsstone|...
[17:14.36] dbg: latency does not match nfsstone
[17:14.36] dbg: Checking /usr/lib/x86_64-linux-gnu/ipbench/libnfs_latency.so against latency ...
[17:14.36] dbg: Checking for header ...
[17:14.36] dbg: Checking magic number ...
[17:14.36] dbg: Checking test name |latency|nfs_latency|...
[17:14.36] dbg: latency does not match nfs_latency
[17:14.36] dbg: Checking /usr/lib/x86_64-linux-gnu/ipbench/liblatencycheck.so against latency ...
[17:14.36] dbg: Checking for header ...
[17:14.36] dbg: Checking magic number ...
[17:14.36] dbg: Checking test name |latency|latency|...
[17:14.36] dbg: Test loaded
[main] setting up target 172.16.1.106
[17:14.36] dbg: Finding plugins in /usr/lib/x86_64-linux-gnu/ipbench
[17:14.36] dbg: Checking /usr/lib/x86_64-linux-gnu/ipbench/liblatencyramp.so against cpu_target_lukem ...
[17:14.36] dbg: Checking for header ...
[17:14.36] dbg: Checking magic number ...
[17:14.36] dbg: Checking test name |cpu_target_lukem|latency_ramp|...
[17:14.36] dbg: cpu_target_lukem does not match latency_ramp
[17:14.36] dbg: Checking /usr/lib/x86_64-linux-gnu/ipbench/libwrapper_target.so against cpu_target_lukem ...
[17:14.36] dbg: /usr/lib/x86_64-linux-gnu/ipbench/libwrapper_target.so: undefined symbol: target_wrap_setup_controller
[17:14.36] dbg: Checking /usr/lib/x86_64-linux-gnu/ipbench/libwrapper_client.so against cpu_target_lukem ...
[17:14.36] dbg: /usr/lib/x86_64-linux-gnu/ipbench/libwrapper_client.so: undefined symbol: client_wrap_setup_controller
[17:14.36] dbg: Checking /usr/lib/x86_64-linux-gnu/ipbench/libwait.so against cpu_target_lukem ...
[17:14.36] dbg: Checking for header ...
[17:14.36] dbg: Checking magic number ...
[17:14.36] dbg: Checking test name |cpu_target_lukem|wait|...
[17:14.36] dbg: cpu_target_lukem does not match wait
[17:14.36] dbg: Checking /usr/lib/x86_64-linux-gnu/ipbench/libnfsstones.so against cpu_target_lukem ...
[17:14.36] dbg: Checking for header ...
[17:14.36] dbg: Checking magic number ...
[17:14.36] dbg: Checking test name |cpu_target_lukem|nfsstone|...
[17:14.36] dbg: cpu_target_lukem does not match nfsstone
[17:14.36] dbg: Checking /usr/lib/x86_64-linux-gnu/ipbench/libnfs_latency.so against cpu_target_lukem ...
[17:14.36] dbg: Checking for header ...
[17:14.36] dbg: Checking magic number ...
[17:14.36] dbg: Checking test name |cpu_target_lukem|nfs_latency|...
[17:14.36] dbg: cpu_target_lukem does not match nfs_latency
[17:14.36] dbg: Checking /usr/lib/x86_64-linux-gnu/ipbench/liblatencycheck.so against cpu_target_lukem ...
[17:14.36] dbg: Checking for header ...
[17:14.36] dbg: Checking magic number ...
[17:14.36] dbg: Checking test name |cpu_target_lukem|latency|...
[17:14.36] dbg: cpu_target_lukem does not match latency
[17:14.36] dbg: Checking /usr/lib/x86_64-linux-gnu/ipbench/liblatency.so against cpu_target_lukem ...
[17:14.36] dbg: Checking for header ...
[17:14.36] dbg: Checking magic number ...
[17:14.36] dbg: Checking test name |cpu_target_lukem|latency|...
[17:14.36] dbg: cpu_target_lukem does not match latency
[17:14.36] dbg: Checking /usr/lib/x86_64-linux-gnu/ipbench/libdummy_target.so against cpu_target_lukem ...
[17:14.36] dbg: Checking for header ...
[17:14.36] dbg: Checking magic number ...
[17:14.36] dbg: Checking test name |cpu_target_lukem|dummy_target|...
[17:14.36] dbg: cpu_target_lukem does not match dummy_target
[17:14.36] dbg: Checking /usr/lib/x86_64-linux-gnu/ipbench/libdummy.so against cpu_target_lukem ...
[17:14.36] dbg: Checking for header ...
[17:14.36] dbg: Checking magic number ...
[17:14.36] dbg: Checking test name |cpu_target_lukem|dummy|...
[17:14.36] dbg: cpu_target_lukem does not match dummy
[17:14.36] dbg: Checking /usr/lib/x86_64-linux-gnu/ipbench/libdiscard.so against cpu_target_lukem ...
[17:14.36] dbg: Checking for header ...
[17:14.36] dbg: Checking magic number ...
[17:14.36] dbg: Checking test name |cpu_target_lukem|discard|...
[17:14.36] dbg: cpu_target_lukem does not match discard
[17:14.36] dbg: Checking /usr/lib/x86_64-linux-gnu/ipbench/libcpu_target_lukem.so against cpu_target_lukem ...
[17:14.36] dbg: Checking for header ...
[17:14.36] dbg: Checking magic number ...
[17:14.36] dbg: Checking test name |cpu_target_lukem|cpu_target_lukem|...
[17:14.36] dbg: Test loaded
[IpbenchTestTarget:__init__] : client 172.16.1.106
[connect] start | hostname 172.16.1.106 | port 1236 | 
[parse_return_code] :  code=100|str=IPBENCH V1.0|msg=|
[send_command] : HELLO
[parse_return_code] :  code=200|str=OK|msg=Ready to go|
[send_command] : LOAD cpu_target_lukem
[parse_return_code] :  code=200|str=OK|msg=|
[send_command] : SETUP args::""
[parse_return_code] :  code=200|str=OK|msg=|
[main] setting up client vb01
[IpbenchTestClient:__init__] : client vb01 port 8036 test_port 1235 test_args socktype=udp,bps=2500000,size=1472,warmup=10,cooldown=10,samples=50000
[connect] start | hostname vb01 | port 8036 | 
[parse_return_code] :  code=100|str=IPBENCH V1.0|msg=|
[send_command] : HELLO
[parse_return_code] :  code=200|str=OK|msg=Ready to go|
[send_command] : LOAD latency
[parse_return_code] :  code=200|str=OK|msg=|
[Setup]: target: 172.16.1.106
[Setup]: port: 1235
[Setup]: args: socktype=udp,bps=2500000,size=1472,warmup=10,cooldown=10,samples=50000
[send_command] : SETUP target::172.16.1.106||port::1235||args::"socktype=udp,bps=2500000,size=1472,warmup=10,cooldown=10,samples=50000"
[parse_return_code] :  code=200|str=OK|msg=|
[main] setting up client vb02
[IpbenchTestClient:__init__] : client vb02 port 8036 test_port 1235 test_args socktype=udp,bps=2500000,size=1472,warmup=10,cooldown=10,samples=50000
[connect] start | hostname vb02 | port 8036 | 
[parse_return_code] :  code=100|str=IPBENCH V1.0|msg=|
[send_command] : HELLO
[parse_return_code] :  code=200|str=OK|msg=Ready to go|
[send_command] : LOAD latency
[parse_return_code] :  code=200|str=OK|msg=|
[Setup]: target: 172.16.1.106
[Setup]: port: 1235
[Setup]: args: socktype=udp,bps=2500000,size=1472,warmup=10,cooldown=10,samples=50000
[send_command] : SETUP target::172.16.1.106||port::1235||args::"socktype=udp,bps=2500000,size=1472,warmup=10,cooldown=10,samples=50000"
[parse_return_code] :  code=200|str=OK|msg=|
[main] setting up client vb03
[IpbenchTestClient:__init__] : client vb03 port 8036 test_port 1235 test_args socktype=udp,bps=2500000,size=1472,warmup=10,cooldown=10,samples=50000
[connect] start | hostname vb03 | port 8036 | 
[parse_return_code] :  code=100|str=IPBENCH V1.0|msg=|
[send_command] : HELLO
[parse_return_code] :  code=200|str=OK|msg=Ready to go|
[send_command] : LOAD latency
[parse_return_code] :  code=200|str=OK|msg=|
[Setup]: target: 172.16.1.106
[Setup]: port: 1235
[Setup]: args: socktype=udp,bps=2500000,size=1472,warmup=10,cooldown=10,samples=50000
[send_command] : SETUP target::172.16.1.106||port::1235||args::"socktype=udp,bps=2500000,size=1472,warmup=10,cooldown=10,samples=50000"
[parse_return_code] :  code=200|str=OK|msg=|
[main] setting up client vb04
[IpbenchTestClient:__init__] : client vb04 port 8036 test_port 1235 test_args socktype=udp,bps=2500000,size=1472,warmup=10,cooldown=10,samples=50000
[connect] start | hostname vb04 | port 8036 | 
[parse_return_code] :  code=100|str=IPBENCH V1.0|msg=|
[send_command] : HELLO
[parse_return_code] :  code=200|str=OK|msg=Ready to go|
[send_command] : LOAD latency
[parse_return_code] :  code=200|str=OK|msg=|
[Setup]: target: 172.16.1.106
[Setup]: port: 1235
[Setup]: args: socktype=udp,bps=2500000,size=1472,warmup=10,cooldown=10,samples=50000
[send_command] : SETUP target::172.16.1.106||port::1235||args::"socktype=udp,bps=2500000,size=1472,warmup=10,cooldown=10,samples=50000"
[parse_return_code] :  code=200|str=OK|msg=|
[send_command] : START
[main] client vb01 start
[send_command] : START
[main] client vb02 start
[send_command] : START
[main] client vb03 start
[send_command] : START
[main] client vb04 start
[send_command] : START
[unmarshall] client vb01 unmarshall 
[parse_return_code] :  code=220|str=VALID DATA|msg=Data to follow|
[unmarshall] client vb01 content-length: 400072
[unmarshall] client vb01 len(201) < 400072
[unmarshall] got 127287 new bytes 
[unmarshall] client vb01 len(127488) < 400072
[unmarshall] got 65536 new bytes 
[unmarshall] client vb01 len(193024) < 400072
[unmarshall] got 207048 new bytes 
[17:19.30] dbg: [unmarshall] data for client 0 "" [len 400072] [invalid]
[17:19.30] dbg: Latency unmarshall arguments.
[17:19.30] dbg: Unmarshalling 50000 samples
[unmarshall] client vb02 unmarshall 
[parse_return_code] :  code=220|str=VALID DATA|msg=Data to follow|
[unmarshall] client vb02 content-length: 400072
[unmarshall] client vb02 len(201) < 400072
[unmarshall] got 93896 new bytes 
[unmarshall] client vb02 len(94097) < 400072
[unmarshall] got 8688 new bytes 
[unmarshall] client vb02 len(102785) < 400072
[unmarshall] got 4344 new bytes 
[unmarshall] client vb02 len(107129) < 400072
[unmarshall] got 2896 new bytes 
[unmarshall] client vb02 len(110025) < 400072
[unmarshall] got 4344 new bytes 
[unmarshall] client vb02 len(114369) < 400072
[unmarshall] got 2896 new bytes 
[unmarshall] client vb02 len(117265) < 400072
[unmarshall] got 2896 new bytes 
[unmarshall] client vb02 len(120161) < 400072
[unmarshall] got 2896 new bytes 
[unmarshall] client vb02 len(123057) < 400072
[unmarshall] got 5792 new bytes 
[unmarshall] client vb02 len(128849) < 400072
[unmarshall] got 4344 new bytes 
[unmarshall] client vb02 len(133193) < 400072
[unmarshall] got 4344 new bytes 
[unmarshall] client vb02 len(137537) < 400072
[unmarshall] got 2896 new bytes 
[unmarshall] client vb02 len(140433) < 400072
[unmarshall] got 8688 new bytes 
[unmarshall] client vb02 len(149121) < 400072
[unmarshall] got 2896 new bytes 
[unmarshall] client vb02 len(152017) < 400072
[unmarshall] got 5792 new bytes 
[unmarshall] client vb02 len(157809) < 400072
[unmarshall] got 2896 new bytes 
[unmarshall] client vb02 len(160705) < 400072
[unmarshall] got 4344 new bytes 
[unmarshall] client vb02 len(165049) < 400072
[unmarshall] got 5792 new bytes 
[unmarshall] client vb02 len(170841) < 400072
[unmarshall] got 5792 new bytes 
[unmarshall] client vb02 len(176633) < 400072
[unmarshall] got 4344 new bytes 
[unmarshall] client vb02 len(180977) < 400072
[unmarshall] got 4344 new bytes 
[unmarshall] client vb02 len(185321) < 400072
[unmarshall] got 7240 new bytes 
[unmarshall] client vb02 len(192561) < 400072
[unmarshall] got 4344 new bytes 
[unmarshall] client vb02 len(196905) < 400072
[unmarshall] got 4344 new bytes 
[unmarshall] client vb02 len(201249) < 400072
[unmarshall] got 4344 new bytes 
[unmarshall] client vb02 len(205593) < 400072
[unmarshall] got 5792 new bytes 
[unmarshall] client vb02 len(211385) < 400072
[unmarshall] got 8688 new bytes 
[unmarshall] client vb02 len(220073) < 400072
[unmarshall] got 4344 new bytes 
[unmarshall] client vb02 len(224417) < 400072
[unmarshall] got 2896 new bytes 
[unmarshall] client vb02 len(227313) < 400072
[unmarshall] got 5792 new bytes 
[unmarshall] client vb02 len(233105) < 400072
[unmarshall] got 5792 new bytes 
[unmarshall] client vb02 len(238897) < 400072
[unmarshall] got 13032 new bytes 
[unmarshall] client vb02 len(251929) < 400072
[unmarshall] got 4344 new bytes 
[unmarshall] client vb02 len(256273) < 400072
[unmarshall] got 4344 new bytes 
[unmarshall] client vb02 len(260617) < 400072
[unmarshall] got 5792 new bytes 
[unmarshall] client vb02 len(266409) < 400072
[unmarshall] got 7240 new bytes 
[unmarshall] client vb02 len(273649) < 400072
[unmarshall] got 13032 new bytes 
[unmarshall] client vb02 len(286681) < 400072
[unmarshall] got 2896 new bytes 
[unmarshall] client vb02 len(289577) < 400072
[unmarshall] got 5792 new bytes 
[unmarshall] client vb02 len(295369) < 400072
[unmarshall] got 4344 new bytes 
[unmarshall] client vb02 len(299713) < 400072
[unmarshall] got 5792 new bytes 
[unmarshall] client vb02 len(305505) < 400072
[unmarshall] got 13032 new bytes 
[unmarshall] client vb02 len(318537) < 400072
[unmarshall] got 4344 new bytes 
[unmarshall] client vb02 len(322881) < 400072
[unmarshall] got 4344 new bytes 
[unmarshall] client vb02 len(327225) < 400072
[unmarshall] got 7240 new bytes 
[unmarshall] client vb02 len(334465) < 400072
[unmarshall] got 4344 new bytes 
[unmarshall] client vb02 len(338809) < 400072
[unmarshall] got 13032 new bytes 
[unmarshall] client vb02 len(351841) < 400072
[unmarshall] got 5792 new bytes 
[unmarshall] client vb02 len(357633) < 400072
[unmarshall] got 4344 new bytes 
[unmarshall] client vb02 len(361977) < 400072
[unmarshall] got 7240 new bytes 
[unmarshall] client vb02 len(369217) < 400072
[unmarshall] got 5792 new bytes 
[unmarshall] client vb02 len(375009) < 400072
[unmarshall] got 14480 new bytes 
[unmarshall] client vb02 len(389489) < 400072
[unmarshall] got 8688 new bytes 
[unmarshall] client vb02 len(398177) < 400072
[unmarshall] got 1895 new bytes 
[17:19.30] dbg: [unmarshall] data for client 1 "" [len 400072] [invalid]
[17:19.30] dbg: Latency unmarshall arguments.
[17:19.30] dbg: Unmarshalling 50000 samples
[unmarshall] client vb03 unmarshall 
[parse_return_code] :  code=220|str=VALID DATA|msg=Data to follow|
[unmarshall] client vb03 content-length: 400072
[unmarshall] client vb03 len(201) < 400072
[unmarshall] got 96072 new bytes 
[unmarshall] client vb03 len(96273) < 400072
[unmarshall] got 27512 new bytes 
[unmarshall] client vb03 len(123785) < 400072
[unmarshall] got 69120 new bytes 
[unmarshall] client vb03 len(192905) < 400072
[unmarshall] got 207167 new bytes 
[17:19.30] dbg: [unmarshall] data for client 2 "" [len 400072] [invalid]
[17:19.30] dbg: Latency unmarshall arguments.
[17:19.30] dbg: Unmarshalling 50000 samples
[unmarshall] client vb04 unmarshall 
[parse_return_code] :  code=220|str=VALID DATA|msg=Data to follow|
[unmarshall] client vb04 content-length: 400072
[unmarshall] client vb04 len(201) < 400072
[unmarshall] got 96080 new bytes 
[unmarshall] client vb04 len(96281) < 400072
[unmarshall] got 56472 new bytes 
[unmarshall] client vb04 len(152753) < 400072
[unmarshall] got 26216 new bytes 
[unmarshall] client vb04 len(178969) < 400072
[unmarshall] got 43440 new bytes 
[unmarshall] client vb04 len(222409) < 400072
[unmarshall] got 41840 new bytes 
[unmarshall] client vb04 len(264249) < 400072
[unmarshall] got 49232 new bytes 
[unmarshall] client vb04 len(313481) < 400072
[unmarshall] got 86591 new bytes 
[17:19.30] dbg: [unmarshall] data for client 3 "" [len 400072] [invalid]
[17:19.30] dbg: Latency unmarshall arguments.
[17:19.30] dbg: Unmarshalling 50000 samples
[send_command] : STOP
[unmarshall] client 172.16.1.106 unmarshall 
[parse_return_code] :  code=220|str=VALID DATA|msg=Data to follow|
[unmarshall] client 172.16.1.106 content-length: 27
[17:19.30] dbg: [unmarshall] data for target ",248817663687,255967796708" [len 27] [invalid]
[17:19.30] dbg: [cpu_target_lukem_unmarhsall] start
[17:19.30] dbg: [cpu_target_lukem_unmarshall] cpu usage ,248817663687,255967796708
[17:19.30] dbg: Latency begin output function
[send_command] : QUIT
[send_command] : QUIT
[send_command] : QUIT
[send_command] : QUIT
[send_command] : QUIT
[17:19.30] dbg: Finding plugins in /usr/lib/x86_64-linux-gnu/ipbench
[17:19.30] dbg: Checking /usr/lib/x86_64-linux-gnu/ipbench/liblatencyramp.so against latency ...
[17:19.30] dbg: Checking for header ...
[17:19.30] dbg: Checking magic number ...
[17:19.30] dbg: Checking test name |latency|latency_ramp|...
[17:19.30] dbg: latency does not match latency_ramp
[17:19.30] dbg: Checking /usr/lib/x86_64-linux-gnu/ipbench/libwrapper_target.so against latency ...
[17:19.30] dbg: /usr/lib/x86_64-linux-gnu/ipbench/libwrapper_target.so: undefined symbol: target_wrap_setup_controller
[17:19.30] dbg: Checking /usr/lib/x86_64-linux-gnu/ipbench/libwrapper_client.so against latency ...
[17:19.30] dbg: /usr/lib/x86_64-linux-gnu/ipbench/libwrapper_client.so: undefined symbol: client_wrap_setup_controller
[17:19.30] dbg: Checking /usr/lib/x86_64-linux-gnu/ipbench/libwait.so against latency ...
[17:19.30] dbg: Checking for header ...
[17:19.30] dbg: Checking magic number ...
[17:19.30] dbg: Checking test name |latency|wait|...
[17:19.30] dbg: latency does not match wait
[17:19.30] dbg: Checking /usr/lib/x86_64-linux-gnu/ipbench/libnfsstones.so against latency ...
[17:19.30] dbg: Checking for header ...
[17:19.30] dbg: Checking magic number ...
[17:19.30] dbg: Checking test name |latency|nfsstone|...
[17:19.30] dbg: latency does not match nfsstone
[17:19.30] dbg: Checking /usr/lib/x86_64-linux-gnu/ipbench/libnfs_latency.so against latency ...
[17:19.30] dbg: Checking for header ...
[17:19.30] dbg: Checking magic number ...
[17:19.30] dbg: Checking test name |latency|nfs_latency|...
[17:19.30] dbg: latency does not match nfs_latency
[17:19.30] dbg: Checking /usr/lib/x86_64-linux-gnu/ipbench/liblatencycheck.so against latency ...
[17:19.30] dbg: Checking for header ...
[17:19.30] dbg: Checking magic number ...
[17:19.30] dbg: Checking test name |latency|latency|...
[17:19.30] dbg: Test loaded
[main] setting up target 172.16.1.106
[17:19.30] dbg: Finding plugins in /usr/lib/x86_64-linux-gnu/ipbench
[17:19.30] dbg: Checking /usr/lib/x86_64-linux-gnu/ipbench/liblatencyramp.so against cpu_target_lukem ...
[17:19.30] dbg: Checking for header ...
[17:19.30] dbg: Checking magic number ...
[17:19.30] dbg: Checking test name |cpu_target_lukem|latency_ramp|...
[17:19.30] dbg: cpu_target_lukem does not match latency_ramp
[17:19.30] dbg: Checking /usr/lib/x86_64-linux-gnu/ipbench/libwrapper_target.so against cpu_target_lukem ...
[17:19.30] dbg: /usr/lib/x86_64-linux-gnu/ipbench/libwrapper_target.so: undefined symbol: target_wrap_setup_controller
[17:19.30] dbg: Checking /usr/lib/x86_64-linux-gnu/ipbench/libwrapper_client.so against cpu_target_lukem ...
[17:19.30] dbg: /usr/lib/x86_64-linux-gnu/ipbench/libwrapper_client.so: undefined symbol: client_wrap_setup_controller
[17:19.30] dbg: Checking /usr/lib/x86_64-linux-gnu/ipbench/libwait.so against cpu_target_lukem ...
[17:19.30] dbg: Checking for header ...
[17:19.30] dbg: Checking magic number ...
[17:19.30] dbg: Checking test name |cpu_target_lukem|wait|...
[17:19.30] dbg: cpu_target_lukem does not match wait
[17:19.30] dbg: Checking /usr/lib/x86_64-linux-gnu/ipbench/libnfsstones.so against cpu_target_lukem ...
[17:19.30] dbg: Checking for header ...
[17:19.30] dbg: Checking magic number ...
[17:19.30] dbg: Checking test name |cpu_target_lukem|nfsstone|...
[17:19.30] dbg: cpu_target_lukem does not match nfsstone
[17:19.30] dbg: Checking /usr/lib/x86_64-linux-gnu/ipbench/libnfs_latency.so against cpu_target_lukem ...
[17:19.30] dbg: Checking for header ...
[17:19.30] dbg: Checking magic number ...
[17:19.30] dbg: Checking test name |cpu_target_lukem|nfs_latency|...
[17:19.30] dbg: cpu_target_lukem does not match nfs_latency
[17:19.30] dbg: Checking /usr/lib/x86_64-linux-gnu/ipbench/liblatencycheck.so against cpu_target_lukem ...
[17:19.30] dbg: Checking for header ...
[17:19.30] dbg: Checking magic number ...
[17:19.30] dbg: Checking test name |cpu_target_lukem|latency|...
[17:19.30] dbg: cpu_target_lukem does not match latency
[17:19.30] dbg: Checking /usr/lib/x86_64-linux-gnu/ipbench/liblatency.so against cpu_target_lukem ...
[17:19.30] dbg: Checking for header ...
[17:19.30] dbg: Checking magic number ...
[17:19.30] dbg: Checking test name |cpu_target_lukem|latency|...
[17:19.30] dbg: cpu_target_lukem does not match latency
[17:19.30] dbg: Checking /usr/lib/x86_64-linux-gnu/ipbench/libdummy_target.so against cpu_target_lukem ...
[17:19.30] dbg: Checking for header ...
[17:19.30] dbg: Checking magic number ...
[17:19.30] dbg: Checking test name |cpu_target_lukem|dummy_target|...
[17:19.30] dbg: cpu_target_lukem does not match dummy_target
[17:19.30] dbg: Checking /usr/lib/x86_64-linux-gnu/ipbench/libdummy.so against cpu_target_lukem ...
[17:19.30] dbg: Checking for header ...
[17:19.30] dbg: Checking magic number ...
[17:19.30] dbg: Checking test name |cpu_target_lukem|dummy|...
[17:19.30] dbg: cpu_target_lukem does not match dummy
[17:19.30] dbg: Checking /usr/lib/x86_64-linux-gnu/ipbench/libdiscard.so against cpu_target_lukem ...
[17:19.30] dbg: Checking for header ...
[17:19.30] dbg: Checking magic number ...
[17:19.30] dbg: Checking test name |cpu_target_lukem|discard|...
[17:19.30] dbg: cpu_target_lukem does not match discard
[17:19.30] dbg: Checking /usr/lib/x86_64-linux-gnu/ipbench/libcpu_target_lukem.so against cpu_target_lukem ...
[17:19.30] dbg: Checking for header ...
[17:19.30] dbg: Checking magic number ...
[17:19.30] dbg: Checking test name |cpu_target_lukem|cpu_target_lukem|...
[17:19.30] dbg: Test loaded
[IpbenchTestTarget:__init__] : client 172.16.1.106
[connect] start | hostname 172.16.1.106 | port 1236 | 
[parse_return_code] :  code=100|str=IPBENCH V1.0|msg=|
[send_command] : HELLO
[parse_return_code] :  code=200|str=OK|msg=Ready to go|
[send_command] : LOAD cpu_target_lukem
[parse_return_code] :  code=200|str=OK|msg=|
[send_command] : SETUP args::""
[parse_return_code] :  code=200|str=OK|msg=|
[main] setting up client vb01
[IpbenchTestClient:__init__] : client vb01 port 8036 test_port 1235 test_args socktype=udp,bps=5000000,size=1472,warmup=10,cooldown=10,samples=50000
[connect] start | hostname vb01 | port 8036 | 
[parse_return_code] :  code=100|str=IPBENCH V1.0|msg=|
[send_command] : HELLO
[parse_return_code] :  code=200|str=OK|msg=Ready to go|
[send_command] : LOAD latency
[parse_return_code] :  code=200|str=OK|msg=|
[Setup]: target: 172.16.1.106
[Setup]: port: 1235
[Setup]: args: socktype=udp,bps=5000000,size=1472,warmup=10,cooldown=10,samples=50000
[send_command] : SETUP target::172.16.1.106||port::1235||args::"socktype=udp,bps=5000000,size=1472,warmup=10,cooldown=10,samples=50000"
[parse_return_code] :  code=200|str=OK|msg=|
[main] setting up client vb02
[IpbenchTestClient:__init__] : client vb02 port 8036 test_port 1235 test_args socktype=udp,bps=5000000,size=1472,warmup=10,cooldown=10,samples=50000
[connect] start | hostname vb02 | port 8036 | 
[parse_return_code] :  code=100|str=IPBENCH V1.0|msg=|
[send_command] : HELLO
[parse_return_code] :  code=200|str=OK|msg=Ready to go|
[send_command] : LOAD latency
[parse_return_code] :  code=200|str=OK|msg=|
[Setup]: target: 172.16.1.106
[Setup]: port: 1235
[Setup]: args: socktype=udp,bps=5000000,size=1472,warmup=10,cooldown=10,samples=50000
[send_command] : SETUP target::172.16.1.106||port::1235||args::"socktype=udp,bps=5000000,size=1472,warmup=10,cooldown=10,samples=50000"
[parse_return_code] :  code=200|str=OK|msg=|
[main] setting up client vb03
[IpbenchTestClient:__init__] : client vb03 port 8036 test_port 1235 test_args socktype=udp,bps=5000000,size=1472,warmup=10,cooldown=10,samples=50000
[connect] start | hostname vb03 | port 8036 | 
[parse_return_code] :  code=100|str=IPBENCH V1.0|msg=|
[send_command] : HELLO
[parse_return_code] :  code=200|str=OK|msg=Ready to go|
[send_command] : LOAD latency
[parse_return_code] :  code=200|str=OK|msg=|
[Setup]: target: 172.16.1.106
[Setup]: port: 1235
[Setup]: args: socktype=udp,bps=5000000,size=1472,warmup=10,cooldown=10,samples=50000
[send_command] : SETUP target::172.16.1.106||port::1235||args::"socktype=udp,bps=5000000,size=1472,warmup=10,cooldown=10,samples=50000"
[parse_return_code] :  code=200|str=OK|msg=|
[main] setting up client vb04
[IpbenchTestClient:__init__] : client vb04 port 8036 test_port 1235 test_args socktype=udp,bps=5000000,size=1472,warmup=10,cooldown=10,samples=50000
[connect] start | hostname vb04 | port 8036 | 
[parse_return_code] :  code=100|str=IPBENCH V1.0|msg=|
[send_command] : HELLO
[parse_return_code] :  code=200|str=OK|msg=Ready to go|
[send_command] : LOAD latency
[parse_return_code] :  code=200|str=OK|msg=|
[Setup]: target: 172.16.1.106
[Setup]: port: 1235
[Setup]: args: socktype=udp,bps=5000000,size=1472,warmup=10,cooldown=10,samples=50000
[send_command] : SETUP target::172.16.1.106||port::1235||args::"socktype=udp,bps=5000000,size=1472,warmup=10,cooldown=10,samples=50000"
[parse_return_code] :  code=200|str=OK|msg=|
[send_command] : START
[main] client vb01 start
[send_command] : START
[main] client vb02 start
[send_command] : START
[main] client vb03 start
[send_command] : START
[main] client vb04 start
[send_command] : START
[unmarshall] client vb01 unmarshall 
Traceback (most recent call last):
  File "/usr/local/bin/ipbench", line 595, in <module>
    main()
    ~~~~^^
  File "/usr/local/bin/ipbench", line 563, in main
    client.unmarshall()
    ~~~~~~~~~~~~~~~~~^^
  File "/usr/local/bin/ipbench", line 216, in unmarshall
    status = self._parse_return_code(statusline[:newline])
  File "/usr/local/bin/ipbench", line 84, in _parse_return_code
    status["code"] = int(data[0:3])
                     ~~~^^^^^^^^^^^
ValueError: invalid literal for int() with base 10: ''
b'100 IPBENCH V1.0\n'
b'100 IPBENCH V1.0\n'
b'100 IPBENCH V1.0\n'
b'100 IPBENCH V1.0\n'
b'100 IPBENCH V1.0\n'
b'100 IPBENCH V1.0\n'
b'100 IPBENCH V1.0\n'
b'100 IPBENCH V1.0\n'
Requested_Throughput,Receive_Throughput,Send_Throughput,Packet_Size,Minimum_RTT,Average_RTT,Maximum_RTT,Stdev_RTT,Median_RTT,Bad_Packets,Idle_Cycles,Total_Cycles
 10000000,10000184,10000184,1472,16,136,4249,35.14,149,0,248817663687,255967796708

b'100 IPBENCH V1.0\n'
b'100 IPBENCH V1.0\n'
b'100 IPBENCH V1.0\n'
b'100 IPBENCH V1.0\n'
Traceback (most recent call last):
  File "/tmp/tmp.sLWT3yS6Uh", line 162, in <module>
    row = run_benchmark(args, throughput, packet_size) + "\n"
          ~~~~~~~~~~~~~^^^^^^^^^^^^^^^^^^^^^^^^^^^^^^^
  File "/tmp/tmp.sLWT3yS6Uh", line 75, in run_benchmark
    p.check_returncode()
    ~~~~~~~~~~~~~~~~~~^^
  File "/usr/lib/python3.13/subprocess.py", line 508, in check_returncode
    raise CalledProcessError(self.returncode, self.args, self.stdout,
                             self.stderr)
subprocess.CalledProcessError: Command '['ipbench', '--debug', '--test', 'latency', '--test-args', 'socktype=udp,bps=5000000,size=1472,warmup=10,cooldown=10,samples=50000', '--port', '8036', '--client', 'vb01', '--client', 'vb02', '--client', 'vb03', '--client', 'vb04', '--test-target', '172.16.1.106', '--test-port', '1235', '--target-test', 'cpu_target_lukem', '--target-test-hostname', '172.16.1.106', '--target-test-port', '1236']' returned non-zero exit status 1.
