co
^Eco
[Enter `^Ec?' for help]
[connecting...up]

U-Boot SPL 2018.03 (Jan 14 2020 - 02:43:08 +0000)
power_bd71837_init
set buck8 to 1.2v for DDR4
DDRINFO: start lpddr4 ddr init
DRAM PHY training for 2400MTS
check ddr4_pmu_train_imem code
check ddr4_pmu_train_imem code pass
check ddr4_pmu_train_dmem code
check ddr4_pmu_train_dmem code pass
Training PASS
DRAM PHY training for 1600MTS
check ddr4_pmu_train_imem code
check ddr4_pmu_train_imem code pass
check ddr4_pmu_train_dmem code
check ddr4_pmu_train_dmem code pass
Training PASS
DRAM PHY training for 1064MTS
check ddr4_pmu_train_imem code
check ddr4_pmu_train_imem code pass
check ddr4_pmu_train_dmem code
check ddr4_pmu_train_dmem code pass
Training PASS
DRAM PHY training for 2400MTS
check ddr4_pmu_train_imem code
check ddr4_pmu_train_imem code pass
check ddr4_pmu_train_dmem code
check ddr4_pmu_train_dmem code pass
Training PASS
DDRINFO:ddrphy calibration done
DDRINFO: ddrmix config done
Normal Boot
Trying to boot from MMC1


U-Boot 2018.03 (Jan 14 2020 - 02:43:08 +0000)

CPU:   Freescale i.MX8MQ rev2.1 1500 MHz (running at 1000 MHz)
CPU:   Commercial temperature grade (0C to 95C) at 43C
Reset cause: POR
Model: Freescale i.MX8MQ EVK
DRAM:  2 GiB
MMC:   FSL_SDHC: 0
Loading Environment from MMC... OK
No panel detected: default to HDMI
Display: HDMI (1280x720)
In:    serial
Out:   serial
Err:   serial

 BuildInfo:
  - ATF d6451cc
  - U-Boot 2018.03

switch to partitions #0, OK
mmc0 is current device
flash target is MMC:0
Net:   
Warning: ethernet@30be0000 (eth0) using random MAC address - 7a:16:9d:40:15:68
eth0: ethernet@30be0000
Fastboot: Normal
Normal Boot
Hit any key to stop autoboot:  2  
 0 
u-boot=> 
u-boot=> setenv loadaddr 0x50000000
dhcp
setenv loadaddr 0x50000000
u-boot=> dhcp
ethernet@30be0000 Waiting for PHY auto negotiation to complete.... done
BOOTP broadcast 1
BOOTP broadcast 2
BOOTP broadcast 3
BOOTP broadcast 4
BOOTP broadcast 5
BOOTP broadcast 6
DHCP client bound to address 172.16.1.113 (5769 ms)
*** Warning: no boot file name; using 'AC100171.img'
Using ethernet@30be0000 device
TFTP from server 172.16.0.2; our IP address is 172.16.1.113
Filename 'AC100171.img'.
Load address: 0x50000000
Loading: *
TFTP error: 'File not found' (1)
Not retrying...
u-boot=> tftp ${loadaddr} /maaxboard2/sel4-image
tftp ${loadaddr} /maaxboard2/sel4-image
Using ethernet@30be0000 device
TFTP from server 172.16.0.2; our IP address is 172.16.1.113
Filename '/maaxboard2/sel4-image'.
Load address: 0x50000000
Loading: *#################################################################
	 #################################################################
	 #################################################################
	 #################################################################
	 #################################################################
	 #################################################################
	 #################################################################
	 ################################
	 12.7 MiB/s
done
Bytes transferred = 7143504 (6d0050 hex)
u-boot=> go ${loadaddr}
go ${loadaddr}
## Starting application at 0x50000000 ...
BENCH|LOG: MICROKIT_CONFIG_benchmark defined
BENCH|LOG: CONFIG_BENCHMARK_TRACK_UTILISATION defined
DHCP request finished, IP address for netif client0 is: 172.16.1.153
DHCP request finished, IP address for netif client1 is: 172.16.1.152
Utilization connection established!
client0 measurement starting...
client0 measurement finished 
{
L1 i-cache misses: 58339465
L1 d-cache misses: 43207317
L1 i-tlb misses: 2922822
L1 d-tlb misses: 6179285
Instructions: 3721964872
Branch mispredictions: 21975437
}
Total utilisation details: 
{
KernelUtilisation: 2945879543
KernelEntries: 4238758
NumberSchedules: 3175862
TotalUtilisation: 255966021587
}
Utilisation details for PD: serial_driver (0)
{
KernelUtilisation: 2742
KernelEntries: 2
NumberSchedules: 2
TotalUtilisation: 30373
}
Utilisation details for PD: serial_virt_tx (1)
{
KernelUtilisation: 4403
KernelEntries: 3
NumberSchedules: 2
TotalUtilisation: 14613
}
Utilisation details for PD: ethernet_driver (2)
{
KernelUtilisation: 741474052
KernelEntries: 932255
NumberSchedules: 922030
TotalUtilisation: 2087499423
}
Utilisation details for PD: net_virt_tx (3)
{
KernelUtilisation: 423085287
KernelEntries: 559007
NumberSchedules: 353590
TotalUtilisation: 1036777657
}
Utilisation details for PD: net_virt_rx (4)
{
KernelUtilisation: 692939832
KernelEntries: 1055756
NumberSchedules: 633138
TotalUtilisation: 1420164165
}
Utilisation details for PD: client0 (5)
{
KernelUtilisation: 195625420
KernelEntries: 420777
NumberSchedules: 218556
TotalUtilisation: 1080149044
}
Utilisation details for PD: client0_net_copier (6)
{
KernelUtilisation: 374690623
KernelEntries: 638290
NumberSchedules: 419806
TotalUtilisation: 1097025117
}
Utilisation details for PD: client1 (7)
{
KernelUtilisation: 5872025
KernelEntries: 11971
NumberSchedules: 11954
TotalUtilisation: 17907451
}
Utilisation details for PD: client1_net_copier (8)
{
KernelUtilisation: 575823
KernelEntries: 647
NumberSchedules: 432
TotalUtilisation: 1930936
}
Utilisation details for PD: timer_driver (9)
{
KernelUtilisation: 15433471
KernelEntries: 33557
NumberSchedules: 29866
TotalUtilisation: 80507639
}
Utilization connection established!
client0 measurement starting...
client0 measurement finished 
{
L1 i-cache misses: 63298598
L1 d-cache misses: 46790700
L1 i-tlb misses: 3176597
L1 d-tlb misses: 6736173
Instructions: 753565143
Branch mispredictions: 23310553
}
Total utilisation details: 
{
KernelUtilisation: 3106900887
KernelEntries: 4467127
NumberSchedules: 3330523
TotalUtilisation: 138029886208
}
Utilisation details for PD: serial_driver (0)
{
KernelUtilisation: 4844
KernelEntries: 2
NumberSchedules: 2
TotalUtilisation: 32608
}
Utilisation details for PD: serial_virt_tx (1)
{
KernelUtilisation: 4470
KernelEntries: 3
NumberSchedules: 2
TotalUtilisation: 14274
}
Utilisation details for PD: ethernet_driver (2)
{
KernelUtilisation: 826791315
KernelEntries: 1038645
NumberSchedules: 1032751
TotalUtilisation: 2309280400
}
Utilisation details for PD: net_virt_tx (3)
{
KernelUtilisation: 467346941
KernelEntries: 612894
NumberSchedules: 395426
TotalUtilisation: 1147452212
}
Utilisation details for PD: net_virt_rx (4)
{
KernelUtilisation: 749922973
KernelEntries: 1140058
NumberSchedules: 683099
TotalUtilisation: 1534684634
}
Utilisation details for PD: client0 (5)
{
KernelUtilisation: 207633620
KernelEntries: 447932
NumberSchedules: 228268
TotalUtilisation: 1156880088
}
Utilisation details for PD: client0_net_copier (6)
{
KernelUtilisation: 403903445
KernelEntries: 686722
NumberSchedules: 452431
TotalUtilisation: 1182931250
}
Utilisation details for PD: client1 (7)
{
KernelUtilisation: 3599764
KernelEntries: 6637
NumberSchedules: 6628
TotalUtilisation: 11874957
}
Utilisation details for PD: client1_net_copier (8)
{
KernelUtilisation: 251666
KernelEntries: 267
NumberSchedules: 178
TotalUtilisation: 874125
}
Utilisation details for PD: timer_driver (9)
{
KernelUtilisation: 9505856
KernelEntries: 18237
NumberSchedules: 16015
TotalUtilisation: 44914844
}
Utilization connection established!
client0 measurement starting...
client0 measurement finished 
{
L1 i-cache misses: 80453339
L1 d-cache misses: 57948879
L1 i-tlb misses: 3952857
L1 d-tlb misses: 8486705
Instructions: 1552100100
Branch mispredictions: 29186193
}
Total utilisation details: 
{
KernelUtilisation: 3795692322
KernelEntries: 5508869
NumberSchedules: 4035892
TotalUtilisation: 67517921696
}
Utilisation details for PD: serial_driver (0)
{
KernelUtilisation: 2844
KernelEntries: 2
NumberSchedules: 2
TotalUtilisation: 30983
}
Utilisation details for PD: serial_virt_tx (1)
{
KernelUtilisation: 4075
KernelEntries: 3
NumberSchedules: 2
TotalUtilisation: 13365
}
Utilisation details for PD: ethernet_driver (2)
{
KernelUtilisation: 1017093502
KernelEntries: 1275394
NumberSchedules: 1269171
TotalUtilisation: 2820822079
}
Utilisation details for PD: net_virt_tx (3)
{
KernelUtilisation: 618790330
KernelEntries: 832785
NumberSchedules: 516960
TotalUtilisation: 1496998309
}
Utilisation details for PD: net_virt_rx (4)
{
KernelUtilisation: 935471900
KernelEntries: 1445170
NumberSchedules: 873233
TotalUtilisation: 1924192081
}
Utilisation details for PD: client0 (5)
{
KernelUtilisation: 268277042
KernelEntries: 576877
NumberSchedules: 291125
TotalUtilisation: 1451334820
}
Utilisation details for PD: client0_net_copier (6)
{
KernelUtilisation: 522036994
KernelEntries: 877681
NumberSchedules: 586083
TotalUtilisation: 1494603531
}
Utilisation details for PD: client1 (7)
{
KernelUtilisation: 2059487
KernelEntries: 3343
NumberSchedules: 3339
TotalUtilisation: 9711510
}
Utilisation details for PD: client1_net_copier (8)
{
KernelUtilisation: 123875
KernelEntries: 127
NumberSchedules: 85
TotalUtilisation: 439456
}
Utilisation details for PD: timer_driver (9)
{
KernelUtilisation: 6987758
KernelEntries: 9379
NumberSchedules: 7945
TotalUtilisation: 27381186
}
Utilization connection established!
client0 measurement starting...
client0 measurement finished 
{
L1 i-cache misses: 81984410
L1 d-cache misses: 62106645
L1 i-tlb misses: 3964357
L1 d-tlb misses: 8798482
Instructions: 3368249308
Branch mispredictions: 31009516
}
Total utilisation details: 
{
KernelUtilisation: 3755518366
KernelEntries: 5450676
NumberSchedules: 3930731
TotalUtilisation: 43913218660
}
Utilisation details for PD: serial_driver (0)
{
KernelUtilisation: 2851
KernelEntries: 2
NumberSchedules: 2
TotalUtilisation: 31469
}
Utilisation details for PD: serial_virt_tx (1)
{
KernelUtilisation: 4281
KernelEntries: 3
NumberSchedules: 2
TotalUtilisation: 14153
}
Utilisation details for PD: ethernet_driver (2)
{
KernelUtilisation: 982983774
KernelEntries: 1223780
NumberSchedules: 1202131
TotalUtilisation: 2910436828
}
Utilisation details for PD: net_virt_tx (3)
{
KernelUtilisation: 555623976
KernelEntries: 751396
NumberSchedules: 452724
TotalUtilisation: 1430617882
}
Utilisation details for PD: net_virt_rx (4)
{
KernelUtilisation: 977318803
KernelEntries: 1497659
NumberSchedules: 900578
TotalUtilisation: 2047276225
}
Utilisation details for PD: client0 (5)
{
KernelUtilisation: 277557555
KernelEntries: 597171
NumberSchedules: 300383
TotalUtilisation: 1668891499
}
Utilisation details for PD: client0_net_copier (6)
{
KernelUtilisation: 534400531
KernelEntries: 895741
NumberSchedules: 595523
TotalUtilisation: 1649090831
}
Utilisation details for PD: client1 (7)
{
KernelUtilisation: 1552652
KernelEntries: 2223
NumberSchedules: 2220
TotalUtilisation: 7917070
}
Utilisation details for PD: client1_net_copier (8)
{
KernelUtilisation: 98566
KernelEntries: 105
NumberSchedules: 71
TotalUtilisation: 318539
}
Utilisation details for PD: timer_driver (9)
{
KernelUtilisation: 5622459
KernelEntries: 6341
NumberSchedules: 5240
TotalUtilisation: 19853243
}
Utilization connection established!
client0 measurement starting...
client0 measurement finished 
{
L1 i-cache misses: 94468808
L1 d-cache misses: 75252089
L1 i-tlb misses: 4392057
L1 d-tlb misses: 10369887
Instructions: 1053402476
Branch mispredictions: 36929563
}
Total utilisation details: 
{
KernelUtilisation: 4221567073
KernelEntries: 6221288
NumberSchedules: 4316615
TotalUtilisation: 32225351721
}
Utilisation details for PD: serial_driver (0)
{
KernelUtilisation: 2916
KernelEntries: 2
NumberSchedules: 2
TotalUtilisation: 33535
}
Utilisation details for PD: serial_virt_tx (1)
{
KernelUtilisation: 4058
KernelEntries: 3
NumberSchedules: 2
TotalUtilisation: 14227
}
Utilisation details for PD: ethernet_driver (2)
{
KernelUtilisation: 1067282218
KernelEntries: 1353777
NumberSchedules: 1258979
TotalUtilisation: 3447068019
}
Utilisation details for PD: net_virt_tx (3)
{
KernelUtilisation: 617263845
KernelEntries: 839245
NumberSchedules: 485339
TotalUtilisation: 1656249975
}
Utilisation details for PD: net_virt_rx (4)
{
KernelUtilisation: 1186425655
KernelEntries: 1823633
NumberSchedules: 1097083
TotalUtilisation: 2532016304
}
Utilisation details for PD: client0 (5)
{
KernelUtilisation: 332281899
KernelEntries: 707153
NumberSchedules: 358632
TotalUtilisation: 2175606169
}
Utilisation details for PD: client0_net_copier (6)
{
KernelUtilisation: 646670907
KernelEntries: 1089617
NumberSchedules: 717451
TotalUtilisation: 2128512792
}
Utilisation details for PD: client1 (7)
{
KernelUtilisation: 1087241
KernelEntries: 1651
NumberSchedules: 1644
TotalUtilisation: 5706480
}
Utilisation details for PD: client1_net_copier (8)
{
KernelUtilisation: 22526
KernelEntries: 20
NumberSchedules: 14
TotalUtilisation: 77430
}
Utilisation details for PD: timer_driver (9)
{
KernelUtilisation: 4178896
KernelEntries: 4924
NumberSchedules: 3931
TotalUtilisation: 15049585
}
Utilization connection established!
client0 measurement starting...
client0 measurement finished 
{
L1 i-cache misses: 78205900
L1 d-cache misses: 72300547
L1 i-tlb misses: 3523604
L1 d-tlb misses: 9190439
Instructions: 2502105632
Branch mispredictions: 34052209
}
Total utilisation details: 
{
KernelUtilisation: 3584566929
KernelEntries: 5300737
NumberSchedules: 3615570
TotalUtilisation: 28292267967
}
Utilisation details for PD: serial_driver (0)
{
KernelUtilisation: 3100
KernelEntries: 2
NumberSchedules: 2
TotalUtilisation: 33627
}
Utilisation details for PD: serial_virt_tx (1)
{
KernelUtilisation: 4246
KernelEntries: 3
NumberSchedules: 2
TotalUtilisation: 14548
}
Utilisation details for PD: ethernet_driver (2)
{
KernelUtilisation: 941230467
KernelEntries: 1225415
NumberSchedules: 1093901
TotalUtilisation: 3626745566
}
Utilisation details for PD: net_virt_tx (3)
{
KernelUtilisation: 483897676
KernelEntries: 633804
NumberSchedules: 379376
TotalUtilisation: 1466870758
}
Utilisation details for PD: net_virt_rx (4)
{
KernelUtilisation: 1092717576
KernelEntries: 1650761
NumberSchedules: 993308
TotalUtilisation: 2412128778
}
Utilisation details for PD: client0 (5)
{
KernelUtilisation: 273725117
KernelEntries: 569566
NumberSchedules: 292731
TotalUtilisation: 2313356378
}
Utilisation details for PD: client0_net_copier (6)
{
KernelUtilisation: 556367751
KernelEntries: 964026
NumberSchedules: 608481
TotalUtilisation: 2213972495
}
Utilisation details for PD: client1 (7)
{
KernelUtilisation: 927737
KernelEntries: 1491
NumberSchedules: 1485
TotalUtilisation: 5313171
}
Utilisation details for PD: client1_net_copier (8)
{
KernelUtilisation: 113112
KernelEntries: 117
NumberSchedules: 79
TotalUtilisation: 360248
}
Utilisation details for PD: timer_driver (9)
{
KernelUtilisation: 3674928
KernelEntries: 4352
NumberSchedules: 3476
TotalUtilisation: 13437525
}
Utilization connection established!
client0 measurement starting...
client0 measurement finished 
{
L1 i-cache misses: 51779087
L1 d-cache misses: 64335274
L1 i-tlb misses: 2424648
L1 d-tlb misses: 7467843
Instructions: 1589688076
Branch mispredictions: 28432462
}
Total utilisation details: 
{
KernelUtilisation: 2726483423
KernelEntries: 4072326
NumberSchedules: 2717352
TotalUtilisation: 26270297582
}
Utilisation details for PD: serial_driver (0)
{
KernelUtilisation: 5528
KernelEntries: 5
NumberSchedules: 5
TotalUtilisation: 35214
}
Utilisation details for PD: serial_virt_tx (1)
{
KernelUtilisation: 4160
KernelEntries: 3
NumberSchedules: 2
TotalUtilisation: 14059
}
Utilisation details for PD: ethernet_driver (2)
{
KernelUtilisation: 796143497
KernelEntries: 1084274
NumberSchedules: 921814
TotalUtilisation: 3784652198
}
Utilisation details for PD: net_virt_tx (3)
{
KernelUtilisation: 299009224
KernelEntries: 373688
NumberSchedules: 229341
TotalUtilisation: 1174081683
}
Utilisation details for PD: net_virt_rx (4)
{
KernelUtilisation: 890715726
KernelEntries: 1330613
NumberSchedules: 781970
TotalUtilisation: 2116468166
}
Utilisation details for PD: client0 (5)
{
KernelUtilisation: 152979218
KernelEntries: 306357
NumberSchedules: 161045
TotalUtilisation: 2249346460
}
Utilisation details for PD: client0_net_copier (6)
{
KernelUtilisation: 465918557
KernelEntries: 848240
NumberSchedules: 504995
TotalUtilisation: 2297488000
}
Utilisation details for PD: client1 (7)
{
KernelUtilisation: 734339
KernelEntries: 1278
NumberSchedules: 1277
TotalUtilisation: 4847533
}
Utilisation details for PD: client1_net_copier (8)
{
KernelUtilisation: 111410
KernelEntries: 121
NumberSchedules: 83
TotalUtilisation: 334964
}
Utilisation details for PD: timer_driver (9)
{
KernelUtilisation: 3451852
KernelEntries: 4064
NumberSchedules: 3208
TotalUtilisation: 12769443
}
Utilization connection established!
client0 measurement starting...
client0 measurement finished 
{
L1 i-cache misses: 48028679
L1 d-cache misses: 66773620
L1 i-tlb misses: 2157548
L1 d-tlb misses: 7567876
Instructions: 320876088
Branch mispredictions: 27419570
}
Total utilisation details: 
{
KernelUtilisation: 2463245288
KernelEntries: 3657828
NumberSchedules: 2411879
TotalUtilisation: 25066764899
}
Utilisation details for PD: serial_driver (0)
{
KernelUtilisation: 2997
KernelEntries: 2
NumberSchedules: 2
TotalUtilisation: 31292
}
Utilisation details for PD: serial_virt_tx (1)
{
KernelUtilisation: 4694
KernelEntries: 3
NumberSchedules: 2
TotalUtilisation: 15877
}
Utilisation details for PD: ethernet_driver (2)
{
KernelUtilisation: 758555048
KernelEntries: 1004316
NumberSchedules: 858156
TotalUtilisation: 4090564424
}
Utilisation details for PD: net_virt_tx (3)
{
KernelUtilisation: 230418435
KernelEntries: 280464
NumberSchedules: 175630
TotalUtilisation: 1156408203
}
Utilisation details for PD: net_virt_rx (4)
{
KernelUtilisation: 863338707
KernelEntries: 1269989
NumberSchedules: 747072
TotalUtilisation: 2145579391
}
Utilisation details for PD: client0 (5)
{
KernelUtilisation: 162143032
KernelEntries: 316436
NumberSchedules: 167148
TotalUtilisation: 2582266927
}
Utilisation details for PD: client0_net_copier (6)
{
KernelUtilisation: 375782558
KernelEntries: 717177
NumberSchedules: 395363
TotalUtilisation: 2494842507
}
Utilisation details for PD: client1 (7)
{
KernelUtilisation: 750891
KernelEntries: 1219
NumberSchedules: 1213
TotalUtilisation: 4651514
}
Utilisation details for PD: client1_net_copier (8)
{
KernelUtilisation: 135193
KernelEntries: 130
NumberSchedules: 93
TotalUtilisation: 403908
}
Utilisation details for PD: timer_driver (9)
{
KernelUtilisation: 3487857
KernelEntries: 3935
NumberSchedules: 3050
TotalUtilisation: 12654015
}
Utilization connection established!
client0 measurement starting...
client0 measurement finished 
{
L1 i-cache misses: 30616088
L1 d-cache misses: 61045035
L1 i-tlb misses: 1568361
L1 d-tlb misses: 6739725
Instructions: 4234180790
Branch mispredictions: 23855109
}
Total utilisation details: 
{
KernelUtilisation: 1837180015
KernelEntries: 2712131
NumberSchedules: 1812080
TotalUtilisation: 24288291758
}
Utilisation details for PD: serial_driver (0)
{
KernelUtilisation: 2951
KernelEntries: 2
NumberSchedules: 2
TotalUtilisation: 31187
}
Utilisation details for PD: serial_virt_tx (1)
{
KernelUtilisation: 4472
KernelEntries: 3
NumberSchedules: 2
TotalUtilisation: 13864
}
Utilisation details for PD: ethernet_driver (2)
{
KernelUtilisation: 603491065
KernelEntries: 824583
NumberSchedules: 698317
TotalUtilisation: 4288793799
}
Utilisation details for PD: net_virt_tx (3)
{
KernelUtilisation: 171034375
KernelEntries: 228457
NumberSchedules: 124610
TotalUtilisation: 1186204152
}
Utilisation details for PD: net_virt_rx (4)
{
KernelUtilisation: 578552854
KernelEntries: 842942
NumberSchedules: 495456
TotalUtilisation: 1757795377
}
Utilisation details for PD: client0 (5)
{
KernelUtilisation: 77515457
KernelEntries: 138805
NumberSchedules: 77168
TotalUtilisation: 2730617626
}
Utilisation details for PD: client0_net_copier (6)
{
KernelUtilisation: 331319804
KernelEntries: 607620
NumberSchedules: 347619
TotalUtilisation: 2584113889
}
Utilisation details for PD: client1 (7)
{
KernelUtilisation: 988116
KernelEntries: 1162
NumberSchedules: 1160
TotalUtilisation: 4793114
}
Utilisation details for PD: client1_net_copier (8)
{
KernelUtilisation: 130101
KernelEntries: 136
NumberSchedules: 98
TotalUtilisation: 384138
}
Utilisation details for PD: timer_driver (9)
{
KernelUtilisation: 3846963
KernelEntries: 3743
NumberSchedules: 2977
TotalUtilisation: 13815889
}
Utilization connection established!
client0 measurement starting...
client0 measurement finished 
{
L1 i-cache misses: 29614579
L1 d-cache misses: 64400544
L1 i-tlb misses: 1450109
L1 d-tlb misses: 7198114
Instructions: 3612014413
Branch mispredictions: 23782994
}
Total utilisation details: 
{
KernelUtilisation: 1663658973
KernelEntries: 2435852
NumberSchedules: 1601512
TotalUtilisation: 23812536974
}
Utilisation details for PD: serial_driver (0)
{
KernelUtilisation: 2902
KernelEntries: 2
NumberSchedules: 2
TotalUtilisation: 30984
}
Utilisation details for PD: serial_virt_tx (1)
{
KernelUtilisation: 4007
KernelEntries: 3
NumberSchedules: 2
TotalUtilisation: 14007
}
Utilisation details for PD: ethernet_driver (2)
{
KernelUtilisation: 521023646
KernelEntries: 726392
NumberSchedules: 580169
TotalUtilisation: 4346556726
}
Utilisation details for PD: net_virt_tx (3)
{
KernelUtilisation: 160612929
KernelEntries: 177374
NumberSchedules: 121216
TotalUtilisation: 1272783989
}
Utilisation details for PD: net_virt_rx (4)
{
KernelUtilisation: 520367903
KernelEntries: 774314
NumberSchedules: 441070
TotalUtilisation: 1763994843
}
Utilisation details for PD: client0 (5)
{
KernelUtilisation: 57829111
KernelEntries: 112582
NumberSchedules: 56836
TotalUtilisation: 3034317297
}
Utilisation details for PD: client0_net_copier (6)
{
KernelUtilisation: 326945949
KernelEntries: 574759
NumberSchedules: 332611
TotalUtilisation: 2876338980
}
Utilisation details for PD: client1 (7)
{
KernelUtilisation: 988592
KernelEntries: 1110
NumberSchedules: 1108
TotalUtilisation: 4528989
}
Utilisation details for PD: client1_net_copier (8)
{
KernelUtilisation: 50578
KernelEntries: 46
NumberSchedules: 36
TotalUtilisation: 140216
}
Utilisation details for PD: timer_driver (9)
{
KernelUtilisation: 3969035
KernelEntries: 3703
NumberSchedules: 2902
TotalUtilisation: 14195556
}
Utilization connection established!
client0 measurement starting...
client0 measurement finished 
{
L1 i-cache misses: 28652208
L1 d-cache misses: 65340090
L1 i-tlb misses: 1216884
L1 d-tlb misses: 7496885
Instructions: 3193242554
Branch mispredictions: 23550815
}
Total utilisation details: 
{
KernelUtilisation: 1373175093
KernelEntries: 1933692
NumberSchedules: 1306225
TotalUtilisation: 23396877011
}
Utilisation details for PD: serial_driver (0)
{
KernelUtilisation: 4170
KernelEntries: 2
NumberSchedules: 2
TotalUtilisation: 33274
}
Utilisation details for PD: serial_virt_tx (1)
{
KernelUtilisation: 4128
KernelEntries: 3
NumberSchedules: 2
TotalUtilisation: 13950
}
Utilisation details for PD: ethernet_driver (2)
{
KernelUtilisation: 400183146
KernelEntries: 582608
NumberSchedules: 430066
TotalUtilisation: 4493598965
}
Utilisation details for PD: net_virt_tx (3)
{
KernelUtilisation: 194931693
KernelEntries: 218878
NumberSchedules: 150040
TotalUtilisation: 1441178689
}
Utilisation details for PD: net_virt_rx (4)
{
KernelUtilisation: 421823328
KernelEntries: 604652
NumberSchedules: 380852
TotalUtilisation: 1627541042
}
Utilisation details for PD: client0 (5)
{
KernelUtilisation: 60377980
KernelEntries: 116474
NumberSchedules: 58747
TotalUtilisation: 3391869051
}
Utilisation details for PD: client0_net_copier (6)
{
KernelUtilisation: 218124186
KernelEntries: 340510
NumberSchedules: 216832
TotalUtilisation: 2890909407
}
Utilisation details for PD: client1 (7)
{
KernelUtilisation: 956406
KernelEntries: 1098
NumberSchedules: 1096
TotalUtilisation: 4588469
}
Utilisation details for PD: client1_net_copier (8)
{
KernelUtilisation: 67762
KernelEntries: 58
NumberSchedules: 44
TotalUtilisation: 202300
}
Utilisation details for PD: timer_driver (9)
{
KernelUtilisation: 4000278
KernelEntries: 3752
NumberSchedules: 2894
TotalUtilisation: 14077632
}
Utilization connection established!
client0 measurement starting...
client0 measurement finished 
{
L1 i-cache misses: 26410133
L1 d-cache misses: 67225029
L1 i-tlb misses: 1077307
L1 d-tlb misses: 7785581
Instructions: 2788294281
Branch mispredictions: 22317407
}
Total utilisation details: 
{
KernelUtilisation: 1082156936
KernelEntries: 1486138
NumberSchedules: 997899
TotalUtilisation: 23067177062
}
Utilisation details for PD: serial_driver (0)
{
KernelUtilisation: 3969
KernelEntries: 3
NumberSchedules: 3
TotalUtilisation: 32203
}
Utilisation details for PD: serial_virt_tx (1)
{
KernelUtilisation: 4321
KernelEntries: 3
NumberSchedules: 2
TotalUtilisation: 13738
}
Utilisation details for PD: ethernet_driver (2)
{
KernelUtilisation: 307359598
KernelEntries: 479574
NumberSchedules: 309487
TotalUtilisation: 4666885463
}
Utilisation details for PD: net_virt_tx (3)
{
KernelUtilisation: 201093780
KernelEntries: 220544
NumberSchedules: 151318
TotalUtilisation: 1541152356
}
Utilisation details for PD: net_virt_rx (4)
{
KernelUtilisation: 296690136
KernelEntries: 407799
NumberSchedules: 281807
TotalUtilisation: 1529342014
}
Utilisation details for PD: client0 (5)
{
KernelUtilisation: 63888584
KernelEntries: 119902
NumberSchedules: 60477
TotalUtilisation: 3756667141
}
Utilisation details for PD: client0_net_copier (6)
{
KernelUtilisation: 132273907
KernelEntries: 186165
NumberSchedules: 123539
TotalUtilisation: 2960825432
}
Utilisation details for PD: client1 (7)
{
KernelUtilisation: 821298
KernelEntries: 1065
NumberSchedules: 1064
TotalUtilisation: 4320797
}
Utilisation details for PD: client1_net_copier (8)
{
KernelUtilisation: 19854
KernelEntries: 15
NumberSchedules: 10
TotalUtilisation: 65274
}
Utilisation details for PD: timer_driver (9)
{
KernelUtilisation: 3825700
KernelEntries: 3713
NumberSchedules: 2844
TotalUtilisation: 13841851
}
Utilization connection established!
client0 measurement starting...
client0 measurement finished 
{
L1 i-cache misses: 26976249
L1 d-cache misses: 70421152
L1 i-tlb misses: 1101792
L1 d-tlb misses: 8193261
Instructions: 2419333612
Branch mispredictions: 23154849
}
Total utilisation details: 
{
KernelUtilisation: 1039860496
KernelEntries: 1449651
NumberSchedules: 939050
TotalUtilisation: 22998596585
}
Utilisation details for PD: serial_driver (0)
{
KernelUtilisation: 2802
KernelEntries: 2
NumberSchedules: 2
TotalUtilisation: 30795
}
Utilisation details for PD: serial_virt_tx (1)
{
KernelUtilisation: 4434
KernelEntries: 3
NumberSchedules: 2
TotalUtilisation: 14208
}
Utilisation details for PD: ethernet_driver (2)
{
KernelUtilisation: 283021447
KernelEntries: 448111
NumberSchedules: 270073
TotalUtilisation: 4783196336
}
Utilisation details for PD: net_virt_tx (3)
{
KernelUtilisation: 216225264
KernelEntries: 237702
NumberSchedules: 168086
TotalUtilisation: 1639100361
}
Utilisation details for PD: net_virt_rx (4)
{
KernelUtilisation: 246242971
KernelEntries: 359487
NumberSchedules: 228609
TotalUtilisation: 1532970884
}
Utilisation details for PD: client0 (5)
{
KernelUtilisation: 68741579
KernelEntries: 131760
NumberSchedules: 66554
TotalUtilisation: 3995109113
}
Utilisation details for PD: client0_net_copier (6)
{
KernelUtilisation: 139000277
KernelEntries: 196245
NumberSchedules: 130473
TotalUtilisation: 3158008780
}
Utilisation details for PD: client1 (7)
{
KernelUtilisation: 937873
KernelEntries: 1073
NumberSchedules: 1072
TotalUtilisation: 4618772
}
Utilisation details for PD: client1_net_copier (8)
{
KernelUtilisation: 53617
KernelEntries: 48
NumberSchedules: 32
TotalUtilisation: 169911
}
Utilisation details for PD: timer_driver (9)
{
KernelUtilisation: 3982735
KernelEntries: 3525
NumberSchedules: 2656
TotalUtilisation: 14144692
}
