[13:54.54] dbg: Finding plugins in /usr/lib/x86_64-linux-gnu/ipbench
[13:54.54] dbg: Checking /usr/lib/x86_64-linux-gnu/ipbench/liblatencyramp.so against latency ...
[13:54.54] dbg: Checking for header ...
[13:54.54] dbg: Checking magic number ...
[13:54.54] dbg: Checking test name |latency|latency_ramp|...
[13:54.54] dbg: latency does not match latency_ramp
[13:54.54] dbg: Checking /usr/lib/x86_64-linux-gnu/ipbench/libwrapper_target.so against latency ...
[13:54.54] dbg: /usr/lib/x86_64-linux-gnu/ipbench/libwrapper_target.so: undefined symbol: target_wrap_setup_controller
[13:54.54] dbg: Checking /usr/lib/x86_64-linux-gnu/ipbench/libwrapper_client.so against latency ...
[13:54.54] dbg: /usr/lib/x86_64-linux-gnu/ipbench/libwrapper_client.so: undefined symbol: client_wrap_setup_controller
[13:54.54] dbg: Checking /usr/lib/x86_64-linux-gnu/ipbench/libwait.so against latency ...
[13:54.54] dbg: Checking for header ...
[13:54.54] dbg: Checking magic number ...
[13:54.54] dbg: Checking test name |latency|wait|...
[13:54.54] dbg: latency does not match wait
[13:54.54] dbg: Checking /usr/lib/x86_64-linux-gnu/ipbench/libnfsstones.so against latency ...
[13:54.54] dbg: Checking for header ...
[13:54.54] dbg: Checking magic number ...
[13:54.54] dbg: Checking test name |latency|nfsstone|...
[13:54.54] dbg: latency does not match nfsstone
[13:54.54] dbg: Checking /usr/lib/x86_64-linux-gnu/ipbench/libnfs_latency.so against latency ...
[13:54.54] dbg: Checking for header ...
[13:54.54] dbg: Checking magic number ...
[13:54.54] dbg: Checking test name |latency|nfs_latency|...
[13:54.54] dbg: latency does not match nfs_latency
[13:54.54] dbg: Checking /usr/lib/x86_64-linux-gnu/ipbench/liblatencycheck.so against latency ...
[13:54.54] dbg: Checking for header ...
[13:54.54] dbg: Checking magic number ...
[13:54.54] dbg: Checking test name |latency|latency|...
[13:54.54] dbg: Test loaded
[main] setting up target 172.16.1.117
[13:54.54] dbg: Finding plugins in /usr/lib/x86_64-linux-gnu/ipbench
[13:54.54] dbg: Checking /usr/lib/x86_64-linux-gnu/ipbench/liblatencyramp.so against cpu_target_lukem ...
[13:54.54] dbg: Checking for header ...
[13:54.54] dbg: Checking magic number ...
[13:54.54] dbg: Checking test name |cpu_target_lukem|latency_ramp|...
[13:54.54] dbg: cpu_target_lukem does not match latency_ramp
[13:54.54] dbg: Checking /usr/lib/x86_64-linux-gnu/ipbench/libwrapper_target.so against cpu_target_lukem ...
[13:54.54] dbg: /usr/lib/x86_64-linux-gnu/ipbench/libwrapper_target.so: undefined symbol: target_wrap_setup_controller
[13:54.54] dbg: Checking /usr/lib/x86_64-linux-gnu/ipbench/libwrapper_client.so against cpu_target_lukem ...
[13:54.54] dbg: /usr/lib/x86_64-linux-gnu/ipbench/libwrapper_client.so: undefined symbol: client_wrap_setup_controller
[13:54.54] dbg: Checking /usr/lib/x86_64-linux-gnu/ipbench/libwait.so against cpu_target_lukem ...
[13:54.54] dbg: Checking for header ...
[13:54.54] dbg: Checking magic number ...
[13:54.54] dbg: Checking test name |cpu_target_lukem|wait|...
[13:54.54] dbg: cpu_target_lukem does not match wait
[13:54.54] dbg: Checking /usr/lib/x86_64-linux-gnu/ipbench/libnfsstones.so against cpu_target_lukem ...
[13:54.54] dbg: Checking for header ...
[13:54.54] dbg: Checking magic number ...
[13:54.54] dbg: Checking test name |cpu_target_lukem|nfsstone|...
[13:54.54] dbg: cpu_target_lukem does not match nfsstone
[13:54.54] dbg: Checking /usr/lib/x86_64-linux-gnu/ipbench/libnfs_latency.so against cpu_target_lukem ...
[13:54.54] dbg: Checking for header ...
[13:54.54] dbg: Checking magic number ...
[13:54.54] dbg: Checking test name |cpu_target_lukem|nfs_latency|...
[13:54.54] dbg: cpu_target_lukem does not match nfs_latency
[13:54.54] dbg: Checking /usr/lib/x86_64-linux-gnu/ipbench/liblatencycheck.so against cpu_target_lukem ...
[13:54.54] dbg: Checking for header ...
[13:54.54] dbg: Checking magic number ...
[13:54.54] dbg: Checking test name |cpu_target_lukem|latency|...
[13:54.54] dbg: cpu_target_lukem does not match latency
[13:54.54] dbg: Checking /usr/lib/x86_64-linux-gnu/ipbench/liblatency.so against cpu_target_lukem ...
[13:54.54] dbg: Checking for header ...
[13:54.54] dbg: Checking magic number ...
[13:54.54] dbg: Checking test name |cpu_target_lukem|latency|...
[13:54.54] dbg: cpu_target_lukem does not match latency
[13:54.54] dbg: Checking /usr/lib/x86_64-linux-gnu/ipbench/libdummy_target.so against cpu_target_lukem ...
[13:54.54] dbg: Checking for header ...
[13:54.54] dbg: Checking magic number ...
[13:54.54] dbg: Checking test name |cpu_target_lukem|dummy_target|...
[13:54.54] dbg: cpu_target_lukem does not match dummy_target
[13:54.54] dbg: Checking /usr/lib/x86_64-linux-gnu/ipbench/libdummy.so against cpu_target_lukem ...
[13:54.54] dbg: Checking for header ...
[13:54.54] dbg: Checking magic number ...
[13:54.54] dbg: Checking test name |cpu_target_lukem|dummy|...
[13:54.54] dbg: cpu_target_lukem does not match dummy
[13:54.54] dbg: Checking /usr/lib/x86_64-linux-gnu/ipbench/libdiscard.so against cpu_target_lukem ...
[13:54.54] dbg: Checking for header ...
[13:54.54] dbg: Checking magic number ...
[13:54.54] dbg: Checking test name |cpu_target_lukem|discard|...
[13:54.54] dbg: cpu_target_lukem does not match discard
[13:54.54] dbg: Checking /usr/lib/x86_64-linux-gnu/ipbench/libcpu_target_lukem.so against cpu_target_lukem ...
[13:54.54] dbg: Checking for header ...
[13:54.54] dbg: Checking magic number ...
[13:54.54] dbg: Checking test name |cpu_target_lukem|cpu_target_lukem|...
[13:54.54] dbg: Test loaded
[IpbenchTestTarget:__init__] : client 172.16.1.117
[connect] start | hostname 172.16.1.117 | port 1236 | 
[parse_return_code] :  code=100|str=IPBENCH V1.0|msg=|
[send_command] : HELLO
[parse_return_code] :  code=200|str=OK|msg=Ready to go|
[send_command] : LOAD cpu_target_lukem
[parse_return_code] :  code=200|str=OK|msg=|
[send_command] : SETUP args::""
[parse_return_code] :  code=200|str=OK|msg=|
[main] setting up client vb01
[IpbenchTestClient:__init__] : client vb01 port 8036 test_port 1235 test_args socktype=udp,bps=2500000,size=1472,warmup=10,cooldown=10,samples=50000
[connect] start | hostname vb01 | port 8036 | 
[parse_return_code] :  code=100|str=IPBENCH V1.0|msg=|
[send_command] : HELLO
[parse_return_code] :  code=200|str=OK|msg=Ready to go|
[send_command] : LOAD latency
[parse_return_code] :  code=200|str=OK|msg=|
[Setup]: target: 172.16.1.117
[Setup]: port: 1235
[Setup]: args: socktype=udp,bps=2500000,size=1472,warmup=10,cooldown=10,samples=50000
[send_command] : SETUP target::172.16.1.117||port::1235||args::"socktype=udp,bps=2500000,size=1472,warmup=10,cooldown=10,samples=50000"
