[21:32.34] dbg: Finding plugins in /usr/lib/x86_64-linux-gnu/ipbench
[21:32.34] dbg: Checking /usr/lib/x86_64-linux-gnu/ipbench/liblatencyramp.so against latency ...
[21:32.34] dbg: Checking for header ...
[21:32.34] dbg: Checking magic number ...
[21:32.34] dbg: Checking test name |latency|latency_ramp|...
[21:32.34] dbg: latency does not match latency_ramp
[21:32.34] dbg: Checking /usr/lib/x86_64-linux-gnu/ipbench/libwrapper_target.so against latency ...
[21:32.34] dbg: /usr/lib/x86_64-linux-gnu/ipbench/libwrapper_target.so: undefined symbol: target_wrap_setup_controller
[21:32.34] dbg: Checking /usr/lib/x86_64-linux-gnu/ipbench/libwrapper_client.so against latency ...
[21:32.34] dbg: /usr/lib/x86_64-linux-gnu/ipbench/libwrapper_client.so: undefined symbol: client_wrap_setup_controller
[21:32.34] dbg: Checking /usr/lib/x86_64-linux-gnu/ipbench/libwait.so against latency ...
[21:32.34] dbg: Checking for header ...
[21:32.34] dbg: Checking magic number ...
[21:32.34] dbg: Checking test name |latency|wait|...
[21:32.34] dbg: latency does not match wait
[21:32.34] dbg: Checking /usr/lib/x86_64-linux-gnu/ipbench/libnfsstones.so against latency ...
[21:32.34] dbg: Checking for header ...
[21:32.34] dbg: Checking magic number ...
[21:32.34] dbg: Checking test name |latency|nfsstone|...
[21:32.34] dbg: latency does not match nfsstone
[21:32.34] dbg: Checking /usr/lib/x86_64-linux-gnu/ipbench/libnfs_latency.so against latency ...
[21:32.34] dbg: Checking for header ...
[21:32.34] dbg: Checking magic number ...
[21:32.34] dbg: Checking test name |latency|nfs_latency|...
[21:32.34] dbg: latency does not match nfs_latency
[21:32.34] dbg: Checking /usr/lib/x86_64-linux-gnu/ipbench/liblatencycheck.so against latency ...
[21:32.34] dbg: Checking for header ...
[21:32.34] dbg: Checking magic number ...
[21:32.34] dbg: Checking test name |latency|latency|...
[21:32.34] dbg: Test loaded
[main] setting up target 172.16.1.88
[21:32.34] dbg: Finding plugins in /usr/lib/x86_64-linux-gnu/ipbench
[21:32.34] dbg: Checking /usr/lib/x86_64-linux-gnu/ipbench/liblatencyramp.so against cpu_target_lukem ...
[21:32.34] dbg: Checking for header ...
[21:32.34] dbg: Checking magic number ...
[21:32.34] dbg: Checking test name |cpu_target_lukem|latency_ramp|...
[21:32.34] dbg: cpu_target_lukem does not match latency_ramp
[21:32.34] dbg: Checking /usr/lib/x86_64-linux-gnu/ipbench/libwrapper_target.so against cpu_target_lukem ...
[21:32.34] dbg: /usr/lib/x86_64-linux-gnu/ipbench/libwrapper_target.so: undefined symbol: target_wrap_setup_controller
[21:32.34] dbg: Checking /usr/lib/x86_64-linux-gnu/ipbench/libwrapper_client.so against cpu_target_lukem ...
[21:32.34] dbg: /usr/lib/x86_64-linux-gnu/ipbench/libwrapper_client.so: undefined symbol: client_wrap_setup_controller
[21:32.34] dbg: Checking /usr/lib/x86_64-linux-gnu/ipbench/libwait.so against cpu_target_lukem ...
[21:32.34] dbg: Checking for header ...
[21:32.34] dbg: Checking magic number ...
[21:32.34] dbg: Checking test name |cpu_target_lukem|wait|...
[21:32.34] dbg: cpu_target_lukem does not match wait
[21:32.34] dbg: Checking /usr/lib/x86_64-linux-gnu/ipbench/libnfsstones.so against cpu_target_lukem ...
[21:32.34] dbg: Checking for header ...
[21:32.34] dbg: Checking magic number ...
[21:32.34] dbg: Checking test name |cpu_target_lukem|nfsstone|...
[21:32.34] dbg: cpu_target_lukem does not match nfsstone
[21:32.34] dbg: Checking /usr/lib/x86_64-linux-gnu/ipbench/libnfs_latency.so against cpu_target_lukem ...
[21:32.34] dbg: Checking for header ...
[21:32.34] dbg: Checking magic number ...
[21:32.34] dbg: Checking test name |cpu_target_lukem|nfs_latency|...
[21:32.34] dbg: cpu_target_lukem does not match nfs_latency
[21:32.34] dbg: Checking /usr/lib/x86_64-linux-gnu/ipbench/liblatencycheck.so against cpu_target_lukem ...
[21:32.34] dbg: Checking for header ...
[21:32.34] dbg: Checking magic number ...
[21:32.34] dbg: Checking test name |cpu_target_lukem|latency|...
[21:32.34] dbg: cpu_target_lukem does not match latency
[21:32.34] dbg: Checking /usr/lib/x86_64-linux-gnu/ipbench/liblatency.so against cpu_target_lukem ...
[21:32.34] dbg: Checking for header ...
[21:32.34] dbg: Checking magic number ...
[21:32.34] dbg: Checking test name |cpu_target_lukem|latency|...
[21:32.34] dbg: cpu_target_lukem does not match latency
[21:32.34] dbg: Checking /usr/lib/x86_64-linux-gnu/ipbench/libdummy_target.so against cpu_target_lukem ...
[21:32.34] dbg: Checking for header ...
[21:32.34] dbg: Checking magic number ...
[21:32.34] dbg: Checking test name |cpu_target_lukem|dummy_target|...
[21:32.34] dbg: cpu_target_lukem does not match dummy_target
[21:32.34] dbg: Checking /usr/lib/x86_64-linux-gnu/ipbench/libdummy.so against cpu_target_lukem ...
[21:32.34] dbg: Checking for header ...
[21:32.34] dbg: Checking magic number ...
[21:32.34] dbg: Checking test name |cpu_target_lukem|dummy|...
[21:32.34] dbg: cpu_target_lukem does not match dummy
[21:32.34] dbg: Checking /usr/lib/x86_64-linux-gnu/ipbench/libdiscard.so against cpu_target_lukem ...
[21:32.34] dbg: Checking for header ...
[21:32.34] dbg: Checking magic number ...
[21:32.34] dbg: Checking test name |cpu_target_lukem|discard|...
[21:32.34] dbg: cpu_target_lukem does not match discard
[21:32.34] dbg: Checking /usr/lib/x86_64-linux-gnu/ipbench/libcpu_target_lukem.so against cpu_target_lukem ...
[21:32.34] dbg: Checking for header ...
[21:32.34] dbg: Checking magic number ...
[21:32.34] dbg: Checking test name |cpu_target_lukem|cpu_target_lukem|...
[21:32.34] dbg: Test loaded
[IpbenchTestTarget:__init__] : client 172.16.1.88
[connect] start | hostname 172.16.1.88 | port 1236 | 
[parse_return_code] :  code=100|str=IPBENCH V1.0|msg=|
[send_command] : HELLO
[parse_return_code] :  code=200|str=OK|msg=Ready to go|
[send_command] : LOAD cpu_target_lukem
[parse_return_code] :  code=200|str=OK|msg=|
[send_command] : SETUP args::""
[parse_return_code] :  code=200|str=OK|msg=|
[main] setting up client vb01
[IpbenchTestClient:__init__] : client vb01 port 8036 test_port 1235 test_args socktype=udp,bps=250000000,size=1472,warmup=10,cooldown=10,samples=50000
[connect] start | hostname vb01 | port 8036 | 
[parse_return_code] :  code=100|str=IPBENCH V1.0|msg=|
[send_command] : HELLO
[parse_return_code] :  code=200|str=OK|msg=Ready to go|
[send_command] : LOAD latency
[parse_return_code] :  code=200|str=OK|msg=|
[Setup]: target: 172.16.1.88
[Setup]: port: 1235
[Setup]: args: socktype=udp,bps=250000000,size=1472,warmup=10,cooldown=10,samples=50000
[send_command] : SETUP target::172.16.1.88||port::1235||args::"socktype=udp,bps=250000000,size=1472,warmup=10,cooldown=10,samples=50000"
[parse_return_code] :  code=200|str=OK|msg=|
[main] setting up client vb02
[IpbenchTestClient:__init__] : client vb02 port 8036 test_port 1235 test_args socktype=udp,bps=250000000,size=1472,warmup=10,cooldown=10,samples=50000
[connect] start | hostname vb02 | port 8036 | 
[parse_return_code] :  code=100|str=IPBENCH V1.0|msg=|
[send_command] : HELLO
[parse_return_code] :  code=200|str=OK|msg=Ready to go|
[send_command] : LOAD latency
[parse_return_code] :  code=200|str=OK|msg=|
[Setup]: target: 172.16.1.88
[Setup]: port: 1235
[Setup]: args: socktype=udp,bps=250000000,size=1472,warmup=10,cooldown=10,samples=50000
[send_command] : SETUP target::172.16.1.88||port::1235||args::"socktype=udp,bps=250000000,size=1472,warmup=10,cooldown=10,samples=50000"
[parse_return_code] :  code=200|str=OK|msg=|
[main] setting up client vb03
[IpbenchTestClient:__init__] : client vb03 port 8036 test_port 1235 test_args socktype=udp,bps=250000000,size=1472,warmup=10,cooldown=10,samples=50000
[connect] start | hostname vb03 | port 8036 | 
[parse_return_code] :  code=100|str=IPBENCH V1.0|msg=|
[send_command] : HELLO
[parse_return_code] :  code=200|str=OK|msg=Ready to go|
[send_command] : LOAD latency
[parse_return_code] :  code=200|str=OK|msg=|
[Setup]: target: 172.16.1.88
[Setup]: port: 1235
[Setup]: args: socktype=udp,bps=250000000,size=1472,warmup=10,cooldown=10,samples=50000
[send_command] : SETUP target::172.16.1.88||port::1235||args::"socktype=udp,bps=250000000,size=1472,warmup=10,cooldown=10,samples=50000"
[parse_return_code] :  code=200|str=OK|msg=|
[main] setting up client vb04
[IpbenchTestClient:__init__] : client vb04 port 8036 test_port 1235 test_args socktype=udp,bps=250000000,size=1472,warmup=10,cooldown=10,samples=50000
[connect] start | hostname vb04 | port 8036 | 
[parse_return_code] :  code=100|str=IPBENCH V1.0|msg=|
[send_command] : HELLO
[parse_return_code] :  code=200|str=OK|msg=Ready to go|
[send_command] : LOAD latency
[parse_return_code] :  code=200|str=OK|msg=|
[Setup]: target: 172.16.1.88
[Setup]: port: 1235
[Setup]: args: socktype=udp,bps=250000000,size=1472,warmup=10,cooldown=10,samples=50000
[send_command] : SETUP target::172.16.1.88||port::1235||args::"socktype=udp,bps=250000000,size=1472,warmup=10,cooldown=10,samples=50000"
[parse_return_code] :  code=200|str=OK|msg=|
[send_command] : START
[main] client vb01 start
[send_command] : START
[main] client vb02 start
[send_command] : START
[main] client vb03 start
[send_command] : START
[main] client vb04 start
[send_command] : START
[unmarshall] client vb02 unmarshall 
[parse_return_code] :  code=220|str=VALID DATA|msg=Data to follow|
[unmarshall] client vb02 content-length: 400072
[unmarshall] client vb02 len(201) < 400072
[unmarshall] got 56248 new bytes 
[unmarshall] client vb02 len(56449) < 400072
[unmarshall] got 1448 new bytes 
[unmarshall] client vb02 len(57897) < 400072
[unmarshall] got 1448 new bytes 
[unmarshall] client vb02 len(59345) < 400072
[unmarshall] got 2896 new bytes 
[unmarshall] client vb02 len(62241) < 400072
[unmarshall] got 1448 new bytes 
[unmarshall] client vb02 len(63689) < 400072
[unmarshall] got 1448 new bytes 
[unmarshall] client vb02 len(65137) < 400072
[unmarshall] got 1448 new bytes 
[unmarshall] client vb02 len(66585) < 400072
[unmarshall] got 1448 new bytes 
[unmarshall] client vb02 len(68033) < 400072
[unmarshall] got 1448 new bytes 
[unmarshall] client vb02 len(69481) < 400072
[unmarshall] got 1448 new bytes 
[unmarshall] client vb02 len(70929) < 400072
[unmarshall] got 1448 new bytes 
[unmarshall] client vb02 len(72377) < 400072
[unmarshall] got 1448 new bytes 
[unmarshall] client vb02 len(73825) < 400072
[unmarshall] got 1448 new bytes 
[unmarshall] client vb02 len(75273) < 400072
[unmarshall] got 1448 new bytes 
[unmarshall] client vb02 len(76721) < 400072
[unmarshall] got 1448 new bytes 
[unmarshall] client vb02 len(78169) < 400072
[unmarshall] got 1448 new bytes 
[unmarshall] client vb02 len(79617) < 400072
[unmarshall] got 1448 new bytes 
[unmarshall] client vb02 len(81065) < 400072
[unmarshall] got 1448 new bytes 
[unmarshall] client vb02 len(82513) < 400072
[unmarshall] got 1448 new bytes 
[unmarshall] client vb02 len(83961) < 400072
[unmarshall] got 1448 new bytes 
[unmarshall] client vb02 len(85409) < 400072
[unmarshall] got 1448 new bytes 
[unmarshall] client vb02 len(86857) < 400072
[unmarshall] got 1448 new bytes 
[unmarshall] client vb02 len(88305) < 400072
[unmarshall] got 1448 new bytes 
[unmarshall] client vb02 len(89753) < 400072
[unmarshall] got 1448 new bytes 
[unmarshall] client vb02 len(91201) < 400072
[unmarshall] got 1448 new bytes 
[unmarshall] client vb02 len(92649) < 400072
[unmarshall] got 5792 new bytes 
[unmarshall] client vb02 len(98441) < 400072
[unmarshall] got 1448 new bytes 
[unmarshall] client vb02 len(99889) < 400072
[unmarshall] got 1448 new bytes 
[unmarshall] client vb02 len(101337) < 400072
[unmarshall] got 1448 new bytes 
[unmarshall] client vb02 len(102785) < 400072
[unmarshall] got 1448 new bytes 
[unmarshall] client vb02 len(104233) < 400072
[unmarshall] got 1448 new bytes 
[unmarshall] client vb02 len(105681) < 400072
[unmarshall] got 1448 new bytes 
[unmarshall] client vb02 len(107129) < 400072
[unmarshall] got 1448 new bytes 
[unmarshall] client vb02 len(108577) < 400072
[unmarshall] got 1448 new bytes 
[unmarshall] client vb02 len(110025) < 400072
[unmarshall] got 1448 new bytes 
[unmarshall] client vb02 len(111473) < 400072
[unmarshall] got 1448 new bytes 
[unmarshall] client vb02 len(112921) < 400072
[unmarshall] got 1448 new bytes 
[unmarshall] client vb02 len(114369) < 400072
[unmarshall] got 1448 new bytes 
[unmarshall] client vb02 len(115817) < 400072
[unmarshall] got 1448 new bytes 
[unmarshall] client vb02 len(117265) < 400072
[unmarshall] got 1448 new bytes 
[unmarshall] client vb02 len(118713) < 400072
[unmarshall] got 1448 new bytes 
[unmarshall] client vb02 len(120161) < 400072
[unmarshall] got 1448 new bytes 
[unmarshall] client vb02 len(121609) < 400072
[unmarshall] got 1448 new bytes 
[unmarshall] client vb02 len(123057) < 400072
[unmarshall] got 1448 new bytes 
[unmarshall] client vb02 len(124505) < 400072
[unmarshall] got 1448 new bytes 
[unmarshall] client vb02 len(125953) < 400072
[unmarshall] got 1448 new bytes 
[unmarshall] client vb02 len(127401) < 400072
[unmarshall] got 1448 new bytes 
[unmarshall] client vb02 len(128849) < 400072
[unmarshall] got 1448 new bytes 
[unmarshall] client vb02 len(130297) < 400072
[unmarshall] got 1448 new bytes 
[unmarshall] client vb02 len(131745) < 400072
[unmarshall] got 1448 new bytes 
[unmarshall] client vb02 len(133193) < 400072
[unmarshall] got 1448 new bytes 
[unmarshall] client vb02 len(134641) < 400072
[unmarshall] got 1448 new bytes 
[unmarshall] client vb02 len(136089) < 400072
[unmarshall] got 1448 new bytes 
[unmarshall] client vb02 len(137537) < 400072
[unmarshall] got 1448 new bytes 
[unmarshall] client vb02 len(138985) < 400072
[unmarshall] got 1448 new bytes 
[unmarshall] client vb02 len(140433) < 400072
[unmarshall] got 1448 new bytes 
[unmarshall] client vb02 len(141881) < 400072
[unmarshall] got 1448 new bytes 
[unmarshall] client vb02 len(143329) < 400072
[unmarshall] got 1448 new bytes 
[unmarshall] client vb02 len(144777) < 400072
[unmarshall] got 1448 new bytes 
[unmarshall] client vb02 len(146225) < 400072
[unmarshall] got 1448 new bytes 
[unmarshall] client vb02 len(147673) < 400072
[unmarshall] got 1448 new bytes 
[unmarshall] client vb02 len(149121) < 400072
[unmarshall] got 1448 new bytes 
[unmarshall] client vb02 len(150569) < 400072
[unmarshall] got 1448 new bytes 
[unmarshall] client vb02 len(152017) < 400072
[unmarshall] got 1448 new bytes 
[unmarshall] client vb02 len(153465) < 400072
[unmarshall] got 2896 new bytes 
[unmarshall] client vb02 len(156361) < 400072
[unmarshall] got 1448 new bytes 
[unmarshall] client vb02 len(157809) < 400072
[unmarshall] got 1448 new bytes 
[unmarshall] client vb02 len(159257) < 400072
[unmarshall] got 1448 new bytes 
[unmarshall] client vb02 len(160705) < 400072
[unmarshall] got 1448 new bytes 
[unmarshall] client vb02 len(162153) < 400072
[unmarshall] got 2896 new bytes 
[unmarshall] client vb02 len(165049) < 400072
[unmarshall] got 1448 new bytes 
[unmarshall] client vb02 len(166497) < 400072
[unmarshall] got 1448 new bytes 
[unmarshall] client vb02 len(167945) < 400072
[unmarshall] got 1448 new bytes 
[unmarshall] client vb02 len(169393) < 400072
[unmarshall] got 1448 new bytes 
[unmarshall] client vb02 len(170841) < 400072
[unmarshall] got 2896 new bytes 
[unmarshall] client vb02 len(173737) < 400072
[unmarshall] got 1448 new bytes 
[unmarshall] client vb02 len(175185) < 400072
[unmarshall] got 1448 new bytes 
[unmarshall] client vb02 len(176633) < 400072
[unmarshall] got 1448 new bytes 
[unmarshall] client vb02 len(178081) < 400072
[unmarshall] got 1448 new bytes 
[unmarshall] client vb02 len(179529) < 400072
[unmarshall] got 2896 new bytes 
[unmarshall] client vb02 len(182425) < 400072
[unmarshall] got 1448 new bytes 
[unmarshall] client vb02 len(183873) < 400072
[unmarshall] got 1448 new bytes 
[unmarshall] client vb02 len(185321) < 400072
[unmarshall] got 1448 new bytes 
[unmarshall] client vb02 len(186769) < 400072
[unmarshall] got 1448 new bytes 
[unmarshall] client vb02 len(188217) < 400072
[unmarshall] got 2896 new bytes 
[unmarshall] client vb02 len(191113) < 400072
[unmarshall] got 1448 new bytes 
[unmarshall] client vb02 len(192561) < 400072
[unmarshall] got 1448 new bytes 
[unmarshall] client vb02 len(194009) < 400072
[unmarshall] got 1448 new bytes 
[unmarshall] client vb02 len(195457) < 400072
[unmarshall] got 2896 new bytes 
[unmarshall] client vb02 len(198353) < 400072
[unmarshall] got 1448 new bytes 
[unmarshall] client vb02 len(199801) < 400072
[unmarshall] got 1448 new bytes 
[unmarshall] client vb02 len(201249) < 400072
[unmarshall] got 1448 new bytes 
[unmarshall] client vb02 len(202697) < 400072
[unmarshall] got 1448 new bytes 
[unmarshall] client vb02 len(204145) < 400072
[unmarshall] got 2896 new bytes 
[unmarshall] client vb02 len(207041) < 400072
[unmarshall] got 1448 new bytes 
[unmarshall] client vb02 len(208489) < 400072
[unmarshall] got 1448 new bytes 
[unmarshall] client vb02 len(209937) < 400072
[unmarshall] got 1448 new bytes 
[unmarshall] client vb02 len(211385) < 400072
[unmarshall] got 1448 new bytes 
[unmarshall] client vb02 len(212833) < 400072
[unmarshall] got 2896 new bytes 
[unmarshall] client vb02 len(215729) < 400072
[unmarshall] got 2896 new bytes 
[unmarshall] client vb02 len(218625) < 400072
[unmarshall] got 2896 new bytes 
[unmarshall] client vb02 len(221521) < 400072
[unmarshall] got 4344 new bytes 
[unmarshall] client vb02 len(225865) < 400072
[unmarshall] got 2896 new bytes 
[unmarshall] client vb02 len(228761) < 400072
[unmarshall] got 2896 new bytes 
[unmarshall] client vb02 len(231657) < 400072
[unmarshall] got 1448 new bytes 
[unmarshall] client vb02 len(233105) < 400072
[unmarshall] got 1448 new bytes 
[unmarshall] client vb02 len(234553) < 400072
[unmarshall] got 1448 new bytes 
[unmarshall] client vb02 len(236001) < 400072
[unmarshall] got 1448 new bytes 
[unmarshall] client vb02 len(237449) < 400072
[unmarshall] got 4344 new bytes 
[unmarshall] client vb02 len(241793) < 400072
[unmarshall] got 1448 new bytes 
[unmarshall] client vb02 len(243241) < 400072
[unmarshall] got 4344 new bytes 
[unmarshall] client vb02 len(247585) < 400072
[unmarshall] got 4344 new bytes 
[unmarshall] client vb02 len(251929) < 400072
[unmarshall] got 1448 new bytes 
[unmarshall] client vb02 len(253377) < 400072
[unmarshall] got 4344 new bytes 
[unmarshall] client vb02 len(257721) < 400072
[unmarshall] got 1448 new bytes 
[unmarshall] client vb02 len(259169) < 400072
[unmarshall] got 1448 new bytes 
[unmarshall] client vb02 len(260617) < 400072
[unmarshall] got 1448 new bytes 
[unmarshall] client vb02 len(262065) < 400072
[unmarshall] got 1448 new bytes 
[unmarshall] client vb02 len(263513) < 400072
[unmarshall] got 4344 new bytes 
[unmarshall] client vb02 len(267857) < 400072
[unmarshall] got 4344 new bytes 
[unmarshall] client vb02 len(272201) < 400072
[unmarshall] got 4344 new bytes 
[unmarshall] client vb02 len(276545) < 400072
[unmarshall] got 4344 new bytes 
[unmarshall] client vb02 len(280889) < 400072
[unmarshall] got 4344 new bytes 
[unmarshall] client vb02 len(285233) < 400072
[unmarshall] got 4344 new bytes 
[unmarshall] client vb02 len(289577) < 400072
[unmarshall] got 4344 new bytes 
[unmarshall] client vb02 len(293921) < 400072
[unmarshall] got 4344 new bytes 
[unmarshall] client vb02 len(298265) < 400072
[unmarshall] got 5792 new bytes 
[unmarshall] client vb02 len(304057) < 400072
[unmarshall] got 4344 new bytes 
[unmarshall] client vb02 len(308401) < 400072
[unmarshall] got 4344 new bytes 
[unmarshall] client vb02 len(312745) < 400072
[unmarshall] got 5792 new bytes 
[unmarshall] client vb02 len(318537) < 400072
[unmarshall] got 5792 new bytes 
[unmarshall] client vb02 len(324329) < 400072
[unmarshall] got 4344 new bytes 
[unmarshall] client vb02 len(328673) < 400072
[unmarshall] got 5792 new bytes 
[unmarshall] client vb02 len(334465) < 400072
[unmarshall] got 4344 new bytes 
[unmarshall] client vb02 len(338809) < 400072
[unmarshall] got 5792 new bytes 
[unmarshall] client vb02 len(344601) < 400072
[unmarshall] got 4344 new bytes 
[unmarshall] client vb02 len(348945) < 400072
[unmarshall] got 5792 new bytes 
[unmarshall] client vb02 len(354737) < 400072
[unmarshall] got 5792 new bytes 
[unmarshall] client vb02 len(360529) < 400072
[unmarshall] got 5792 new bytes 
[unmarshall] client vb02 len(366321) < 400072
[unmarshall] got 8688 new bytes 
[unmarshall] client vb02 len(375009) < 400072
[unmarshall] got 11584 new bytes 
[unmarshall] client vb02 len(386593) < 400072
[unmarshall] got 11584 new bytes 
[unmarshall] client vb02 len(398177) < 400072
[unmarshall] got 1895 new bytes 
[21:33.35] dbg: [unmarshall] data for client 1 "" [len 400072] [invalid]
[21:33.35] dbg: Latency unmarshall arguments.
[21:33.35] dbg: Unmarshalling 50000 samples
[unmarshall] client vb04 unmarshall 
[parse_return_code] :  code=220|str=VALID DATA|msg=Data to follow|
[unmarshall] client vb04 content-length: 400072
[unmarshall] client vb04 len(201) < 400072
[unmarshall] got 96080 new bytes 
[unmarshall] client vb04 len(96281) < 400072
[unmarshall] got 56472 new bytes 
[unmarshall] client vb04 len(152753) < 400072
[unmarshall] got 26216 new bytes 
[unmarshall] client vb04 len(178969) < 400072
[unmarshall] got 43440 new bytes 
[unmarshall] client vb04 len(222409) < 400072
[unmarshall] got 28960 new bytes 
[unmarshall] client vb04 len(251369) < 400072
[unmarshall] got 62112 new bytes 
[unmarshall] client vb04 len(313481) < 400072
[unmarshall] got 62264 new bytes 
[unmarshall] client vb04 len(375745) < 400072
[unmarshall] got 24327 new bytes 
[21:33.35] dbg: [unmarshall] data for client 3 "" [len 400072] [invalid]
[21:33.35] dbg: Latency unmarshall arguments.
[21:33.35] dbg: Unmarshalling 50000 samples
[unmarshall] client vb01 unmarshall 
[parse_return_code] :  code=220|str=VALID DATA|msg=Data to follow|
[unmarshall] client vb01 content-length: 400072
[unmarshall] client vb01 len(201) < 400072
[unmarshall] got 128055 new bytes 
[unmarshall] client vb01 len(128256) < 400072
[unmarshall] got 94720 new bytes 
[unmarshall] client vb01 len(222976) < 400072
[unmarshall] got 94720 new bytes 
[unmarshall] client vb01 len(317696) < 400072
[unmarshall] got 82376 new bytes 
[21:33.35] dbg: [unmarshall] data for client 0 "" [len 400072] [invalid]
[21:33.35] dbg: Latency unmarshall arguments.
[21:33.35] dbg: Unmarshalling 50000 samples
[unmarshall] client vb03 unmarshall 
[parse_return_code] :  code=220|str=VALID DATA|msg=Data to follow|
[unmarshall] client vb03 content-length: 400072
[unmarshall] client vb03 len(201) < 400072
[unmarshall] got 96040 new bytes 
[unmarshall] client vb03 len(96241) < 400072
[unmarshall] got 56472 new bytes 
[unmarshall] client vb03 len(152713) < 400072
[unmarshall] got 26216 new bytes 
[unmarshall] client vb03 len(178929) < 400072
[unmarshall] got 56472 new bytes 
[unmarshall] client vb03 len(235401) < 400072
[unmarshall] got 62264 new bytes 
[unmarshall] client vb03 len(297665) < 400072
[unmarshall] got 52128 new bytes 
[unmarshall] client vb03 len(349793) < 400072
[unmarshall] got 50279 new bytes 
[21:33.35] dbg: [unmarshall] data for client 2 "" [len 400072] [invalid]
[21:33.35] dbg: Latency unmarshall arguments.
[21:33.35] dbg: Unmarshalling 50000 samples
[send_command] : STOP
[unmarshall] client 172.16.1.88 unmarshall 
[parse_return_code] :  code=220|str=VALID DATA|msg=Data to follow|
[unmarshall] client 172.16.1.88 content-length: 24
[21:33.35] dbg: [unmarshall] data for target ",7508479424,27668498831" [len 24] [invalid]
[21:33.35] dbg: [cpu_target_lukem_unmarhsall] start
[21:33.35] dbg: [cpu_target_lukem_unmarshall] cpu usage ,7508479424,27668498831
[21:33.35] dbg: Latency begin output function
[send_command] : QUIT
[send_command] : QUIT
[send_command] : QUIT
[send_command] : QUIT
[send_command] : QUIT
b'100 IPBENCH V1.0\n'
b'100 IPBENCH V1.0\n'
b'100 IPBENCH V1.0\n'
b'100 IPBENCH V1.0\n'
b'100 IPBENCH V1.0\n'
b'100 IPBENCH V1.0\n'
b'100 IPBENCH V1.0\n'
b'100 IPBENCH V1.0\n'
Requested_Throughput,Receive_Throughput,Send_Throughput,Packet_Size,Minimum_RTT,Average_RTT,Maximum_RTT,Stdev_RTT,Median_RTT,Bad_Packets,Idle_Cycles,Total_Cycles
 1000000000,958347538,999996874,1472,2345,3091,5321,104.84,3082,0,7508479424,27668498831

b'100 IPBENCH V1.0\n'
b'100 IPBENCH V1.0\n'
b'100 IPBENCH V1.0\n'
b'100 IPBENCH V1.0\n'
Result Summary:
Requested_Throughput,Receive_Throughput,Send_Throughput,Packet_Size,Minimum_RTT,Average_RTT,Maximum_RTT,Stdev_RTT,Median_RTT,Bad_Packets,Idle_Cycles,Total_Cycles
1000000000,958347538,999996874,1472,2345,3091,5321,104.84,3082,0,7508479424,27668498831

