co
^Eco
[Enter `^Ec?' for help]
[connecting...up]

U-Boot SPL 2018.03 (Jan 14 2020 - 02:43:08 +0000)
power_bd71837_init
set buck8 to 1.2v for DDR4
DDRINFO: start lpddr4 ddr init
DRAM PHY training for 2400MTS
check ddr4_pmu_train_imem code
check ddr4_pmu_train_imem code pass
check ddr4_pmu_train_dmem code
check ddr4_pmu_train_dmem code pass
Training PASS
DRAM PHY training for 1600MTS
check ddr4_pmu_train_imem code
check ddr4_pmu_train_imem code pass
check ddr4_pmu_train_dmem code
check ddr4_pmu_train_dmem code pass
Training PASS
DRAM PHY training for 1064MTS
check ddr4_pmu_train_imem code
check ddr4_pmu_train_imem code pass
check ddr4_pmu_train_dmem code
check ddr4_pmu_train_dmem code pass
Training PASS
DRAM PHY training for 2400MTS
check ddr4_pmu_train_imem code
check ddr4_pmu_train_imem code pass
check ddr4_pmu_train_dmem code
check ddr4_pmu_train_dmem code pass
Training PASS
DDRINFO:ddrphy calibration done
DDRINFO: ddrmix config done
Normal Boot
Trying to boot from MMC1


U-Boot 2018.03 (Jan 14 2020 - 02:43:08 +0000)

CPU:   Freescale i.MX8MQ rev2.1 1500 MHz (running at 1000 MHz)
CPU:   Commercial temperature grade (0C to 95C) at 49C
Reset cause: POR
Model: Freescale i.MX8MQ EVK
DRAM:  2 GiB
MMC:   FSL_SDHC: 0
Loading Environment from MMC... OK
No panel detected: default to HDMI
Display: HDMI (1280x720)
In:    serial
Out:   serial
Err:   serial

 BuildInfo:
  - ATF d6451cc
  - U-Boot 2018.03

switch to partitions #0, OK
mmc0 is current device
flash target is MMC:0
Net:   
Warning: ethernet@30be0000 (eth0) using random MAC address - 7a:16:9d:40:15:68
eth0: ethernet@30be0000
Fastboot: Normal
Normal Boot
Hit any key to stop autoboot:  2  
 0 
u-boot=> 
u-boot=> setenv loadaddr 0x50000000
dhcp
setenv loadaddr 0x50000000
u-boot=> dhcp
ethernet@30be0000 Waiting for PHY auto negotiation to complete.... done
BOOTP broadcast 1
BOOTP broadcast 2
BOOTP broadcast 3
BOOTP broadcast 4
BOOTP broadcast 5
BOOTP broadcast 6
DHCP client bound to address 172.16.1.49 (5770 ms)
*** Warning: no boot file name; using 'AC100131.img'
Using ethernet@30be0000 device
TFTP from server 172.16.0.2; our IP address is 172.16.1.49
Filename 'AC100131.img'.
Load address: 0x50000000
Loading: *
TFTP error: 'File not found' (1)
Not retrying...
u-boot=> tftp ${loadaddr} /maaxboard2/sel4-image
tftp ${loadaddr} /maaxboard2/sel4-image
Using ethernet@30be0000 device
TFTP from server 172.16.0.2; our IP address is 172.16.1.49
Filename '/maaxboard2/sel4-image'.
Load address: 0x50000000
Loading: *#################################################################
	 #################################################################
	 #################################################################
	 #################################################################
	 #################################################################
	 #################################################################
	 #################################################################
	 ####################################
	 12.2 MiB/s
done
Bytes transferred = 7204176 (6ded50 hex)
u-boot=> go ${loadaddr}
go ${loadaddr}
## Starting application at 0x50000000 ...
BENCH|LOG: MICROKIT_CONFIG_benchmark defined
BENCH|LOG: CONFIG_BENCHMARK_TRACK_UTILISATION defined
DHCP request finished, IP address for netif client1 is: 172.16.1.151
DHCP request finished, IP address for netif client0 is: 172.16.1.152
Utilization connection established!
client0 measurement starting...
client0 measurement finished 
{
L1 i-cache misses: 24782242
L1 d-cache misses: 69505599
L1 i-tlb misses: 1039810
L1 d-tlb misses: 8085343
Instructions: 1296047503
Branch mispredictions: 33102838
}
Total utilisation details: 
{
KernelUtilisation: 838336566
KernelEntries: 1061194
NumberSchedules: 862523
TotalUtilisation: 23053120109
}
Utilisation details for PD: serial_driver (0)
{
KernelUtilisation: 5821
KernelEntries: 3
NumberSchedules: 3
TotalUtilisation: 30481
}
Utilisation details for PD: serial_virt_tx (1)
{
KernelUtilisation: 4317
KernelEntries: 3
NumberSchedules: 2
TotalUtilisation: 13048
}
Utilisation details for PD: ethernet_driver (2)
{
KernelUtilisation: 252542986
KernelEntries: 417749
NumberSchedules: 237820
TotalUtilisation: 4807918342
}
Utilisation details for PD: net_virt_tx (3)
{
KernelUtilisation: 175015775
KernelEntries: 164354
NumberSchedules: 162546
TotalUtilisation: 1715440588
}
Utilisation details for PD: net_virt_rx (4)
{
KernelUtilisation: 174712088
KernelEntries: 200587
NumberSchedules: 200148
TotalUtilisation: 1917727162
}
Utilisation details for PD: client0 (5)
{
KernelUtilisation: 49348396
KernelEntries: 79553
NumberSchedules: 64013
TotalUtilisation: 3907365149
}
Utilisation details for PD: client0_net_copier (6)
{
KernelUtilisation: 108499425
KernelEntries: 126205
NumberSchedules: 126039
TotalUtilisation: 3900159216
}
Utilisation details for PD: client1 (7)
{
KernelUtilisation: 889032
KernelEntries: 1087
NumberSchedules: 1087
TotalUtilisation: 4146268
}
Utilisation details for PD: client1_net_copier (8)
{
KernelUtilisation: 82910
KernelEntries: 64
NumberSchedules: 64
TotalUtilisation: 318184
}
Utilisation details for PD: timer_driver (9)
{
KernelUtilisation: 3741810
KernelEntries: 3422
NumberSchedules: 2717
TotalUtilisation: 11670109
}
