[22:30.18] dbg: Finding plugins in /usr/lib/x86_64-linux-gnu/ipbench
[22:30.18] dbg: Checking /usr/lib/x86_64-linux-gnu/ipbench/liblatencyramp.so against latency ...
[22:30.18] dbg: Checking for header ...
[22:30.18] dbg: Checking magic number ...
[22:30.18] dbg: Checking test name |latency|latency_ramp|...
[22:30.18] dbg: latency does not match latency_ramp
[22:30.18] dbg: Checking /usr/lib/x86_64-linux-gnu/ipbench/libwrapper_target.so against latency ...
[22:30.18] dbg: /usr/lib/x86_64-linux-gnu/ipbench/libwrapper_target.so: undefined symbol: target_wrap_setup_controller
[22:30.18] dbg: Checking /usr/lib/x86_64-linux-gnu/ipbench/libwrapper_client.so against latency ...
[22:30.18] dbg: /usr/lib/x86_64-linux-gnu/ipbench/libwrapper_client.so: undefined symbol: client_wrap_setup_controller
[22:30.18] dbg: Checking /usr/lib/x86_64-linux-gnu/ipbench/libwait.so against latency ...
[22:30.18] dbg: Checking for header ...
[22:30.18] dbg: Checking magic number ...
[22:30.18] dbg: Checking test name |latency|wait|...
[22:30.18] dbg: latency does not match wait
[22:30.18] dbg: Checking /usr/lib/x86_64-linux-gnu/ipbench/libnfsstones.so against latency ...
[22:30.18] dbg: Checking for header ...
[22:30.18] dbg: Checking magic number ...
[22:30.18] dbg: Checking test name |latency|nfsstone|...
[22:30.18] dbg: latency does not match nfsstone
[22:30.18] dbg: Checking /usr/lib/x86_64-linux-gnu/ipbench/libnfs_latency.so against latency ...
[22:30.18] dbg: Checking for header ...
[22:30.18] dbg: Checking magic number ...
[22:30.18] dbg: Checking test name |latency|nfs_latency|...
[22:30.18] dbg: latency does not match nfs_latency
[22:30.18] dbg: Checking /usr/lib/x86_64-linux-gnu/ipbench/liblatencycheck.so against latency ...
[22:30.18] dbg: Checking for header ...
[22:30.18] dbg: Checking magic number ...
[22:30.18] dbg: Checking test name |latency|latency|...
[22:30.18] dbg: Test loaded
[main] setting up target 172.16.1.71
[22:30.18] dbg: Finding plugins in /usr/lib/x86_64-linux-gnu/ipbench
[22:30.18] dbg: Checking /usr/lib/x86_64-linux-gnu/ipbench/liblatencyramp.so against cpu_target_lukem ...
[22:30.18] dbg: Checking for header ...
[22:30.18] dbg: Checking magic number ...
[22:30.18] dbg: Checking test name |cpu_target_lukem|latency_ramp|...
[22:30.18] dbg: cpu_target_lukem does not match latency_ramp
[22:30.18] dbg: Checking /usr/lib/x86_64-linux-gnu/ipbench/libwrapper_target.so against cpu_target_lukem ...
[22:30.18] dbg: /usr/lib/x86_64-linux-gnu/ipbench/libwrapper_target.so: undefined symbol: target_wrap_setup_controller
[22:30.18] dbg: Checking /usr/lib/x86_64-linux-gnu/ipbench/libwrapper_client.so against cpu_target_lukem ...
[22:30.18] dbg: /usr/lib/x86_64-linux-gnu/ipbench/libwrapper_client.so: undefined symbol: client_wrap_setup_controller
[22:30.18] dbg: Checking /usr/lib/x86_64-linux-gnu/ipbench/libwait.so against cpu_target_lukem ...
[22:30.18] dbg: Checking for header ...
[22:30.18] dbg: Checking magic number ...
[22:30.18] dbg: Checking test name |cpu_target_lukem|wait|...
[22:30.18] dbg: cpu_target_lukem does not match wait
[22:30.18] dbg: Checking /usr/lib/x86_64-linux-gnu/ipbench/libnfsstones.so against cpu_target_lukem ...
[22:30.18] dbg: Checking for header ...
[22:30.18] dbg: Checking magic number ...
[22:30.18] dbg: Checking test name |cpu_target_lukem|nfsstone|...
[22:30.18] dbg: cpu_target_lukem does not match nfsstone
[22:30.18] dbg: Checking /usr/lib/x86_64-linux-gnu/ipbench/libnfs_latency.so against cpu_target_lukem ...
[22:30.18] dbg: Checking for header ...
[22:30.18] dbg: Checking magic number ...
[22:30.18] dbg: Checking test name |cpu_target_lukem|nfs_latency|...
[22:30.18] dbg: cpu_target_lukem does not match nfs_latency
[22:30.18] dbg: Checking /usr/lib/x86_64-linux-gnu/ipbench/liblatencycheck.so against cpu_target_lukem ...
[22:30.18] dbg: Checking for header ...
[22:30.18] dbg: Checking magic number ...
[22:30.18] dbg: Checking test name |cpu_target_lukem|latency|...
[22:30.18] dbg: cpu_target_lukem does not match latency
[22:30.18] dbg: Checking /usr/lib/x86_64-linux-gnu/ipbench/liblatency.so against cpu_target_lukem ...
[22:30.18] dbg: Checking for header ...
[22:30.18] dbg: Checking magic number ...
[22:30.18] dbg: Checking test name |cpu_target_lukem|latency|...
[22:30.18] dbg: cpu_target_lukem does not match latency
[22:30.18] dbg: Checking /usr/lib/x86_64-linux-gnu/ipbench/libdummy_target.so against cpu_target_lukem ...
[22:30.18] dbg: Checking for header ...
[22:30.18] dbg: Checking magic number ...
[22:30.18] dbg: Checking test name |cpu_target_lukem|dummy_target|...
[22:30.18] dbg: cpu_target_lukem does not match dummy_target
[22:30.18] dbg: Checking /usr/lib/x86_64-linux-gnu/ipbench/libdummy.so against cpu_target_lukem ...
[22:30.18] dbg: Checking for header ...
[22:30.18] dbg: Checking magic number ...
[22:30.18] dbg: Checking test name |cpu_target_lukem|dummy|...
[22:30.18] dbg: cpu_target_lukem does not match dummy
[22:30.18] dbg: Checking /usr/lib/x86_64-linux-gnu/ipbench/libdiscard.so against cpu_target_lukem ...
[22:30.18] dbg: Checking for header ...
[22:30.18] dbg: Checking magic number ...
[22:30.18] dbg: Checking test name |cpu_target_lukem|discard|...
[22:30.18] dbg: cpu_target_lukem does not match discard
[22:30.18] dbg: Checking /usr/lib/x86_64-linux-gnu/ipbench/libcpu_target_lukem.so against cpu_target_lukem ...
[22:30.18] dbg: Checking for header ...
[22:30.18] dbg: Checking magic number ...
[22:30.18] dbg: Checking test name |cpu_target_lukem|cpu_target_lukem|...
[22:30.18] dbg: Test loaded
[IpbenchTestTarget:__init__] : client 172.16.1.71
[connect] start | hostname 172.16.1.71 | port 1236 | 
[parse_return_code] :  code=100|str=IPBENCH V1.0|msg=|
[send_command] : HELLO
[parse_return_code] :  code=200|str=OK|msg=Ready to go|
[send_command] : LOAD cpu_target_lukem
[parse_return_code] :  code=200|str=OK|msg=|
[send_command] : SETUP args::""
[parse_return_code] :  code=200|str=OK|msg=|
[main] setting up client vb01
[IpbenchTestClient:__init__] : client vb01 port 8036 test_port 1235 test_args socktype=udp,bps=250000000,size=1472,warmup=10,cooldown=10,samples=50000
[connect] start | hostname vb01 | port 8036 | 
[parse_return_code] :  code=100|str=IPBENCH V1.0|msg=|
[send_command] : HELLO
[parse_return_code] :  code=200|str=OK|msg=Ready to go|
[send_command] : LOAD latency
[parse_return_code] :  code=200|str=OK|msg=|
[Setup]: target: 172.16.1.71
[Setup]: port: 1235
[Setup]: args: socktype=udp,bps=250000000,size=1472,warmup=10,cooldown=10,samples=50000
[send_command] : SETUP target::172.16.1.71||port::1235||args::"socktype=udp,bps=250000000,size=1472,warmup=10,cooldown=10,samples=50000"
[parse_return_code] :  code=200|str=OK|msg=|
[main] setting up client vb02
[IpbenchTestClient:__init__] : client vb02 port 8036 test_port 1235 test_args socktype=udp,bps=250000000,size=1472,warmup=10,cooldown=10,samples=50000
[connect] start | hostname vb02 | port 8036 | 
[parse_return_code] :  code=100|str=IPBENCH V1.0|msg=|
[send_command] : HELLO
[parse_return_code] :  code=200|str=OK|msg=Ready to go|
[send_command] : LOAD latency
[parse_return_code] :  code=200|str=OK|msg=|
[Setup]: target: 172.16.1.71
[Setup]: port: 1235
[Setup]: args: socktype=udp,bps=250000000,size=1472,warmup=10,cooldown=10,samples=50000
[send_command] : SETUP target::172.16.1.71||port::1235||args::"socktype=udp,bps=250000000,size=1472,warmup=10,cooldown=10,samples=50000"
[parse_return_code] :  code=200|str=OK|msg=|
[main] setting up client vb03
[IpbenchTestClient:__init__] : client vb03 port 8036 test_port 1235 test_args socktype=udp,bps=250000000,size=1472,warmup=10,cooldown=10,samples=50000
[connect] start | hostname vb03 | port 8036 | 
[parse_return_code] :  code=100|str=IPBENCH V1.0|msg=|
[send_command] : HELLO
[parse_return_code] :  code=200|str=OK|msg=Ready to go|
[send_command] : LOAD latency
[parse_return_code] :  code=200|str=OK|msg=|
[Setup]: target: 172.16.1.71
[Setup]: port: 1235
[Setup]: args: socktype=udp,bps=250000000,size=1472,warmup=10,cooldown=10,samples=50000
[send_command] : SETUP target::172.16.1.71||port::1235||args::"socktype=udp,bps=250000000,size=1472,warmup=10,cooldown=10,samples=50000"
[parse_return_code] :  code=200|str=OK|msg=|
[main] setting up client vb04
[IpbenchTestClient:__init__] : client vb04 port 8036 test_port 1235 test_args socktype=udp,bps=250000000,size=1472,warmup=10,cooldown=10,samples=50000
[connect] start | hostname vb04 | port 8036 | 
[parse_return_code] :  code=100|str=IPBENCH V1.0|msg=|
[send_command] : HELLO
[parse_return_code] :  code=200|str=OK|msg=Ready to go|
[send_command] : LOAD latency
[parse_return_code] :  code=200|str=OK|msg=|
[Setup]: target: 172.16.1.71
[Setup]: port: 1235
[Setup]: args: socktype=udp,bps=250000000,size=1472,warmup=10,cooldown=10,samples=50000
[send_command] : SETUP target::172.16.1.71||port::1235||args::"socktype=udp,bps=250000000,size=1472,warmup=10,cooldown=10,samples=50000"
[parse_return_code] :  code=200|str=OK|msg=|
[send_command] : START
[main] client vb01 start
[send_command] : START
[main] client vb02 start
[send_command] : START
[main] client vb03 start
[send_command] : START
[main] client vb04 start
[send_command] : START
[unmarshall] client vb01 unmarshall 
[parse_return_code] :  code=220|str=VALID DATA|msg=Data to follow|
[unmarshall] client vb01 content-length: 400072
[unmarshall] client vb01 len(201) < 400072
[unmarshall] got 128055 new bytes 
[unmarshall] client vb01 len(128256) < 400072
[unmarshall] got 94720 new bytes 
[unmarshall] client vb01 len(222976) < 400072
[unmarshall] got 94720 new bytes 
[unmarshall] client vb01 len(317696) < 400072
[unmarshall] got 82376 new bytes 
[22:31.18] dbg: [unmarshall] data for client 0 "" [len 400072] [invalid]
[22:31.18] dbg: Latency unmarshall arguments.
[22:31.18] dbg: Unmarshalling 50000 samples
[unmarshall] client vb02 unmarshall 
[parse_return_code] :  code=220|str=VALID DATA|msg=Data to follow|
[unmarshall] client vb02 content-length: 400072
[unmarshall] client vb02 len(201) < 400072
[unmarshall] got 91000 new bytes 
[unmarshall] client vb02 len(91201) < 400072
[unmarshall] got 1536 new bytes 
[unmarshall] client vb02 len(92737) < 400072
[unmarshall] got 4344 new bytes 
[unmarshall] client vb02 len(97081) < 400072
[unmarshall] got 1448 new bytes 
[unmarshall] client vb02 len(98529) < 400072
[unmarshall] got 1448 new bytes 
[unmarshall] client vb02 len(99977) < 400072
[unmarshall] got 5792 new bytes 
[unmarshall] client vb02 len(105769) < 400072
[unmarshall] got 1448 new bytes 
[unmarshall] client vb02 len(107217) < 400072
[unmarshall] got 1448 new bytes 
[unmarshall] client vb02 len(108665) < 400072
[unmarshall] got 1448 new bytes 
[unmarshall] client vb02 len(110113) < 400072
[unmarshall] got 1448 new bytes 
[unmarshall] client vb02 len(111561) < 400072
[unmarshall] got 1448 new bytes 
[unmarshall] client vb02 len(113009) < 400072
[unmarshall] got 1448 new bytes 
[unmarshall] client vb02 len(114457) < 400072
[unmarshall] got 1448 new bytes 
[unmarshall] client vb02 len(115905) < 400072
[unmarshall] got 1448 new bytes 
[unmarshall] client vb02 len(117353) < 400072
[unmarshall] got 1448 new bytes 
[unmarshall] client vb02 len(118801) < 400072
[unmarshall] got 1448 new bytes 
[unmarshall] client vb02 len(120249) < 400072
[unmarshall] got 1448 new bytes 
[unmarshall] client vb02 len(121697) < 400072
[unmarshall] got 1448 new bytes 
[unmarshall] client vb02 len(123145) < 400072
[unmarshall] got 1448 new bytes 
[unmarshall] client vb02 len(124593) < 400072
[unmarshall] got 1448 new bytes 
[unmarshall] client vb02 len(126041) < 400072
[unmarshall] got 4344 new bytes 
[unmarshall] client vb02 len(130385) < 400072
[unmarshall] got 1448 new bytes 
[unmarshall] client vb02 len(131833) < 400072
[unmarshall] got 2896 new bytes 
[unmarshall] client vb02 len(134729) < 400072
[unmarshall] got 1448 new bytes 
[unmarshall] client vb02 len(136177) < 400072
[unmarshall] got 1448 new bytes 
[unmarshall] client vb02 len(137625) < 400072
[unmarshall] got 1448 new bytes 
[unmarshall] client vb02 len(139073) < 400072
[unmarshall] got 1448 new bytes 
[unmarshall] client vb02 len(140521) < 400072
[unmarshall] got 1448 new bytes 
[unmarshall] client vb02 len(141969) < 400072
[unmarshall] got 1448 new bytes 
[unmarshall] client vb02 len(143417) < 400072
[unmarshall] got 1448 new bytes 
[unmarshall] client vb02 len(144865) < 400072
[unmarshall] got 1448 new bytes 
[unmarshall] client vb02 len(146313) < 400072
[unmarshall] got 1448 new bytes 
[unmarshall] client vb02 len(147761) < 400072
[unmarshall] got 1448 new bytes 
[unmarshall] client vb02 len(149209) < 400072
[unmarshall] got 1448 new bytes 
[unmarshall] client vb02 len(150657) < 400072
[unmarshall] got 1448 new bytes 
[unmarshall] client vb02 len(152105) < 400072
[unmarshall] got 1448 new bytes 
[unmarshall] client vb02 len(153553) < 400072
[unmarshall] got 1448 new bytes 
[unmarshall] client vb02 len(155001) < 400072
[unmarshall] got 2896 new bytes 
[unmarshall] client vb02 len(157897) < 400072
[unmarshall] got 1448 new bytes 
[unmarshall] client vb02 len(159345) < 400072
[unmarshall] got 1448 new bytes 
[unmarshall] client vb02 len(160793) < 400072
[unmarshall] got 1448 new bytes 
[unmarshall] client vb02 len(162241) < 400072
[unmarshall] got 1448 new bytes 
[unmarshall] client vb02 len(163689) < 400072
[unmarshall] got 1448 new bytes 
[unmarshall] client vb02 len(165137) < 400072
[unmarshall] got 2896 new bytes 
[unmarshall] client vb02 len(168033) < 400072
[unmarshall] got 1448 new bytes 
[unmarshall] client vb02 len(169481) < 400072
[unmarshall] got 1448 new bytes 
[unmarshall] client vb02 len(170929) < 400072
[unmarshall] got 2896 new bytes 
[unmarshall] client vb02 len(173825) < 400072
[unmarshall] got 1448 new bytes 
[unmarshall] client vb02 len(175273) < 400072
[unmarshall] got 1448 new bytes 
[unmarshall] client vb02 len(176721) < 400072
[unmarshall] got 1448 new bytes 
[unmarshall] client vb02 len(178169) < 400072
[unmarshall] got 1448 new bytes 
[unmarshall] client vb02 len(179617) < 400072
[unmarshall] got 2896 new bytes 
[unmarshall] client vb02 len(182513) < 400072
[unmarshall] got 1448 new bytes 
[unmarshall] client vb02 len(183961) < 400072
[unmarshall] got 1448 new bytes 
[unmarshall] client vb02 len(185409) < 400072
[unmarshall] got 1448 new bytes 
[unmarshall] client vb02 len(186857) < 400072
[unmarshall] got 1448 new bytes 
[unmarshall] client vb02 len(188305) < 400072
[unmarshall] got 2896 new bytes 
[unmarshall] client vb02 len(191201) < 400072
[unmarshall] got 1448 new bytes 
[unmarshall] client vb02 len(192649) < 400072
[unmarshall] got 1448 new bytes 
[unmarshall] client vb02 len(194097) < 400072
[unmarshall] got 1448 new bytes 
[unmarshall] client vb02 len(195545) < 400072
[unmarshall] got 1448 new bytes 
[unmarshall] client vb02 len(196993) < 400072
[unmarshall] got 1448 new bytes 
[unmarshall] client vb02 len(198441) < 400072
[unmarshall] got 2896 new bytes 
[unmarshall] client vb02 len(201337) < 400072
[unmarshall] got 1448 new bytes 
[unmarshall] client vb02 len(202785) < 400072
[unmarshall] got 2896 new bytes 
[unmarshall] client vb02 len(205681) < 400072
[unmarshall] got 1448 new bytes 
[unmarshall] client vb02 len(207129) < 400072
[unmarshall] got 1448 new bytes 
[unmarshall] client vb02 len(208577) < 400072
[unmarshall] got 1448 new bytes 
[unmarshall] client vb02 len(210025) < 400072
[unmarshall] got 1448 new bytes 
[unmarshall] client vb02 len(211473) < 400072
[unmarshall] got 2896 new bytes 
[unmarshall] client vb02 len(214369) < 400072
[unmarshall] got 1448 new bytes 
[unmarshall] client vb02 len(215817) < 400072
[unmarshall] got 2896 new bytes 
[unmarshall] client vb02 len(218713) < 400072
[unmarshall] got 1448 new bytes 
[unmarshall] client vb02 len(220161) < 400072
[unmarshall] got 1448 new bytes 
[unmarshall] client vb02 len(221609) < 400072
[unmarshall] got 1448 new bytes 
[unmarshall] client vb02 len(223057) < 400072
[unmarshall] got 1448 new bytes 
[unmarshall] client vb02 len(224505) < 400072
[unmarshall] got 1448 new bytes 
[unmarshall] client vb02 len(225953) < 400072
[unmarshall] got 2896 new bytes 
[unmarshall] client vb02 len(228849) < 400072
[unmarshall] got 2896 new bytes 
[unmarshall] client vb02 len(231745) < 400072
[unmarshall] got 1448 new bytes 
[unmarshall] client vb02 len(233193) < 400072
[unmarshall] got 1448 new bytes 
[unmarshall] client vb02 len(234641) < 400072
[unmarshall] got 1448 new bytes 
[unmarshall] client vb02 len(236089) < 400072
[unmarshall] got 2896 new bytes 
[unmarshall] client vb02 len(238985) < 400072
[unmarshall] got 1448 new bytes 
[unmarshall] client vb02 len(240433) < 400072
[unmarshall] got 2896 new bytes 
[unmarshall] client vb02 len(243329) < 400072
[unmarshall] got 2896 new bytes 
[unmarshall] client vb02 len(246225) < 400072
[unmarshall] got 1448 new bytes 
[unmarshall] client vb02 len(247673) < 400072
[unmarshall] got 2896 new bytes 
[unmarshall] client vb02 len(250569) < 400072
[unmarshall] got 1448 new bytes 
[unmarshall] client vb02 len(252017) < 400072
[unmarshall] got 2896 new bytes 
[unmarshall] client vb02 len(254913) < 400072
[unmarshall] got 2896 new bytes 
[unmarshall] client vb02 len(257809) < 400072
[unmarshall] got 1448 new bytes 
[unmarshall] client vb02 len(259257) < 400072
[unmarshall] got 1448 new bytes 
[unmarshall] client vb02 len(260705) < 400072
[unmarshall] got 2896 new bytes 
[unmarshall] client vb02 len(263601) < 400072
[unmarshall] got 1448 new bytes 
[unmarshall] client vb02 len(265049) < 400072
[unmarshall] got 2896 new bytes 
[unmarshall] client vb02 len(267945) < 400072
[unmarshall] got 2896 new bytes 
[unmarshall] client vb02 len(270841) < 400072
[unmarshall] got 1448 new bytes 
[unmarshall] client vb02 len(272289) < 400072
[unmarshall] got 1448 new bytes 
[unmarshall] client vb02 len(273737) < 400072
[unmarshall] got 1448 new bytes 
[unmarshall] client vb02 len(275185) < 400072
[unmarshall] got 4344 new bytes 
[unmarshall] client vb02 len(279529) < 400072
[unmarshall] got 1448 new bytes 
[unmarshall] client vb02 len(280977) < 400072
[unmarshall] got 1448 new bytes 
[unmarshall] client vb02 len(282425) < 400072
[unmarshall] got 1448 new bytes 
[unmarshall] client vb02 len(283873) < 400072
[unmarshall] got 2896 new bytes 
[unmarshall] client vb02 len(286769) < 400072
[unmarshall] got 2896 new bytes 
[unmarshall] client vb02 len(289665) < 400072
[unmarshall] got 1448 new bytes 
[unmarshall] client vb02 len(291113) < 400072
[unmarshall] got 2896 new bytes 
[unmarshall] client vb02 len(294009) < 400072
[unmarshall] got 1448 new bytes 
[unmarshall] client vb02 len(295457) < 400072
[unmarshall] got 2896 new bytes 
[unmarshall] client vb02 len(298353) < 400072
[unmarshall] got 2896 new bytes 
[unmarshall] client vb02 len(301249) < 400072
[unmarshall] got 2896 new bytes 
[unmarshall] client vb02 len(304145) < 400072
[unmarshall] got 1448 new bytes 
[unmarshall] client vb02 len(305593) < 400072
[unmarshall] got 1448 new bytes 
[unmarshall] client vb02 len(307041) < 400072
[unmarshall] got 2896 new bytes 
[unmarshall] client vb02 len(309937) < 400072
[unmarshall] got 2896 new bytes 
[unmarshall] client vb02 len(312833) < 400072
[unmarshall] got 1448 new bytes 
[unmarshall] client vb02 len(314281) < 400072
[unmarshall] got 2896 new bytes 
[unmarshall] client vb02 len(317177) < 400072
[unmarshall] got 1448 new bytes 
[unmarshall] client vb02 len(318625) < 400072
[unmarshall] got 2896 new bytes 
[unmarshall] client vb02 len(321521) < 400072
[unmarshall] got 2896 new bytes 
[unmarshall] client vb02 len(324417) < 400072
[unmarshall] got 2896 new bytes 
[unmarshall] client vb02 len(327313) < 400072
[unmarshall] got 1448 new bytes 
[unmarshall] client vb02 len(328761) < 400072
[unmarshall] got 1448 new bytes 
[unmarshall] client vb02 len(330209) < 400072
[unmarshall] got 2896 new bytes 
[unmarshall] client vb02 len(333105) < 400072
[unmarshall] got 2896 new bytes 
[unmarshall] client vb02 len(336001) < 400072
[unmarshall] got 2896 new bytes 
[unmarshall] client vb02 len(338897) < 400072
[unmarshall] got 1448 new bytes 
[unmarshall] client vb02 len(340345) < 400072
[unmarshall] got 1448 new bytes 
[unmarshall] client vb02 len(341793) < 400072
[unmarshall] got 2896 new bytes 
[unmarshall] client vb02 len(344689) < 400072
[unmarshall] got 4344 new bytes 
[unmarshall] client vb02 len(349033) < 400072
[unmarshall] got 2896 new bytes 
[unmarshall] client vb02 len(351929) < 400072
[unmarshall] got 11584 new bytes 
[unmarshall] client vb02 len(363513) < 400072
[unmarshall] got 15928 new bytes 
[unmarshall] client vb02 len(379441) < 400072
[unmarshall] got 2896 new bytes 
[unmarshall] client vb02 len(382337) < 400072
[unmarshall] got 1448 new bytes 
[unmarshall] client vb02 len(383785) < 400072
[unmarshall] got 4344 new bytes 
[unmarshall] client vb02 len(388129) < 400072
[unmarshall] got 11943 new bytes 
[22:31.18] dbg: [unmarshall] data for client 1 "" [len 400072] [invalid]
[22:31.18] dbg: Latency unmarshall arguments.
[22:31.18] dbg: Unmarshalling 50000 samples
[unmarshall] client vb03 unmarshall 
[parse_return_code] :  code=220|str=VALID DATA|msg=Data to follow|
[unmarshall] client vb03 content-length: 400072
[unmarshall] client vb03 len(201) < 400072
[unmarshall] got 96040 new bytes 
[unmarshall] client vb03 len(96241) < 400072
[unmarshall] got 14480 new bytes 
[unmarshall] client vb03 len(110721) < 400072
[unmarshall] got 82688 new bytes 
[unmarshall] client vb03 len(193409) < 400072
[unmarshall] got 45488 new bytes 
[unmarshall] client vb03 len(238897) < 400072
[unmarshall] got 62264 new bytes 
[unmarshall] client vb03 len(301161) < 400072
[unmarshall] got 62264 new bytes 
[unmarshall] client vb03 len(363425) < 400072
[unmarshall] got 36647 new bytes 
[22:31.18] dbg: [unmarshall] data for client 2 "" [len 400072] [invalid]
[22:31.18] dbg: Latency unmarshall arguments.
[22:31.18] dbg: Unmarshalling 50000 samples
[unmarshall] client vb04 unmarshall 
[parse_return_code] :  code=220|str=VALID DATA|msg=Data to follow|
[unmarshall] client vb04 content-length: 400072
[unmarshall] client vb04 len(201) < 400072
[unmarshall] got 41768 new bytes 
[unmarshall] client vb04 len(41969) < 400072
[unmarshall] got 23168 new bytes 
[unmarshall] client vb04 len(65137) < 400072
[unmarshall] got 34752 new bytes 
[unmarshall] client vb04 len(99889) < 400072
[unmarshall] got 46336 new bytes 
[unmarshall] client vb04 len(146225) < 400072
[unmarshall] got 91848 new bytes 
[unmarshall] client vb04 len(238073) < 400072
[unmarshall] got 62264 new bytes 
[unmarshall] client vb04 len(300337) < 400072
[unmarshall] got 99735 new bytes 
[22:31.19] dbg: [unmarshall] data for client 3 "" [len 400072] [invalid]
[22:31.19] dbg: Latency unmarshall arguments.
[22:31.19] dbg: Unmarshalling 50000 samples
[send_command] : STOP
[unmarshall] client 172.16.1.71 unmarshall 
[parse_return_code] :  code=220|str=VALID DATA|msg=Data to follow|
[unmarshall] client 172.16.1.71 content-length: 24
[22:31.19] dbg: [unmarshall] data for target ",8215904429,23038721559" [len 24] [invalid]
[22:31.19] dbg: [cpu_target_lukem_unmarhsall] start
[22:31.19] dbg: [cpu_target_lukem_unmarshall] cpu usage ,8215904429,23038721559
[22:31.19] dbg: Latency begin output function
[send_command] : QUIT
[send_command] : QUIT
[send_command] : QUIT
[send_command] : QUIT
[send_command] : QUIT
b'100 IPBENCH V1.0\n'
b'100 IPBENCH V1.0\n'
b'100 IPBENCH V1.0\n'
b'100 IPBENCH V1.0\n'
b'100 IPBENCH V1.0\n'
b'100 IPBENCH V1.0\n'
b'100 IPBENCH V1.0\n'
b'100 IPBENCH V1.0\n'
Requested_Throughput,Receive_Throughput,Send_Throughput,Packet_Size,Minimum_RTT,Average_RTT,Maximum_RTT,Stdev_RTT,Median_RTT,Bad_Packets,Idle_Cycles,Total_Cycles
 1000000000,957609084,999991347,1472,1291,1327,1856,16.34,1329,0,8215904429,23038721559

b'100 IPBENCH V1.0\n'
b'100 IPBENCH V1.0\n'
b'100 IPBENCH V1.0\n'
b'100 IPBENCH V1.0\n'
Result Summary:
Requested_Throughput,Receive_Throughput,Send_Throughput,Packet_Size,Minimum_RTT,Average_RTT,Maximum_RTT,Stdev_RTT,Median_RTT,Bad_Packets,Idle_Cycles,Total_Cycles
1000000000,957609084,999991347,1472,1291,1327,1856,16.34,1329,0,8215904429,23038721559

