[22:25.46] dbg: Finding plugins in /usr/lib/x86_64-linux-gnu/ipbench
[22:25.46] dbg: Checking /usr/lib/x86_64-linux-gnu/ipbench/liblatencyramp.so against latency ...
[22:25.46] dbg: Checking for header ...
[22:25.46] dbg: Checking magic number ...
[22:25.46] dbg: Checking test name |latency|latency_ramp|...
[22:25.46] dbg: latency does not match latency_ramp
[22:25.46] dbg: Checking /usr/lib/x86_64-linux-gnu/ipbench/libwrapper_target.so against latency ...
[22:25.46] dbg: /usr/lib/x86_64-linux-gnu/ipbench/libwrapper_target.so: undefined symbol: target_wrap_setup_controller
[22:25.46] dbg: Checking /usr/lib/x86_64-linux-gnu/ipbench/libwrapper_client.so against latency ...
[22:25.46] dbg: /usr/lib/x86_64-linux-gnu/ipbench/libwrapper_client.so: undefined symbol: client_wrap_setup_controller
[22:25.46] dbg: Checking /usr/lib/x86_64-linux-gnu/ipbench/libwait.so against latency ...
[22:25.46] dbg: Checking for header ...
[22:25.46] dbg: Checking magic number ...
[22:25.46] dbg: Checking test name |latency|wait|...
[22:25.46] dbg: latency does not match wait
[22:25.46] dbg: Checking /usr/lib/x86_64-linux-gnu/ipbench/libnfsstones.so against latency ...
[22:25.46] dbg: Checking for header ...
[22:25.46] dbg: Checking magic number ...
[22:25.46] dbg: Checking test name |latency|nfsstone|...
[22:25.46] dbg: latency does not match nfsstone
[22:25.46] dbg: Checking /usr/lib/x86_64-linux-gnu/ipbench/libnfs_latency.so against latency ...
[22:25.46] dbg: Checking for header ...
[22:25.46] dbg: Checking magic number ...
[22:25.46] dbg: Checking test name |latency|nfs_latency|...
[22:25.46] dbg: latency does not match nfs_latency
[22:25.46] dbg: Checking /usr/lib/x86_64-linux-gnu/ipbench/liblatencycheck.so against latency ...
[22:25.46] dbg: Checking for header ...
[22:25.46] dbg: Checking magic number ...
[22:25.46] dbg: Checking test name |latency|latency|...
[22:25.46] dbg: Test loaded
[main] setting up target 172.16.1.69
[22:25.46] dbg: Finding plugins in /usr/lib/x86_64-linux-gnu/ipbench
[22:25.46] dbg: Checking /usr/lib/x86_64-linux-gnu/ipbench/liblatencyramp.so against cpu_target_lukem ...
[22:25.46] dbg: Checking for header ...
[22:25.46] dbg: Checking magic number ...
[22:25.46] dbg: Checking test name |cpu_target_lukem|latency_ramp|...
[22:25.46] dbg: cpu_target_lukem does not match latency_ramp
[22:25.46] dbg: Checking /usr/lib/x86_64-linux-gnu/ipbench/libwrapper_target.so against cpu_target_lukem ...
[22:25.46] dbg: /usr/lib/x86_64-linux-gnu/ipbench/libwrapper_target.so: undefined symbol: target_wrap_setup_controller
[22:25.46] dbg: Checking /usr/lib/x86_64-linux-gnu/ipbench/libwrapper_client.so against cpu_target_lukem ...
[22:25.46] dbg: /usr/lib/x86_64-linux-gnu/ipbench/libwrapper_client.so: undefined symbol: client_wrap_setup_controller
[22:25.46] dbg: Checking /usr/lib/x86_64-linux-gnu/ipbench/libwait.so against cpu_target_lukem ...
[22:25.46] dbg: Checking for header ...
[22:25.46] dbg: Checking magic number ...
[22:25.46] dbg: Checking test name |cpu_target_lukem|wait|...
[22:25.46] dbg: cpu_target_lukem does not match wait
[22:25.46] dbg: Checking /usr/lib/x86_64-linux-gnu/ipbench/libnfsstones.so against cpu_target_lukem ...
[22:25.46] dbg: Checking for header ...
[22:25.46] dbg: Checking magic number ...
[22:25.46] dbg: Checking test name |cpu_target_lukem|nfsstone|...
[22:25.46] dbg: cpu_target_lukem does not match nfsstone
[22:25.46] dbg: Checking /usr/lib/x86_64-linux-gnu/ipbench/libnfs_latency.so against cpu_target_lukem ...
[22:25.46] dbg: Checking for header ...
[22:25.46] dbg: Checking magic number ...
[22:25.46] dbg: Checking test name |cpu_target_lukem|nfs_latency|...
[22:25.46] dbg: cpu_target_lukem does not match nfs_latency
[22:25.46] dbg: Checking /usr/lib/x86_64-linux-gnu/ipbench/liblatencycheck.so against cpu_target_lukem ...
[22:25.46] dbg: Checking for header ...
[22:25.46] dbg: Checking magic number ...
[22:25.46] dbg: Checking test name |cpu_target_lukem|latency|...
[22:25.46] dbg: cpu_target_lukem does not match latency
[22:25.46] dbg: Checking /usr/lib/x86_64-linux-gnu/ipbench/liblatency.so against cpu_target_lukem ...
[22:25.46] dbg: Checking for header ...
[22:25.46] dbg: Checking magic number ...
[22:25.46] dbg: Checking test name |cpu_target_lukem|latency|...
[22:25.46] dbg: cpu_target_lukem does not match latency
[22:25.46] dbg: Checking /usr/lib/x86_64-linux-gnu/ipbench/libdummy_target.so against cpu_target_lukem ...
[22:25.46] dbg: Checking for header ...
[22:25.46] dbg: Checking magic number ...
[22:25.46] dbg: Checking test name |cpu_target_lukem|dummy_target|...
[22:25.46] dbg: cpu_target_lukem does not match dummy_target
[22:25.46] dbg: Checking /usr/lib/x86_64-linux-gnu/ipbench/libdummy.so against cpu_target_lukem ...
[22:25.46] dbg: Checking for header ...
[22:25.46] dbg: Checking magic number ...
[22:25.46] dbg: Checking test name |cpu_target_lukem|dummy|...
[22:25.46] dbg: cpu_target_lukem does not match dummy
[22:25.46] dbg: Checking /usr/lib/x86_64-linux-gnu/ipbench/libdiscard.so against cpu_target_lukem ...
[22:25.46] dbg: Checking for header ...
[22:25.46] dbg: Checking magic number ...
[22:25.46] dbg: Checking test name |cpu_target_lukem|discard|...
[22:25.46] dbg: cpu_target_lukem does not match discard
[22:25.46] dbg: Checking /usr/lib/x86_64-linux-gnu/ipbench/libcpu_target_lukem.so against cpu_target_lukem ...
[22:25.46] dbg: Checking for header ...
[22:25.46] dbg: Checking magic number ...
[22:25.46] dbg: Checking test name |cpu_target_lukem|cpu_target_lukem|...
[22:25.46] dbg: Test loaded
[IpbenchTestTarget:__init__] : client 172.16.1.69
[connect] start | hostname 172.16.1.69 | port 1236 | 
[parse_return_code] :  code=100|str=IPBENCH V1.0|msg=|
[send_command] : HELLO
[parse_return_code] :  code=200|str=OK|msg=Ready to go|
[send_command] : LOAD cpu_target_lukem
[parse_return_code] :  code=200|str=OK|msg=|
[send_command] : SETUP args::""
[parse_return_code] :  code=200|str=OK|msg=|
[main] setting up client vb01
[IpbenchTestClient:__init__] : client vb01 port 8036 test_port 1235 test_args socktype=udp,bps=250000000,size=1472,warmup=10,cooldown=10,samples=50000
[connect] start | hostname vb01 | port 8036 | 
[parse_return_code] :  code=100|str=IPBENCH V1.0|msg=|
[send_command] : HELLO
[parse_return_code] :  code=200|str=OK|msg=Ready to go|
[send_command] : LOAD latency
[parse_return_code] :  code=200|str=OK|msg=|
[Setup]: target: 172.16.1.69
[Setup]: port: 1235
[Setup]: args: socktype=udp,bps=250000000,size=1472,warmup=10,cooldown=10,samples=50000
[send_command] : SETUP target::172.16.1.69||port::1235||args::"socktype=udp,bps=250000000,size=1472,warmup=10,cooldown=10,samples=50000"
[parse_return_code] :  code=200|str=OK|msg=|
[main] setting up client vb02
[IpbenchTestClient:__init__] : client vb02 port 8036 test_port 1235 test_args socktype=udp,bps=250000000,size=1472,warmup=10,cooldown=10,samples=50000
[connect] start | hostname vb02 | port 8036 | 
[parse_return_code] :  code=100|str=IPBENCH V1.0|msg=|
[send_command] : HELLO
[parse_return_code] :  code=200|str=OK|msg=Ready to go|
[send_command] : LOAD latency
[parse_return_code] :  code=200|str=OK|msg=|
[Setup]: target: 172.16.1.69
[Setup]: port: 1235
[Setup]: args: socktype=udp,bps=250000000,size=1472,warmup=10,cooldown=10,samples=50000
[send_command] : SETUP target::172.16.1.69||port::1235||args::"socktype=udp,bps=250000000,size=1472,warmup=10,cooldown=10,samples=50000"
[parse_return_code] :  code=200|str=OK|msg=|
[main] setting up client vb03
[IpbenchTestClient:__init__] : client vb03 port 8036 test_port 1235 test_args socktype=udp,bps=250000000,size=1472,warmup=10,cooldown=10,samples=50000
[connect] start | hostname vb03 | port 8036 | 
[parse_return_code] :  code=100|str=IPBENCH V1.0|msg=|
[send_command] : HELLO
[parse_return_code] :  code=200|str=OK|msg=Ready to go|
[send_command] : LOAD latency
[parse_return_code] :  code=200|str=OK|msg=|
[Setup]: target: 172.16.1.69
[Setup]: port: 1235
[Setup]: args: socktype=udp,bps=250000000,size=1472,warmup=10,cooldown=10,samples=50000
[send_command] : SETUP target::172.16.1.69||port::1235||args::"socktype=udp,bps=250000000,size=1472,warmup=10,cooldown=10,samples=50000"
[parse_return_code] :  code=200|str=OK|msg=|
[main] setting up client vb04
[IpbenchTestClient:__init__] : client vb04 port 8036 test_port 1235 test_args socktype=udp,bps=250000000,size=1472,warmup=10,cooldown=10,samples=50000
[connect] start | hostname vb04 | port 8036 | 
[parse_return_code] :  code=100|str=IPBENCH V1.0|msg=|
[send_command] : HELLO
[parse_return_code] :  code=200|str=OK|msg=Ready to go|
[send_command] : LOAD latency
[parse_return_code] :  code=200|str=OK|msg=|
[Setup]: target: 172.16.1.69
[Setup]: port: 1235
[Setup]: args: socktype=udp,bps=250000000,size=1472,warmup=10,cooldown=10,samples=50000
[send_command] : SETUP target::172.16.1.69||port::1235||args::"socktype=udp,bps=250000000,size=1472,warmup=10,cooldown=10,samples=50000"
[parse_return_code] :  code=200|str=OK|msg=|
[send_command] : START
[main] client vb01 start
[send_command] : START
[main] client vb02 start
[send_command] : START
[main] client vb03 start
[send_command] : START
[main] client vb04 start
[send_command] : START
[unmarshall] client vb02 unmarshall 
[parse_return_code] :  code=220|str=VALID DATA|msg=Data to follow|
[unmarshall] client vb02 content-length: 400072
[unmarshall] client vb02 len(201) < 400072
[unmarshall] got 93688 new bytes 
[unmarshall] client vb02 len(93889) < 400072
[unmarshall] got 1448 new bytes 
[unmarshall] client vb02 len(95337) < 400072
[unmarshall] got 2896 new bytes 
[unmarshall] client vb02 len(98233) < 400072
[unmarshall] got 1448 new bytes 
[unmarshall] client vb02 len(99681) < 400072
[unmarshall] got 1448 new bytes 
[unmarshall] client vb02 len(101129) < 400072
[unmarshall] got 1448 new bytes 
[unmarshall] client vb02 len(102577) < 400072
[unmarshall] got 1448 new bytes 
[unmarshall] client vb02 len(104025) < 400072
[unmarshall] got 1448 new bytes 
[unmarshall] client vb02 len(105473) < 400072
[unmarshall] got 1448 new bytes 
[unmarshall] client vb02 len(106921) < 400072
[unmarshall] got 1448 new bytes 
[unmarshall] client vb02 len(108369) < 400072
[unmarshall] got 1448 new bytes 
[unmarshall] client vb02 len(109817) < 400072
[unmarshall] got 1448 new bytes 
[unmarshall] client vb02 len(111265) < 400072
[unmarshall] got 1448 new bytes 
[unmarshall] client vb02 len(112713) < 400072
[unmarshall] got 1448 new bytes 
[unmarshall] client vb02 len(114161) < 400072
[unmarshall] got 1448 new bytes 
[unmarshall] client vb02 len(115609) < 400072
[unmarshall] got 1448 new bytes 
[unmarshall] client vb02 len(117057) < 400072
[unmarshall] got 1448 new bytes 
[unmarshall] client vb02 len(118505) < 400072
[unmarshall] got 1448 new bytes 
[unmarshall] client vb02 len(119953) < 400072
[unmarshall] got 1448 new bytes 
[unmarshall] client vb02 len(121401) < 400072
[unmarshall] got 1448 new bytes 
[unmarshall] client vb02 len(122849) < 400072
[unmarshall] got 1448 new bytes 
[unmarshall] client vb02 len(124297) < 400072
[unmarshall] got 1448 new bytes 
[unmarshall] client vb02 len(125745) < 400072
[unmarshall] got 1448 new bytes 
[unmarshall] client vb02 len(127193) < 400072
[unmarshall] got 1448 new bytes 
[unmarshall] client vb02 len(128641) < 400072
[unmarshall] got 1448 new bytes 
[unmarshall] client vb02 len(130089) < 400072
[unmarshall] got 1448 new bytes 
[unmarshall] client vb02 len(131537) < 400072
[unmarshall] got 1448 new bytes 
[unmarshall] client vb02 len(132985) < 400072
[unmarshall] got 1448 new bytes 
[unmarshall] client vb02 len(134433) < 400072
[unmarshall] got 1448 new bytes 
[unmarshall] client vb02 len(135881) < 400072
[unmarshall] got 1448 new bytes 
[unmarshall] client vb02 len(137329) < 400072
[unmarshall] got 1448 new bytes 
[unmarshall] client vb02 len(138777) < 400072
[unmarshall] got 1448 new bytes 
[unmarshall] client vb02 len(140225) < 400072
[unmarshall] got 1448 new bytes 
[unmarshall] client vb02 len(141673) < 400072
[unmarshall] got 1448 new bytes 
[unmarshall] client vb02 len(143121) < 400072
[unmarshall] got 1448 new bytes 
[unmarshall] client vb02 len(144569) < 400072
[unmarshall] got 1448 new bytes 
[unmarshall] client vb02 len(146017) < 400072
[unmarshall] got 1448 new bytes 
[unmarshall] client vb02 len(147465) < 400072
[unmarshall] got 1448 new bytes 
[unmarshall] client vb02 len(148913) < 400072
[unmarshall] got 1448 new bytes 
[unmarshall] client vb02 len(150361) < 400072
[unmarshall] got 1448 new bytes 
[unmarshall] client vb02 len(151809) < 400072
[unmarshall] got 1448 new bytes 
[unmarshall] client vb02 len(153257) < 400072
[unmarshall] got 1448 new bytes 
[unmarshall] client vb02 len(154705) < 400072
[unmarshall] got 1448 new bytes 
[unmarshall] client vb02 len(156153) < 400072
[unmarshall] got 1448 new bytes 
[unmarshall] client vb02 len(157601) < 400072
[unmarshall] got 1448 new bytes 
[unmarshall] client vb02 len(159049) < 400072
[unmarshall] got 1448 new bytes 
[unmarshall] client vb02 len(160497) < 400072
[unmarshall] got 1448 new bytes 
[unmarshall] client vb02 len(161945) < 400072
[unmarshall] got 1448 new bytes 
[unmarshall] client vb02 len(163393) < 400072
[unmarshall] got 2896 new bytes 
[unmarshall] client vb02 len(166289) < 400072
[unmarshall] got 1448 new bytes 
[unmarshall] client vb02 len(167737) < 400072
[unmarshall] got 1448 new bytes 
[unmarshall] client vb02 len(169185) < 400072
[unmarshall] got 1448 new bytes 
[unmarshall] client vb02 len(170633) < 400072
[unmarshall] got 1448 new bytes 
[unmarshall] client vb02 len(172081) < 400072
[unmarshall] got 2896 new bytes 
[unmarshall] client vb02 len(174977) < 400072
[unmarshall] got 1448 new bytes 
[unmarshall] client vb02 len(176425) < 400072
[unmarshall] got 1448 new bytes 
[unmarshall] client vb02 len(177873) < 400072
[unmarshall] got 1448 new bytes 
[unmarshall] client vb02 len(179321) < 400072
[unmarshall] got 1448 new bytes 
[unmarshall] client vb02 len(180769) < 400072
[unmarshall] got 2896 new bytes 
[unmarshall] client vb02 len(183665) < 400072
[unmarshall] got 1448 new bytes 
[unmarshall] client vb02 len(185113) < 400072
[unmarshall] got 1448 new bytes 
[unmarshall] client vb02 len(186561) < 400072
[unmarshall] got 1448 new bytes 
[unmarshall] client vb02 len(188009) < 400072
[unmarshall] got 1448 new bytes 
[unmarshall] client vb02 len(189457) < 400072
[unmarshall] got 2896 new bytes 
[unmarshall] client vb02 len(192353) < 400072
[unmarshall] got 1448 new bytes 
[unmarshall] client vb02 len(193801) < 400072
[unmarshall] got 1448 new bytes 
[unmarshall] client vb02 len(195249) < 400072
[unmarshall] got 1448 new bytes 
[unmarshall] client vb02 len(196697) < 400072
[unmarshall] got 1448 new bytes 
[unmarshall] client vb02 len(198145) < 400072
[unmarshall] got 2896 new bytes 
[unmarshall] client vb02 len(201041) < 400072
[unmarshall] got 1448 new bytes 
[unmarshall] client vb02 len(202489) < 400072
[unmarshall] got 1448 new bytes 
[unmarshall] client vb02 len(203937) < 400072
[unmarshall] got 1448 new bytes 
[unmarshall] client vb02 len(205385) < 400072
[unmarshall] got 1448 new bytes 
[unmarshall] client vb02 len(206833) < 400072
[unmarshall] got 2896 new bytes 
[unmarshall] client vb02 len(209729) < 400072
[unmarshall] got 1448 new bytes 
[unmarshall] client vb02 len(211177) < 400072
[unmarshall] got 1448 new bytes 
[unmarshall] client vb02 len(212625) < 400072
[unmarshall] got 1448 new bytes 
[unmarshall] client vb02 len(214073) < 400072
[unmarshall] got 1448 new bytes 
[unmarshall] client vb02 len(215521) < 400072
[unmarshall] got 4344 new bytes 
[unmarshall] client vb02 len(219865) < 400072
[unmarshall] got 1448 new bytes 
[unmarshall] client vb02 len(221313) < 400072
[unmarshall] got 2896 new bytes 
[unmarshall] client vb02 len(224209) < 400072
[unmarshall] got 1448 new bytes 
[unmarshall] client vb02 len(225657) < 400072
[unmarshall] got 1448 new bytes 
[unmarshall] client vb02 len(227105) < 400072
[unmarshall] got 1448 new bytes 
[unmarshall] client vb02 len(228553) < 400072
[unmarshall] got 1448 new bytes 
[unmarshall] client vb02 len(230001) < 400072
[unmarshall] got 4344 new bytes 
[unmarshall] client vb02 len(234345) < 400072
[unmarshall] got 1448 new bytes 
[unmarshall] client vb02 len(235793) < 400072
[unmarshall] got 4344 new bytes 
[unmarshall] client vb02 len(240137) < 400072
[unmarshall] got 4344 new bytes 
[unmarshall] client vb02 len(244481) < 400072
[unmarshall] got 1448 new bytes 
[unmarshall] client vb02 len(245929) < 400072
[unmarshall] got 4344 new bytes 
[unmarshall] client vb02 len(250273) < 400072
[unmarshall] got 1448 new bytes 
[unmarshall] client vb02 len(251721) < 400072
[unmarshall] got 1448 new bytes 
[unmarshall] client vb02 len(253169) < 400072
[unmarshall] got 1448 new bytes 
[unmarshall] client vb02 len(254617) < 400072
[unmarshall] got 1448 new bytes 
[unmarshall] client vb02 len(256065) < 400072
[unmarshall] got 4344 new bytes 
[unmarshall] client vb02 len(260409) < 400072
[unmarshall] got 4344 new bytes 
[unmarshall] client vb02 len(264753) < 400072
[unmarshall] got 4344 new bytes 
[unmarshall] client vb02 len(269097) < 400072
[unmarshall] got 4344 new bytes 
[unmarshall] client vb02 len(273441) < 400072
[unmarshall] got 4344 new bytes 
[unmarshall] client vb02 len(277785) < 400072
[unmarshall] got 4344 new bytes 
[unmarshall] client vb02 len(282129) < 400072
[unmarshall] got 4344 new bytes 
[unmarshall] client vb02 len(286473) < 400072
[unmarshall] got 4344 new bytes 
[unmarshall] client vb02 len(290817) < 400072
[unmarshall] got 4344 new bytes 
[unmarshall] client vb02 len(295161) < 400072
[unmarshall] got 4344 new bytes 
[unmarshall] client vb02 len(299505) < 400072
[unmarshall] got 5792 new bytes 
[unmarshall] client vb02 len(305297) < 400072
[unmarshall] got 4344 new bytes 
[unmarshall] client vb02 len(309641) < 400072
[unmarshall] got 4344 new bytes 
[unmarshall] client vb02 len(313985) < 400072
[unmarshall] got 5792 new bytes 
[unmarshall] client vb02 len(319777) < 400072
[unmarshall] got 4344 new bytes 
[unmarshall] client vb02 len(324121) < 400072
[unmarshall] got 5792 new bytes 
[unmarshall] client vb02 len(329913) < 400072
[unmarshall] got 4344 new bytes 
[unmarshall] client vb02 len(334257) < 400072
[unmarshall] got 5792 new bytes 
[unmarshall] client vb02 len(340049) < 400072
[unmarshall] got 4344 new bytes 
[unmarshall] client vb02 len(344393) < 400072
[unmarshall] got 5792 new bytes 
[unmarshall] client vb02 len(350185) < 400072
[unmarshall] got 5792 new bytes 
[unmarshall] client vb02 len(355977) < 400072
[unmarshall] got 5792 new bytes 
[unmarshall] client vb02 len(361769) < 400072
[unmarshall] got 4344 new bytes 
[unmarshall] client vb02 len(366113) < 400072
[unmarshall] got 5792 new bytes 
[unmarshall] client vb02 len(371905) < 400072
[unmarshall] got 5792 new bytes 
[unmarshall] client vb02 len(377697) < 400072
[unmarshall] got 5792 new bytes 
[unmarshall] client vb02 len(383489) < 400072
[unmarshall] got 5792 new bytes 
[unmarshall] client vb02 len(389281) < 400072
[unmarshall] got 5792 new bytes 
[unmarshall] client vb02 len(395073) < 400072
[unmarshall] got 4999 new bytes 
[22:26.47] dbg: [unmarshall] data for client 1 "" [len 400072] [invalid]
[22:26.47] dbg: Latency unmarshall arguments.
[22:26.47] dbg: Unmarshalling 50000 samples
[unmarshall] client vb03 unmarshall 
[parse_return_code] :  code=220|str=VALID DATA|msg=Data to follow|
[unmarshall] client vb03 content-length: 400072
[unmarshall] client vb03 len(201) < 400072
[unmarshall] got 96040 new bytes 
[unmarshall] client vb03 len(96241) < 400072
[unmarshall] got 56472 new bytes 
[unmarshall] client vb03 len(152713) < 400072
[unmarshall] got 26216 new bytes 
[unmarshall] client vb03 len(178929) < 400072
[unmarshall] got 56472 new bytes 
[unmarshall] client vb03 len(235401) < 400072
[unmarshall] got 62264 new bytes 
[unmarshall] client vb03 len(297665) < 400072
[unmarshall] got 52128 new bytes 
[unmarshall] client vb03 len(349793) < 400072
[unmarshall] got 50279 new bytes 
[22:26.47] dbg: [unmarshall] data for client 2 "" [len 400072] [invalid]
[22:26.47] dbg: Latency unmarshall arguments.
[22:26.47] dbg: Unmarshalling 50000 samples
[unmarshall] client vb04 unmarshall 
[parse_return_code] :  code=220|str=VALID DATA|msg=Data to follow|
[unmarshall] client vb04 content-length: 400072
[unmarshall] client vb04 len(201) < 400072
[unmarshall] got 96080 new bytes 
[unmarshall] client vb04 len(96281) < 400072
[unmarshall] got 56472 new bytes 
[unmarshall] client vb04 len(152753) < 400072
[unmarshall] got 26216 new bytes 
[unmarshall] client vb04 len(178969) < 400072
[unmarshall] got 43440 new bytes 
[unmarshall] client vb04 len(222409) < 400072
[unmarshall] got 41840 new bytes 
[unmarshall] client vb04 len(264249) < 400072
[unmarshall] got 49232 new bytes 
[unmarshall] client vb04 len(313481) < 400072
[unmarshall] got 62264 new bytes 
[unmarshall] client vb04 len(375745) < 400072
[unmarshall] got 24327 new bytes 
[22:26.47] dbg: [unmarshall] data for client 3 "" [len 400072] [invalid]
[22:26.47] dbg: Latency unmarshall arguments.
[22:26.47] dbg: Unmarshalling 50000 samples
[unmarshall] client vb01 unmarshall 
[parse_return_code] :  code=220|str=VALID DATA|msg=Data to follow|
[unmarshall] client vb01 content-length: 400072
[unmarshall] client vb01 len(201) < 400072
[unmarshall] got 65335 new bytes 
[unmarshall] client vb01 len(65536) < 400072
[unmarshall] got 128384 new bytes 
[unmarshall] client vb01 len(193920) < 400072
[unmarshall] got 206152 new bytes 
[22:26.47] dbg: [unmarshall] data for client 0 "" [len 400072] [invalid]
[22:26.47] dbg: Latency unmarshall arguments.
[22:26.47] dbg: Unmarshalling 50000 samples
[send_command] : STOP
[unmarshall] client 172.16.1.69 unmarshall 
[parse_return_code] :  code=220|str=VALID DATA|msg=Data to follow|
[unmarshall] client 172.16.1.69 content-length: 24
[22:26.47] dbg: [unmarshall] data for target ",8161685542,22986078918" [len 24] [invalid]
[22:26.47] dbg: [cpu_target_lukem_unmarhsall] start
[22:26.47] dbg: [cpu_target_lukem_unmarshall] cpu usage ,8161685542,22986078918
[22:26.47] dbg: Latency begin output function
[send_command] : QUIT
[send_command] : QUIT
[send_command] : QUIT
[send_command] : QUIT
[send_command] : QUIT
b'100 IPBENCH V1.0\n'
b'100 IPBENCH V1.0\n'
b'100 IPBENCH V1.0\n'
b'100 IPBENCH V1.0\n'
b'100 IPBENCH V1.0\n'
b'100 IPBENCH V1.0\n'
b'100 IPBENCH V1.0\n'
b'100 IPBENCH V1.0\n'
Requested_Throughput,Receive_Throughput,Send_Throughput,Packet_Size,Minimum_RTT,Average_RTT,Maximum_RTT,Stdev_RTT,Median_RTT,Bad_Packets,Idle_Cycles,Total_Cycles
 1000000000,957030871,999995826,1472,1277,1331,1536,8.54,1330,0,8161685542,22986078918

b'100 IPBENCH V1.0\n'
b'100 IPBENCH V1.0\n'
b'100 IPBENCH V1.0\n'
b'100 IPBENCH V1.0\n'
Result Summary:
Requested_Throughput,Receive_Throughput,Send_Throughput,Packet_Size,Minimum_RTT,Average_RTT,Maximum_RTT,Stdev_RTT,Median_RTT,Bad_Packets,Idle_Cycles,Total_Cycles
1000000000,957030871,999995826,1472,1277,1331,1536,8.54,1330,0,8161685542,22986078918

