[17:12.39] dbg: Finding plugins in /usr/lib/x86_64-linux-gnu/ipbench
[17:12.39] dbg: Checking /usr/lib/x86_64-linux-gnu/ipbench/liblatencyramp.so against latency ...
[17:12.39] dbg: Checking for header ...
[17:12.39] dbg: Checking magic number ...
[17:12.39] dbg: Checking test name |latency|latency_ramp|...
[17:12.39] dbg: latency does not match latency_ramp
[17:12.39] dbg: Checking /usr/lib/x86_64-linux-gnu/ipbench/libwrapper_target.so against latency ...
[17:12.39] dbg: /usr/lib/x86_64-linux-gnu/ipbench/libwrapper_target.so: undefined symbol: target_wrap_setup_controller
[17:12.39] dbg: Checking /usr/lib/x86_64-linux-gnu/ipbench/libwrapper_client.so against latency ...
[17:12.39] dbg: /usr/lib/x86_64-linux-gnu/ipbench/libwrapper_client.so: undefined symbol: client_wrap_setup_controller
[17:12.39] dbg: Checking /usr/lib/x86_64-linux-gnu/ipbench/libwait.so against latency ...
[17:12.39] dbg: Checking for header ...
[17:12.39] dbg: Checking magic number ...
[17:12.39] dbg: Checking test name |latency|wait|...
[17:12.39] dbg: latency does not match wait
[17:12.39] dbg: Checking /usr/lib/x86_64-linux-gnu/ipbench/libnfsstones.so against latency ...
[17:12.39] dbg: Checking for header ...
[17:12.39] dbg: Checking magic number ...
[17:12.39] dbg: Checking test name |latency|nfsstone|...
[17:12.39] dbg: latency does not match nfsstone
[17:12.39] dbg: Checking /usr/lib/x86_64-linux-gnu/ipbench/libnfs_latency.so against latency ...
[17:12.39] dbg: Checking for header ...
[17:12.39] dbg: Checking magic number ...
[17:12.39] dbg: Checking test name |latency|nfs_latency|...
[17:12.39] dbg: latency does not match nfs_latency
[17:12.39] dbg: Checking /usr/lib/x86_64-linux-gnu/ipbench/liblatencycheck.so against latency ...
[17:12.39] dbg: Checking for header ...
[17:12.39] dbg: Checking magic number ...
[17:12.39] dbg: Checking test name |latency|latency|...
[17:12.39] dbg: Test loaded
[main] setting up target 172.16.1.38
[17:12.39] dbg: Finding plugins in /usr/lib/x86_64-linux-gnu/ipbench
[17:12.39] dbg: Checking /usr/lib/x86_64-linux-gnu/ipbench/liblatencyramp.so against cpu_target_lukem ...
[17:12.39] dbg: Checking for header ...
[17:12.39] dbg: Checking magic number ...
[17:12.39] dbg: Checking test name |cpu_target_lukem|latency_ramp|...
[17:12.39] dbg: cpu_target_lukem does not match latency_ramp
[17:12.39] dbg: Checking /usr/lib/x86_64-linux-gnu/ipbench/libwrapper_target.so against cpu_target_lukem ...
[17:12.39] dbg: /usr/lib/x86_64-linux-gnu/ipbench/libwrapper_target.so: undefined symbol: target_wrap_setup_controller
[17:12.39] dbg: Checking /usr/lib/x86_64-linux-gnu/ipbench/libwrapper_client.so against cpu_target_lukem ...
[17:12.39] dbg: /usr/lib/x86_64-linux-gnu/ipbench/libwrapper_client.so: undefined symbol: client_wrap_setup_controller
[17:12.39] dbg: Checking /usr/lib/x86_64-linux-gnu/ipbench/libwait.so against cpu_target_lukem ...
[17:12.39] dbg: Checking for header ...
[17:12.39] dbg: Checking magic number ...
[17:12.39] dbg: Checking test name |cpu_target_lukem|wait|...
[17:12.39] dbg: cpu_target_lukem does not match wait
[17:12.39] dbg: Checking /usr/lib/x86_64-linux-gnu/ipbench/libnfsstones.so against cpu_target_lukem ...
[17:12.39] dbg: Checking for header ...
[17:12.39] dbg: Checking magic number ...
[17:12.39] dbg: Checking test name |cpu_target_lukem|nfsstone|...
[17:12.39] dbg: cpu_target_lukem does not match nfsstone
[17:12.39] dbg: Checking /usr/lib/x86_64-linux-gnu/ipbench/libnfs_latency.so against cpu_target_lukem ...
[17:12.39] dbg: Checking for header ...
[17:12.39] dbg: Checking magic number ...
[17:12.39] dbg: Checking test name |cpu_target_lukem|nfs_latency|...
[17:12.39] dbg: cpu_target_lukem does not match nfs_latency
[17:12.39] dbg: Checking /usr/lib/x86_64-linux-gnu/ipbench/liblatencycheck.so against cpu_target_lukem ...
[17:12.39] dbg: Checking for header ...
[17:12.39] dbg: Checking magic number ...
[17:12.39] dbg: Checking test name |cpu_target_lukem|latency|...
[17:12.39] dbg: cpu_target_lukem does not match latency
[17:12.39] dbg: Checking /usr/lib/x86_64-linux-gnu/ipbench/liblatency.so against cpu_target_lukem ...
[17:12.39] dbg: Checking for header ...
[17:12.39] dbg: Checking magic number ...
[17:12.39] dbg: Checking test name |cpu_target_lukem|latency|...
[17:12.39] dbg: cpu_target_lukem does not match latency
[17:12.39] dbg: Checking /usr/lib/x86_64-linux-gnu/ipbench/libdummy_target.so against cpu_target_lukem ...
[17:12.39] dbg: Checking for header ...
[17:12.39] dbg: Checking magic number ...
[17:12.39] dbg: Checking test name |cpu_target_lukem|dummy_target|...
[17:12.39] dbg: cpu_target_lukem does not match dummy_target
[17:12.39] dbg: Checking /usr/lib/x86_64-linux-gnu/ipbench/libdummy.so against cpu_target_lukem ...
[17:12.39] dbg: Checking for header ...
[17:12.39] dbg: Checking magic number ...
[17:12.39] dbg: Checking test name |cpu_target_lukem|dummy|...
[17:12.39] dbg: cpu_target_lukem does not match dummy
[17:12.39] dbg: Checking /usr/lib/x86_64-linux-gnu/ipbench/libdiscard.so against cpu_target_lukem ...
[17:12.39] dbg: Checking for header ...
[17:12.39] dbg: Checking magic number ...
[17:12.39] dbg: Checking test name |cpu_target_lukem|discard|...
[17:12.39] dbg: cpu_target_lukem does not match discard
[17:12.39] dbg: Checking /usr/lib/x86_64-linux-gnu/ipbench/libcpu_target_lukem.so against cpu_target_lukem ...
[17:12.39] dbg: Checking for header ...
[17:12.39] dbg: Checking magic number ...
[17:12.39] dbg: Checking test name |cpu_target_lukem|cpu_target_lukem|...
[17:12.39] dbg: Test loaded
[IpbenchTestTarget:__init__] : client 172.16.1.38
[connect] start | hostname 172.16.1.38 | port 1236 | 
Can't connect to 172.16.1.38 on port 1236 ... invalid host or port?
b'100 IPBENCH V1.0\n'
b'100 IPBENCH V1.0\n'
b'100 IPBENCH V1.0\n'
b'100 IPBENCH V1.0\n'
b'100 IPBENCH V1.0\n'
b'100 IPBENCH V1.0\n'
b'100 IPBENCH V1.0\n'
b'100 IPBENCH V1.0\n'
b'100 IPBENCH V1.0\n'
b'100 IPBENCH V1.0\n'
b'100 IPBENCH V1.0\n'
b'100 IPBENCH V1.0\n'
Traceback (most recent call last):
  File "/tmp/tmp.3OuQri76CG", line 162, in <module>
    row = run_benchmark(args, throughput, packet_size) + "\n"
          ~~~~~~~~~~~~~^^^^^^^^^^^^^^^^^^^^^^^^^^^^^^^
  File "/tmp/tmp.3OuQri76CG", line 75, in run_benchmark
    p.check_returncode()
    ~~~~~~~~~~~~~~~~~~^^
  File "/usr/lib/python3.13/subprocess.py", line 508, in check_returncode
    raise CalledProcessError(self.returncode, self.args, self.stdout,
                             self.stderr)
subprocess.CalledProcessError: Command '['ipbench', '--debug', '--test', 'latency', '--test-args', 'socktype=udp,bps=2500000,size=1472,warmup=10,cooldown=10,samples=50000', '--port', '8036', '--client', 'vb01', '--client', 'vb02', '--client', 'vb03', '--client', 'vb04', '--test-target', '172.16.1.38', '--test-port', '1235', '--target-test', 'cpu_target_lukem', '--target-test-hostname', '172.16.1.38', '--target-test-port', '1236']' returned non-zero exit status 1.
