[19:54.54] dbg: Finding plugins in /usr/lib/x86_64-linux-gnu/ipbench
[19:54.54] dbg: Checking /usr/lib/x86_64-linux-gnu/ipbench/liblatencyramp.so against latency ...
[19:54.54] dbg: Checking for header ...
[19:54.54] dbg: Checking magic number ...
[19:54.54] dbg: Checking test name |latency|latency_ramp|...
[19:54.54] dbg: latency does not match latency_ramp
[19:54.54] dbg: Checking /usr/lib/x86_64-linux-gnu/ipbench/libwrapper_target.so against latency ...
[19:54.54] dbg: /usr/lib/x86_64-linux-gnu/ipbench/libwrapper_target.so: undefined symbol: target_wrap_setup_controller
[19:54.54] dbg: Checking /usr/lib/x86_64-linux-gnu/ipbench/libwrapper_client.so against latency ...
[19:54.54] dbg: /usr/lib/x86_64-linux-gnu/ipbench/libwrapper_client.so: undefined symbol: client_wrap_setup_controller
[19:54.54] dbg: Checking /usr/lib/x86_64-linux-gnu/ipbench/libwait.so against latency ...
[19:54.54] dbg: Checking for header ...
[19:54.54] dbg: Checking magic number ...
[19:54.54] dbg: Checking test name |latency|wait|...
[19:54.54] dbg: latency does not match wait
[19:54.54] dbg: Checking /usr/lib/x86_64-linux-gnu/ipbench/libnfsstones.so against latency ...
[19:54.54] dbg: Checking for header ...
[19:54.54] dbg: Checking magic number ...
[19:54.54] dbg: Checking test name |latency|nfsstone|...
[19:54.54] dbg: latency does not match nfsstone
[19:54.54] dbg: Checking /usr/lib/x86_64-linux-gnu/ipbench/libnfs_latency.so against latency ...
[19:54.54] dbg: Checking for header ...
[19:54.54] dbg: Checking magic number ...
[19:54.54] dbg: Checking test name |latency|nfs_latency|...
[19:54.54] dbg: latency does not match nfs_latency
[19:54.54] dbg: Checking /usr/lib/x86_64-linux-gnu/ipbench/liblatencycheck.so against latency ...
[19:54.54] dbg: Checking for header ...
[19:54.54] dbg: Checking magic number ...
[19:54.54] dbg: Checking test name |latency|latency|...
[19:54.54] dbg: Test loaded
[main] setting up target 172.16.1.113
[19:54.54] dbg: Finding plugins in /usr/lib/x86_64-linux-gnu/ipbench
[19:54.54] dbg: Checking /usr/lib/x86_64-linux-gnu/ipbench/liblatencyramp.so against cpu_target_lukem ...
[19:54.54] dbg: Checking for header ...
[19:54.54] dbg: Checking magic number ...
[19:54.54] dbg: Checking test name |cpu_target_lukem|latency_ramp|...
[19:54.54] dbg: cpu_target_lukem does not match latency_ramp
[19:54.54] dbg: Checking /usr/lib/x86_64-linux-gnu/ipbench/libwrapper_target.so against cpu_target_lukem ...
[19:54.54] dbg: /usr/lib/x86_64-linux-gnu/ipbench/libwrapper_target.so: undefined symbol: target_wrap_setup_controller
[19:54.54] dbg: Checking /usr/lib/x86_64-linux-gnu/ipbench/libwrapper_client.so against cpu_target_lukem ...
[19:54.54] dbg: /usr/lib/x86_64-linux-gnu/ipbench/libwrapper_client.so: undefined symbol: client_wrap_setup_controller
[19:54.54] dbg: Checking /usr/lib/x86_64-linux-gnu/ipbench/libwait.so against cpu_target_lukem ...
[19:54.54] dbg: Checking for header ...
[19:54.54] dbg: Checking magic number ...
[19:54.54] dbg: Checking test name |cpu_target_lukem|wait|...
[19:54.54] dbg: cpu_target_lukem does not match wait
[19:54.54] dbg: Checking /usr/lib/x86_64-linux-gnu/ipbench/libnfsstones.so against cpu_target_lukem ...
[19:54.54] dbg: Checking for header ...
[19:54.54] dbg: Checking magic number ...
[19:54.54] dbg: Checking test name |cpu_target_lukem|nfsstone|...
[19:54.54] dbg: cpu_target_lukem does not match nfsstone
[19:54.54] dbg: Checking /usr/lib/x86_64-linux-gnu/ipbench/libnfs_latency.so against cpu_target_lukem ...
[19:54.54] dbg: Checking for header ...
[19:54.54] dbg: Checking magic number ...
[19:54.54] dbg: Checking test name |cpu_target_lukem|nfs_latency|...
[19:54.54] dbg: cpu_target_lukem does not match nfs_latency
[19:54.54] dbg: Checking /usr/lib/x86_64-linux-gnu/ipbench/liblatencycheck.so against cpu_target_lukem ...
[19:54.54] dbg: Checking for header ...
[19:54.54] dbg: Checking magic number ...
[19:54.54] dbg: Checking test name |cpu_target_lukem|latency|...
[19:54.54] dbg: cpu_target_lukem does not match latency
[19:54.54] dbg: Checking /usr/lib/x86_64-linux-gnu/ipbench/liblatency.so against cpu_target_lukem ...
[19:54.54] dbg: Checking for header ...
[19:54.54] dbg: Checking magic number ...
[19:54.54] dbg: Checking test name |cpu_target_lukem|latency|...
[19:54.54] dbg: cpu_target_lukem does not match latency
[19:54.54] dbg: Checking /usr/lib/x86_64-linux-gnu/ipbench/libdummy_target.so against cpu_target_lukem ...
[19:54.54] dbg: Checking for header ...
[19:54.54] dbg: Checking magic number ...
[19:54.54] dbg: Checking test name |cpu_target_lukem|dummy_target|...
[19:54.54] dbg: cpu_target_lukem does not match dummy_target
[19:54.54] dbg: Checking /usr/lib/x86_64-linux-gnu/ipbench/libdummy.so against cpu_target_lukem ...
[19:54.54] dbg: Checking for header ...
[19:54.54] dbg: Checking magic number ...
[19:54.54] dbg: Checking test name |cpu_target_lukem|dummy|...
[19:54.54] dbg: cpu_target_lukem does not match dummy
[19:54.54] dbg: Checking /usr/lib/x86_64-linux-gnu/ipbench/libdiscard.so against cpu_target_lukem ...
[19:54.54] dbg: Checking for header ...
[19:54.54] dbg: Checking magic number ...
[19:54.54] dbg: Checking test name |cpu_target_lukem|discard|...
[19:54.54] dbg: cpu_target_lukem does not match discard
[19:54.54] dbg: Checking /usr/lib/x86_64-linux-gnu/ipbench/libcpu_target_lukem.so against cpu_target_lukem ...
[19:54.54] dbg: Checking for header ...
[19:54.54] dbg: Checking magic number ...
[19:54.54] dbg: Checking test name |cpu_target_lukem|cpu_target_lukem|...
[19:54.54] dbg: Test loaded
[IpbenchTestTarget:__init__] : client 172.16.1.113
[connect] start | hostname 172.16.1.113 | port 1236 | 
[parse_return_code] :  code=100|str=IPBENCH V1.0|msg=|
[send_command] : HELLO
[parse_return_code] :  code=200|str=OK|msg=Ready to go|
[send_command] : LOAD cpu_target_lukem
[parse_return_code] :  code=200|str=OK|msg=|
[send_command] : SETUP args::""
[parse_return_code] :  code=200|str=OK|msg=|
[main] setting up client vb01
[IpbenchTestClient:__init__] : client vb01 port 8036 test_port 1235 test_args socktype=udp,bps=250000000,size=1472,warmup=10,cooldown=10,samples=50000
[connect] start | hostname vb01 | port 8036 | 
[parse_return_code] :  code=100|str=IPBENCH V1.0|msg=|
[send_command] : HELLO
[parse_return_code] :  code=200|str=OK|msg=Ready to go|
[send_command] : LOAD latency
[parse_return_code] :  code=200|str=OK|msg=|
[Setup]: target: 172.16.1.113
[Setup]: port: 1235
[Setup]: args: socktype=udp,bps=250000000,size=1472,warmup=10,cooldown=10,samples=50000
[send_command] : SETUP target::172.16.1.113||port::1235||args::"socktype=udp,bps=250000000,size=1472,warmup=10,cooldown=10,samples=50000"
[parse_return_code] :  code=200|str=OK|msg=|
[main] setting up client vb02
[IpbenchTestClient:__init__] : client vb02 port 8036 test_port 1235 test_args socktype=udp,bps=250000000,size=1472,warmup=10,cooldown=10,samples=50000
[connect] start | hostname vb02 | port 8036 | 
[parse_return_code] :  code=100|str=IPBENCH V1.0|msg=|
[send_command] : HELLO
[parse_return_code] :  code=200|str=OK|msg=Ready to go|
[send_command] : LOAD latency
[parse_return_code] :  code=200|str=OK|msg=|
[Setup]: target: 172.16.1.113
[Setup]: port: 1235
[Setup]: args: socktype=udp,bps=250000000,size=1472,warmup=10,cooldown=10,samples=50000
[send_command] : SETUP target::172.16.1.113||port::1235||args::"socktype=udp,bps=250000000,size=1472,warmup=10,cooldown=10,samples=50000"
[parse_return_code] :  code=200|str=OK|msg=|
[main] setting up client vb03
[IpbenchTestClient:__init__] : client vb03 port 8036 test_port 1235 test_args socktype=udp,bps=250000000,size=1472,warmup=10,cooldown=10,samples=50000
[connect] start | hostname vb03 | port 8036 | 
[parse_return_code] :  code=100|str=IPBENCH V1.0|msg=|
[send_command] : HELLO
[parse_return_code] :  code=200|str=OK|msg=Ready to go|
[send_command] : LOAD latency
[parse_return_code] :  code=200|str=OK|msg=|
[Setup]: target: 172.16.1.113
[Setup]: port: 1235
[Setup]: args: socktype=udp,bps=250000000,size=1472,warmup=10,cooldown=10,samples=50000
[send_command] : SETUP target::172.16.1.113||port::1235||args::"socktype=udp,bps=250000000,size=1472,warmup=10,cooldown=10,samples=50000"
[parse_return_code] :  code=200|str=OK|msg=|
[main] setting up client vb04
[IpbenchTestClient:__init__] : client vb04 port 8036 test_port 1235 test_args socktype=udp,bps=250000000,size=1472,warmup=10,cooldown=10,samples=50000
[connect] start | hostname vb04 | port 8036 | 
[parse_return_code] :  code=100|str=IPBENCH V1.0|msg=|
[send_command] : HELLO
[parse_return_code] :  code=200|str=OK|msg=Ready to go|
[send_command] : LOAD latency
[parse_return_code] :  code=200|str=OK|msg=|
[Setup]: target: 172.16.1.113
[Setup]: port: 1235
[Setup]: args: socktype=udp,bps=250000000,size=1472,warmup=10,cooldown=10,samples=50000
[send_command] : SETUP target::172.16.1.113||port::1235||args::"socktype=udp,bps=250000000,size=1472,warmup=10,cooldown=10,samples=50000"
[parse_return_code] :  code=200|str=OK|msg=|
[send_command] : START
[main] client vb01 start
[send_command] : START
[main] client vb02 start
[send_command] : START
[main] client vb03 start
[send_command] : START
[main] client vb04 start
[send_command] : START
[unmarshall] client vb01 unmarshall 
[parse_return_code] :  code=220|str=VALID DATA|msg=Data to follow|
[unmarshall] client vb01 content-length: 400072
[unmarshall] client vb01 len(201) < 400072
[unmarshall] got 128055 new bytes 
[unmarshall] client vb01 len(128256) < 400072
[unmarshall] got 94720 new bytes 
[unmarshall] client vb01 len(222976) < 400072
[unmarshall] got 94720 new bytes 
[unmarshall] client vb01 len(317696) < 400072
[unmarshall] got 82376 new bytes 
[19:55.54] dbg: [unmarshall] data for client 0 "" [len 400072] [invalid]
[19:55.54] dbg: Latency unmarshall arguments.
[19:55.54] dbg: Unmarshalling 50000 samples
[unmarshall] client vb02 unmarshall 
[parse_return_code] :  code=220|str=VALID DATA|msg=Data to follow|
[unmarshall] client vb02 content-length: 400072
[unmarshall] client vb02 len(201) < 400072
[unmarshall] got 92448 new bytes 
[unmarshall] client vb02 len(92649) < 400072
[unmarshall] got 1448 new bytes 
[unmarshall] client vb02 len(94097) < 400072
[unmarshall] got 4344 new bytes 
[unmarshall] client vb02 len(98441) < 400072
[unmarshall] got 2896 new bytes 
[unmarshall] client vb02 len(101337) < 400072
[unmarshall] got 1448 new bytes 
[unmarshall] client vb02 len(102785) < 400072
[unmarshall] got 5792 new bytes 
[unmarshall] client vb02 len(108577) < 400072
[unmarshall] got 1448 new bytes 
[unmarshall] client vb02 len(110025) < 400072
[unmarshall] got 1448 new bytes 
[unmarshall] client vb02 len(111473) < 400072
[unmarshall] got 1448 new bytes 
[unmarshall] client vb02 len(112921) < 400072
[unmarshall] got 1448 new bytes 
[unmarshall] client vb02 len(114369) < 400072
[unmarshall] got 1448 new bytes 
[unmarshall] client vb02 len(115817) < 400072
[unmarshall] got 1448 new bytes 
[unmarshall] client vb02 len(117265) < 400072
[unmarshall] got 1448 new bytes 
[unmarshall] client vb02 len(118713) < 400072
[unmarshall] got 1448 new bytes 
[unmarshall] client vb02 len(120161) < 400072
[unmarshall] got 4344 new bytes 
[unmarshall] client vb02 len(124505) < 400072
[unmarshall] got 1448 new bytes 
[unmarshall] client vb02 len(125953) < 400072
[unmarshall] got 1448 new bytes 
[unmarshall] client vb02 len(127401) < 400072
[unmarshall] got 1448 new bytes 
[unmarshall] client vb02 len(128849) < 400072
[unmarshall] got 1448 new bytes 
[unmarshall] client vb02 len(130297) < 400072
[unmarshall] got 1448 new bytes 
[unmarshall] client vb02 len(131745) < 400072
[unmarshall] got 1448 new bytes 
[unmarshall] client vb02 len(133193) < 400072
[unmarshall] got 1448 new bytes 
[unmarshall] client vb02 len(134641) < 400072
[unmarshall] got 2896 new bytes 
[unmarshall] client vb02 len(137537) < 400072
[unmarshall] got 2896 new bytes 
[unmarshall] client vb02 len(140433) < 400072
[unmarshall] got 1448 new bytes 
[unmarshall] client vb02 len(141881) < 400072
[unmarshall] got 1448 new bytes 
[unmarshall] client vb02 len(143329) < 400072
[unmarshall] got 1448 new bytes 
[unmarshall] client vb02 len(144777) < 400072
[unmarshall] got 1448 new bytes 
[unmarshall] client vb02 len(146225) < 400072
[unmarshall] got 1448 new bytes 
[unmarshall] client vb02 len(147673) < 400072
[unmarshall] got 1448 new bytes 
[unmarshall] client vb02 len(149121) < 400072
[unmarshall] got 1448 new bytes 
[unmarshall] client vb02 len(150569) < 400072
[unmarshall] got 2896 new bytes 
[unmarshall] client vb02 len(153465) < 400072
[unmarshall] got 1448 new bytes 
[unmarshall] client vb02 len(154913) < 400072
[unmarshall] got 1448 new bytes 
[unmarshall] client vb02 len(156361) < 400072
[unmarshall] got 1448 new bytes 
[unmarshall] client vb02 len(157809) < 400072
[unmarshall] got 1448 new bytes 
[unmarshall] client vb02 len(159257) < 400072
[unmarshall] got 1448 new bytes 
[unmarshall] client vb02 len(160705) < 400072
[unmarshall] got 1448 new bytes 
[unmarshall] client vb02 len(162153) < 400072
[unmarshall] got 1448 new bytes 
[unmarshall] client vb02 len(163601) < 400072
[unmarshall] got 1448 new bytes 
[unmarshall] client vb02 len(165049) < 400072
[unmarshall] got 1448 new bytes 
[unmarshall] client vb02 len(166497) < 400072
[unmarshall] got 1448 new bytes 
[unmarshall] client vb02 len(167945) < 400072
[unmarshall] got 1448 new bytes 
[unmarshall] client vb02 len(169393) < 400072
[unmarshall] got 1448 new bytes 
[unmarshall] client vb02 len(170841) < 400072
[unmarshall] got 1448 new bytes 
[unmarshall] client vb02 len(172289) < 400072
[unmarshall] got 2896 new bytes 
[unmarshall] client vb02 len(175185) < 400072
[unmarshall] got 1448 new bytes 
[unmarshall] client vb02 len(176633) < 400072
[unmarshall] got 1448 new bytes 
[unmarshall] client vb02 len(178081) < 400072
[unmarshall] got 1448 new bytes 
[unmarshall] client vb02 len(179529) < 400072
[unmarshall] got 1448 new bytes 
[unmarshall] client vb02 len(180977) < 400072
[unmarshall] got 1448 new bytes 
[unmarshall] client vb02 len(182425) < 400072
[unmarshall] got 1448 new bytes 
[unmarshall] client vb02 len(183873) < 400072
[unmarshall] got 2896 new bytes 
[unmarshall] client vb02 len(186769) < 400072
[unmarshall] got 1448 new bytes 
[unmarshall] client vb02 len(188217) < 400072
[unmarshall] got 2896 new bytes 
[unmarshall] client vb02 len(191113) < 400072
[unmarshall] got 1448 new bytes 
[unmarshall] client vb02 len(192561) < 400072
[unmarshall] got 1448 new bytes 
[unmarshall] client vb02 len(194009) < 400072
[unmarshall] got 1448 new bytes 
[unmarshall] client vb02 len(195457) < 400072
[unmarshall] got 1448 new bytes 
[unmarshall] client vb02 len(196905) < 400072
[unmarshall] got 1448 new bytes 
[unmarshall] client vb02 len(198353) < 400072
[unmarshall] got 1448 new bytes 
[unmarshall] client vb02 len(199801) < 400072
[unmarshall] got 1448 new bytes 
[unmarshall] client vb02 len(201249) < 400072
[unmarshall] got 1448 new bytes 
[unmarshall] client vb02 len(202697) < 400072
[unmarshall] got 4344 new bytes 
[unmarshall] client vb02 len(207041) < 400072
[unmarshall] got 1448 new bytes 
[unmarshall] client vb02 len(208489) < 400072
[unmarshall] got 2896 new bytes 
[unmarshall] client vb02 len(211385) < 400072
[unmarshall] got 1448 new bytes 
[unmarshall] client vb02 len(212833) < 400072
[unmarshall] got 1448 new bytes 
[unmarshall] client vb02 len(214281) < 400072
[unmarshall] got 1448 new bytes 
[unmarshall] client vb02 len(215729) < 400072
[unmarshall] got 2896 new bytes 
[unmarshall] client vb02 len(218625) < 400072
[unmarshall] got 2896 new bytes 
[unmarshall] client vb02 len(221521) < 400072
[unmarshall] got 1448 new bytes 
[unmarshall] client vb02 len(222969) < 400072
[unmarshall] got 1448 new bytes 
[unmarshall] client vb02 len(224417) < 400072
[unmarshall] got 2896 new bytes 
[unmarshall] client vb02 len(227313) < 400072
[unmarshall] got 1448 new bytes 
[unmarshall] client vb02 len(228761) < 400072
[unmarshall] got 2896 new bytes 
[unmarshall] client vb02 len(231657) < 400072
[unmarshall] got 2896 new bytes 
[unmarshall] client vb02 len(234553) < 400072
[unmarshall] got 1448 new bytes 
[unmarshall] client vb02 len(236001) < 400072
[unmarshall] got 1448 new bytes 
[unmarshall] client vb02 len(237449) < 400072
[unmarshall] got 1448 new bytes 
[unmarshall] client vb02 len(238897) < 400072
[unmarshall] got 2896 new bytes 
[unmarshall] client vb02 len(241793) < 400072
[unmarshall] got 1448 new bytes 
[unmarshall] client vb02 len(243241) < 400072
[unmarshall] got 2896 new bytes 
[unmarshall] client vb02 len(246137) < 400072
[unmarshall] got 1448 new bytes 
[unmarshall] client vb02 len(247585) < 400072
[unmarshall] got 1448 new bytes 
[unmarshall] client vb02 len(249033) < 400072
[unmarshall] got 2896 new bytes 
[unmarshall] client vb02 len(251929) < 400072
[unmarshall] got 1448 new bytes 
[unmarshall] client vb02 len(253377) < 400072
[unmarshall] got 2896 new bytes 
[unmarshall] client vb02 len(256273) < 400072
[unmarshall] got 1448 new bytes 
[unmarshall] client vb02 len(257721) < 400072
[unmarshall] got 2896 new bytes 
[unmarshall] client vb02 len(260617) < 400072
[unmarshall] got 1448 new bytes 
[unmarshall] client vb02 len(262065) < 400072
[unmarshall] got 2896 new bytes 
[unmarshall] client vb02 len(264961) < 400072
[unmarshall] got 1448 new bytes 
[unmarshall] client vb02 len(266409) < 400072
[unmarshall] got 2896 new bytes 
[unmarshall] client vb02 len(269305) < 400072
[unmarshall] got 2896 new bytes 
[unmarshall] client vb02 len(272201) < 400072
[unmarshall] got 1448 new bytes 
[unmarshall] client vb02 len(273649) < 400072
[unmarshall] got 2896 new bytes 
[unmarshall] client vb02 len(276545) < 400072
[unmarshall] got 1448 new bytes 
[unmarshall] client vb02 len(277993) < 400072
[unmarshall] got 1448 new bytes 
[unmarshall] client vb02 len(279441) < 400072
[unmarshall] got 1448 new bytes 
[unmarshall] client vb02 len(280889) < 400072
[unmarshall] got 2896 new bytes 
[unmarshall] client vb02 len(283785) < 400072
[unmarshall] got 2896 new bytes 
[unmarshall] client vb02 len(286681) < 400072
[unmarshall] got 1448 new bytes 
[unmarshall] client vb02 len(288129) < 400072
[unmarshall] got 2896 new bytes 
[unmarshall] client vb02 len(291025) < 400072
[unmarshall] got 1448 new bytes 
[unmarshall] client vb02 len(292473) < 400072
[unmarshall] got 1448 new bytes 
[unmarshall] client vb02 len(293921) < 400072
[unmarshall] got 1448 new bytes 
[unmarshall] client vb02 len(295369) < 400072
[unmarshall] got 2896 new bytes 
[unmarshall] client vb02 len(298265) < 400072
[unmarshall] got 2896 new bytes 
[unmarshall] client vb02 len(301161) < 400072
[unmarshall] got 1448 new bytes 
[unmarshall] client vb02 len(302609) < 400072
[unmarshall] got 2896 new bytes 
[unmarshall] client vb02 len(305505) < 400072
[unmarshall] got 1448 new bytes 
[unmarshall] client vb02 len(306953) < 400072
[unmarshall] got 4344 new bytes 
[unmarshall] client vb02 len(311297) < 400072
[unmarshall] got 2896 new bytes 
[unmarshall] client vb02 len(314193) < 400072
[unmarshall] got 1448 new bytes 
[unmarshall] client vb02 len(315641) < 400072
[unmarshall] got 2896 new bytes 
[unmarshall] client vb02 len(318537) < 400072
[unmarshall] got 1448 new bytes 
[unmarshall] client vb02 len(319985) < 400072
[unmarshall] got 2896 new bytes 
[unmarshall] client vb02 len(322881) < 400072
[unmarshall] got 4344 new bytes 
[unmarshall] client vb02 len(327225) < 400072
[unmarshall] got 1448 new bytes 
[unmarshall] client vb02 len(328673) < 400072
[unmarshall] got 2896 new bytes 
[unmarshall] client vb02 len(331569) < 400072
[unmarshall] got 2896 new bytes 
[unmarshall] client vb02 len(334465) < 400072
[unmarshall] got 1448 new bytes 
[unmarshall] client vb02 len(335913) < 400072
[unmarshall] got 2896 new bytes 
[unmarshall] client vb02 len(338809) < 400072
[unmarshall] got 2896 new bytes 
[unmarshall] client vb02 len(341705) < 400072
[unmarshall] got 4344 new bytes 
[unmarshall] client vb02 len(346049) < 400072
[unmarshall] got 1448 new bytes 
[unmarshall] client vb02 len(347497) < 400072
[unmarshall] got 2896 new bytes 
[unmarshall] client vb02 len(350393) < 400072
[unmarshall] got 2896 new bytes 
[unmarshall] client vb02 len(353289) < 400072
[unmarshall] got 1448 new bytes 
[unmarshall] client vb02 len(354737) < 400072
[unmarshall] got 2896 new bytes 
[unmarshall] client vb02 len(357633) < 400072
[unmarshall] got 1448 new bytes 
[unmarshall] client vb02 len(359081) < 400072
[unmarshall] got 4344 new bytes 
[unmarshall] client vb02 len(363425) < 400072
[unmarshall] got 4344 new bytes 
[unmarshall] client vb02 len(367769) < 400072
[unmarshall] got 11584 new bytes 
[unmarshall] client vb02 len(379353) < 400072
[unmarshall] got 17376 new bytes 
[unmarshall] client vb02 len(396729) < 400072
[unmarshall] got 3343 new bytes 
[19:55.55] dbg: [unmarshall] data for client 1 "" [len 400072] [invalid]
[19:55.55] dbg: Latency unmarshall arguments.
[19:55.55] dbg: Unmarshalling 50000 samples
[unmarshall] client vb04 unmarshall 
[parse_return_code] :  code=220|str=VALID DATA|msg=Data to follow|
[unmarshall] client vb04 content-length: 400072
[unmarshall] client vb04 len(201) < 400072
[unmarshall] got 96080 new bytes 
[unmarshall] client vb04 len(96281) < 400072
[unmarshall] got 56472 new bytes 
[unmarshall] client vb04 len(152753) < 400072
[unmarshall] got 26216 new bytes 
[unmarshall] client vb04 len(178969) < 400072
[unmarshall] got 53576 new bytes 
[unmarshall] client vb04 len(232545) < 400072
[unmarshall] got 31704 new bytes 
[unmarshall] client vb04 len(264249) < 400072
[unmarshall] got 49232 new bytes 
[unmarshall] client vb04 len(313481) < 400072
[unmarshall] got 62264 new bytes 
[unmarshall] client vb04 len(375745) < 400072
[unmarshall] got 24327 new bytes 
[19:55.55] dbg: [unmarshall] data for client 3 "" [len 400072] [invalid]
[19:55.55] dbg: Latency unmarshall arguments.
[19:55.55] dbg: Unmarshalling 50000 samples
[unmarshall] client vb03 unmarshall 
[parse_return_code] :  code=220|str=VALID DATA|msg=Data to follow|
[unmarshall] client vb03 content-length: 400072
[unmarshall] client vb03 len(201) < 400072
[unmarshall] got 47560 new bytes 
[unmarshall] client vb03 len(47761) < 400072
[unmarshall] got 21720 new bytes 
[unmarshall] client vb03 len(69481) < 400072
[unmarshall] got 30408 new bytes 
[unmarshall] client vb03 len(99889) < 400072
[unmarshall] got 11584 new bytes 
[unmarshall] client vb03 len(111473) < 400072
[unmarshall] got 33016 new bytes 
[unmarshall] client vb03 len(144489) < 400072
[unmarshall] got 20272 new bytes 
[unmarshall] client vb03 len(164761) < 400072
[unmarshall] got 30408 new bytes 
[unmarshall] client vb03 len(195169) < 400072
[unmarshall] got 13064 new bytes 
[unmarshall] client vb03 len(208233) < 400072
[unmarshall] got 59368 new bytes 
[unmarshall] client vb03 len(267601) < 400072
[unmarshall] got 21720 new bytes 
[unmarshall] client vb03 len(289321) < 400072
[unmarshall] got 17376 new bytes 
[unmarshall] client vb03 len(306697) < 400072
[unmarshall] got 44888 new bytes 
[unmarshall] client vb03 len(351585) < 400072
[unmarshall] got 48487 new bytes 
[19:55.55] dbg: [unmarshall] data for client 2 "" [len 400072] [invalid]
[19:55.55] dbg: Latency unmarshall arguments.
[19:55.55] dbg: Unmarshalling 50000 samples
[send_command] : STOP
[unmarshall] client 172.16.1.113 unmarshall 
[parse_return_code] :  code=220|str=VALID DATA|msg=Data to follow|
[unmarshall] client 172.16.1.113 content-length: 24
[19:55.55] dbg: [unmarshall] data for target ",8256260196,23043716564" [len 24] [invalid]
[19:55.55] dbg: [cpu_target_lukem_unmarhsall] start
[19:55.55] dbg: [cpu_target_lukem_unmarshall] cpu usage ,8256260196,23043716564
[19:55.55] dbg: Latency begin output function
[send_command] : QUIT
[send_command] : QUIT
[send_command] : QUIT
[send_command] : QUIT
[send_command] : QUIT
b'100 IPBENCH V1.0\n'
b'100 IPBENCH V1.0\n'
b'100 IPBENCH V1.0\n'
b'100 IPBENCH V1.0\n'
b'100 IPBENCH V1.0\n'
b'100 IPBENCH V1.0\n'
b'100 IPBENCH V1.0\n'
b'100 IPBENCH V1.0\n'
Requested_Throughput,Receive_Throughput,Send_Throughput,Packet_Size,Minimum_RTT,Average_RTT,Maximum_RTT,Stdev_RTT,Median_RTT,Bad_Packets,Idle_Cycles,Total_Cycles
 1000000000,957375747,999995933,1472,999,1331,1788,16.61,1331,0,8256260196,23043716564

b'100 IPBENCH V1.0\n'
b'100 IPBENCH V1.0\n'
b'100 IPBENCH V1.0\n'
b'100 IPBENCH V1.0\n'
Result Summary:
Requested_Throughput,Receive_Throughput,Send_Throughput,Packet_Size,Minimum_RTT,Average_RTT,Maximum_RTT,Stdev_RTT,Median_RTT,Bad_Packets,Idle_Cycles,Total_Cycles
1000000000,957375747,999995933,1472,999,1331,1788,16.61,1331,0,8256260196,23043716564

