[00:27.21] dbg: Finding plugins in /usr/lib/x86_64-linux-gnu/ipbench
[00:27.21] dbg: Checking /usr/lib/x86_64-linux-gnu/ipbench/liblatencyramp.so against latency ...
[00:27.21] dbg: Checking for header ...
[00:27.21] dbg: Checking magic number ...
[00:27.21] dbg: Checking test name |latency|latency_ramp|...
[00:27.21] dbg: latency does not match latency_ramp
[00:27.21] dbg: Checking /usr/lib/x86_64-linux-gnu/ipbench/libwrapper_target.so against latency ...
[00:27.21] dbg: /usr/lib/x86_64-linux-gnu/ipbench/libwrapper_target.so: undefined symbol: target_wrap_setup_controller
[00:27.21] dbg: Checking /usr/lib/x86_64-linux-gnu/ipbench/libwrapper_client.so against latency ...
[00:27.21] dbg: /usr/lib/x86_64-linux-gnu/ipbench/libwrapper_client.so: undefined symbol: client_wrap_setup_controller
[00:27.21] dbg: Checking /usr/lib/x86_64-linux-gnu/ipbench/libwait.so against latency ...
[00:27.21] dbg: Checking for header ...
[00:27.21] dbg: Checking magic number ...
[00:27.21] dbg: Checking test name |latency|wait|...
[00:27.21] dbg: latency does not match wait
[00:27.21] dbg: Checking /usr/lib/x86_64-linux-gnu/ipbench/libnfsstones.so against latency ...
[00:27.21] dbg: Checking for header ...
[00:27.21] dbg: Checking magic number ...
[00:27.21] dbg: Checking test name |latency|nfsstone|...
[00:27.21] dbg: latency does not match nfsstone
[00:27.21] dbg: Checking /usr/lib/x86_64-linux-gnu/ipbench/libnfs_latency.so against latency ...
[00:27.21] dbg: Checking for header ...
[00:27.21] dbg: Checking magic number ...
[00:27.21] dbg: Checking test name |latency|nfs_latency|...
[00:27.21] dbg: latency does not match nfs_latency
[00:27.21] dbg: Checking /usr/lib/x86_64-linux-gnu/ipbench/liblatencycheck.so against latency ...
[00:27.21] dbg: Checking for header ...
[00:27.21] dbg: Checking magic number ...
[00:27.21] dbg: Checking test name |latency|latency|...
[00:27.21] dbg: Test loaded
[main] setting up target 172.16.1.196
[00:27.21] dbg: Finding plugins in /usr/lib/x86_64-linux-gnu/ipbench
[00:27.21] dbg: Checking /usr/lib/x86_64-linux-gnu/ipbench/liblatencyramp.so against cpu_target_lukem ...
[00:27.21] dbg: Checking for header ...
[00:27.21] dbg: Checking magic number ...
[00:27.21] dbg: Checking test name |cpu_target_lukem|latency_ramp|...
[00:27.21] dbg: cpu_target_lukem does not match latency_ramp
[00:27.21] dbg: Checking /usr/lib/x86_64-linux-gnu/ipbench/libwrapper_target.so against cpu_target_lukem ...
[00:27.21] dbg: /usr/lib/x86_64-linux-gnu/ipbench/libwrapper_target.so: undefined symbol: target_wrap_setup_controller
[00:27.21] dbg: Checking /usr/lib/x86_64-linux-gnu/ipbench/libwrapper_client.so against cpu_target_lukem ...
[00:27.21] dbg: /usr/lib/x86_64-linux-gnu/ipbench/libwrapper_client.so: undefined symbol: client_wrap_setup_controller
[00:27.21] dbg: Checking /usr/lib/x86_64-linux-gnu/ipbench/libwait.so against cpu_target_lukem ...
[00:27.21] dbg: Checking for header ...
[00:27.21] dbg: Checking magic number ...
[00:27.21] dbg: Checking test name |cpu_target_lukem|wait|...
[00:27.21] dbg: cpu_target_lukem does not match wait
[00:27.21] dbg: Checking /usr/lib/x86_64-linux-gnu/ipbench/libnfsstones.so against cpu_target_lukem ...
[00:27.21] dbg: Checking for header ...
[00:27.21] dbg: Checking magic number ...
[00:27.21] dbg: Checking test name |cpu_target_lukem|nfsstone|...
[00:27.21] dbg: cpu_target_lukem does not match nfsstone
[00:27.21] dbg: Checking /usr/lib/x86_64-linux-gnu/ipbench/libnfs_latency.so against cpu_target_lukem ...
[00:27.21] dbg: Checking for header ...
[00:27.21] dbg: Checking magic number ...
[00:27.21] dbg: Checking test name |cpu_target_lukem|nfs_latency|...
[00:27.21] dbg: cpu_target_lukem does not match nfs_latency
[00:27.21] dbg: Checking /usr/lib/x86_64-linux-gnu/ipbench/liblatencycheck.so against cpu_target_lukem ...
[00:27.21] dbg: Checking for header ...
[00:27.21] dbg: Checking magic number ...
[00:27.21] dbg: Checking test name |cpu_target_lukem|latency|...
[00:27.21] dbg: cpu_target_lukem does not match latency
[00:27.21] dbg: Checking /usr/lib/x86_64-linux-gnu/ipbench/liblatency.so against cpu_target_lukem ...
[00:27.21] dbg: Checking for header ...
[00:27.21] dbg: Checking magic number ...
[00:27.21] dbg: Checking test name |cpu_target_lukem|latency|...
[00:27.21] dbg: cpu_target_lukem does not match latency
[00:27.21] dbg: Checking /usr/lib/x86_64-linux-gnu/ipbench/libdummy_target.so against cpu_target_lukem ...
[00:27.21] dbg: Checking for header ...
[00:27.21] dbg: Checking magic number ...
[00:27.21] dbg: Checking test name |cpu_target_lukem|dummy_target|...
[00:27.21] dbg: cpu_target_lukem does not match dummy_target
[00:27.21] dbg: Checking /usr/lib/x86_64-linux-gnu/ipbench/libdummy.so against cpu_target_lukem ...
[00:27.21] dbg: Checking for header ...
[00:27.21] dbg: Checking magic number ...
[00:27.21] dbg: Checking test name |cpu_target_lukem|dummy|...
[00:27.21] dbg: cpu_target_lukem does not match dummy
[00:27.21] dbg: Checking /usr/lib/x86_64-linux-gnu/ipbench/libdiscard.so against cpu_target_lukem ...
[00:27.21] dbg: Checking for header ...
[00:27.21] dbg: Checking magic number ...
[00:27.21] dbg: Checking test name |cpu_target_lukem|discard|...
[00:27.21] dbg: cpu_target_lukem does not match discard
[00:27.21] dbg: Checking /usr/lib/x86_64-linux-gnu/ipbench/libcpu_target_lukem.so against cpu_target_lukem ...
[00:27.21] dbg: Checking for header ...
[00:27.21] dbg: Checking magic number ...
[00:27.21] dbg: Checking test name |cpu_target_lukem|cpu_target_lukem|...
[00:27.21] dbg: Test loaded
[IpbenchTestTarget:__init__] : client 172.16.1.196
[connect] start | hostname 172.16.1.196 | port 1236 | 
[parse_return_code] :  code=100|str=IPBENCH V1.0|msg=|
[send_command] : HELLO
[parse_return_code] :  code=200|str=OK|msg=Ready to go|
[send_command] : LOAD cpu_target_lukem
[parse_return_code] :  code=200|str=OK|msg=|
[send_command] : SETUP args::""
[parse_return_code] :  code=200|str=OK|msg=|
[main] setting up client vb01
[IpbenchTestClient:__init__] : client vb01 port 8036 test_port 1235 test_args socktype=udp,bps=2500000,size=1472,warmup=10,cooldown=10,samples=50000
[connect] start | hostname vb01 | port 8036 | 
[parse_return_code] :  code=100|str=IPBENCH V1.0|msg=|
[send_command] : HELLO
[parse_return_code] :  code=200|str=OK|msg=Ready to go|
[send_command] : LOAD latency
[parse_return_code] :  code=200|str=OK|msg=|
[Setup]: target: 172.16.1.196
[Setup]: port: 1235
[Setup]: args: socktype=udp,bps=2500000,size=1472,warmup=10,cooldown=10,samples=50000
[send_command] : SETUP target::172.16.1.196||port::1235||args::"socktype=udp,bps=2500000,size=1472,warmup=10,cooldown=10,samples=50000"
[parse_return_code] :  code=200|str=OK|msg=|
[main] setting up client vb02
[IpbenchTestClient:__init__] : client vb02 port 8036 test_port 1235 test_args socktype=udp,bps=2500000,size=1472,warmup=10,cooldown=10,samples=50000
[connect] start | hostname vb02 | port 8036 | 
[parse_return_code] :  code=100|str=IPBENCH V1.0|msg=|
[send_command] : HELLO
[parse_return_code] :  code=200|str=OK|msg=Ready to go|
[send_command] : LOAD latency
[parse_return_code] :  code=200|str=OK|msg=|
[Setup]: target: 172.16.1.196
[Setup]: port: 1235
[Setup]: args: socktype=udp,bps=2500000,size=1472,warmup=10,cooldown=10,samples=50000
[send_command] : SETUP target::172.16.1.196||port::1235||args::"socktype=udp,bps=2500000,size=1472,warmup=10,cooldown=10,samples=50000"
[parse_return_code] :  code=200|str=OK|msg=|
[main] setting up client vb03
[IpbenchTestClient:__init__] : client vb03 port 8036 test_port 1235 test_args socktype=udp,bps=2500000,size=1472,warmup=10,cooldown=10,samples=50000
[connect] start | hostname vb03 | port 8036 | 
[parse_return_code] :  code=100|str=IPBENCH V1.0|msg=|
[send_command] : HELLO
[parse_return_code] :  code=200|str=OK|msg=Ready to go|
[send_command] : LOAD latency
[parse_return_code] :  code=200|str=OK|msg=|
[Setup]: target: 172.16.1.196
[Setup]: port: 1235
[Setup]: args: socktype=udp,bps=2500000,size=1472,warmup=10,cooldown=10,samples=50000
[send_command] : SETUP target::172.16.1.196||port::1235||args::"socktype=udp,bps=2500000,size=1472,warmup=10,cooldown=10,samples=50000"
[parse_return_code] :  code=200|str=OK|msg=|
[main] setting up client vb04
[IpbenchTestClient:__init__] : client vb04 port 8036 test_port 1235 test_args socktype=udp,bps=2500000,size=1472,warmup=10,cooldown=10,samples=50000
[connect] start | hostname vb04 | port 8036 | 
[parse_return_code] :  code=100|str=IPBENCH V1.0|msg=|
[send_command] : HELLO
[parse_return_code] :  code=200|str=OK|msg=Ready to go|
[send_command] : LOAD latency
[parse_return_code] :  code=200|str=OK|msg=|
[Setup]: target: 172.16.1.196
[Setup]: port: 1235
[Setup]: args: socktype=udp,bps=2500000,size=1472,warmup=10,cooldown=10,samples=50000
[send_command] : SETUP target::172.16.1.196||port::1235||args::"socktype=udp,bps=2500000,size=1472,warmup=10,cooldown=10,samples=50000"
[parse_return_code] :  code=200|str=OK|msg=|
[send_command] : START
[main] client vb01 start
[send_command] : START
[main] client vb02 start
[send_command] : START
[main] client vb03 start
[send_command] : START
[main] client vb04 start
[send_command] : START
[unmarshall] client vb01 unmarshall 
[parse_return_code] :  code=220|str=VALID DATA|msg=Data to follow|
[unmarshall] client vb01 content-length: 400072
[unmarshall] client vb01 len(201) < 400072
[unmarshall] got 127287 new bytes 
[unmarshall] client vb01 len(127488) < 400072
[unmarshall] got 65536 new bytes 
[unmarshall] client vb01 len(193024) < 400072
[unmarshall] got 207048 new bytes 
[00:32.14] dbg: [unmarshall] data for client 0 "" [len 400072] [invalid]
[00:32.14] dbg: Latency unmarshall arguments.
[00:32.14] dbg: Unmarshalling 50000 samples
[unmarshall] client vb02 unmarshall 
[parse_return_code] :  code=220|str=VALID DATA|msg=Data to follow|
[unmarshall] client vb02 content-length: 400072
[unmarshall] client vb02 len(201) < 400072
[unmarshall] got 96424 new bytes 
[unmarshall] client vb02 len(96625) < 400072
[unmarshall] got 1448 new bytes 
[unmarshall] client vb02 len(98073) < 400072
[unmarshall] got 2896 new bytes 
[unmarshall] client vb02 len(100969) < 400072
[unmarshall] got 1448 new bytes 
[unmarshall] client vb02 len(102417) < 400072
[unmarshall] got 1448 new bytes 
[unmarshall] client vb02 len(103865) < 400072
[unmarshall] got 1448 new bytes 
[unmarshall] client vb02 len(105313) < 400072
[unmarshall] got 2896 new bytes 
[unmarshall] client vb02 len(108209) < 400072
[unmarshall] got 1448 new bytes 
[unmarshall] client vb02 len(109657) < 400072
[unmarshall] got 1448 new bytes 
[unmarshall] client vb02 len(111105) < 400072
[unmarshall] got 2896 new bytes 
[unmarshall] client vb02 len(114001) < 400072
[unmarshall] got 1448 new bytes 
[unmarshall] client vb02 len(115449) < 400072
[unmarshall] got 1448 new bytes 
[unmarshall] client vb02 len(116897) < 400072
[unmarshall] got 1448 new bytes 
[unmarshall] client vb02 len(118345) < 400072
[unmarshall] got 1448 new bytes 
[unmarshall] client vb02 len(119793) < 400072
[unmarshall] got 1448 new bytes 
[unmarshall] client vb02 len(121241) < 400072
[unmarshall] got 1448 new bytes 
[unmarshall] client vb02 len(122689) < 400072
[unmarshall] got 1448 new bytes 
[unmarshall] client vb02 len(124137) < 400072
[unmarshall] got 1448 new bytes 
[unmarshall] client vb02 len(125585) < 400072
[unmarshall] got 1448 new bytes 
[unmarshall] client vb02 len(127033) < 400072
[unmarshall] got 1448 new bytes 
[unmarshall] client vb02 len(128481) < 400072
[unmarshall] got 1448 new bytes 
[unmarshall] client vb02 len(129929) < 400072
[unmarshall] got 1448 new bytes 
[unmarshall] client vb02 len(131377) < 400072
[unmarshall] got 1448 new bytes 
[unmarshall] client vb02 len(132825) < 400072
[unmarshall] got 1448 new bytes 
[unmarshall] client vb02 len(134273) < 400072
[unmarshall] got 1448 new bytes 
[unmarshall] client vb02 len(135721) < 400072
[unmarshall] got 1448 new bytes 
[unmarshall] client vb02 len(137169) < 400072
[unmarshall] got 1448 new bytes 
[unmarshall] client vb02 len(138617) < 400072
[unmarshall] got 2896 new bytes 
[unmarshall] client vb02 len(141513) < 400072
[unmarshall] got 1448 new bytes 
[unmarshall] client vb02 len(142961) < 400072
[unmarshall] got 1448 new bytes 
[unmarshall] client vb02 len(144409) < 400072
[unmarshall] got 1448 new bytes 
[unmarshall] client vb02 len(145857) < 400072
[unmarshall] got 1448 new bytes 
[unmarshall] client vb02 len(147305) < 400072
[unmarshall] got 1448 new bytes 
[unmarshall] client vb02 len(148753) < 400072
[unmarshall] got 2896 new bytes 
[unmarshall] client vb02 len(151649) < 400072
[unmarshall] got 1448 new bytes 
[unmarshall] client vb02 len(153097) < 400072
[unmarshall] got 2896 new bytes 
[unmarshall] client vb02 len(155993) < 400072
[unmarshall] got 1448 new bytes 
[unmarshall] client vb02 len(157441) < 400072
[unmarshall] got 1448 new bytes 
[unmarshall] client vb02 len(158889) < 400072
[unmarshall] got 1448 new bytes 
[unmarshall] client vb02 len(160337) < 400072
[unmarshall] got 1448 new bytes 
[unmarshall] client vb02 len(161785) < 400072
[unmarshall] got 1448 new bytes 
[unmarshall] client vb02 len(163233) < 400072
[unmarshall] got 2896 new bytes 
[unmarshall] client vb02 len(166129) < 400072
[unmarshall] got 1448 new bytes 
[unmarshall] client vb02 len(167577) < 400072
[unmarshall] got 1448 new bytes 
[unmarshall] client vb02 len(169025) < 400072
[unmarshall] got 1448 new bytes 
[unmarshall] client vb02 len(170473) < 400072
[unmarshall] got 1448 new bytes 
[unmarshall] client vb02 len(171921) < 400072
[unmarshall] got 1448 new bytes 
[unmarshall] client vb02 len(173369) < 400072
[unmarshall] got 2896 new bytes 
[unmarshall] client vb02 len(176265) < 400072
[unmarshall] got 1448 new bytes 
[unmarshall] client vb02 len(177713) < 400072
[unmarshall] got 1448 new bytes 
[unmarshall] client vb02 len(179161) < 400072
[unmarshall] got 1448 new bytes 
[unmarshall] client vb02 len(180609) < 400072
[unmarshall] got 1448 new bytes 
[unmarshall] client vb02 len(182057) < 400072
[unmarshall] got 1448 new bytes 
[unmarshall] client vb02 len(183505) < 400072
[unmarshall] got 1448 new bytes 
[unmarshall] client vb02 len(184953) < 400072
[unmarshall] got 2896 new bytes 
[unmarshall] client vb02 len(187849) < 400072
[unmarshall] got 1448 new bytes 
[unmarshall] client vb02 len(189297) < 400072
[unmarshall] got 1448 new bytes 
[unmarshall] client vb02 len(190745) < 400072
[unmarshall] got 1448 new bytes 
[unmarshall] client vb02 len(192193) < 400072
[unmarshall] got 2896 new bytes 
[unmarshall] client vb02 len(195089) < 400072
[unmarshall] got 1448 new bytes 
[unmarshall] client vb02 len(196537) < 400072
[unmarshall] got 1448 new bytes 
[unmarshall] client vb02 len(197985) < 400072
[unmarshall] got 2896 new bytes 
[unmarshall] client vb02 len(200881) < 400072
[unmarshall] got 2896 new bytes 
[unmarshall] client vb02 len(203777) < 400072
[unmarshall] got 1448 new bytes 
[unmarshall] client vb02 len(205225) < 400072
[unmarshall] got 1448 new bytes 
[unmarshall] client vb02 len(206673) < 400072
[unmarshall] got 1448 new bytes 
[unmarshall] client vb02 len(208121) < 400072
[unmarshall] got 1448 new bytes 
[unmarshall] client vb02 len(209569) < 400072
[unmarshall] got 2896 new bytes 
[unmarshall] client vb02 len(212465) < 400072
[unmarshall] got 1448 new bytes 
[unmarshall] client vb02 len(213913) < 400072
[unmarshall] got 2896 new bytes 
[unmarshall] client vb02 len(216809) < 400072
[unmarshall] got 2896 new bytes 
[unmarshall] client vb02 len(219705) < 400072
[unmarshall] got 1448 new bytes 
[unmarshall] client vb02 len(221153) < 400072
[unmarshall] got 2896 new bytes 
[unmarshall] client vb02 len(224049) < 400072
[unmarshall] got 1448 new bytes 
[unmarshall] client vb02 len(225497) < 400072
[unmarshall] got 2896 new bytes 
[unmarshall] client vb02 len(228393) < 400072
[unmarshall] got 2896 new bytes 
[unmarshall] client vb02 len(231289) < 400072
[unmarshall] got 1448 new bytes 
[unmarshall] client vb02 len(232737) < 400072
[unmarshall] got 1448 new bytes 
[unmarshall] client vb02 len(234185) < 400072
[unmarshall] got 2896 new bytes 
[unmarshall] client vb02 len(237081) < 400072
[unmarshall] got 1448 new bytes 
[unmarshall] client vb02 len(238529) < 400072
[unmarshall] got 2896 new bytes 
[unmarshall] client vb02 len(241425) < 400072
[unmarshall] got 1448 new bytes 
[unmarshall] client vb02 len(242873) < 400072
[unmarshall] got 2896 new bytes 
[unmarshall] client vb02 len(245769) < 400072
[unmarshall] got 1448 new bytes 
[unmarshall] client vb02 len(247217) < 400072
[unmarshall] got 1448 new bytes 
[unmarshall] client vb02 len(248665) < 400072
[unmarshall] got 2896 new bytes 
[unmarshall] client vb02 len(251561) < 400072
[unmarshall] got 2896 new bytes 
[unmarshall] client vb02 len(254457) < 400072
[unmarshall] got 1448 new bytes 
[unmarshall] client vb02 len(255905) < 400072
[unmarshall] got 1448 new bytes 
[unmarshall] client vb02 len(257353) < 400072
[unmarshall] got 2896 new bytes 
[unmarshall] client vb02 len(260249) < 400072
[unmarshall] got 1448 new bytes 
[unmarshall] client vb02 len(261697) < 400072
[unmarshall] got 2896 new bytes 
[unmarshall] client vb02 len(264593) < 400072
[unmarshall] got 2896 new bytes 
[unmarshall] client vb02 len(267489) < 400072
[unmarshall] got 1448 new bytes 
[unmarshall] client vb02 len(268937) < 400072
[unmarshall] got 2896 new bytes 
[unmarshall] client vb02 len(271833) < 400072
[unmarshall] got 1448 new bytes 
[unmarshall] client vb02 len(273281) < 400072
[unmarshall] got 4344 new bytes 
[unmarshall] client vb02 len(277625) < 400072
[unmarshall] got 1448 new bytes 
[unmarshall] client vb02 len(279073) < 400072
[unmarshall] got 1448 new bytes 
[unmarshall] client vb02 len(280521) < 400072
[unmarshall] got 2896 new bytes 
[unmarshall] client vb02 len(283417) < 400072
[unmarshall] got 1448 new bytes 
[unmarshall] client vb02 len(284865) < 400072
[unmarshall] got 2896 new bytes 
[unmarshall] client vb02 len(287761) < 400072
[unmarshall] got 2896 new bytes 
[unmarshall] client vb02 len(290657) < 400072
[unmarshall] got 1448 new bytes 
[unmarshall] client vb02 len(292105) < 400072
[unmarshall] got 1448 new bytes 
[unmarshall] client vb02 len(293553) < 400072
[unmarshall] got 1448 new bytes 
[unmarshall] client vb02 len(295001) < 400072
[unmarshall] got 4344 new bytes 
[unmarshall] client vb02 len(299345) < 400072
[unmarshall] got 1448 new bytes 
[unmarshall] client vb02 len(300793) < 400072
[unmarshall] got 1448 new bytes 
[unmarshall] client vb02 len(302241) < 400072
[unmarshall] got 2896 new bytes 
[unmarshall] client vb02 len(305137) < 400072
[unmarshall] got 2896 new bytes 
[unmarshall] client vb02 len(308033) < 400072
[unmarshall] got 2896 new bytes 
[unmarshall] client vb02 len(310929) < 400072
[unmarshall] got 2896 new bytes 
[unmarshall] client vb02 len(313825) < 400072
[unmarshall] got 1448 new bytes 
[unmarshall] client vb02 len(315273) < 400072
[unmarshall] got 1448 new bytes 
[unmarshall] client vb02 len(316721) < 400072
[unmarshall] got 2896 new bytes 
[unmarshall] client vb02 len(319617) < 400072
[unmarshall] got 2896 new bytes 
[unmarshall] client vb02 len(322513) < 400072
[unmarshall] got 1448 new bytes 
[unmarshall] client vb02 len(323961) < 400072
[unmarshall] got 2896 new bytes 
[unmarshall] client vb02 len(326857) < 400072
[unmarshall] got 1448 new bytes 
[unmarshall] client vb02 len(328305) < 400072
[unmarshall] got 2896 new bytes 
[unmarshall] client vb02 len(331201) < 400072
[unmarshall] got 2896 new bytes 
[unmarshall] client vb02 len(334097) < 400072
[unmarshall] got 2896 new bytes 
[unmarshall] client vb02 len(336993) < 400072
[unmarshall] got 1448 new bytes 
[unmarshall] client vb02 len(338441) < 400072
[unmarshall] got 1448 new bytes 
[unmarshall] client vb02 len(339889) < 400072
[unmarshall] got 2896 new bytes 
[unmarshall] client vb02 len(342785) < 400072
[unmarshall] got 4344 new bytes 
[unmarshall] client vb02 len(347129) < 400072
[unmarshall] got 1448 new bytes 
[unmarshall] client vb02 len(348577) < 400072
[unmarshall] got 1448 new bytes 
[unmarshall] client vb02 len(350025) < 400072
[unmarshall] got 2896 new bytes 
[unmarshall] client vb02 len(352921) < 400072
[unmarshall] got 1448 new bytes 
[unmarshall] client vb02 len(354369) < 400072
[unmarshall] got 4344 new bytes 
[unmarshall] client vb02 len(358713) < 400072
[unmarshall] got 1448 new bytes 
[unmarshall] client vb02 len(360161) < 400072
[unmarshall] got 2896 new bytes 
[unmarshall] client vb02 len(363057) < 400072
[unmarshall] got 1448 new bytes 
[unmarshall] client vb02 len(364505) < 400072
[unmarshall] got 2896 new bytes 
[unmarshall] client vb02 len(367401) < 400072
[unmarshall] got 4344 new bytes 
[unmarshall] client vb02 len(371745) < 400072
[unmarshall] got 4344 new bytes 
[unmarshall] client vb02 len(376089) < 400072
[unmarshall] got 11584 new bytes 
[unmarshall] client vb02 len(387673) < 400072
[unmarshall] got 12399 new bytes 
[00:32.15] dbg: [unmarshall] data for client 1 "" [len 400072] [invalid]
[00:32.15] dbg: Latency unmarshall arguments.
[00:32.15] dbg: Unmarshalling 50000 samples
[unmarshall] client vb03 unmarshall 
[parse_return_code] :  code=220|str=VALID DATA|msg=Data to follow|
[unmarshall] client vb03 content-length: 400072
[unmarshall] client vb03 len(201) < 400072
[unmarshall] got 96040 new bytes 
[unmarshall] client vb03 len(96241) < 400072
[unmarshall] got 27512 new bytes 
[unmarshall] client vb03 len(123753) < 400072
[unmarshall] got 28960 new bytes 
[unmarshall] client vb03 len(152713) < 400072
[unmarshall] got 40160 new bytes 
[unmarshall] client vb03 len(192873) < 400072
[unmarshall] got 14480 new bytes 
[unmarshall] client vb03 len(207353) < 400072
[unmarshall] got 57608 new bytes 
[unmarshall] client vb03 len(264961) < 400072
[unmarshall] got 55024 new bytes 
[unmarshall] client vb03 len(319985) < 400072
[unmarshall] got 80087 new bytes 
[00:32.15] dbg: [unmarshall] data for client 2 "" [len 400072] [invalid]
[00:32.15] dbg: Latency unmarshall arguments.
[00:32.15] dbg: Unmarshalling 50000 samples
[unmarshall] client vb04 unmarshall 
[parse_return_code] :  code=220|str=VALID DATA|msg=Data to follow|
[unmarshall] client vb04 content-length: 400072
[unmarshall] client vb04 len(201) < 400072
[unmarshall] got 96080 new bytes 
[unmarshall] client vb04 len(96281) < 400072
[unmarshall] got 56472 new bytes 
[unmarshall] client vb04 len(152753) < 400072
[unmarshall] got 26216 new bytes 
[unmarshall] client vb04 len(178969) < 400072
[unmarshall] got 43440 new bytes 
[unmarshall] client vb04 len(222409) < 400072
[unmarshall] got 41840 new bytes 
[unmarshall] client vb04 len(264249) < 400072
[unmarshall] got 49232 new bytes 
[unmarshall] client vb04 len(313481) < 400072
[unmarshall] got 62264 new bytes 
[unmarshall] client vb04 len(375745) < 400072
[unmarshall] got 24327 new bytes 
[00:32.15] dbg: [unmarshall] data for client 3 "" [len 400072] [invalid]
[00:32.15] dbg: Latency unmarshall arguments.
[00:32.15] dbg: Unmarshalling 50000 samples
[send_command] : STOP
[unmarshall] client 172.16.1.196 unmarshall 
[parse_return_code] :  code=220|str=VALID DATA|msg=Data to follow|
[unmarshall] client 172.16.1.196 content-length: 27
[00:32.15] dbg: [unmarshall] data for target ",248981643601,255966788591" [len 27] [invalid]
[00:32.15] dbg: [cpu_target_lukem_unmarhsall] start
[00:32.15] dbg: [cpu_target_lukem_unmarshall] cpu usage ,248981643601,255966788591
[00:32.15] dbg: Latency begin output function
[send_command] : QUIT
[send_command] : QUIT
[send_command] : QUIT
[send_command] : QUIT
[send_command] : QUIT
[00:32.15] dbg: Finding plugins in /usr/lib/x86_64-linux-gnu/ipbench
[00:32.15] dbg: Checking /usr/lib/x86_64-linux-gnu/ipbench/liblatencyramp.so against latency ...
[00:32.15] dbg: Checking for header ...
[00:32.15] dbg: Checking magic number ...
[00:32.15] dbg: Checking test name |latency|latency_ramp|...
[00:32.15] dbg: latency does not match latency_ramp
[00:32.15] dbg: Checking /usr/lib/x86_64-linux-gnu/ipbench/libwrapper_target.so against latency ...
[00:32.15] dbg: /usr/lib/x86_64-linux-gnu/ipbench/libwrapper_target.so: undefined symbol: target_wrap_setup_controller
[00:32.15] dbg: Checking /usr/lib/x86_64-linux-gnu/ipbench/libwrapper_client.so against latency ...
[00:32.15] dbg: /usr/lib/x86_64-linux-gnu/ipbench/libwrapper_client.so: undefined symbol: client_wrap_setup_controller
[00:32.15] dbg: Checking /usr/lib/x86_64-linux-gnu/ipbench/libwait.so against latency ...
[00:32.15] dbg: Checking for header ...
[00:32.15] dbg: Checking magic number ...
[00:32.15] dbg: Checking test name |latency|wait|...
[00:32.15] dbg: latency does not match wait
[00:32.15] dbg: Checking /usr/lib/x86_64-linux-gnu/ipbench/libnfsstones.so against latency ...
[00:32.15] dbg: Checking for header ...
[00:32.15] dbg: Checking magic number ...
[00:32.15] dbg: Checking test name |latency|nfsstone|...
[00:32.15] dbg: latency does not match nfsstone
[00:32.15] dbg: Checking /usr/lib/x86_64-linux-gnu/ipbench/libnfs_latency.so against latency ...
[00:32.15] dbg: Checking for header ...
[00:32.15] dbg: Checking magic number ...
[00:32.15] dbg: Checking test name |latency|nfs_latency|...
[00:32.15] dbg: latency does not match nfs_latency
[00:32.15] dbg: Checking /usr/lib/x86_64-linux-gnu/ipbench/liblatencycheck.so against latency ...
[00:32.15] dbg: Checking for header ...
[00:32.15] dbg: Checking magic number ...
[00:32.15] dbg: Checking test name |latency|latency|...
[00:32.15] dbg: Test loaded
[main] setting up target 172.16.1.196
[00:32.15] dbg: Finding plugins in /usr/lib/x86_64-linux-gnu/ipbench
[00:32.15] dbg: Checking /usr/lib/x86_64-linux-gnu/ipbench/liblatencyramp.so against cpu_target_lukem ...
[00:32.15] dbg: Checking for header ...
[00:32.15] dbg: Checking magic number ...
[00:32.15] dbg: Checking test name |cpu_target_lukem|latency_ramp|...
[00:32.15] dbg: cpu_target_lukem does not match latency_ramp
[00:32.15] dbg: Checking /usr/lib/x86_64-linux-gnu/ipbench/libwrapper_target.so against cpu_target_lukem ...
[00:32.15] dbg: /usr/lib/x86_64-linux-gnu/ipbench/libwrapper_target.so: undefined symbol: target_wrap_setup_controller
[00:32.15] dbg: Checking /usr/lib/x86_64-linux-gnu/ipbench/libwrapper_client.so against cpu_target_lukem ...
[00:32.15] dbg: /usr/lib/x86_64-linux-gnu/ipbench/libwrapper_client.so: undefined symbol: client_wrap_setup_controller
[00:32.15] dbg: Checking /usr/lib/x86_64-linux-gnu/ipbench/libwait.so against cpu_target_lukem ...
[00:32.15] dbg: Checking for header ...
[00:32.15] dbg: Checking magic number ...
[00:32.15] dbg: Checking test name |cpu_target_lukem|wait|...
[00:32.15] dbg: cpu_target_lukem does not match wait
[00:32.15] dbg: Checking /usr/lib/x86_64-linux-gnu/ipbench/libnfsstones.so against cpu_target_lukem ...
[00:32.15] dbg: Checking for header ...
[00:32.15] dbg: Checking magic number ...
[00:32.15] dbg: Checking test name |cpu_target_lukem|nfsstone|...
[00:32.15] dbg: cpu_target_lukem does not match nfsstone
[00:32.15] dbg: Checking /usr/lib/x86_64-linux-gnu/ipbench/libnfs_latency.so against cpu_target_lukem ...
[00:32.15] dbg: Checking for header ...
[00:32.15] dbg: Checking magic number ...
[00:32.15] dbg: Checking test name |cpu_target_lukem|nfs_latency|...
[00:32.15] dbg: cpu_target_lukem does not match nfs_latency
[00:32.15] dbg: Checking /usr/lib/x86_64-linux-gnu/ipbench/liblatencycheck.so against cpu_target_lukem ...
[00:32.15] dbg: Checking for header ...
[00:32.15] dbg: Checking magic number ...
[00:32.15] dbg: Checking test name |cpu_target_lukem|latency|...
[00:32.15] dbg: cpu_target_lukem does not match latency
[00:32.15] dbg: Checking /usr/lib/x86_64-linux-gnu/ipbench/liblatency.so against cpu_target_lukem ...
[00:32.15] dbg: Checking for header ...
[00:32.15] dbg: Checking magic number ...
[00:32.15] dbg: Checking test name |cpu_target_lukem|latency|...
[00:32.15] dbg: cpu_target_lukem does not match latency
[00:32.15] dbg: Checking /usr/lib/x86_64-linux-gnu/ipbench/libdummy_target.so against cpu_target_lukem ...
[00:32.15] dbg: Checking for header ...
[00:32.15] dbg: Checking magic number ...
[00:32.15] dbg: Checking test name |cpu_target_lukem|dummy_target|...
[00:32.15] dbg: cpu_target_lukem does not match dummy_target
[00:32.15] dbg: Checking /usr/lib/x86_64-linux-gnu/ipbench/libdummy.so against cpu_target_lukem ...
[00:32.15] dbg: Checking for header ...
[00:32.15] dbg: Checking magic number ...
[00:32.15] dbg: Checking test name |cpu_target_lukem|dummy|...
[00:32.15] dbg: cpu_target_lukem does not match dummy
[00:32.15] dbg: Checking /usr/lib/x86_64-linux-gnu/ipbench/libdiscard.so against cpu_target_lukem ...
[00:32.15] dbg: Checking for header ...
[00:32.15] dbg: Checking magic number ...
[00:32.15] dbg: Checking test name |cpu_target_lukem|discard|...
[00:32.15] dbg: cpu_target_lukem does not match discard
[00:32.15] dbg: Checking /usr/lib/x86_64-linux-gnu/ipbench/libcpu_target_lukem.so against cpu_target_lukem ...
[00:32.15] dbg: Checking for header ...
[00:32.15] dbg: Checking magic number ...
[00:32.15] dbg: Checking test name |cpu_target_lukem|cpu_target_lukem|...
[00:32.15] dbg: Test loaded
[IpbenchTestTarget:__init__] : client 172.16.1.196
[connect] start | hostname 172.16.1.196 | port 1236 | 
[parse_return_code] :  code=100|str=IPBENCH V1.0|msg=|
[send_command] : HELLO
[parse_return_code] :  code=200|str=OK|msg=Ready to go|
[send_command] : LOAD cpu_target_lukem
[parse_return_code] :  code=200|str=OK|msg=|
[send_command] : SETUP args::""
[parse_return_code] :  code=200|str=OK|msg=|
[main] setting up client vb01
[IpbenchTestClient:__init__] : client vb01 port 8036 test_port 1235 test_args socktype=udp,bps=5000000,size=1472,warmup=10,cooldown=10,samples=50000
[connect] start | hostname vb01 | port 8036 | 
[parse_return_code] :  code=100|str=IPBENCH V1.0|msg=|
[send_command] : HELLO
[parse_return_code] :  code=200|str=OK|msg=Ready to go|
[send_command] : LOAD latency
[parse_return_code] :  code=200|str=OK|msg=|
[Setup]: target: 172.16.1.196
[Setup]: port: 1235
[Setup]: args: socktype=udp,bps=5000000,size=1472,warmup=10,cooldown=10,samples=50000
[send_command] : SETUP target::172.16.1.196||port::1235||args::"socktype=udp,bps=5000000,size=1472,warmup=10,cooldown=10,samples=50000"
[parse_return_code] :  code=200|str=OK|msg=|
[main] setting up client vb02
[IpbenchTestClient:__init__] : client vb02 port 8036 test_port 1235 test_args socktype=udp,bps=5000000,size=1472,warmup=10,cooldown=10,samples=50000
[connect] start | hostname vb02 | port 8036 | 
[parse_return_code] :  code=100|str=IPBENCH V1.0|msg=|
[send_command] : HELLO
[parse_return_code] :  code=200|str=OK|msg=Ready to go|
[send_command] : LOAD latency
[parse_return_code] :  code=200|str=OK|msg=|
[Setup]: target: 172.16.1.196
[Setup]: port: 1235
[Setup]: args: socktype=udp,bps=5000000,size=1472,warmup=10,cooldown=10,samples=50000
[send_command] : SETUP target::172.16.1.196||port::1235||args::"socktype=udp,bps=5000000,size=1472,warmup=10,cooldown=10,samples=50000"
[parse_return_code] :  code=200|str=OK|msg=|
[main] setting up client vb03
[IpbenchTestClient:__init__] : client vb03 port 8036 test_port 1235 test_args socktype=udp,bps=5000000,size=1472,warmup=10,cooldown=10,samples=50000
[connect] start | hostname vb03 | port 8036 | 
[parse_return_code] :  code=100|str=IPBENCH V1.0|msg=|
[send_command] : HELLO
[parse_return_code] :  code=200|str=OK|msg=Ready to go|
[send_command] : LOAD latency
[parse_return_code] :  code=200|str=OK|msg=|
[Setup]: target: 172.16.1.196
[Setup]: port: 1235
[Setup]: args: socktype=udp,bps=5000000,size=1472,warmup=10,cooldown=10,samples=50000
[send_command] : SETUP target::172.16.1.196||port::1235||args::"socktype=udp,bps=5000000,size=1472,warmup=10,cooldown=10,samples=50000"
[parse_return_code] :  code=200|str=OK|msg=|
[main] setting up client vb04
[IpbenchTestClient:__init__] : client vb04 port 8036 test_port 1235 test_args socktype=udp,bps=5000000,size=1472,warmup=10,cooldown=10,samples=50000
[connect] start | hostname vb04 | port 8036 | 
[parse_return_code] :  code=100|str=IPBENCH V1.0|msg=|
[send_command] : HELLO
[parse_return_code] :  code=200|str=OK|msg=Ready to go|
[send_command] : LOAD latency
[parse_return_code] :  code=200|str=OK|msg=|
[Setup]: target: 172.16.1.196
[Setup]: port: 1235
[Setup]: args: socktype=udp,bps=5000000,size=1472,warmup=10,cooldown=10,samples=50000
[send_command] : SETUP target::172.16.1.196||port::1235||args::"socktype=udp,bps=5000000,size=1472,warmup=10,cooldown=10,samples=50000"
[parse_return_code] :  code=200|str=OK|msg=|
[send_command] : START
[main] client vb01 start
[send_command] : START
[main] client vb02 start
[send_command] : START
[main] client vb03 start
[send_command] : START
[main] client vb04 start
[send_command] : START
[unmarshall] client vb01 unmarshall 
[parse_return_code] :  code=220|str=VALID DATA|msg=Data to follow|
[unmarshall] client vb01 content-length: 400072
[unmarshall] client vb01 len(201) < 400072
[unmarshall] got 128055 new bytes 
[unmarshall] client vb01 len(128256) < 400072
[unmarshall] got 94720 new bytes 
[unmarshall] client vb01 len(222976) < 400072
[unmarshall] got 94720 new bytes 
[unmarshall] client vb01 len(317696) < 400072
[unmarshall] got 82376 new bytes 
[00:35.11] dbg: [unmarshall] data for client 0 "" [len 400072] [invalid]
[00:35.11] dbg: Latency unmarshall arguments.
[00:35.11] dbg: Unmarshalling 50000 samples
[unmarshall] client vb02 unmarshall 
[parse_return_code] :  code=220|str=VALID DATA|msg=Data to follow|
[unmarshall] client vb02 content-length: 400072
[unmarshall] client vb02 len(201) < 400072
[unmarshall] got 60592 new bytes 
[unmarshall] client vb02 len(60793) < 400072
[unmarshall] got 1448 new bytes 
[unmarshall] client vb02 len(62241) < 400072
[unmarshall] got 1448 new bytes 
[unmarshall] client vb02 len(63689) < 400072
[unmarshall] got 1448 new bytes 
[unmarshall] client vb02 len(65137) < 400072
[unmarshall] got 1448 new bytes 
[unmarshall] client vb02 len(66585) < 400072
[unmarshall] got 1448 new bytes 
[unmarshall] client vb02 len(68033) < 400072
[unmarshall] got 1448 new bytes 
[unmarshall] client vb02 len(69481) < 400072
[unmarshall] got 1448 new bytes 
[unmarshall] client vb02 len(70929) < 400072
[unmarshall] got 1448 new bytes 
[unmarshall] client vb02 len(72377) < 400072
[unmarshall] got 1448 new bytes 
[unmarshall] client vb02 len(73825) < 400072
[unmarshall] got 1448 new bytes 
[unmarshall] client vb02 len(75273) < 400072
[unmarshall] got 1448 new bytes 
[unmarshall] client vb02 len(76721) < 400072
[unmarshall] got 1448 new bytes 
[unmarshall] client vb02 len(78169) < 400072
[unmarshall] got 1448 new bytes 
[unmarshall] client vb02 len(79617) < 400072
[unmarshall] got 1448 new bytes 
[unmarshall] client vb02 len(81065) < 400072
[unmarshall] got 1448 new bytes 
[unmarshall] client vb02 len(82513) < 400072
[unmarshall] got 1448 new bytes 
[unmarshall] client vb02 len(83961) < 400072
[unmarshall] got 1448 new bytes 
[unmarshall] client vb02 len(85409) < 400072
[unmarshall] got 1448 new bytes 
[unmarshall] client vb02 len(86857) < 400072
[unmarshall] got 1448 new bytes 
[unmarshall] client vb02 len(88305) < 400072
[unmarshall] got 1448 new bytes 
[unmarshall] client vb02 len(89753) < 400072
[unmarshall] got 1448 new bytes 
[unmarshall] client vb02 len(91201) < 400072
[unmarshall] got 1448 new bytes 
[unmarshall] client vb02 len(92649) < 400072
[unmarshall] got 1448 new bytes 
[unmarshall] client vb02 len(94097) < 400072
[unmarshall] got 1448 new bytes 
[unmarshall] client vb02 len(95545) < 400072
[unmarshall] got 1448 new bytes 
[unmarshall] client vb02 len(96993) < 400072
[unmarshall] got 1448 new bytes 
[unmarshall] client vb02 len(98441) < 400072
[unmarshall] got 1448 new bytes 
[unmarshall] client vb02 len(99889) < 400072
[unmarshall] got 1448 new bytes 
[unmarshall] client vb02 len(101337) < 400072
[unmarshall] got 1448 new bytes 
[unmarshall] client vb02 len(102785) < 400072
[unmarshall] got 1448 new bytes 
[unmarshall] client vb02 len(104233) < 400072
[unmarshall] got 1448 new bytes 
[unmarshall] client vb02 len(105681) < 400072
[unmarshall] got 1448 new bytes 
[unmarshall] client vb02 len(107129) < 400072
[unmarshall] got 1448 new bytes 
[unmarshall] client vb02 len(108577) < 400072
[unmarshall] got 1448 new bytes 
[unmarshall] client vb02 len(110025) < 400072
[unmarshall] got 1448 new bytes 
[unmarshall] client vb02 len(111473) < 400072
[unmarshall] got 1448 new bytes 
[unmarshall] client vb02 len(112921) < 400072
[unmarshall] got 1448 new bytes 
[unmarshall] client vb02 len(114369) < 400072
[unmarshall] got 1448 new bytes 
[unmarshall] client vb02 len(115817) < 400072
[unmarshall] got 1448 new bytes 
[unmarshall] client vb02 len(117265) < 400072
[unmarshall] got 1448 new bytes 
[unmarshall] client vb02 len(118713) < 400072
[unmarshall] got 1448 new bytes 
[unmarshall] client vb02 len(120161) < 400072
[unmarshall] got 1448 new bytes 
[unmarshall] client vb02 len(121609) < 400072
[unmarshall] got 1448 new bytes 
[unmarshall] client vb02 len(123057) < 400072
[unmarshall] got 1448 new bytes 
[unmarshall] client vb02 len(124505) < 400072
[unmarshall] got 1448 new bytes 
[unmarshall] client vb02 len(125953) < 400072
[unmarshall] got 1448 new bytes 
[unmarshall] client vb02 len(127401) < 400072
[unmarshall] got 1448 new bytes 
[unmarshall] client vb02 len(128849) < 400072
[unmarshall] got 1448 new bytes 
[unmarshall] client vb02 len(130297) < 400072
[unmarshall] got 1448 new bytes 
[unmarshall] client vb02 len(131745) < 400072
[unmarshall] got 1448 new bytes 
[unmarshall] client vb02 len(133193) < 400072
[unmarshall] got 1448 new bytes 
[unmarshall] client vb02 len(134641) < 400072
[unmarshall] got 1448 new bytes 
[unmarshall] client vb02 len(136089) < 400072
[unmarshall] got 2896 new bytes 
[unmarshall] client vb02 len(138985) < 400072
[unmarshall] got 1448 new bytes 
[unmarshall] client vb02 len(140433) < 400072
[unmarshall] got 1448 new bytes 
[unmarshall] client vb02 len(141881) < 400072
[unmarshall] got 1448 new bytes 
[unmarshall] client vb02 len(143329) < 400072
[unmarshall] got 1448 new bytes 
[unmarshall] client vb02 len(144777) < 400072
[unmarshall] got 1448 new bytes 
[unmarshall] client vb02 len(146225) < 400072
[unmarshall] got 1448 new bytes 
[unmarshall] client vb02 len(147673) < 400072
[unmarshall] got 2896 new bytes 
[unmarshall] client vb02 len(150569) < 400072
[unmarshall] got 1448 new bytes 
[unmarshall] client vb02 len(152017) < 400072
[unmarshall] got 1448 new bytes 
[unmarshall] client vb02 len(153465) < 400072
[unmarshall] got 1448 new bytes 
[unmarshall] client vb02 len(154913) < 400072
[unmarshall] got 1448 new bytes 
[unmarshall] client vb02 len(156361) < 400072
[unmarshall] got 1448 new bytes 
[unmarshall] client vb02 len(157809) < 400072
[unmarshall] got 1448 new bytes 
[unmarshall] client vb02 len(159257) < 400072
[unmarshall] got 2896 new bytes 
[unmarshall] client vb02 len(162153) < 400072
[unmarshall] got 1448 new bytes 
[unmarshall] client vb02 len(163601) < 400072
[unmarshall] got 1448 new bytes 
[unmarshall] client vb02 len(165049) < 400072
[unmarshall] got 1448 new bytes 
[unmarshall] client vb02 len(166497) < 400072
[unmarshall] got 1448 new bytes 
[unmarshall] client vb02 len(167945) < 400072
[unmarshall] got 2896 new bytes 
[unmarshall] client vb02 len(170841) < 400072
[unmarshall] got 1448 new bytes 
[unmarshall] client vb02 len(172289) < 400072
[unmarshall] got 1448 new bytes 
[unmarshall] client vb02 len(173737) < 400072
[unmarshall] got 1448 new bytes 
[unmarshall] client vb02 len(175185) < 400072
[unmarshall] got 1448 new bytes 
[unmarshall] client vb02 len(176633) < 400072
[unmarshall] got 2896 new bytes 
[unmarshall] client vb02 len(179529) < 400072
[unmarshall] got 1448 new bytes 
[unmarshall] client vb02 len(180977) < 400072
[unmarshall] got 1448 new bytes 
[unmarshall] client vb02 len(182425) < 400072
[unmarshall] got 1448 new bytes 
[unmarshall] client vb02 len(183873) < 400072
[unmarshall] got 1448 new bytes 
[unmarshall] client vb02 len(185321) < 400072
[unmarshall] got 1448 new bytes 
[unmarshall] client vb02 len(186769) < 400072
[unmarshall] got 2896 new bytes 
[unmarshall] client vb02 len(189665) < 400072
[unmarshall] got 1448 new bytes 
[unmarshall] client vb02 len(191113) < 400072
[unmarshall] got 1448 new bytes 
[unmarshall] client vb02 len(192561) < 400072
[unmarshall] got 1448 new bytes 
[unmarshall] client vb02 len(194009) < 400072
[unmarshall] got 2896 new bytes 
[unmarshall] client vb02 len(196905) < 400072
[unmarshall] got 1448 new bytes 
[unmarshall] client vb02 len(198353) < 400072
[unmarshall] got 1448 new bytes 
[unmarshall] client vb02 len(199801) < 400072
[unmarshall] got 1448 new bytes 
[unmarshall] client vb02 len(201249) < 400072
[unmarshall] got 2896 new bytes 
[unmarshall] client vb02 len(204145) < 400072
[unmarshall] got 1448 new bytes 
[unmarshall] client vb02 len(205593) < 400072
[unmarshall] got 2896 new bytes 
[unmarshall] client vb02 len(208489) < 400072
[unmarshall] got 1448 new bytes 
[unmarshall] client vb02 len(209937) < 400072
[unmarshall] got 2896 new bytes 
[unmarshall] client vb02 len(212833) < 400072
[unmarshall] got 1448 new bytes 
[unmarshall] client vb02 len(214281) < 400072
[unmarshall] got 1448 new bytes 
[unmarshall] client vb02 len(215729) < 400072
[unmarshall] got 2896 new bytes 
[unmarshall] client vb02 len(218625) < 400072
[unmarshall] got 1448 new bytes 
[unmarshall] client vb02 len(220073) < 400072
[unmarshall] got 1448 new bytes 
[unmarshall] client vb02 len(221521) < 400072
[unmarshall] got 2896 new bytes 
[unmarshall] client vb02 len(224417) < 400072
[unmarshall] got 2896 new bytes 
[unmarshall] client vb02 len(227313) < 400072
[unmarshall] got 1448 new bytes 
[unmarshall] client vb02 len(228761) < 400072
[unmarshall] got 1448 new bytes 
[unmarshall] client vb02 len(230209) < 400072
[unmarshall] got 1448 new bytes 
[unmarshall] client vb02 len(231657) < 400072
[unmarshall] got 1448 new bytes 
[unmarshall] client vb02 len(233105) < 400072
[unmarshall] got 2896 new bytes 
[unmarshall] client vb02 len(236001) < 400072
[unmarshall] got 1448 new bytes 
[unmarshall] client vb02 len(237449) < 400072
[unmarshall] got 2896 new bytes 
[unmarshall] client vb02 len(240345) < 400072
[unmarshall] got 1448 new bytes 
[unmarshall] client vb02 len(241793) < 400072
[unmarshall] got 2896 new bytes 
[unmarshall] client vb02 len(244689) < 400072
[unmarshall] got 1448 new bytes 
[unmarshall] client vb02 len(246137) < 400072
[unmarshall] got 1448 new bytes 
[unmarshall] client vb02 len(247585) < 400072
[unmarshall] got 1448 new bytes 
[unmarshall] client vb02 len(249033) < 400072
[unmarshall] got 4344 new bytes 
[unmarshall] client vb02 len(253377) < 400072
[unmarshall] got 1448 new bytes 
[unmarshall] client vb02 len(254825) < 400072
[unmarshall] got 1448 new bytes 
[unmarshall] client vb02 len(256273) < 400072
[unmarshall] got 1448 new bytes 
[unmarshall] client vb02 len(257721) < 400072
[unmarshall] got 2896 new bytes 
[unmarshall] client vb02 len(260617) < 400072
[unmarshall] got 2896 new bytes 
[unmarshall] client vb02 len(263513) < 400072
[unmarshall] got 1448 new bytes 
[unmarshall] client vb02 len(264961) < 400072
[unmarshall] got 7240 new bytes 
[unmarshall] client vb02 len(272201) < 400072
[unmarshall] got 4344 new bytes 
[unmarshall] client vb02 len(276545) < 400072
[unmarshall] got 1448 new bytes 
[unmarshall] client vb02 len(277993) < 400072
[unmarshall] got 1448 new bytes 
[unmarshall] client vb02 len(279441) < 400072
[unmarshall] got 2896 new bytes 
[unmarshall] client vb02 len(282337) < 400072
[unmarshall] got 1448 new bytes 
[unmarshall] client vb02 len(283785) < 400072
[unmarshall] got 4344 new bytes 
[unmarshall] client vb02 len(288129) < 400072
[unmarshall] got 1448 new bytes 
[unmarshall] client vb02 len(289577) < 400072
[unmarshall] got 1448 new bytes 
[unmarshall] client vb02 len(291025) < 400072
[unmarshall] got 1448 new bytes 
[unmarshall] client vb02 len(292473) < 400072
[unmarshall] got 2896 new bytes 
[unmarshall] client vb02 len(295369) < 400072
[unmarshall] got 2896 new bytes 
[unmarshall] client vb02 len(298265) < 400072
[unmarshall] got 2896 new bytes 
[unmarshall] client vb02 len(301161) < 400072
[unmarshall] got 1448 new bytes 
[unmarshall] client vb02 len(302609) < 400072
[unmarshall] got 1448 new bytes 
[unmarshall] client vb02 len(304057) < 400072
[unmarshall] got 1448 new bytes 
[unmarshall] client vb02 len(305505) < 400072
[unmarshall] got 4344 new bytes 
[unmarshall] client vb02 len(309849) < 400072
[unmarshall] got 1448 new bytes 
[unmarshall] client vb02 len(311297) < 400072
[unmarshall] got 2896 new bytes 
[unmarshall] client vb02 len(314193) < 400072
[unmarshall] got 1448 new bytes 
[unmarshall] client vb02 len(315641) < 400072
[unmarshall] got 2896 new bytes 
[unmarshall] client vb02 len(318537) < 400072
[unmarshall] got 4344 new bytes 
[unmarshall] client vb02 len(322881) < 400072
[unmarshall] got 1448 new bytes 
[unmarshall] client vb02 len(324329) < 400072
[unmarshall] got 2896 new bytes 
[unmarshall] client vb02 len(327225) < 400072
[unmarshall] got 1448 new bytes 
[unmarshall] client vb02 len(328673) < 400072
[unmarshall] got 1448 new bytes 
[unmarshall] client vb02 len(330121) < 400072
[unmarshall] got 2896 new bytes 
[unmarshall] client vb02 len(333017) < 400072
[unmarshall] got 1448 new bytes 
[unmarshall] client vb02 len(334465) < 400072
[unmarshall] got 4344 new bytes 
[unmarshall] client vb02 len(338809) < 400072
[unmarshall] got 1448 new bytes 
[unmarshall] client vb02 len(340257) < 400072
[unmarshall] got 1448 new bytes 
[unmarshall] client vb02 len(341705) < 400072
[unmarshall] got 2896 new bytes 
[unmarshall] client vb02 len(344601) < 400072
[unmarshall] got 1448 new bytes 
[unmarshall] client vb02 len(346049) < 400072
[unmarshall] got 4344 new bytes 
[unmarshall] client vb02 len(350393) < 400072
[unmarshall] got 4344 new bytes 
[unmarshall] client vb02 len(354737) < 400072
[unmarshall] got 11584 new bytes 
[unmarshall] client vb02 len(366321) < 400072
[unmarshall] got 15928 new bytes 
[unmarshall] client vb02 len(382249) < 400072
[unmarshall] got 4344 new bytes 
[unmarshall] client vb02 len(386593) < 400072
[unmarshall] got 11584 new bytes 
[unmarshall] client vb02 len(398177) < 400072
[unmarshall] got 1895 new bytes 
[00:35.11] dbg: [unmarshall] data for client 1 "" [len 400072] [invalid]
[00:35.11] dbg: Latency unmarshall arguments.
[00:35.11] dbg: Unmarshalling 50000 samples
[unmarshall] client vb03 unmarshall 
[parse_return_code] :  code=220|str=VALID DATA|msg=Data to follow|
[unmarshall] client vb03 content-length: 400072
[unmarshall] client vb03 len(201) < 400072
[unmarshall] got 96072 new bytes 
[unmarshall] client vb03 len(96273) < 400072
[unmarshall] got 56472 new bytes 
[unmarshall] client vb03 len(152745) < 400072
[unmarshall] got 26216 new bytes 
[unmarshall] client vb03 len(178961) < 400072
[unmarshall] got 56472 new bytes 
[unmarshall] client vb03 len(235433) < 400072
[unmarshall] got 62264 new bytes 
[unmarshall] client vb03 len(297697) < 400072
[unmarshall] got 16432 new bytes 
[unmarshall] client vb03 len(314129) < 400072
[unmarshall] got 46400 new bytes 
[unmarshall] client vb03 len(360529) < 400072
[unmarshall] got 39543 new bytes 
[00:35.11] dbg: [unmarshall] data for client 2 "" [len 400072] [invalid]
[00:35.11] dbg: Latency unmarshall arguments.
[00:35.11] dbg: Unmarshalling 50000 samples
[unmarshall] client vb04 unmarshall 
[parse_return_code] :  code=220|str=VALID DATA|msg=Data to follow|
[unmarshall] client vb04 content-length: 400072
[unmarshall] client vb04 len(201) < 400072
[unmarshall] got 96080 new bytes 
[unmarshall] client vb04 len(96281) < 400072
[unmarshall] got 56472 new bytes 
[unmarshall] client vb04 len(152753) < 400072
[unmarshall] got 26216 new bytes 
[unmarshall] client vb04 len(178969) < 400072
[unmarshall] got 43440 new bytes 
[unmarshall] client vb04 len(222409) < 400072
[unmarshall] got 41840 new bytes 
[unmarshall] client vb04 len(264249) < 400072
[unmarshall] got 49232 new bytes 
[unmarshall] client vb04 len(313481) < 400072
[unmarshall] got 62264 new bytes 
[unmarshall] client vb04 len(375745) < 400072
[unmarshall] got 24327 new bytes 
[00:35.11] dbg: [unmarshall] data for client 3 "" [len 400072] [invalid]
[00:35.11] dbg: Latency unmarshall arguments.
[00:35.11] dbg: Unmarshalling 50000 samples
[send_command] : STOP
[unmarshall] client 172.16.1.196 unmarshall 
[parse_return_code] :  code=220|str=VALID DATA|msg=Data to follow|
[unmarshall] client 172.16.1.196 content-length: 27
[00:35.11] dbg: [unmarshall] data for target ",130456806858,138032038834" [len 27] [invalid]
[00:35.11] dbg: [cpu_target_lukem_unmarhsall] start
[00:35.11] dbg: [cpu_target_lukem_unmarshall] cpu usage ,130456806858,138032038834
[00:35.11] dbg: Latency begin output function
[send_command] : QUIT
[send_command] : QUIT
[send_command] : QUIT
[send_command] : QUIT
[send_command] : QUIT
[00:35.11] dbg: Finding plugins in /usr/lib/x86_64-linux-gnu/ipbench
[00:35.11] dbg: Checking /usr/lib/x86_64-linux-gnu/ipbench/liblatencyramp.so against latency ...
[00:35.11] dbg: Checking for header ...
[00:35.11] dbg: Checking magic number ...
[00:35.11] dbg: Checking test name |latency|latency_ramp|...
[00:35.11] dbg: latency does not match latency_ramp
[00:35.11] dbg: Checking /usr/lib/x86_64-linux-gnu/ipbench/libwrapper_target.so against latency ...
[00:35.11] dbg: /usr/lib/x86_64-linux-gnu/ipbench/libwrapper_target.so: undefined symbol: target_wrap_setup_controller
[00:35.11] dbg: Checking /usr/lib/x86_64-linux-gnu/ipbench/libwrapper_client.so against latency ...
[00:35.11] dbg: /usr/lib/x86_64-linux-gnu/ipbench/libwrapper_client.so: undefined symbol: client_wrap_setup_controller
[00:35.11] dbg: Checking /usr/lib/x86_64-linux-gnu/ipbench/libwait.so against latency ...
[00:35.11] dbg: Checking for header ...
[00:35.11] dbg: Checking magic number ...
[00:35.11] dbg: Checking test name |latency|wait|...
[00:35.11] dbg: latency does not match wait
[00:35.11] dbg: Checking /usr/lib/x86_64-linux-gnu/ipbench/libnfsstones.so against latency ...
[00:35.11] dbg: Checking for header ...
[00:35.11] dbg: Checking magic number ...
[00:35.11] dbg: Checking test name |latency|nfsstone|...
[00:35.11] dbg: latency does not match nfsstone
[00:35.11] dbg: Checking /usr/lib/x86_64-linux-gnu/ipbench/libnfs_latency.so against latency ...
[00:35.11] dbg: Checking for header ...
[00:35.11] dbg: Checking magic number ...
[00:35.11] dbg: Checking test name |latency|nfs_latency|...
[00:35.11] dbg: latency does not match nfs_latency
[00:35.11] dbg: Checking /usr/lib/x86_64-linux-gnu/ipbench/liblatencycheck.so against latency ...
[00:35.11] dbg: Checking for header ...
[00:35.11] dbg: Checking magic number ...
[00:35.11] dbg: Checking test name |latency|latency|...
[00:35.11] dbg: Test loaded
[main] setting up target 172.16.1.196
[00:35.11] dbg: Finding plugins in /usr/lib/x86_64-linux-gnu/ipbench
[00:35.11] dbg: Checking /usr/lib/x86_64-linux-gnu/ipbench/liblatencyramp.so against cpu_target_lukem ...
[00:35.11] dbg: Checking for header ...
[00:35.11] dbg: Checking magic number ...
[00:35.11] dbg: Checking test name |cpu_target_lukem|latency_ramp|...
[00:35.11] dbg: cpu_target_lukem does not match latency_ramp
[00:35.11] dbg: Checking /usr/lib/x86_64-linux-gnu/ipbench/libwrapper_target.so against cpu_target_lukem ...
[00:35.11] dbg: /usr/lib/x86_64-linux-gnu/ipbench/libwrapper_target.so: undefined symbol: target_wrap_setup_controller
[00:35.11] dbg: Checking /usr/lib/x86_64-linux-gnu/ipbench/libwrapper_client.so against cpu_target_lukem ...
[00:35.11] dbg: /usr/lib/x86_64-linux-gnu/ipbench/libwrapper_client.so: undefined symbol: client_wrap_setup_controller
[00:35.11] dbg: Checking /usr/lib/x86_64-linux-gnu/ipbench/libwait.so against cpu_target_lukem ...
[00:35.11] dbg: Checking for header ...
[00:35.11] dbg: Checking magic number ...
[00:35.11] dbg: Checking test name |cpu_target_lukem|wait|...
[00:35.11] dbg: cpu_target_lukem does not match wait
[00:35.11] dbg: Checking /usr/lib/x86_64-linux-gnu/ipbench/libnfsstones.so against cpu_target_lukem ...
[00:35.11] dbg: Checking for header ...
[00:35.11] dbg: Checking magic number ...
[00:35.11] dbg: Checking test name |cpu_target_lukem|nfsstone|...
[00:35.11] dbg: cpu_target_lukem does not match nfsstone
[00:35.11] dbg: Checking /usr/lib/x86_64-linux-gnu/ipbench/libnfs_latency.so against cpu_target_lukem ...
[00:35.11] dbg: Checking for header ...
[00:35.11] dbg: Checking magic number ...
[00:35.11] dbg: Checking test name |cpu_target_lukem|nfs_latency|...
[00:35.11] dbg: cpu_target_lukem does not match nfs_latency
[00:35.11] dbg: Checking /usr/lib/x86_64-linux-gnu/ipbench/liblatencycheck.so against cpu_target_lukem ...
[00:35.11] dbg: Checking for header ...
[00:35.11] dbg: Checking magic number ...
[00:35.11] dbg: Checking test name |cpu_target_lukem|latency|...
[00:35.11] dbg: cpu_target_lukem does not match latency
[00:35.11] dbg: Checking /usr/lib/x86_64-linux-gnu/ipbench/liblatency.so against cpu_target_lukem ...
[00:35.11] dbg: Checking for header ...
[00:35.11] dbg: Checking magic number ...
[00:35.11] dbg: Checking test name |cpu_target_lukem|latency|...
[00:35.11] dbg: cpu_target_lukem does not match latency
[00:35.11] dbg: Checking /usr/lib/x86_64-linux-gnu/ipbench/libdummy_target.so against cpu_target_lukem ...
[00:35.11] dbg: Checking for header ...
[00:35.11] dbg: Checking magic number ...
[00:35.11] dbg: Checking test name |cpu_target_lukem|dummy_target|...
[00:35.11] dbg: cpu_target_lukem does not match dummy_target
[00:35.11] dbg: Checking /usr/lib/x86_64-linux-gnu/ipbench/libdummy.so against cpu_target_lukem ...
[00:35.11] dbg: Checking for header ...
[00:35.11] dbg: Checking magic number ...
[00:35.11] dbg: Checking test name |cpu_target_lukem|dummy|...
[00:35.11] dbg: cpu_target_lukem does not match dummy
[00:35.11] dbg: Checking /usr/lib/x86_64-linux-gnu/ipbench/libdiscard.so against cpu_target_lukem ...
[00:35.11] dbg: Checking for header ...
[00:35.11] dbg: Checking magic number ...
[00:35.11] dbg: Checking test name |cpu_target_lukem|discard|...
[00:35.11] dbg: cpu_target_lukem does not match discard
[00:35.11] dbg: Checking /usr/lib/x86_64-linux-gnu/ipbench/libcpu_target_lukem.so against cpu_target_lukem ...
[00:35.11] dbg: Checking for header ...
[00:35.11] dbg: Checking magic number ...
[00:35.11] dbg: Checking test name |cpu_target_lukem|cpu_target_lukem|...
[00:35.11] dbg: Test loaded
[IpbenchTestTarget:__init__] : client 172.16.1.196
[connect] start | hostname 172.16.1.196 | port 1236 | 
[parse_return_code] :  code=100|str=IPBENCH V1.0|msg=|
[send_command] : HELLO
[parse_return_code] :  code=200|str=OK|msg=Ready to go|
[send_command] : LOAD cpu_target_lukem
[parse_return_code] :  code=200|str=OK|msg=|
[send_command] : SETUP args::""
[parse_return_code] :  code=200|str=OK|msg=|
[main] setting up client vb01
[IpbenchTestClient:__init__] : client vb01 port 8036 test_port 1235 test_args socktype=udp,bps=12500000,size=1472,warmup=10,cooldown=10,samples=50000
[connect] start | hostname vb01 | port 8036 | 
[parse_return_code] :  code=100|str=IPBENCH V1.0|msg=|
[send_command] : HELLO
[parse_return_code] :  code=200|str=OK|msg=Ready to go|
[send_command] : LOAD latency
[parse_return_code] :  code=200|str=OK|msg=|
[Setup]: target: 172.16.1.196
[Setup]: port: 1235
[Setup]: args: socktype=udp,bps=12500000,size=1472,warmup=10,cooldown=10,samples=50000
[send_command] : SETUP target::172.16.1.196||port::1235||args::"socktype=udp,bps=12500000,size=1472,warmup=10,cooldown=10,samples=50000"
[parse_return_code] :  code=200|str=OK|msg=|
[main] setting up client vb02
[IpbenchTestClient:__init__] : client vb02 port 8036 test_port 1235 test_args socktype=udp,bps=12500000,size=1472,warmup=10,cooldown=10,samples=50000
[connect] start | hostname vb02 | port 8036 | 
[parse_return_code] :  code=100|str=IPBENCH V1.0|msg=|
[send_command] : HELLO
[parse_return_code] :  code=200|str=OK|msg=Ready to go|
[send_command] : LOAD latency
[parse_return_code] :  code=200|str=OK|msg=|
[Setup]: target: 172.16.1.196
[Setup]: port: 1235
[Setup]: args: socktype=udp,bps=12500000,size=1472,warmup=10,cooldown=10,samples=50000
[send_command] : SETUP target::172.16.1.196||port::1235||args::"socktype=udp,bps=12500000,size=1472,warmup=10,cooldown=10,samples=50000"
[parse_return_code] :  code=200|str=OK|msg=|
[main] setting up client vb03
[IpbenchTestClient:__init__] : client vb03 port 8036 test_port 1235 test_args socktype=udp,bps=12500000,size=1472,warmup=10,cooldown=10,samples=50000
[connect] start | hostname vb03 | port 8036 | 
[parse_return_code] :  code=100|str=IPBENCH V1.0|msg=|
[send_command] : HELLO
[parse_return_code] :  code=200|str=OK|msg=Ready to go|
[send_command] : LOAD latency
[parse_return_code] :  code=200|str=OK|msg=|
[Setup]: target: 172.16.1.196
[Setup]: port: 1235
[Setup]: args: socktype=udp,bps=12500000,size=1472,warmup=10,cooldown=10,samples=50000
[send_command] : SETUP target::172.16.1.196||port::1235||args::"socktype=udp,bps=12500000,size=1472,warmup=10,cooldown=10,samples=50000"
[parse_return_code] :  code=200|str=OK|msg=|
[main] setting up client vb04
[IpbenchTestClient:__init__] : client vb04 port 8036 test_port 1235 test_args socktype=udp,bps=12500000,size=1472,warmup=10,cooldown=10,samples=50000
[connect] start | hostname vb04 | port 8036 | 
[parse_return_code] :  code=100|str=IPBENCH V1.0|msg=|
[send_command] : HELLO
[parse_return_code] :  code=200|str=OK|msg=Ready to go|
[send_command] : LOAD latency
[parse_return_code] :  code=200|str=OK|msg=|
[Setup]: target: 172.16.1.196
[Setup]: port: 1235
[Setup]: args: socktype=udp,bps=12500000,size=1472,warmup=10,cooldown=10,samples=50000
[send_command] : SETUP target::172.16.1.196||port::1235||args::"socktype=udp,bps=12500000,size=1472,warmup=10,cooldown=10,samples=50000"
[parse_return_code] :  code=200|str=OK|msg=|
[send_command] : START
[main] client vb01 start
[send_command] : START
[main] client vb02 start
[send_command] : START
[main] client vb03 start
[send_command] : START
[main] client vb04 start
[send_command] : START
[unmarshall] client vb01 unmarshall 
Traceback (most recent call last):
  File "/usr/local/bin/ipbench", line 595, in <module>
    main()
    ~~~~^^
  File "/usr/local/bin/ipbench", line 563, in main
    client.unmarshall()
    ~~~~~~~~~~~~~~~~~^^
  File "/usr/local/bin/ipbench", line 216, in unmarshall
    status = self._parse_return_code(statusline[:newline])
  File "/usr/local/bin/ipbench", line 84, in _parse_return_code
    status["code"] = int(data[0:3])
                     ~~~^^^^^^^^^^^
ValueError: invalid literal for int() with base 10: ''
b'100 IPBENCH V1.0\n'
b'100 IPBENCH V1.0\n'
b'100 IPBENCH V1.0\n'
b'100 IPBENCH V1.0\n'
b'100 IPBENCH V1.0\n'
b'100 IPBENCH V1.0\n'
b'100 IPBENCH V1.0\n'
b'100 IPBENCH V1.0\n'
Requested_Throughput,Receive_Throughput,Send_Throughput,Packet_Size,Minimum_RTT,Average_RTT,Maximum_RTT,Stdev_RTT,Median_RTT,Bad_Packets,Idle_Cycles,Total_Cycles
 10000000,10000184,10000184,1472,69,139,4260,30.63,149,0,248981643601,255966788591

Requested_Throughput,Receive_Throughput,Send_Throughput,Packet_Size,Minimum_RTT,Average_RTT,Maximum_RTT,Stdev_RTT,Median_RTT,Bad_Packets,Idle_Cycles,Total_Cycles
 20000000,20000344,20000344,1472,16,132,500,21.84,134,0,130456806858,138032038834

Traceback (most recent call last):
  File "/tmp/tmp.05OJHICRbt", line 162, in <module>
    row = run_benchmark(args, throughput, packet_size) + "\n"
          ~~~~~~~~~~~~~^^^^^^^^^^^^^^^^^^^^^^^^^^^^^^^
  File "/tmp/tmp.05OJHICRbt", line 75, in run_benchmark
    p.check_returncode()
    ~~~~~~~~~~~~~~~~~~^^
  File "/usr/lib/python3.13/subprocess.py", line 508, in check_returncode
    raise CalledProcessError(self.returncode, self.args, self.stdout,
                             self.stderr)
subprocess.CalledProcessError: Command '['ipbench', '--debug', '--test', 'latency', '--test-args', 'socktype=udp,bps=12500000,size=1472,warmup=10,cooldown=10,samples=50000', '--port', '8036', '--client', 'vb01', '--client', 'vb02', '--client', 'vb03', '--client', 'vb04', '--test-target', '172.16.1.196', '--test-port', '1235', '--target-test', 'cpu_target_lukem', '--target-test-hostname', '172.16.1.196', '--target-test-port', '1236']' returned non-zero exit status 1.

During handling of the above exception, another exception occurred:

Traceback (most recent call last):
  File "/tmp/tmp.05OJHICRbt", line 169, in <module>
    abort_clients(args.clients)
    ~~~~~~~~~~~~~^^^^^^^^^^^^^^
  File "/tmp/tmp.05OJHICRbt", line 16, in abort_clients
    sock.connect((client, IPBENCHD_PORT))
    ~~~~~~~~~~~~^^^^^^^^^^^^^^^^^^^^^^^^^
ConnectionRefusedError: [Errno 111] Connection refused
