[22:44.54] dbg: Finding plugins in /usr/lib/x86_64-linux-gnu/ipbench
[22:44.54] dbg: Checking /usr/lib/x86_64-linux-gnu/ipbench/liblatencyramp.so against latency ...
[22:44.54] dbg: Checking for header ...
[22:44.54] dbg: Checking magic number ...
[22:44.54] dbg: Checking test name |latency|latency_ramp|...
[22:44.54] dbg: latency does not match latency_ramp
[22:44.54] dbg: Checking /usr/lib/x86_64-linux-gnu/ipbench/libwrapper_target.so against latency ...
[22:44.54] dbg: /usr/lib/x86_64-linux-gnu/ipbench/libwrapper_target.so: undefined symbol: target_wrap_setup_controller
[22:44.54] dbg: Checking /usr/lib/x86_64-linux-gnu/ipbench/libwrapper_client.so against latency ...
[22:44.54] dbg: /usr/lib/x86_64-linux-gnu/ipbench/libwrapper_client.so: undefined symbol: client_wrap_setup_controller
[22:44.54] dbg: Checking /usr/lib/x86_64-linux-gnu/ipbench/libwait.so against latency ...
[22:44.54] dbg: Checking for header ...
[22:44.54] dbg: Checking magic number ...
[22:44.54] dbg: Checking test name |latency|wait|...
[22:44.54] dbg: latency does not match wait
[22:44.54] dbg: Checking /usr/lib/x86_64-linux-gnu/ipbench/libnfsstones.so against latency ...
[22:44.54] dbg: Checking for header ...
[22:44.54] dbg: Checking magic number ...
[22:44.54] dbg: Checking test name |latency|nfsstone|...
[22:44.54] dbg: latency does not match nfsstone
[22:44.54] dbg: Checking /usr/lib/x86_64-linux-gnu/ipbench/libnfs_latency.so against latency ...
[22:44.54] dbg: Checking for header ...
[22:44.54] dbg: Checking magic number ...
[22:44.54] dbg: Checking test name |latency|nfs_latency|...
[22:44.54] dbg: latency does not match nfs_latency
[22:44.54] dbg: Checking /usr/lib/x86_64-linux-gnu/ipbench/liblatencycheck.so against latency ...
[22:44.54] dbg: Checking for header ...
[22:44.54] dbg: Checking magic number ...
[22:44.54] dbg: Checking test name |latency|latency|...
[22:44.54] dbg: Test loaded
[main] setting up target 172.16.1.121
[22:44.54] dbg: Finding plugins in /usr/lib/x86_64-linux-gnu/ipbench
[22:44.54] dbg: Checking /usr/lib/x86_64-linux-gnu/ipbench/liblatencyramp.so against cpu_target_lukem ...
[22:44.54] dbg: Checking for header ...
[22:44.54] dbg: Checking magic number ...
[22:44.54] dbg: Checking test name |cpu_target_lukem|latency_ramp|...
[22:44.54] dbg: cpu_target_lukem does not match latency_ramp
[22:44.54] dbg: Checking /usr/lib/x86_64-linux-gnu/ipbench/libwrapper_target.so against cpu_target_lukem ...
[22:44.54] dbg: /usr/lib/x86_64-linux-gnu/ipbench/libwrapper_target.so: undefined symbol: target_wrap_setup_controller
[22:44.54] dbg: Checking /usr/lib/x86_64-linux-gnu/ipbench/libwrapper_client.so against cpu_target_lukem ...
[22:44.54] dbg: /usr/lib/x86_64-linux-gnu/ipbench/libwrapper_client.so: undefined symbol: client_wrap_setup_controller
[22:44.54] dbg: Checking /usr/lib/x86_64-linux-gnu/ipbench/libwait.so against cpu_target_lukem ...
[22:44.54] dbg: Checking for header ...
[22:44.54] dbg: Checking magic number ...
[22:44.54] dbg: Checking test name |cpu_target_lukem|wait|...
[22:44.54] dbg: cpu_target_lukem does not match wait
[22:44.54] dbg: Checking /usr/lib/x86_64-linux-gnu/ipbench/libnfsstones.so against cpu_target_lukem ...
[22:44.54] dbg: Checking for header ...
[22:44.54] dbg: Checking magic number ...
[22:44.54] dbg: Checking test name |cpu_target_lukem|nfsstone|...
[22:44.54] dbg: cpu_target_lukem does not match nfsstone
[22:44.54] dbg: Checking /usr/lib/x86_64-linux-gnu/ipbench/libnfs_latency.so against cpu_target_lukem ...
[22:44.54] dbg: Checking for header ...
[22:44.54] dbg: Checking magic number ...
[22:44.54] dbg: Checking test name |cpu_target_lukem|nfs_latency|...
[22:44.54] dbg: cpu_target_lukem does not match nfs_latency
[22:44.54] dbg: Checking /usr/lib/x86_64-linux-gnu/ipbench/liblatencycheck.so against cpu_target_lukem ...
[22:44.54] dbg: Checking for header ...
[22:44.54] dbg: Checking magic number ...
[22:44.54] dbg: Checking test name |cpu_target_lukem|latency|...
[22:44.54] dbg: cpu_target_lukem does not match latency
[22:44.54] dbg: Checking /usr/lib/x86_64-linux-gnu/ipbench/liblatency.so against cpu_target_lukem ...
[22:44.54] dbg: Checking for header ...
[22:44.54] dbg: Checking magic number ...
[22:44.54] dbg: Checking test name |cpu_target_lukem|latency|...
[22:44.54] dbg: cpu_target_lukem does not match latency
[22:44.54] dbg: Checking /usr/lib/x86_64-linux-gnu/ipbench/libdummy_target.so against cpu_target_lukem ...
[22:44.54] dbg: Checking for header ...
[22:44.54] dbg: Checking magic number ...
[22:44.54] dbg: Checking test name |cpu_target_lukem|dummy_target|...
[22:44.54] dbg: cpu_target_lukem does not match dummy_target
[22:44.54] dbg: Checking /usr/lib/x86_64-linux-gnu/ipbench/libdummy.so against cpu_target_lukem ...
[22:44.54] dbg: Checking for header ...
[22:44.54] dbg: Checking magic number ...
[22:44.54] dbg: Checking test name |cpu_target_lukem|dummy|...
[22:44.54] dbg: cpu_target_lukem does not match dummy
[22:44.54] dbg: Checking /usr/lib/x86_64-linux-gnu/ipbench/libdiscard.so against cpu_target_lukem ...
[22:44.54] dbg: Checking for header ...
[22:44.54] dbg: Checking magic number ...
[22:44.54] dbg: Checking test name |cpu_target_lukem|discard|...
[22:44.54] dbg: cpu_target_lukem does not match discard
[22:44.54] dbg: Checking /usr/lib/x86_64-linux-gnu/ipbench/libcpu_target_lukem.so against cpu_target_lukem ...
[22:44.54] dbg: Checking for header ...
[22:44.54] dbg: Checking magic number ...
[22:44.54] dbg: Checking test name |cpu_target_lukem|cpu_target_lukem|...
[22:44.54] dbg: Test loaded
[IpbenchTestTarget:__init__] : client 172.16.1.121
[connect] start | hostname 172.16.1.121 | port 1236 | 
[parse_return_code] :  code=100|str=IPBENCH V1.0|msg=|
[send_command] : HELLO
[parse_return_code] :  code=200|str=OK|msg=Ready to go|
[send_command] : LOAD cpu_target_lukem
[parse_return_code] :  code=200|str=OK|msg=|
[send_command] : SETUP args::""
[parse_return_code] :  code=200|str=OK|msg=|
[main] setting up client vb01
[IpbenchTestClient:__init__] : client vb01 port 8036 test_port 1235 test_args socktype=udp,bps=250000000,size=1472,warmup=10,cooldown=10,samples=50000
[connect] start | hostname vb01 | port 8036 | 
[parse_return_code] :  code=100|str=IPBENCH V1.0|msg=|
[send_command] : HELLO
[parse_return_code] :  code=200|str=OK|msg=Ready to go|
[send_command] : LOAD latency
[parse_return_code] :  code=200|str=OK|msg=|
[Setup]: target: 172.16.1.121
[Setup]: port: 1235
[Setup]: args: socktype=udp,bps=250000000,size=1472,warmup=10,cooldown=10,samples=50000
[send_command] : SETUP target::172.16.1.121||port::1235||args::"socktype=udp,bps=250000000,size=1472,warmup=10,cooldown=10,samples=50000"
[parse_return_code] :  code=200|str=OK|msg=|
[main] setting up client vb02
[IpbenchTestClient:__init__] : client vb02 port 8036 test_port 1235 test_args socktype=udp,bps=250000000,size=1472,warmup=10,cooldown=10,samples=50000
[connect] start | hostname vb02 | port 8036 | 
[parse_return_code] :  code=100|str=IPBENCH V1.0|msg=|
[send_command] : HELLO
[parse_return_code] :  code=200|str=OK|msg=Ready to go|
[send_command] : LOAD latency
[parse_return_code] :  code=200|str=OK|msg=|
[Setup]: target: 172.16.1.121
[Setup]: port: 1235
[Setup]: args: socktype=udp,bps=250000000,size=1472,warmup=10,cooldown=10,samples=50000
[send_command] : SETUP target::172.16.1.121||port::1235||args::"socktype=udp,bps=250000000,size=1472,warmup=10,cooldown=10,samples=50000"
[parse_return_code] :  code=200|str=OK|msg=|
[main] setting up client vb03
[IpbenchTestClient:__init__] : client vb03 port 8036 test_port 1235 test_args socktype=udp,bps=250000000,size=1472,warmup=10,cooldown=10,samples=50000
[connect] start | hostname vb03 | port 8036 | 
[parse_return_code] :  code=100|str=IPBENCH V1.0|msg=|
[send_command] : HELLO
[parse_return_code] :  code=200|str=OK|msg=Ready to go|
[send_command] : LOAD latency
[parse_return_code] :  code=200|str=OK|msg=|
[Setup]: target: 172.16.1.121
[Setup]: port: 1235
[Setup]: args: socktype=udp,bps=250000000,size=1472,warmup=10,cooldown=10,samples=50000
[send_command] : SETUP target::172.16.1.121||port::1235||args::"socktype=udp,bps=250000000,size=1472,warmup=10,cooldown=10,samples=50000"
[parse_return_code] :  code=200|str=OK|msg=|
[main] setting up client vb04
[IpbenchTestClient:__init__] : client vb04 port 8036 test_port 1235 test_args socktype=udp,bps=250000000,size=1472,warmup=10,cooldown=10,samples=50000
[connect] start | hostname vb04 | port 8036 | 
[parse_return_code] :  code=100|str=IPBENCH V1.0|msg=|
[send_command] : HELLO
[parse_return_code] :  code=200|str=OK|msg=Ready to go|
[send_command] : LOAD latency
[parse_return_code] :  code=200|str=OK|msg=|
[Setup]: target: 172.16.1.121
[Setup]: port: 1235
[Setup]: args: socktype=udp,bps=250000000,size=1472,warmup=10,cooldown=10,samples=50000
[send_command] : SETUP target::172.16.1.121||port::1235||args::"socktype=udp,bps=250000000,size=1472,warmup=10,cooldown=10,samples=50000"
[parse_return_code] :  code=200|str=OK|msg=|
[send_command] : START
[main] client vb01 start
[send_command] : START
[main] client vb02 start
[send_command] : START
[main] client vb03 start
[send_command] : START
[main] client vb04 start
[send_command] : START
[unmarshall] client vb01 unmarshall 
[parse_return_code] :  code=220|str=VALID DATA|msg=Data to follow|
[unmarshall] client vb01 content-length: 400072
[unmarshall] client vb01 len(201) < 400072
[unmarshall] got 128055 new bytes 
[unmarshall] client vb01 len(128256) < 400072
[unmarshall] got 94720 new bytes 
[unmarshall] client vb01 len(222976) < 400072
[unmarshall] got 94720 new bytes 
[unmarshall] client vb01 len(317696) < 400072
[unmarshall] got 82376 new bytes 
[22:45.54] dbg: [unmarshall] data for client 0 "" [len 400072] [invalid]
[22:45.54] dbg: Latency unmarshall arguments.
[22:45.54] dbg: Unmarshalling 50000 samples
[unmarshall] client vb02 unmarshall 
[parse_return_code] :  code=220|str=VALID DATA|msg=Data to follow|
[unmarshall] client vb02 content-length: 400072
[unmarshall] client vb02 len(201) < 400072
[unmarshall] got 92448 new bytes 
[unmarshall] client vb02 len(92649) < 400072
[unmarshall] got 1448 new bytes 
[unmarshall] client vb02 len(94097) < 400072
[unmarshall] got 13032 new bytes 
[unmarshall] client vb02 len(107129) < 400072
[unmarshall] got 2896 new bytes 
[unmarshall] client vb02 len(110025) < 400072
[unmarshall] got 4344 new bytes 
[unmarshall] client vb02 len(114369) < 400072
[unmarshall] got 13032 new bytes 
[unmarshall] client vb02 len(127401) < 400072
[unmarshall] got 2896 new bytes 
[unmarshall] client vb02 len(130297) < 400072
[unmarshall] got 4344 new bytes 
[unmarshall] client vb02 len(134641) < 400072
[unmarshall] got 4344 new bytes 
[unmarshall] client vb02 len(138985) < 400072
[unmarshall] got 5792 new bytes 
[unmarshall] client vb02 len(144777) < 400072
[unmarshall] got 2896 new bytes 
[unmarshall] client vb02 len(147673) < 400072
[unmarshall] got 5792 new bytes 
[unmarshall] client vb02 len(153465) < 400072
[unmarshall] got 4344 new bytes 
[unmarshall] client vb02 len(157809) < 400072
[unmarshall] got 7240 new bytes 
[unmarshall] client vb02 len(165049) < 400072
[unmarshall] got 4344 new bytes 
[unmarshall] client vb02 len(169393) < 400072
[unmarshall] got 5792 new bytes 
[unmarshall] client vb02 len(175185) < 400072
[unmarshall] got 2896 new bytes 
[unmarshall] client vb02 len(178081) < 400072
[unmarshall] got 8688 new bytes 
[unmarshall] client vb02 len(186769) < 400072
[unmarshall] got 4344 new bytes 
[unmarshall] client vb02 len(191113) < 400072
[unmarshall] got 4344 new bytes 
[unmarshall] client vb02 len(195457) < 400072
[unmarshall] got 4344 new bytes 
[unmarshall] client vb02 len(199801) < 400072
[unmarshall] got 4344 new bytes 
[unmarshall] client vb02 len(204145) < 400072
[unmarshall] got 8688 new bytes 
[unmarshall] client vb02 len(212833) < 400072
[unmarshall] got 4344 new bytes 
[unmarshall] client vb02 len(217177) < 400072
[unmarshall] got 5792 new bytes 
[unmarshall] client vb02 len(222969) < 400072
[unmarshall] got 10136 new bytes 
[unmarshall] client vb02 len(233105) < 400072
[unmarshall] got 2896 new bytes 
[unmarshall] client vb02 len(236001) < 400072
[unmarshall] got 4344 new bytes 
[unmarshall] client vb02 len(240345) < 400072
[unmarshall] got 4344 new bytes 
[unmarshall] client vb02 len(244689) < 400072
[unmarshall] got 4344 new bytes 
[unmarshall] client vb02 len(249033) < 400072
[unmarshall] got 14480 new bytes 
[unmarshall] client vb02 len(263513) < 400072
[unmarshall] got 4344 new bytes 
[unmarshall] client vb02 len(267857) < 400072
[unmarshall] got 4344 new bytes 
[unmarshall] client vb02 len(272201) < 400072
[unmarshall] got 7240 new bytes 
[unmarshall] client vb02 len(279441) < 400072
[unmarshall] got 4344 new bytes 
[unmarshall] client vb02 len(283785) < 400072
[unmarshall] got 13032 new bytes 
[unmarshall] client vb02 len(296817) < 400072
[unmarshall] got 2896 new bytes 
[unmarshall] client vb02 len(299713) < 400072
[unmarshall] got 5792 new bytes 
[unmarshall] client vb02 len(305505) < 400072
[unmarshall] got 5792 new bytes 
[unmarshall] client vb02 len(311297) < 400072
[unmarshall] got 5792 new bytes 
[unmarshall] client vb02 len(317089) < 400072
[unmarshall] got 13032 new bytes 
[unmarshall] client vb02 len(330121) < 400072
[unmarshall] got 4344 new bytes 
[unmarshall] client vb02 len(334465) < 400072
[unmarshall] got 7240 new bytes 
[unmarshall] client vb02 len(341705) < 400072
[unmarshall] got 2896 new bytes 
[unmarshall] client vb02 len(344601) < 400072
[unmarshall] got 7240 new bytes 
[unmarshall] client vb02 len(351841) < 400072
[unmarshall] got 14480 new bytes 
[unmarshall] client vb02 len(366321) < 400072
[unmarshall] got 4344 new bytes 
[unmarshall] client vb02 len(370665) < 400072
[unmarshall] got 5792 new bytes 
[unmarshall] client vb02 len(376457) < 400072
[unmarshall] got 4344 new bytes 
[unmarshall] client vb02 len(380801) < 400072
[unmarshall] got 5792 new bytes 
[unmarshall] client vb02 len(386593) < 400072
[unmarshall] got 13479 new bytes 
[22:45.54] dbg: [unmarshall] data for client 1 "" [len 400072] [invalid]
[22:45.54] dbg: Latency unmarshall arguments.
[22:45.54] dbg: Unmarshalling 50000 samples
[unmarshall] client vb03 unmarshall 
[parse_return_code] :  code=220|str=VALID DATA|msg=Data to follow|
[unmarshall] client vb03 content-length: 400072
[unmarshall] client vb03 len(201) < 400072
[unmarshall] got 96040 new bytes 
[unmarshall] client vb03 len(96241) < 400072
[unmarshall] got 82688 new bytes 
[unmarshall] client vb03 len(178929) < 400072
[unmarshall] got 59968 new bytes 
[unmarshall] client vb03 len(238897) < 400072
[unmarshall] got 161175 new bytes 
[22:45.54] dbg: [unmarshall] data for client 2 "" [len 400072] [invalid]
[22:45.54] dbg: Latency unmarshall arguments.
[22:45.54] dbg: Unmarshalling 50000 samples
[unmarshall] client vb04 unmarshall 
[parse_return_code] :  code=220|str=VALID DATA|msg=Data to follow|
[unmarshall] client vb04 content-length: 400072
[unmarshall] client vb04 len(201) < 400072
[unmarshall] got 41768 new bytes 
[unmarshall] client vb04 len(41969) < 400072
[unmarshall] got 28960 new bytes 
[unmarshall] client vb04 len(70929) < 400072
[unmarshall] got 28960 new bytes 
[unmarshall] client vb04 len(99889) < 400072
[unmarshall] got 57920 new bytes 
[unmarshall] client vb04 len(157809) < 400072
[unmarshall] got 57920 new bytes 
[unmarshall] client vb04 len(215729) < 400072
[unmarshall] got 86880 new bytes 
[unmarshall] client vb04 len(302609) < 400072
[unmarshall] got 97463 new bytes 
[22:45.54] dbg: [unmarshall] data for client 3 "" [len 400072] [invalid]
[22:45.54] dbg: Latency unmarshall arguments.
[22:45.54] dbg: Unmarshalling 50000 samples
[send_command] : STOP
[unmarshall] client 172.16.1.121 unmarshall 
[parse_return_code] :  code=220|str=VALID DATA|msg=Data to follow|
[unmarshall] client 172.16.1.121 content-length: 24
[22:45.55] dbg: [unmarshall] data for target ",6483090996,22956884710" [len 24] [invalid]
[22:45.55] dbg: [cpu_target_lukem_unmarhsall] start
[22:45.55] dbg: [cpu_target_lukem_unmarshall] cpu usage ,6483090996,22956884710
[22:45.55] dbg: Latency begin output function
[send_command] : QUIT
[send_command] : QUIT
[send_command] : QUIT
[send_command] : QUIT
[send_command] : QUIT
b'100 IPBENCH V1.0\n'
b'100 IPBENCH V1.0\n'
b'100 IPBENCH V1.0\n'
b'100 IPBENCH V1.0\n'
b'100 IPBENCH V1.0\n'
b'100 IPBENCH V1.0\n'
b'100 IPBENCH V1.0\n'
b'100 IPBENCH V1.0\n'
Requested_Throughput,Receive_Throughput,Send_Throughput,Packet_Size,Minimum_RTT,Average_RTT,Maximum_RTT,Stdev_RTT,Median_RTT,Bad_Packets,Idle_Cycles,Total_Cycles
 1000000000,958012590,999994694,1472,1220,1335,1805,11.70,1335,0,6483090996,22956884710

b'100 IPBENCH V1.0\n'
b'100 IPBENCH V1.0\n'
b'100 IPBENCH V1.0\n'
b'100 IPBENCH V1.0\n'
Result Summary:
Requested_Throughput,Receive_Throughput,Send_Throughput,Packet_Size,Minimum_RTT,Average_RTT,Maximum_RTT,Stdev_RTT,Median_RTT,Bad_Packets,Idle_Cycles,Total_Cycles
1000000000,958012590,999994694,1472,1220,1335,1805,11.70,1335,0,6483090996,22956884710

