co
^Eco
[Enter `^Ec?' for help]
[connecting...up]

U-Boot SPL 2018.03 (Jan 14 2020 - 02:43:08 +0000)
power_bd71837_init
set buck8 to 1.2v for DDR4
DDRINFO: start lpddr4 ddr init
DRAM PHY training for 2400MTS
check ddr4_pmu_train_imem code
check ddr4_pmu_train_imem code pass
check ddr4_pmu_train_dmem code
check ddr4_pmu_train_dmem code pass
Training PASS
DRAM PHY training for 1600MTS
check ddr4_pmu_train_imem code
check ddr4_pmu_train_imem code pass
check ddr4_pmu_train_dmem code
check ddr4_pmu_train_dmem code pass
Training PASS
DRAM PHY training for 1064MTS
check ddr4_pmu_train_imem code
check ddr4_pmu_train_imem code pass
check ddr4_pmu_train_dmem code
check ddr4_pmu_train_dmem code pass
Training PASS
DRAM PHY training for 2400MTS
check ddr4_pmu_train_imem code
check ddr4_pmu_train_imem code pass
check ddr4_pmu_train_dmem code
check ddr4_pmu_train_dmem code pass
Training PASS
DDRINFO:ddrphy calibration done
DDRINFO: ddrmix config done
Normal Boot
Trying to boot from MMC1


U-Boot 2018.03 (Jan 14 2020 - 02:43:08 +0000)

CPU:   Freescale i.MX8MQ rev2.1 1500 MHz (running at 1000 MHz)
CPU:   Commercial temperature grade (0C to 95C) at 50C
Reset cause: POR
Model: Freescale i.MX8MQ EVK
DRAM:  2 GiB
MMC:   FSL_SDHC: 0
Loading Environment from MMC... OK
No panel detected: default to HDMI
Display: HDMI (1280x720)
In:    serial
Out:   serial
Err:   serial

 BuildInfo:
  - ATF d6451cc
  - U-Boot 2018.03

switch to partitions #0, OK
mmc0 is current device
flash target is MMC:0
Net:   
Warning: ethernet@30be0000 (eth0) using random MAC address - 7a:16:9d:40:15:68
eth0: ethernet@30be0000
Fastboot: Normal
Normal Boot
Hit any key to stop autoboot:  2  
 0 
u-boot=> 
u-boot=> setenv loadaddr 0x50000000
dhcp
setenv loadaddr 0x50000000
u-boot=> dhcp
ethernet@30be0000 Waiting for PHY auto negotiation to complete.... done
BOOTP broadcast 1
BOOTP broadcast 2
BOOTP broadcast 3
BOOTP broadcast 4
BOOTP broadcast 5
BOOTP broadcast 6
DHCP client bound to address 172.16.1.49 (5769 ms)
*** Warning: no boot file name; using 'AC100131.img'
Using ethernet@30be0000 device
TFTP from server 172.16.0.2; our IP address is 172.16.1.49
Filename 'AC100131.img'.
Load address: 0x50000000
Loading: *
TFTP error: 'File not found' (1)
Not retrying...
u-boot=> tftp ${loadaddr} /maaxboard2/sel4-image
tftp ${loadaddr} /maaxboard2/sel4-image
Using ethernet@30be0000 device
TFTP from server 172.16.0.2; our IP address is 172.16.1.49
Filename '/maaxboard2/sel4-image'.
Load address: 0x50000000
Loading: *#################################################################
	 #################################################################
	 #################################################################
	 #################################################################
	 #################################################################
	 #################################################################
	 #################################################################
	 ####################################
	 9.6 MiB/s
done
Bytes transferred = 7204176 (6ded50 hex)
u-boot=> go ${loadaddr}
go ${loadaddr}
## Starting application at 0x50000000 ...
BENCH|LOG: MICROKIT_CONFIG_benchmark defined
BENCH|LOG: CONFIG_BENCHMARK_TRACK_UTILISATION defined
DHCP request finished, IP address for netif client1 is: 172.16.1.120
DHCP request finished, IP address for netif client0 is: 172.16.1.121
Utilization connection established!
client0 measurement starting...
client0 measurement finished 
{
L1 i-cache misses: 25545506
L1 d-cache misses: 70552191
L1 i-tlb misses: 1031970
L1 d-tlb misses: 8165287
Instructions: 1200071238
Branch mispredictions: 33734750
}
Total utilisation details: 
{
KernelUtilisation: 852362519
KernelEntries: 1083877
NumberSchedules: 884793
TotalUtilisation: 22956959485
}
Utilisation details for PD: serial_driver (0)
{
KernelUtilisation: 3264
KernelEntries: 2
NumberSchedules: 2
TotalUtilisation: 29785
}
Utilisation details for PD: serial_virt_tx (1)
{
KernelUtilisation: 5163
KernelEntries: 3
NumberSchedules: 2
TotalUtilisation: 13817
}
Utilisation details for PD: ethernet_driver (2)
{
KernelUtilisation: 257369594
KernelEntries: 424122
NumberSchedules: 244121
TotalUtilisation: 4816701787
}
Utilisation details for PD: net_virt_tx (3)
{
KernelUtilisation: 178170938
KernelEntries: 167671
NumberSchedules: 165926
TotalUtilisation: 1779104421
}
Utilisation details for PD: net_virt_rx (4)
{
KernelUtilisation: 176281915
KernelEntries: 205485
NumberSchedules: 205122
TotalUtilisation: 1928144577
}
Utilisation details for PD: client0 (5)
{
KernelUtilisation: 51019115
KernelEntries: 81934
NumberSchedules: 66027
TotalUtilisation: 3904804814
}
Utilisation details for PD: client0_net_copier (6)
{
KernelUtilisation: 111533415
KernelEntries: 129886
NumberSchedules: 129718
TotalUtilisation: 3921819219
}
Utilisation details for PD: client1 (7)
{
KernelUtilisation: 872058
KernelEntries: 1080
NumberSchedules: 1080
TotalUtilisation: 4070090
}
Utilisation details for PD: client1_net_copier (8)
{
KernelUtilisation: 62072
KernelEntries: 44
NumberSchedules: 44
TotalUtilisation: 245434
}
Utilisation details for PD: timer_driver (9)
{
KernelUtilisation: 3686490
KernelEntries: 3422
NumberSchedules: 2719
TotalUtilisation: 11382810
}
