[14:13.23] dbg: Finding plugins in /usr/lib/x86_64-linux-gnu/ipbench
[14:13.23] dbg: Checking /usr/lib/x86_64-linux-gnu/ipbench/liblatencyramp.so against latency ...
[14:13.23] dbg: Checking for header ...
[14:13.23] dbg: Checking magic number ...
[14:13.23] dbg: Checking test name |latency|latency_ramp|...
[14:13.23] dbg: latency does not match latency_ramp
[14:13.23] dbg: Checking /usr/lib/x86_64-linux-gnu/ipbench/libwrapper_target.so against latency ...
[14:13.23] dbg: /usr/lib/x86_64-linux-gnu/ipbench/libwrapper_target.so: undefined symbol: target_wrap_setup_controller
[14:13.23] dbg: Checking /usr/lib/x86_64-linux-gnu/ipbench/libwrapper_client.so against latency ...
[14:13.23] dbg: /usr/lib/x86_64-linux-gnu/ipbench/libwrapper_client.so: undefined symbol: client_wrap_setup_controller
[14:13.23] dbg: Checking /usr/lib/x86_64-linux-gnu/ipbench/libwait.so against latency ...
[14:13.23] dbg: Checking for header ...
[14:13.23] dbg: Checking magic number ...
[14:13.23] dbg: Checking test name |latency|wait|...
[14:13.23] dbg: latency does not match wait
[14:13.23] dbg: Checking /usr/lib/x86_64-linux-gnu/ipbench/libnfsstones.so against latency ...
[14:13.23] dbg: Checking for header ...
[14:13.23] dbg: Checking magic number ...
[14:13.23] dbg: Checking test name |latency|nfsstone|...
[14:13.23] dbg: latency does not match nfsstone
[14:13.23] dbg: Checking /usr/lib/x86_64-linux-gnu/ipbench/libnfs_latency.so against latency ...
[14:13.23] dbg: Checking for header ...
[14:13.23] dbg: Checking magic number ...
[14:13.23] dbg: Checking test name |latency|nfs_latency|...
[14:13.23] dbg: latency does not match nfs_latency
[14:13.23] dbg: Checking /usr/lib/x86_64-linux-gnu/ipbench/liblatencycheck.so against latency ...
[14:13.23] dbg: Checking for header ...
[14:13.23] dbg: Checking magic number ...
[14:13.23] dbg: Checking test name |latency|latency|...
[14:13.23] dbg: Test loaded
[main] setting up target 172.16.1.127
[14:13.23] dbg: Finding plugins in /usr/lib/x86_64-linux-gnu/ipbench
[14:13.23] dbg: Checking /usr/lib/x86_64-linux-gnu/ipbench/liblatencyramp.so against cpu_target_lukem ...
[14:13.23] dbg: Checking for header ...
[14:13.23] dbg: Checking magic number ...
[14:13.23] dbg: Checking test name |cpu_target_lukem|latency_ramp|...
[14:13.23] dbg: cpu_target_lukem does not match latency_ramp
[14:13.23] dbg: Checking /usr/lib/x86_64-linux-gnu/ipbench/libwrapper_target.so against cpu_target_lukem ...
[14:13.23] dbg: /usr/lib/x86_64-linux-gnu/ipbench/libwrapper_target.so: undefined symbol: target_wrap_setup_controller
[14:13.23] dbg: Checking /usr/lib/x86_64-linux-gnu/ipbench/libwrapper_client.so against cpu_target_lukem ...
[14:13.23] dbg: /usr/lib/x86_64-linux-gnu/ipbench/libwrapper_client.so: undefined symbol: client_wrap_setup_controller
[14:13.23] dbg: Checking /usr/lib/x86_64-linux-gnu/ipbench/libwait.so against cpu_target_lukem ...
[14:13.23] dbg: Checking for header ...
[14:13.23] dbg: Checking magic number ...
[14:13.23] dbg: Checking test name |cpu_target_lukem|wait|...
[14:13.23] dbg: cpu_target_lukem does not match wait
[14:13.23] dbg: Checking /usr/lib/x86_64-linux-gnu/ipbench/libnfsstones.so against cpu_target_lukem ...
[14:13.23] dbg: Checking for header ...
[14:13.23] dbg: Checking magic number ...
[14:13.23] dbg: Checking test name |cpu_target_lukem|nfsstone|...
[14:13.23] dbg: cpu_target_lukem does not match nfsstone
[14:13.23] dbg: Checking /usr/lib/x86_64-linux-gnu/ipbench/libnfs_latency.so against cpu_target_lukem ...
[14:13.23] dbg: Checking for header ...
[14:13.23] dbg: Checking magic number ...
[14:13.23] dbg: Checking test name |cpu_target_lukem|nfs_latency|...
[14:13.23] dbg: cpu_target_lukem does not match nfs_latency
[14:13.23] dbg: Checking /usr/lib/x86_64-linux-gnu/ipbench/liblatencycheck.so against cpu_target_lukem ...
[14:13.23] dbg: Checking for header ...
[14:13.23] dbg: Checking magic number ...
[14:13.23] dbg: Checking test name |cpu_target_lukem|latency|...
[14:13.23] dbg: cpu_target_lukem does not match latency
[14:13.23] dbg: Checking /usr/lib/x86_64-linux-gnu/ipbench/liblatency.so against cpu_target_lukem ...
[14:13.23] dbg: Checking for header ...
[14:13.23] dbg: Checking magic number ...
[14:13.23] dbg: Checking test name |cpu_target_lukem|latency|...
[14:13.23] dbg: cpu_target_lukem does not match latency
[14:13.23] dbg: Checking /usr/lib/x86_64-linux-gnu/ipbench/libdummy_target.so against cpu_target_lukem ...
[14:13.23] dbg: Checking for header ...
[14:13.23] dbg: Checking magic number ...
[14:13.23] dbg: Checking test name |cpu_target_lukem|dummy_target|...
[14:13.23] dbg: cpu_target_lukem does not match dummy_target
[14:13.23] dbg: Checking /usr/lib/x86_64-linux-gnu/ipbench/libdummy.so against cpu_target_lukem ...
[14:13.23] dbg: Checking for header ...
[14:13.23] dbg: Checking magic number ...
[14:13.23] dbg: Checking test name |cpu_target_lukem|dummy|...
[14:13.23] dbg: cpu_target_lukem does not match dummy
[14:13.23] dbg: Checking /usr/lib/x86_64-linux-gnu/ipbench/libdiscard.so against cpu_target_lukem ...
[14:13.23] dbg: Checking for header ...
[14:13.23] dbg: Checking magic number ...
[14:13.23] dbg: Checking test name |cpu_target_lukem|discard|...
[14:13.23] dbg: cpu_target_lukem does not match discard
[14:13.23] dbg: Checking /usr/lib/x86_64-linux-gnu/ipbench/libcpu_target_lukem.so against cpu_target_lukem ...
[14:13.23] dbg: Checking for header ...
[14:13.23] dbg: Checking magic number ...
[14:13.23] dbg: Checking test name |cpu_target_lukem|cpu_target_lukem|...
[14:13.23] dbg: Test loaded
[IpbenchTestTarget:__init__] : client 172.16.1.127
[connect] start | hostname 172.16.1.127 | port 1236 | 
[parse_return_code] :  code=100|str=IPBENCH V1.0|msg=|
[send_command] : HELLO
[parse_return_code] :  code=200|str=OK|msg=Ready to go|
[send_command] : LOAD cpu_target_lukem
[parse_return_code] :  code=200|str=OK|msg=|
[send_command] : SETUP args::""
[parse_return_code] :  code=200|str=OK|msg=|
[main] setting up client vb01
[IpbenchTestClient:__init__] : client vb01 port 8036 test_port 1235 test_args socktype=udp,bps=250000000,size=1472,warmup=10,cooldown=10,samples=50000
[connect] start | hostname vb01 | port 8036 | 
[parse_return_code] :  code=100|str=IPBENCH V1.0|msg=|
[send_command] : HELLO
[parse_return_code] :  code=200|str=OK|msg=Ready to go|
[send_command] : LOAD latency
[parse_return_code] :  code=200|str=OK|msg=|
[Setup]: target: 172.16.1.127
[Setup]: port: 1235
[Setup]: args: socktype=udp,bps=250000000,size=1472,warmup=10,cooldown=10,samples=50000
[send_command] : SETUP target::172.16.1.127||port::1235||args::"socktype=udp,bps=250000000,size=1472,warmup=10,cooldown=10,samples=50000"
[parse_return_code] :  code=200|str=OK|msg=|
[main] setting up client vb02
[IpbenchTestClient:__init__] : client vb02 port 8036 test_port 1235 test_args socktype=udp,bps=250000000,size=1472,warmup=10,cooldown=10,samples=50000
[connect] start | hostname vb02 | port 8036 | 
[parse_return_code] :  code=100|str=IPBENCH V1.0|msg=|
[send_command] : HELLO
[parse_return_code] :  code=200|str=OK|msg=Ready to go|
[send_command] : LOAD latency
[parse_return_code] :  code=200|str=OK|msg=|
[Setup]: target: 172.16.1.127
[Setup]: port: 1235
[Setup]: args: socktype=udp,bps=250000000,size=1472,warmup=10,cooldown=10,samples=50000
[send_command] : SETUP target::172.16.1.127||port::1235||args::"socktype=udp,bps=250000000,size=1472,warmup=10,cooldown=10,samples=50000"
[parse_return_code] :  code=200|str=OK|msg=|
[main] setting up client vb03
[IpbenchTestClient:__init__] : client vb03 port 8036 test_port 1235 test_args socktype=udp,bps=250000000,size=1472,warmup=10,cooldown=10,samples=50000
[connect] start | hostname vb03 | port 8036 | 
[parse_return_code] :  code=100|str=IPBENCH V1.0|msg=|
[send_command] : HELLO
[parse_return_code] :  code=200|str=OK|msg=Ready to go|
[send_command] : LOAD latency
[parse_return_code] :  code=200|str=OK|msg=|
[Setup]: target: 172.16.1.127
[Setup]: port: 1235
[Setup]: args: socktype=udp,bps=250000000,size=1472,warmup=10,cooldown=10,samples=50000
[send_command] : SETUP target::172.16.1.127||port::1235||args::"socktype=udp,bps=250000000,size=1472,warmup=10,cooldown=10,samples=50000"
[parse_return_code] :  code=200|str=OK|msg=|
[main] setting up client vb04
[IpbenchTestClient:__init__] : client vb04 port 8036 test_port 1235 test_args socktype=udp,bps=250000000,size=1472,warmup=10,cooldown=10,samples=50000
[connect] start | hostname vb04 | port 8036 | 
[parse_return_code] :  code=100|str=IPBENCH V1.0|msg=|
[send_command] : HELLO
[parse_return_code] :  code=200|str=OK|msg=Ready to go|
[send_command] : LOAD latency
[parse_return_code] :  code=200|str=OK|msg=|
[Setup]: target: 172.16.1.127
[Setup]: port: 1235
[Setup]: args: socktype=udp,bps=250000000,size=1472,warmup=10,cooldown=10,samples=50000
[send_command] : SETUP target::172.16.1.127||port::1235||args::"socktype=udp,bps=250000000,size=1472,warmup=10,cooldown=10,samples=50000"
[parse_return_code] :  code=200|str=OK|msg=|
[send_command] : START
[main] client vb01 start
[send_command] : START
[main] client vb02 start
[send_command] : START
[main] client vb03 start
[send_command] : START
[main] client vb04 start
[send_command] : START
[unmarshall] client vb01 unmarshall 
[parse_return_code] :  code=220|str=VALID DATA|msg=Data to follow|
[unmarshall] client vb01 content-length: 400072
[unmarshall] client vb01 len(201) < 400072
[unmarshall] got 128055 new bytes 
[unmarshall] client vb01 len(128256) < 400072
[unmarshall] got 94720 new bytes 
[unmarshall] client vb01 len(222976) < 400072
[unmarshall] got 94720 new bytes 
[unmarshall] client vb01 len(317696) < 400072
[unmarshall] got 82376 new bytes 
[14:14.23] dbg: [unmarshall] data for client 0 "" [len 400072] [invalid]
[14:14.23] dbg: Latency unmarshall arguments.
[14:14.23] dbg: Unmarshalling 50000 samples
[unmarshall] client vb02 unmarshall 
[parse_return_code] :  code=220|str=VALID DATA|msg=Data to follow|
[unmarshall] client vb02 content-length: 400072
[unmarshall] client vb02 len(201) < 400072
[unmarshall] got 95616 new bytes 
[unmarshall] client vb02 len(95817) < 400072
[unmarshall] got 1448 new bytes 
[unmarshall] client vb02 len(97265) < 400072
[unmarshall] got 7240 new bytes 
[unmarshall] client vb02 len(104505) < 400072
[unmarshall] got 1448 new bytes 
[unmarshall] client vb02 len(105953) < 400072
[unmarshall] got 1448 new bytes 
[unmarshall] client vb02 len(107401) < 400072
[unmarshall] got 5792 new bytes 
[unmarshall] client vb02 len(113193) < 400072
[unmarshall] got 1448 new bytes 
[unmarshall] client vb02 len(114641) < 400072
[unmarshall] got 2896 new bytes 
[unmarshall] client vb02 len(117537) < 400072
[unmarshall] got 1448 new bytes 
[unmarshall] client vb02 len(118985) < 400072
[unmarshall] got 1448 new bytes 
[unmarshall] client vb02 len(120433) < 400072
[unmarshall] got 1448 new bytes 
[unmarshall] client vb02 len(121881) < 400072
[unmarshall] got 1448 new bytes 
[unmarshall] client vb02 len(123329) < 400072
[unmarshall] got 1448 new bytes 
[unmarshall] client vb02 len(124777) < 400072
[unmarshall] got 4344 new bytes 
[unmarshall] client vb02 len(129121) < 400072
[unmarshall] got 1448 new bytes 
[unmarshall] client vb02 len(130569) < 400072
[unmarshall] got 1448 new bytes 
[unmarshall] client vb02 len(132017) < 400072
[unmarshall] got 1448 new bytes 
[unmarshall] client vb02 len(133465) < 400072
[unmarshall] got 1448 new bytes 
[unmarshall] client vb02 len(134913) < 400072
[unmarshall] got 1448 new bytes 
[unmarshall] client vb02 len(136361) < 400072
[unmarshall] got 1448 new bytes 
[unmarshall] client vb02 len(137809) < 400072
[unmarshall] got 1448 new bytes 
[unmarshall] client vb02 len(139257) < 400072
[unmarshall] got 1448 new bytes 
[unmarshall] client vb02 len(140705) < 400072
[unmarshall] got 1448 new bytes 
[unmarshall] client vb02 len(142153) < 400072
[unmarshall] got 1448 new bytes 
[unmarshall] client vb02 len(143601) < 400072
[unmarshall] got 1448 new bytes 
[unmarshall] client vb02 len(145049) < 400072
[unmarshall] got 1448 new bytes 
[unmarshall] client vb02 len(146497) < 400072
[unmarshall] got 1448 new bytes 
[unmarshall] client vb02 len(147945) < 400072
[unmarshall] got 1448 new bytes 
[unmarshall] client vb02 len(149393) < 400072
[unmarshall] got 1448 new bytes 
[unmarshall] client vb02 len(150841) < 400072
[unmarshall] got 1448 new bytes 
[unmarshall] client vb02 len(152289) < 400072
[unmarshall] got 1448 new bytes 
[unmarshall] client vb02 len(153737) < 400072
[unmarshall] got 2896 new bytes 
[unmarshall] client vb02 len(156633) < 400072
[unmarshall] got 1448 new bytes 
[unmarshall] client vb02 len(158081) < 400072
[unmarshall] got 1448 new bytes 
[unmarshall] client vb02 len(159529) < 400072
[unmarshall] got 1448 new bytes 
[unmarshall] client vb02 len(160977) < 400072
[unmarshall] got 1448 new bytes 
[unmarshall] client vb02 len(162425) < 400072
[unmarshall] got 1448 new bytes 
[unmarshall] client vb02 len(163873) < 400072
[unmarshall] got 1448 new bytes 
[unmarshall] client vb02 len(165321) < 400072
[unmarshall] got 1448 new bytes 
[unmarshall] client vb02 len(166769) < 400072
[unmarshall] got 1448 new bytes 
[unmarshall] client vb02 len(168217) < 400072
[unmarshall] got 2896 new bytes 
[unmarshall] client vb02 len(171113) < 400072
[unmarshall] got 1448 new bytes 
[unmarshall] client vb02 len(172561) < 400072
[unmarshall] got 1448 new bytes 
[unmarshall] client vb02 len(174009) < 400072
[unmarshall] got 1448 new bytes 
[unmarshall] client vb02 len(175457) < 400072
[unmarshall] got 1448 new bytes 
[unmarshall] client vb02 len(176905) < 400072
[unmarshall] got 2896 new bytes 
[unmarshall] client vb02 len(179801) < 400072
[unmarshall] got 1448 new bytes 
[unmarshall] client vb02 len(181249) < 400072
[unmarshall] got 1448 new bytes 
[unmarshall] client vb02 len(182697) < 400072
[unmarshall] got 1448 new bytes 
[unmarshall] client vb02 len(184145) < 400072
[unmarshall] got 1448 new bytes 
[unmarshall] client vb02 len(185593) < 400072
[unmarshall] got 2896 new bytes 
[unmarshall] client vb02 len(188489) < 400072
[unmarshall] got 1448 new bytes 
[unmarshall] client vb02 len(189937) < 400072
[unmarshall] got 1448 new bytes 
[unmarshall] client vb02 len(191385) < 400072
[unmarshall] got 1448 new bytes 
[unmarshall] client vb02 len(192833) < 400072
[unmarshall] got 1448 new bytes 
[unmarshall] client vb02 len(194281) < 400072
[unmarshall] got 2896 new bytes 
[unmarshall] client vb02 len(197177) < 400072
[unmarshall] got 1448 new bytes 
[unmarshall] client vb02 len(198625) < 400072
[unmarshall] got 1448 new bytes 
[unmarshall] client vb02 len(200073) < 400072
[unmarshall] got 1448 new bytes 
[unmarshall] client vb02 len(201521) < 400072
[unmarshall] got 1448 new bytes 
[unmarshall] client vb02 len(202969) < 400072
[unmarshall] got 2896 new bytes 
[unmarshall] client vb02 len(205865) < 400072
[unmarshall] got 1448 new bytes 
[unmarshall] client vb02 len(207313) < 400072
[unmarshall] got 1448 new bytes 
[unmarshall] client vb02 len(208761) < 400072
[unmarshall] got 1448 new bytes 
[unmarshall] client vb02 len(210209) < 400072
[unmarshall] got 1448 new bytes 
[unmarshall] client vb02 len(211657) < 400072
[unmarshall] got 2896 new bytes 
[unmarshall] client vb02 len(214553) < 400072
[unmarshall] got 2896 new bytes 
[unmarshall] client vb02 len(217449) < 400072
[unmarshall] got 1448 new bytes 
[unmarshall] client vb02 len(218897) < 400072
[unmarshall] got 1448 new bytes 
[unmarshall] client vb02 len(220345) < 400072
[unmarshall] got 1448 new bytes 
[unmarshall] client vb02 len(221793) < 400072
[unmarshall] got 2896 new bytes 
[unmarshall] client vb02 len(224689) < 400072
[unmarshall] got 1448 new bytes 
[unmarshall] client vb02 len(226137) < 400072
[unmarshall] got 2896 new bytes 
[unmarshall] client vb02 len(229033) < 400072
[unmarshall] got 2896 new bytes 
[unmarshall] client vb02 len(231929) < 400072
[unmarshall] got 1448 new bytes 
[unmarshall] client vb02 len(233377) < 400072
[unmarshall] got 1448 new bytes 
[unmarshall] client vb02 len(234825) < 400072
[unmarshall] got 1448 new bytes 
[unmarshall] client vb02 len(236273) < 400072
[unmarshall] got 2896 new bytes 
[unmarshall] client vb02 len(239169) < 400072
[unmarshall] got 1448 new bytes 
[unmarshall] client vb02 len(240617) < 400072
[unmarshall] got 2896 new bytes 
[unmarshall] client vb02 len(243513) < 400072
[unmarshall] got 1448 new bytes 
[unmarshall] client vb02 len(244961) < 400072
[unmarshall] got 1448 new bytes 
[unmarshall] client vb02 len(246409) < 400072
[unmarshall] got 2896 new bytes 
[unmarshall] client vb02 len(249305) < 400072
[unmarshall] got 2896 new bytes 
[unmarshall] client vb02 len(252201) < 400072
[unmarshall] got 2896 new bytes 
[unmarshall] client vb02 len(255097) < 400072
[unmarshall] got 1448 new bytes 
[unmarshall] client vb02 len(256545) < 400072
[unmarshall] got 1448 new bytes 
[unmarshall] client vb02 len(257993) < 400072
[unmarshall] got 1448 new bytes 
[unmarshall] client vb02 len(259441) < 400072
[unmarshall] got 4344 new bytes 
[unmarshall] client vb02 len(263785) < 400072
[unmarshall] got 1448 new bytes 
[unmarshall] client vb02 len(265233) < 400072
[unmarshall] got 2896 new bytes 
[unmarshall] client vb02 len(268129) < 400072
[unmarshall] got 1448 new bytes 
[unmarshall] client vb02 len(269577) < 400072
[unmarshall] got 1448 new bytes 
[unmarshall] client vb02 len(271025) < 400072
[unmarshall] got 1448 new bytes 
[unmarshall] client vb02 len(272473) < 400072
[unmarshall] got 1448 new bytes 
[unmarshall] client vb02 len(273921) < 400072
[unmarshall] got 4344 new bytes 
[unmarshall] client vb02 len(278265) < 400072
[unmarshall] got 1448 new bytes 
[unmarshall] client vb02 len(279713) < 400072
[unmarshall] got 1448 new bytes 
[unmarshall] client vb02 len(281161) < 400072
[unmarshall] got 2896 new bytes 
[unmarshall] client vb02 len(284057) < 400072
[unmarshall] got 1448 new bytes 
[unmarshall] client vb02 len(285505) < 400072
[unmarshall] got 2896 new bytes 
[unmarshall] client vb02 len(288401) < 400072
[unmarshall] got 1448 new bytes 
[unmarshall] client vb02 len(289849) < 400072
[unmarshall] got 2896 new bytes 
[unmarshall] client vb02 len(292745) < 400072
[unmarshall] got 2896 new bytes 
[unmarshall] client vb02 len(295641) < 400072
[unmarshall] got 1448 new bytes 
[unmarshall] client vb02 len(297089) < 400072
[unmarshall] got 1448 new bytes 
[unmarshall] client vb02 len(298537) < 400072
[unmarshall] got 2896 new bytes 
[unmarshall] client vb02 len(301433) < 400072
[unmarshall] got 1448 new bytes 
[unmarshall] client vb02 len(302881) < 400072
[unmarshall] got 2896 new bytes 
[unmarshall] client vb02 len(305777) < 400072
[unmarshall] got 2896 new bytes 
[unmarshall] client vb02 len(308673) < 400072
[unmarshall] got 2896 new bytes 
[unmarshall] client vb02 len(311569) < 400072
[unmarshall] got 2896 new bytes 
[unmarshall] client vb02 len(314465) < 400072
[unmarshall] got 1448 new bytes 
[unmarshall] client vb02 len(315913) < 400072
[unmarshall] got 1448 new bytes 
[unmarshall] client vb02 len(317361) < 400072
[unmarshall] got 2896 new bytes 
[unmarshall] client vb02 len(320257) < 400072
[unmarshall] got 1448 new bytes 
[unmarshall] client vb02 len(321705) < 400072
[unmarshall] got 2896 new bytes 
[unmarshall] client vb02 len(324601) < 400072
[unmarshall] got 2896 new bytes 
[unmarshall] client vb02 len(327497) < 400072
[unmarshall] got 1448 new bytes 
[unmarshall] client vb02 len(328945) < 400072
[unmarshall] got 1448 new bytes 
[unmarshall] client vb02 len(330393) < 400072
[unmarshall] got 2896 new bytes 
[unmarshall] client vb02 len(333289) < 400072
[unmarshall] got 2896 new bytes 
[unmarshall] client vb02 len(336185) < 400072
[unmarshall] got 2896 new bytes 
[unmarshall] client vb02 len(339081) < 400072
[unmarshall] got 1448 new bytes 
[unmarshall] client vb02 len(340529) < 400072
[unmarshall] got 1448 new bytes 
[unmarshall] client vb02 len(341977) < 400072
[unmarshall] got 2896 new bytes 
[unmarshall] client vb02 len(344873) < 400072
[unmarshall] got 2896 new bytes 
[unmarshall] client vb02 len(347769) < 400072
[unmarshall] got 2896 new bytes 
[unmarshall] client vb02 len(350665) < 400072
[unmarshall] got 1448 new bytes 
[unmarshall] client vb02 len(352113) < 400072
[unmarshall] got 2896 new bytes 
[unmarshall] client vb02 len(355009) < 400072
[unmarshall] got 1448 new bytes 
[unmarshall] client vb02 len(356457) < 400072
[unmarshall] got 4344 new bytes 
[unmarshall] client vb02 len(360801) < 400072
[unmarshall] got 4344 new bytes 
[unmarshall] client vb02 len(365145) < 400072
[unmarshall] got 11584 new bytes 
[unmarshall] client vb02 len(376729) < 400072
[unmarshall] got 15928 new bytes 
[unmarshall] client vb02 len(392657) < 400072
[unmarshall] got 4344 new bytes 
[unmarshall] client vb02 len(397001) < 400072
[unmarshall] got 3071 new bytes 
[14:14.23] dbg: [unmarshall] data for client 1 "" [len 400072] [invalid]
[14:14.23] dbg: Latency unmarshall arguments.
[14:14.23] dbg: Unmarshalling 50000 samples
[unmarshall] client vb03 unmarshall 
[parse_return_code] :  code=220|str=VALID DATA|msg=Data to follow|
[unmarshall] client vb03 content-length: 400072
[unmarshall] client vb03 len(201) < 400072
[unmarshall] got 96040 new bytes 
[unmarshall] client vb03 len(96241) < 400072
[unmarshall] got 56472 new bytes 
[unmarshall] client vb03 len(152713) < 400072
[unmarshall] got 26216 new bytes 
[unmarshall] client vb03 len(178929) < 400072
[unmarshall] got 56472 new bytes 
[unmarshall] client vb03 len(235401) < 400072
[unmarshall] got 62264 new bytes 
[unmarshall] client vb03 len(297665) < 400072
[unmarshall] got 102407 new bytes 
[14:14.23] dbg: [unmarshall] data for client 2 "" [len 400072] [invalid]
[14:14.23] dbg: Latency unmarshall arguments.
[14:14.23] dbg: Unmarshalling 50000 samples
[unmarshall] client vb04 unmarshall 
[parse_return_code] :  code=220|str=VALID DATA|msg=Data to follow|
[unmarshall] client vb04 content-length: 400072
[unmarshall] client vb04 len(201) < 400072
[unmarshall] got 96080 new bytes 
[unmarshall] client vb04 len(96281) < 400072
[unmarshall] got 56472 new bytes 
[unmarshall] client vb04 len(152753) < 400072
[unmarshall] got 26216 new bytes 
[unmarshall] client vb04 len(178969) < 400072
[unmarshall] got 43440 new bytes 
[unmarshall] client vb04 len(222409) < 400072
[unmarshall] got 41840 new bytes 
[unmarshall] client vb04 len(264249) < 400072
[unmarshall] got 49232 new bytes 
[unmarshall] client vb04 len(313481) < 400072
[unmarshall] got 33304 new bytes 
[unmarshall] client vb04 len(346785) < 400072
[unmarshall] got 28960 new bytes 
[unmarshall] client vb04 len(375745) < 400072
[unmarshall] got 24327 new bytes 
[14:14.23] dbg: [unmarshall] data for client 3 "" [len 400072] [invalid]
[14:14.23] dbg: Latency unmarshall arguments.
[14:14.23] dbg: Unmarshalling 50000 samples
[send_command] : STOP
[unmarshall] client 172.16.1.127 unmarshall 
[parse_return_code] :  code=220|str=VALID DATA|msg=Data to follow|
[unmarshall] client 172.16.1.127 content-length: 24
[14:14.24] dbg: [unmarshall] data for target ",8143337545,22883473154" [len 24] [invalid]
[14:14.24] dbg: [cpu_target_lukem_unmarhsall] start
[14:14.24] dbg: [cpu_target_lukem_unmarshall] cpu usage ,8143337545,22883473154
[14:14.24] dbg: Latency begin output function
[send_command] : QUIT
[send_command] : QUIT
[send_command] : QUIT
[send_command] : QUIT
[send_command] : QUIT
b'100 IPBENCH V1.0\n'
b'100 IPBENCH V1.0\n'
b'100 IPBENCH V1.0\n'
b'100 IPBENCH V1.0\n'
b'100 IPBENCH V1.0\n'
b'100 IPBENCH V1.0\n'
b'100 IPBENCH V1.0\n'
b'100 IPBENCH V1.0\n'
Requested_Throughput,Receive_Throughput,Send_Throughput,Packet_Size,Minimum_RTT,Average_RTT,Maximum_RTT,Stdev_RTT,Median_RTT,Bad_Packets,Idle_Cycles,Total_Cycles
 1000000000,957201963,999988626,1472,1270,1324,1422,13.38,1328,0,8143337545,22883473154

b'100 IPBENCH V1.0\n'
b'100 IPBENCH V1.0\n'
b'100 IPBENCH V1.0\n'
b'100 IPBENCH V1.0\n'
Result Summary:
Requested_Throughput,Receive_Throughput,Send_Throughput,Packet_Size,Minimum_RTT,Average_RTT,Maximum_RTT,Stdev_RTT,Median_RTT,Bad_Packets,Idle_Cycles,Total_Cycles
1000000000,957201963,999988626,1472,1270,1324,1422,13.38,1328,0,8143337545,22883473154

