[14:20.12] dbg: Finding plugins in /usr/lib/x86_64-linux-gnu/ipbench
[14:20.12] dbg: Checking /usr/lib/x86_64-linux-gnu/ipbench/liblatencyramp.so against latency ...
[14:20.12] dbg: Checking for header ...
[14:20.12] dbg: Checking magic number ...
[14:20.12] dbg: Checking test name |latency|latency_ramp|...
[14:20.12] dbg: latency does not match latency_ramp
[14:20.12] dbg: Checking /usr/lib/x86_64-linux-gnu/ipbench/libwrapper_target.so against latency ...
[14:20.12] dbg: /usr/lib/x86_64-linux-gnu/ipbench/libwrapper_target.so: undefined symbol: target_wrap_setup_controller
[14:20.12] dbg: Checking /usr/lib/x86_64-linux-gnu/ipbench/libwrapper_client.so against latency ...
[14:20.12] dbg: /usr/lib/x86_64-linux-gnu/ipbench/libwrapper_client.so: undefined symbol: client_wrap_setup_controller
[14:20.12] dbg: Checking /usr/lib/x86_64-linux-gnu/ipbench/libwait.so against latency ...
[14:20.12] dbg: Checking for header ...
[14:20.12] dbg: Checking magic number ...
[14:20.12] dbg: Checking test name |latency|wait|...
[14:20.12] dbg: latency does not match wait
[14:20.12] dbg: Checking /usr/lib/x86_64-linux-gnu/ipbench/libnfsstones.so against latency ...
[14:20.12] dbg: Checking for header ...
[14:20.12] dbg: Checking magic number ...
[14:20.12] dbg: Checking test name |latency|nfsstone|...
[14:20.12] dbg: latency does not match nfsstone
[14:20.12] dbg: Checking /usr/lib/x86_64-linux-gnu/ipbench/libnfs_latency.so against latency ...
[14:20.12] dbg: Checking for header ...
[14:20.12] dbg: Checking magic number ...
[14:20.12] dbg: Checking test name |latency|nfs_latency|...
[14:20.12] dbg: latency does not match nfs_latency
[14:20.12] dbg: Checking /usr/lib/x86_64-linux-gnu/ipbench/liblatencycheck.so against latency ...
[14:20.12] dbg: Checking for header ...
[14:20.12] dbg: Checking magic number ...
[14:20.12] dbg: Checking test name |latency|latency|...
[14:20.12] dbg: Test loaded
[main] setting up target 172.16.1.102
[14:20.12] dbg: Finding plugins in /usr/lib/x86_64-linux-gnu/ipbench
[14:20.12] dbg: Checking /usr/lib/x86_64-linux-gnu/ipbench/liblatencyramp.so against cpu_target_lukem ...
[14:20.12] dbg: Checking for header ...
[14:20.12] dbg: Checking magic number ...
[14:20.12] dbg: Checking test name |cpu_target_lukem|latency_ramp|...
[14:20.12] dbg: cpu_target_lukem does not match latency_ramp
[14:20.12] dbg: Checking /usr/lib/x86_64-linux-gnu/ipbench/libwrapper_target.so against cpu_target_lukem ...
[14:20.12] dbg: /usr/lib/x86_64-linux-gnu/ipbench/libwrapper_target.so: undefined symbol: target_wrap_setup_controller
[14:20.12] dbg: Checking /usr/lib/x86_64-linux-gnu/ipbench/libwrapper_client.so against cpu_target_lukem ...
[14:20.12] dbg: /usr/lib/x86_64-linux-gnu/ipbench/libwrapper_client.so: undefined symbol: client_wrap_setup_controller
[14:20.12] dbg: Checking /usr/lib/x86_64-linux-gnu/ipbench/libwait.so against cpu_target_lukem ...
[14:20.12] dbg: Checking for header ...
[14:20.12] dbg: Checking magic number ...
[14:20.12] dbg: Checking test name |cpu_target_lukem|wait|...
[14:20.12] dbg: cpu_target_lukem does not match wait
[14:20.12] dbg: Checking /usr/lib/x86_64-linux-gnu/ipbench/libnfsstones.so against cpu_target_lukem ...
[14:20.12] dbg: Checking for header ...
[14:20.12] dbg: Checking magic number ...
[14:20.12] dbg: Checking test name |cpu_target_lukem|nfsstone|...
[14:20.12] dbg: cpu_target_lukem does not match nfsstone
[14:20.12] dbg: Checking /usr/lib/x86_64-linux-gnu/ipbench/libnfs_latency.so against cpu_target_lukem ...
[14:20.12] dbg: Checking for header ...
[14:20.12] dbg: Checking magic number ...
[14:20.12] dbg: Checking test name |cpu_target_lukem|nfs_latency|...
[14:20.12] dbg: cpu_target_lukem does not match nfs_latency
[14:20.12] dbg: Checking /usr/lib/x86_64-linux-gnu/ipbench/liblatencycheck.so against cpu_target_lukem ...
[14:20.12] dbg: Checking for header ...
[14:20.12] dbg: Checking magic number ...
[14:20.12] dbg: Checking test name |cpu_target_lukem|latency|...
[14:20.12] dbg: cpu_target_lukem does not match latency
[14:20.12] dbg: Checking /usr/lib/x86_64-linux-gnu/ipbench/liblatency.so against cpu_target_lukem ...
[14:20.12] dbg: Checking for header ...
[14:20.12] dbg: Checking magic number ...
[14:20.12] dbg: Checking test name |cpu_target_lukem|latency|...
[14:20.12] dbg: cpu_target_lukem does not match latency
[14:20.12] dbg: Checking /usr/lib/x86_64-linux-gnu/ipbench/libdummy_target.so against cpu_target_lukem ...
[14:20.12] dbg: Checking for header ...
[14:20.12] dbg: Checking magic number ...
[14:20.12] dbg: Checking test name |cpu_target_lukem|dummy_target|...
[14:20.12] dbg: cpu_target_lukem does not match dummy_target
[14:20.12] dbg: Checking /usr/lib/x86_64-linux-gnu/ipbench/libdummy.so against cpu_target_lukem ...
[14:20.12] dbg: Checking for header ...
[14:20.12] dbg: Checking magic number ...
[14:20.12] dbg: Checking test name |cpu_target_lukem|dummy|...
[14:20.12] dbg: cpu_target_lukem does not match dummy
[14:20.12] dbg: Checking /usr/lib/x86_64-linux-gnu/ipbench/libdiscard.so against cpu_target_lukem ...
[14:20.12] dbg: Checking for header ...
[14:20.12] dbg: Checking magic number ...
[14:20.12] dbg: Checking test name |cpu_target_lukem|discard|...
[14:20.12] dbg: cpu_target_lukem does not match discard
[14:20.12] dbg: Checking /usr/lib/x86_64-linux-gnu/ipbench/libcpu_target_lukem.so against cpu_target_lukem ...
[14:20.12] dbg: Checking for header ...
[14:20.12] dbg: Checking magic number ...
[14:20.12] dbg: Checking test name |cpu_target_lukem|cpu_target_lukem|...
[14:20.12] dbg: Test loaded
[IpbenchTestTarget:__init__] : client 172.16.1.102
[connect] start | hostname 172.16.1.102 | port 1236 | 
[parse_return_code] :  code=100|str=IPBENCH V1.0|msg=|
[send_command] : HELLO
[parse_return_code] :  code=200|str=OK|msg=Ready to go|
[send_command] : LOAD cpu_target_lukem
[parse_return_code] :  code=200|str=OK|msg=|
[send_command] : SETUP args::""
[parse_return_code] :  code=200|str=OK|msg=|
[main] setting up client vb01
[IpbenchTestClient:__init__] : client vb01 port 8036 test_port 1235 test_args socktype=udp,bps=250000000,size=1472,warmup=10,cooldown=10,samples=50000
[connect] start | hostname vb01 | port 8036 | 
[parse_return_code] :  code=100|str=IPBENCH V1.0|msg=|
[send_command] : HELLO
[parse_return_code] :  code=200|str=OK|msg=Ready to go|
[send_command] : LOAD latency
[parse_return_code] :  code=200|str=OK|msg=|
[Setup]: target: 172.16.1.102
[Setup]: port: 1235
[Setup]: args: socktype=udp,bps=250000000,size=1472,warmup=10,cooldown=10,samples=50000
[send_command] : SETUP target::172.16.1.102||port::1235||args::"socktype=udp,bps=250000000,size=1472,warmup=10,cooldown=10,samples=50000"
[parse_return_code] :  code=200|str=OK|msg=|
[main] setting up client vb02
[IpbenchTestClient:__init__] : client vb02 port 8036 test_port 1235 test_args socktype=udp,bps=250000000,size=1472,warmup=10,cooldown=10,samples=50000
[connect] start | hostname vb02 | port 8036 | 
[parse_return_code] :  code=100|str=IPBENCH V1.0|msg=|
[send_command] : HELLO
[parse_return_code] :  code=200|str=OK|msg=Ready to go|
[send_command] : LOAD latency
[parse_return_code] :  code=200|str=OK|msg=|
[Setup]: target: 172.16.1.102
[Setup]: port: 1235
[Setup]: args: socktype=udp,bps=250000000,size=1472,warmup=10,cooldown=10,samples=50000
[send_command] : SETUP target::172.16.1.102||port::1235||args::"socktype=udp,bps=250000000,size=1472,warmup=10,cooldown=10,samples=50000"
[parse_return_code] :  code=200|str=OK|msg=|
[main] setting up client vb03
[IpbenchTestClient:__init__] : client vb03 port 8036 test_port 1235 test_args socktype=udp,bps=250000000,size=1472,warmup=10,cooldown=10,samples=50000
[connect] start | hostname vb03 | port 8036 | 
[parse_return_code] :  code=100|str=IPBENCH V1.0|msg=|
[send_command] : HELLO
[parse_return_code] :  code=200|str=OK|msg=Ready to go|
[send_command] : LOAD latency
[parse_return_code] :  code=200|str=OK|msg=|
[Setup]: target: 172.16.1.102
[Setup]: port: 1235
[Setup]: args: socktype=udp,bps=250000000,size=1472,warmup=10,cooldown=10,samples=50000
[send_command] : SETUP target::172.16.1.102||port::1235||args::"socktype=udp,bps=250000000,size=1472,warmup=10,cooldown=10,samples=50000"
[parse_return_code] :  code=200|str=OK|msg=|
[main] setting up client vb04
[IpbenchTestClient:__init__] : client vb04 port 8036 test_port 1235 test_args socktype=udp,bps=250000000,size=1472,warmup=10,cooldown=10,samples=50000
[connect] start | hostname vb04 | port 8036 | 
[parse_return_code] :  code=100|str=IPBENCH V1.0|msg=|
[send_command] : HELLO
[parse_return_code] :  code=200|str=OK|msg=Ready to go|
[send_command] : LOAD latency
[parse_return_code] :  code=200|str=OK|msg=|
[Setup]: target: 172.16.1.102
[Setup]: port: 1235
[Setup]: args: socktype=udp,bps=250000000,size=1472,warmup=10,cooldown=10,samples=50000
[send_command] : SETUP target::172.16.1.102||port::1235||args::"socktype=udp,bps=250000000,size=1472,warmup=10,cooldown=10,samples=50000"
[parse_return_code] :  code=200|str=OK|msg=|
[send_command] : START
[main] client vb01 start
[send_command] : START
[main] client vb02 start
[send_command] : START
[main] client vb03 start
[send_command] : START
[main] client vb04 start
[send_command] : START
[unmarshall] client vb02 unmarshall 
[parse_return_code] :  code=220|str=VALID DATA|msg=Data to follow|
[unmarshall] client vb02 content-length: 400072
[unmarshall] client vb02 len(201) < 400072
[unmarshall] got 92448 new bytes 
[unmarshall] client vb02 len(92649) < 400072
[unmarshall] got 1448 new bytes 
[unmarshall] client vb02 len(94097) < 400072
[unmarshall] got 2896 new bytes 
[unmarshall] client vb02 len(96993) < 400072
[unmarshall] got 2896 new bytes 
[unmarshall] client vb02 len(99889) < 400072
[unmarshall] got 1448 new bytes 
[unmarshall] client vb02 len(101337) < 400072
[unmarshall] got 1448 new bytes 
[unmarshall] client vb02 len(102785) < 400072
[unmarshall] got 1448 new bytes 
[unmarshall] client vb02 len(104233) < 400072
[unmarshall] got 1448 new bytes 
[unmarshall] client vb02 len(105681) < 400072
[unmarshall] got 1448 new bytes 
[unmarshall] client vb02 len(107129) < 400072
[unmarshall] got 1448 new bytes 
[unmarshall] client vb02 len(108577) < 400072
[unmarshall] got 1448 new bytes 
[unmarshall] client vb02 len(110025) < 400072
[unmarshall] got 1448 new bytes 
[unmarshall] client vb02 len(111473) < 400072
[unmarshall] got 1448 new bytes 
[unmarshall] client vb02 len(112921) < 400072
[unmarshall] got 1448 new bytes 
[unmarshall] client vb02 len(114369) < 400072
[unmarshall] got 1448 new bytes 
[unmarshall] client vb02 len(115817) < 400072
[unmarshall] got 1448 new bytes 
[unmarshall] client vb02 len(117265) < 400072
[unmarshall] got 1448 new bytes 
[unmarshall] client vb02 len(118713) < 400072
[unmarshall] got 1448 new bytes 
[unmarshall] client vb02 len(120161) < 400072
[unmarshall] got 1448 new bytes 
[unmarshall] client vb02 len(121609) < 400072
[unmarshall] got 1448 new bytes 
[unmarshall] client vb02 len(123057) < 400072
[unmarshall] got 1448 new bytes 
[unmarshall] client vb02 len(124505) < 400072
[unmarshall] got 1448 new bytes 
[unmarshall] client vb02 len(125953) < 400072
[unmarshall] got 1448 new bytes 
[unmarshall] client vb02 len(127401) < 400072
[unmarshall] got 1448 new bytes 
[unmarshall] client vb02 len(128849) < 400072
[unmarshall] got 1448 new bytes 
[unmarshall] client vb02 len(130297) < 400072
[unmarshall] got 1448 new bytes 
[unmarshall] client vb02 len(131745) < 400072
[unmarshall] got 1448 new bytes 
[unmarshall] client vb02 len(133193) < 400072
[unmarshall] got 1448 new bytes 
[unmarshall] client vb02 len(134641) < 400072
[unmarshall] got 1448 new bytes 
[unmarshall] client vb02 len(136089) < 400072
[unmarshall] got 1448 new bytes 
[unmarshall] client vb02 len(137537) < 400072
[unmarshall] got 1448 new bytes 
[unmarshall] client vb02 len(138985) < 400072
[unmarshall] got 1448 new bytes 
[unmarshall] client vb02 len(140433) < 400072
[unmarshall] got 1448 new bytes 
[unmarshall] client vb02 len(141881) < 400072
[unmarshall] got 1448 new bytes 
[unmarshall] client vb02 len(143329) < 400072
[unmarshall] got 1448 new bytes 
[unmarshall] client vb02 len(144777) < 400072
[unmarshall] got 1448 new bytes 
[unmarshall] client vb02 len(146225) < 400072
[unmarshall] got 1448 new bytes 
[unmarshall] client vb02 len(147673) < 400072
[unmarshall] got 1448 new bytes 
[unmarshall] client vb02 len(149121) < 400072
[unmarshall] got 1448 new bytes 
[unmarshall] client vb02 len(150569) < 400072
[unmarshall] got 1448 new bytes 
[unmarshall] client vb02 len(152017) < 400072
[unmarshall] got 1448 new bytes 
[unmarshall] client vb02 len(153465) < 400072
[unmarshall] got 1448 new bytes 
[unmarshall] client vb02 len(154913) < 400072
[unmarshall] got 1448 new bytes 
[unmarshall] client vb02 len(156361) < 400072
[unmarshall] got 1448 new bytes 
[unmarshall] client vb02 len(157809) < 400072
[unmarshall] got 1448 new bytes 
[unmarshall] client vb02 len(159257) < 400072
[unmarshall] got 1448 new bytes 
[unmarshall] client vb02 len(160705) < 400072
[unmarshall] got 1448 new bytes 
[unmarshall] client vb02 len(162153) < 400072
[unmarshall] got 1448 new bytes 
[unmarshall] client vb02 len(163601) < 400072
[unmarshall] got 4344 new bytes 
[unmarshall] client vb02 len(167945) < 400072
[unmarshall] got 1448 new bytes 
[unmarshall] client vb02 len(169393) < 400072
[unmarshall] got 1448 new bytes 
[unmarshall] client vb02 len(170841) < 400072
[unmarshall] got 2896 new bytes 
[unmarshall] client vb02 len(173737) < 400072
[unmarshall] got 1448 new bytes 
[unmarshall] client vb02 len(175185) < 400072
[unmarshall] got 2896 new bytes 
[unmarshall] client vb02 len(178081) < 400072
[unmarshall] got 2896 new bytes 
[unmarshall] client vb02 len(180977) < 400072
[unmarshall] got 1448 new bytes 
[unmarshall] client vb02 len(182425) < 400072
[unmarshall] got 4344 new bytes 
[unmarshall] client vb02 len(186769) < 400072
[unmarshall] got 1448 new bytes 
[unmarshall] client vb02 len(188217) < 400072
[unmarshall] got 2896 new bytes 
[unmarshall] client vb02 len(191113) < 400072
[unmarshall] got 1448 new bytes 
[unmarshall] client vb02 len(192561) < 400072
[unmarshall] got 1448 new bytes 
[unmarshall] client vb02 len(194009) < 400072
[unmarshall] got 2896 new bytes 
[unmarshall] client vb02 len(196905) < 400072
[unmarshall] got 1448 new bytes 
[unmarshall] client vb02 len(198353) < 400072
[unmarshall] got 2896 new bytes 
[unmarshall] client vb02 len(201249) < 400072
[unmarshall] got 1448 new bytes 
[unmarshall] client vb02 len(202697) < 400072
[unmarshall] got 4344 new bytes 
[unmarshall] client vb02 len(207041) < 400072
[unmarshall] got 1448 new bytes 
[unmarshall] client vb02 len(208489) < 400072
[unmarshall] got 1448 new bytes 
[unmarshall] client vb02 len(209937) < 400072
[unmarshall] got 1448 new bytes 
[unmarshall] client vb02 len(211385) < 400072
[unmarshall] got 1448 new bytes 
[unmarshall] client vb02 len(212833) < 400072
[unmarshall] got 4344 new bytes 
[unmarshall] client vb02 len(217177) < 400072
[unmarshall] got 2896 new bytes 
[unmarshall] client vb02 len(220073) < 400072
[unmarshall] got 4344 new bytes 
[unmarshall] client vb02 len(224417) < 400072
[unmarshall] got 5792 new bytes 
[unmarshall] client vb02 len(230209) < 400072
[unmarshall] got 2896 new bytes 
[unmarshall] client vb02 len(233105) < 400072
[unmarshall] got 4344 new bytes 
[unmarshall] client vb02 len(237449) < 400072
[unmarshall] got 1448 new bytes 
[unmarshall] client vb02 len(238897) < 400072
[unmarshall] got 1448 new bytes 
[unmarshall] client vb02 len(240345) < 400072
[unmarshall] got 1448 new bytes 
[unmarshall] client vb02 len(241793) < 400072
[unmarshall] got 1448 new bytes 
[unmarshall] client vb02 len(243241) < 400072
[unmarshall] got 5792 new bytes 
[unmarshall] client vb02 len(249033) < 400072
[unmarshall] got 2896 new bytes 
[unmarshall] client vb02 len(251929) < 400072
[unmarshall] got 4344 new bytes 
[unmarshall] client vb02 len(256273) < 400072
[unmarshall] got 5792 new bytes 
[unmarshall] client vb02 len(262065) < 400072
[unmarshall] got 4344 new bytes 
[unmarshall] client vb02 len(266409) < 400072
[unmarshall] got 4344 new bytes 
[unmarshall] client vb02 len(270753) < 400072
[unmarshall] got 1448 new bytes 
[unmarshall] client vb02 len(272201) < 400072
[unmarshall] got 5792 new bytes 
[unmarshall] client vb02 len(277993) < 400072
[unmarshall] got 5792 new bytes 
[unmarshall] client vb02 len(283785) < 400072
[unmarshall] got 5792 new bytes 
[unmarshall] client vb02 len(289577) < 400072
[unmarshall] got 7240 new bytes 
[unmarshall] client vb02 len(296817) < 400072
[unmarshall] got 7240 new bytes 
[unmarshall] client vb02 len(304057) < 400072
[unmarshall] got 5792 new bytes 
[unmarshall] client vb02 len(309849) < 400072
[unmarshall] got 5792 new bytes 
[unmarshall] client vb02 len(315641) < 400072
[unmarshall] got 7240 new bytes 
[unmarshall] client vb02 len(322881) < 400072
[unmarshall] got 7240 new bytes 
[unmarshall] client vb02 len(330121) < 400072
[unmarshall] got 5792 new bytes 
[unmarshall] client vb02 len(335913) < 400072
[unmarshall] got 7240 new bytes 
[unmarshall] client vb02 len(343153) < 400072
[unmarshall] got 8688 new bytes 
[unmarshall] client vb02 len(351841) < 400072
[unmarshall] got 5792 new bytes 
[unmarshall] client vb02 len(357633) < 400072
[unmarshall] got 8688 new bytes 
[unmarshall] client vb02 len(366321) < 400072
[unmarshall] got 7240 new bytes 
[unmarshall] client vb02 len(373561) < 400072
[unmarshall] got 7240 new bytes 
[unmarshall] client vb02 len(380801) < 400072
[unmarshall] got 7240 new bytes 
[unmarshall] client vb02 len(388041) < 400072
[unmarshall] got 8688 new bytes 
[unmarshall] client vb02 len(396729) < 400072
[unmarshall] got 3343 new bytes 
[14:21.13] dbg: [unmarshall] data for client 1 "" [len 400072] [invalid]
[14:21.13] dbg: Latency unmarshall arguments.
[14:21.13] dbg: Unmarshalling 50000 samples
[unmarshall] client vb04 unmarshall 
[parse_return_code] :  code=220|str=VALID DATA|msg=Data to follow|
[unmarshall] client vb04 content-length: 400072
[unmarshall] client vb04 len(201) < 400072
[unmarshall] got 96080 new bytes 
[unmarshall] client vb04 len(96281) < 400072
[unmarshall] got 43440 new bytes 
[unmarshall] client vb04 len(139721) < 400072
[unmarshall] got 13032 new bytes 
[unmarshall] client vb04 len(152753) < 400072
[unmarshall] got 26216 new bytes 
[unmarshall] client vb04 len(178969) < 400072
[unmarshall] got 43440 new bytes 
[unmarshall] client vb04 len(222409) < 400072
[unmarshall] got 62264 new bytes 
[unmarshall] client vb04 len(284673) < 400072
[unmarshall] got 52128 new bytes 
[unmarshall] client vb04 len(336801) < 400072
[unmarshall] got 43440 new bytes 
[unmarshall] client vb04 len(380241) < 400072
[unmarshall] got 19831 new bytes 
[14:21.13] dbg: [unmarshall] data for client 3 "" [len 400072] [invalid]
[14:21.13] dbg: Latency unmarshall arguments.
[14:21.13] dbg: Unmarshalling 50000 samples
[unmarshall] client vb01 unmarshall 
[parse_return_code] :  code=220|str=VALID DATA|msg=Data to follow|
[unmarshall] client vb01 content-length: 400072
[unmarshall] client vb01 len(201) < 400072
[unmarshall] got 128055 new bytes 
[unmarshall] client vb01 len(128256) < 400072
[unmarshall] got 94720 new bytes 
[unmarshall] client vb01 len(222976) < 400072
[unmarshall] got 94720 new bytes 
[unmarshall] client vb01 len(317696) < 400072
[unmarshall] got 82376 new bytes 
[14:21.13] dbg: [unmarshall] data for client 0 "" [len 400072] [invalid]
[14:21.13] dbg: Latency unmarshall arguments.
[14:21.13] dbg: Unmarshalling 50000 samples
[unmarshall] client vb03 unmarshall 
[parse_return_code] :  code=220|str=VALID DATA|msg=Data to follow|
[unmarshall] client vb03 content-length: 400072
[unmarshall] client vb03 len(201) < 400072
[unmarshall] got 96040 new bytes 
[unmarshall] client vb03 len(96241) < 400072
[unmarshall] got 56472 new bytes 
[unmarshall] client vb03 len(152713) < 400072
[unmarshall] got 26216 new bytes 
[unmarshall] client vb03 len(178929) < 400072
[unmarshall] got 56472 new bytes 
[unmarshall] client vb03 len(235401) < 400072
[unmarshall] got 62264 new bytes 
[unmarshall] client vb03 len(297665) < 400072
[unmarshall] got 102407 new bytes 
[14:21.13] dbg: [unmarshall] data for client 2 "" [len 400072] [invalid]
[14:21.13] dbg: Latency unmarshall arguments.
[14:21.13] dbg: Unmarshalling 50000 samples
[send_command] : STOP
[unmarshall] client 172.16.1.102 unmarshall 
[parse_return_code] :  code=220|str=VALID DATA|msg=Data to follow|
[unmarshall] client 172.16.1.102 content-length: 24
[14:21.13] dbg: [unmarshall] data for target ",7805080260,22873899690" [len 24] [invalid]
[14:21.13] dbg: [cpu_target_lukem_unmarhsall] start
[14:21.13] dbg: [cpu_target_lukem_unmarshall] cpu usage ,7805080260,22873899690
[14:21.13] dbg: Latency begin output function
[send_command] : QUIT
[send_command] : QUIT
[send_command] : QUIT
[send_command] : QUIT
[send_command] : QUIT
b'100 IPBENCH V1.0\n'
b'100 IPBENCH V1.0\n'
b'100 IPBENCH V1.0\n'
b'100 IPBENCH V1.0\n'
b'100 IPBENCH V1.0\n'
b'100 IPBENCH V1.0\n'
b'100 IPBENCH V1.0\n'
b'100 IPBENCH V1.0\n'
Requested_Throughput,Receive_Throughput,Send_Throughput,Packet_Size,Minimum_RTT,Average_RTT,Maximum_RTT,Stdev_RTT,Median_RTT,Bad_Packets,Idle_Cycles,Total_Cycles
 1000000000,958081229,999995124,1472,1202,1335,1743,10.77,1336,0,7805080260,22873899690

b'100 IPBENCH V1.0\n'
b'100 IPBENCH V1.0\n'
b'100 IPBENCH V1.0\n'
b'100 IPBENCH V1.0\n'
Result Summary:
Requested_Throughput,Receive_Throughput,Send_Throughput,Packet_Size,Minimum_RTT,Average_RTT,Maximum_RTT,Stdev_RTT,Median_RTT,Bad_Packets,Idle_Cycles,Total_Cycles
1000000000,958081229,999995124,1472,1202,1335,1743,10.77,1336,0,7805080260,22873899690

