[31mUtilization connection established!

[0m[31mclient0 measurement starting...

[0m[31mclient0 measurement finished

[0m[33m{

L1 i-cache misses: 45175484

L1 d-cache misses: 43278709

L1 i-tlb misses: 2571949

L1 d-tlb misses: 5481227

Instructions: 3773906755

Branch mispredictions: 14167462

}

Total utilisation details:

{

KernelUtilisation: 3060130541

KernelEntries: 4415793

NumberSchedules: 3333709

TotalUtilisation: 255968615389

}

Utilisation details for PD: serial_driver (0)

{

KernelUtilisation: 2787

KernelEntries: 2

NumberSchedules: 2

TotalUtilisation: 30956

}

Utilisation details for PD: serial_virt_tx (1)

{

KernelUtilisation: 3984

KernelEntries: 3

NumberSchedules: 2

TotalUtilisation: 12500

}

Utilisation details for PD: ethernet_driver (2)

{

KernelUtilisation: 781374847

KernelEntries: 986974

NumberSchedules: 981048

TotalUtilisation: 2062626094

}

Utilisation details for PD: net_virt_tx (3)

{

KernelUtilisation: 451899349

KernelEntries: 595038

NumberSchedules: 382987

TotalUtilisation: 1002835211

}

Utilisation details for PD: net_virt_rx (4)

{

KernelUtilisation: 705442884

KernelEntries: 1080173

NumberSchedules: 647643

TotalUtilisation: 1335294886

}

Utilisation details for PD: client0 (5)

{

KernelUtilisation: 198845491

KernelEntries: 433654

NumberSchedules: 224193

TotalUtilisation: 1034214040

}

Utilisation details for PD: client0_net_copier (6)

{

KernelUtilisation: 378313137

KernelEntries: 649320

NumberSchedules: 431222

TotalUtilisation: 1047509052

}

Utilisation details for PD: client1 (7)

{

KernelUtilisation: 6606837

KernelEntries: 12106

NumberSchedules: 12106

TotalUtilisation: 16000334

}

Utilisation details for PD: client1_net_copier (8)

{

KernelUtilisation: 482928

KernelEntries: 568

NumberSchedules: 379

TotalUtilisation: 1422316

}

Utilisation details for PD: timer_driver (9)

{

KernelUtilisation: 15983380

KernelEntries: 33593

NumberSchedules: 29772

TotalUtilisation: 75768331

}

[0m[31mUtilization connection established!

[0m[31mclient0 measurement starting...

[0m[31mclient0 measurement finished

[0m[33m{

L1 i-cache misses: 49968071

L1 d-cache misses: 47611010

L1 i-tlb misses: 2862377

L1 d-tlb misses: 6063656

Instructions: 742865426

Branch mispredictions: 14881824

}

Total utilisation details:

{

KernelUtilisation: 3260016709

KernelEntries: 4718641

NumberSchedules: 3532919

TotalUtilisation: 138013012714

}

Utilisation details for PD: serial_driver (0)

{

KernelUtilisation: 2726

KernelEntries: 2

NumberSchedules: 2

TotalUtilisation: 30263

}

Utilisation details for PD: serial_virt_tx (1)

{

KernelUtilisation: 3899

KernelEntries: 3

NumberSchedules: 2

TotalUtilisation: 14724

}

Utilisation details for PD: ethernet_driver (2)

{

KernelUtilisation: 875172102

KernelEntries: 1106930

NumberSchedules: 1102926

TotalUtilisation: 2289006611

}

Utilisation details for PD: net_virt_tx (3)

{

KernelUtilisation: 515805194

KernelEntries: 679537

NumberSchedules: 438997

TotalUtilisation: 1135550846

}

Utilisation details for PD: net_virt_rx (4)

{

KernelUtilisation: 766282416

KernelEntries: 1176064

NumberSchedules: 707291

TotalUtilisation: 1450104974

}

Utilisation details for PD: client0 (5)

{

KernelUtilisation: 219141798

KernelEntries: 477796

NumberSchedules: 243153

TotalUtilisation: 1130602588

}

Utilisation details for PD: client0_net_copier (6)

{

KernelUtilisation: 412604978

KernelEntries: 705722

NumberSchedules: 470569

TotalUtilisation: 1136515638

}

Utilisation details for PD: client1 (7)

{

KernelUtilisation: 3778024

KernelEntries: 6463

NumberSchedules: 6463

TotalUtilisation: 10625311

}

Utilisation details for PD: client1_net_copier (8)

{

KernelUtilisation: 318555

KernelEntries: 363

NumberSchedules: 242

TotalUtilisation: 943414

}

Utilisation details for PD: timer_driver (9)

{

KernelUtilisation: 8783322

KernelEntries: 18551

NumberSchedules: 16071

TotalUtilisation: 42503072

}

[0m[31mUtilization connection established!

[0m[31mclient0 measurement starting...

[0m[31mclient0 measurement finished

[0m[33m{

L1 i-cache misses: 52108887

L1 d-cache misses: 51085772

L1 i-tlb misses: 2875007

L1 d-tlb misses: 6332615

Instructions: 2546202477

Branch mispredictions: 16627537

}

Total utilisation details:

{

KernelUtilisation: 3333334916

KernelEntries: 4886123

NumberSchedules: 3534886

TotalUtilisation: 67536706141

}

Utilisation details for PD: serial_driver (0)

{

KernelUtilisation: 3279

KernelEntries: 3

NumberSchedules: 2

TotalUtilisation: 29999

}

Utilisation details for PD: serial_virt_tx (1)

{

KernelUtilisation: 4321

KernelEntries: 3

NumberSchedules: 2

TotalUtilisation: 12838

}

Utilisation details for PD: ethernet_driver (2)

{

KernelUtilisation: 876684318

KernelEntries: 1102001

NumberSchedules: 1086746

TotalUtilisation: 2398919275

}

Utilisation details for PD: net_virt_tx (3)

{

KernelUtilisation: 474550284

KernelEntries: 633997

NumberSchedules: 392472

TotalUtilisation: 1091804691

}

Utilisation details for PD: net_virt_rx (4)

{

KernelUtilisation: 901839431

KernelEntries: 1378619

NumberSchedules: 818376

TotalUtilisation: 1699892004

}

Utilisation details for PD: client0 (5)

{

KernelUtilisation: 231058667

KernelEntries: 500701

NumberSchedules: 253512

TotalUtilisation: 1270144984

}

Utilisation details for PD: client0_net_copier (6)

{

KernelUtilisation: 480392034

KernelEntries: 835476

NumberSchedules: 550279

TotalUtilisation: 1346796657

}

Utilisation details for PD: client1 (7)

{

KernelUtilisation: 2017536

KernelEntries: 3291

NumberSchedules: 3291

TotalUtilisation: 8253191

}

Utilisation details for PD: client1_net_copier (8)

{

KernelUtilisation: 84308

KernelEntries: 91

NumberSchedules: 61

TotalUtilisation: 251150

}

Utilisation details for PD: timer_driver (9)

{

KernelUtilisation: 6813733

KernelEntries: 9829

NumberSchedules: 8040

TotalUtilisation: 25841652

}

[0m[31mUtilization connection established!

[0m[31mclient0 measurement starting...

[0m[31mclient0 measurement finished

[0m[33m{

L1 i-cache misses: 61294494

L1 d-cache misses: 61201021

L1 i-tlb misses: 3294400

L1 d-tlb misses: 7404483

Instructions: 3564493126

Branch mispredictions: 20575548

}

Total utilisation details:

{

KernelUtilisation: 3822408645

KernelEntries: 5631998

NumberSchedules: 4000570

TotalUtilisation: 43911832866

}

Utilisation details for PD: serial_driver (0)

{

KernelUtilisation: 2802

KernelEntries: 2

NumberSchedules: 2

TotalUtilisation: 29261

}

Utilisation details for PD: serial_virt_tx (1)

{

KernelUtilisation: 4441

KernelEntries: 3

NumberSchedules: 2

TotalUtilisation: 12825

}

Utilisation details for PD: ethernet_driver (2)

{

KernelUtilisation: 1003751742

KernelEntries: 1277265

NumberSchedules: 1213520

TotalUtilisation: 2821515903

}

Utilisation details for PD: net_virt_tx (3)

{

KernelUtilisation: 576798771

KernelEntries: 774363

NumberSchedules: 471025

TotalUtilisation: 1333763924

}

Utilisation details for PD: net_virt_rx (4)

{

KernelUtilisation: 1022638412

KernelEntries: 1578894

NumberSchedules: 944871

TotalUtilisation: 1964230823

}

Utilisation details for PD: client0 (5)

{

KernelUtilisation: 283215615

KernelEntries: 607998

NumberSchedules: 309490

TotalUtilisation: 1589319036

}

Utilisation details for PD: client0_net_copier (6)

{

KernelUtilisation: 551940983

KernelEntries: 948883

NumberSchedules: 627488

TotalUtilisation: 1607690541

}

Utilisation details for PD: client1 (7)

{

KernelUtilisation: 1231414

KernelEntries: 2110

NumberSchedules: 2109

TotalUtilisation: 6321517

}

Utilisation details for PD: client1_net_copier (8)

{

KernelUtilisation: 54752

KernelEntries: 47

NumberSchedules: 32

TotalUtilisation: 162586

}

Utilisation details for PD: timer_driver (9)

{

KernelUtilisation: 5693592

KernelEntries: 6642

NumberSchedules: 5312

TotalUtilisation: 19006270

}

[0m[31mUtilization connection established!

[0m[31mclient0 measurement starting...

[0m[31mclient0 measurement finished

[0m[33m{

L1 i-cache misses: 68968249

L1 d-cache misses: 72547366

L1 i-tlb misses: 3598201

L1 d-tlb misses: 8632304

Instructions: 1492705248

Branch mispredictions: 24259843

}

Total utilisation details:

{

KernelUtilisation: 4160602928

KernelEntries: 6163996

NumberSchedules: 4275873

TotalUtilisation: 32225149082

}

Utilisation details for PD: serial_driver (0)

{

KernelUtilisation: 2869

KernelEntries: 2

NumberSchedules: 2

TotalUtilisation: 28901

}

Utilisation details for PD: serial_virt_tx (1)

{

KernelUtilisation: 4105

KernelEntries: 3

NumberSchedules: 2

TotalUtilisation: 14982

}

Utilisation details for PD: ethernet_driver (2)

{

KernelUtilisation: 1056514485

KernelEntries: 1338579

NumberSchedules: 1248103

TotalUtilisation: 3273875964

}

Utilisation details for PD: net_virt_tx (3)

{

KernelUtilisation: 619723235

KernelEntries: 841738

NumberSchedules: 486853

TotalUtilisation: 1520856480

}

Utilisation details for PD: net_virt_rx (4)

{

KernelUtilisation: 1168192015

KernelEntries: 1803860

NumberSchedules: 1087220

TotalUtilisation: 2309605411

}

Utilisation details for PD: client0 (5)

{

KernelUtilisation: 330879061

KernelEntries: 709411

NumberSchedules: 359810

TotalUtilisation: 2063948724

}

Utilisation details for PD: client0_net_copier (6)

{

KernelUtilisation: 627031398

KernelEntries: 1070367

NumberSchedules: 705707

TotalUtilisation: 1996622591

}

Utilisation details for PD: client1 (7)

{

KernelUtilisation: 1003314

KernelEntries: 1617

NumberSchedules: 1615

TotalUtilisation: 4915300

}

Utilisation details for PD: client1_net_copier (8)

{

KernelUtilisation: 98204

KernelEntries: 105

NumberSchedules: 71

TotalUtilisation: 272363

}

Utilisation details for PD: timer_driver (9)

{

KernelUtilisation: 4332100

KernelEntries: 5032

NumberSchedules: 3969

TotalUtilisation: 14360286

}

[0m[31mUtilization connection established!

[0m[31mclient0 measurement starting...

[0m[31mclient0 measurement finished

[0m[33m{

L1 i-cache misses: 46359606

L1 d-cache misses: 62686284

L1 i-tlb misses: 2513115

L1 d-tlb misses: 7218038

Instructions: 3441319725

Branch mispredictions: 21365786

}

Total utilisation details:

{

KernelUtilisation: 3128489971

KernelEntries: 4642149

NumberSchedules: 3200813

TotalUtilisation: 28288829916

}

Utilisation details for PD: serial_driver (0)

{

KernelUtilisation: 2911

KernelEntries: 2

NumberSchedules: 2

TotalUtilisation: 29305

}

Utilisation details for PD: serial_virt_tx (1)

{

KernelUtilisation: 4229

KernelEntries: 3

NumberSchedules: 2

TotalUtilisation: 12644

}

Utilisation details for PD: ethernet_driver (2)

{

KernelUtilisation: 887613916

KernelEntries: 1181891

NumberSchedules: 1059490

TotalUtilisation: 3460246975

}

Utilisation details for PD: net_virt_tx (3)

{

KernelUtilisation: 364949940

KernelEntries: 458633

NumberSchedules: 290684

TotalUtilisation: 1136979699

}

Utilisation details for PD: net_virt_rx (4)

{

KernelUtilisation: 982722918

KernelEntries: 1483420

NumberSchedules: 875236

TotalUtilisation: 2055242649

}

Utilisation details for PD: client0 (5)

{

KernelUtilisation: 181369930

KernelEntries: 375688

NumberSchedules: 193353

TotalUtilisation: 1959255749

}

Utilisation details for PD: client0_net_copier (6)

{

KernelUtilisation: 512077435

KernelEntries: 920310

NumberSchedules: 564344

TotalUtilisation: 2061834256

}

Utilisation details for PD: client1 (7)

{

KernelUtilisation: 795670

KernelEntries: 1361

NumberSchedules: 1361

TotalUtilisation: 4054147

}

Utilisation details for PD: client1_net_copier (8)

{

KernelUtilisation: 24186

KernelEntries: 27

NumberSchedules: 19

TotalUtilisation: 63230

}

Utilisation details for PD: timer_driver (9)

{

KernelUtilisation: 3942083

KernelEntries: 4615

NumberSchedules: 3582

TotalUtilisation: 12951321

}

[0m[31mUtilization connection established!

[0m[31mclient0 measurement starting...

[0m[31mclient0 measurement finished

[0m[33m{

L1 i-cache misses: 43960067

L1 d-cache misses: 65627769

L1 i-tlb misses: 2260514

L1 d-tlb misses: 7410510

Instructions: 1489943820

Branch mispredictions: 22141635

}

Total utilisation details:

{

KernelUtilisation: 2916782938

KernelEntries: 4382528

NumberSchedules: 2907542

TotalUtilisation: 26285675734

}

Utilisation details for PD: serial_driver (0)

{

KernelUtilisation: 3127

KernelEntries: 2

NumberSchedules: 2

TotalUtilisation: 29543

}

Utilisation details for PD: serial_virt_tx (1)

{

KernelUtilisation: 4029

KernelEntries: 3

NumberSchedules: 2

TotalUtilisation: 12958

}

Utilisation details for PD: ethernet_driver (2)

{

KernelUtilisation: 819859054

KernelEntries: 1116242

NumberSchedules: 943374

TotalUtilisation: 3740104108

}

Utilisation details for PD: net_virt_tx (3)

{

KernelUtilisation: 315442661

KernelEntries: 396055

NumberSchedules: 242219

TotalUtilisation: 1156981941

}

Utilisation details for PD: net_virt_rx (4)

{

KernelUtilisation: 985848378

KernelEntries: 1480016

NumberSchedules: 873308

TotalUtilisation: 2153472445

}

Utilisation details for PD: client0 (5)

{

KernelUtilisation: 175168052

KernelEntries: 355219

NumberSchedules: 185135

TotalUtilisation: 2263238113

}

Utilisation details for PD: client0_net_copier (6)

{

KernelUtilisation: 492806886

KernelEntries: 898153

NumberSchedules: 537802

TotalUtilisation: 2307495661

}

Utilisation details for PD: client1 (7)

{

KernelUtilisation: 904802

KernelEntries: 1261

NumberSchedules: 1261

TotalUtilisation: 3950405

}

Utilisation details for PD: client1_net_copier (8)

{

KernelUtilisation: 17451

KernelEntries: 20

NumberSchedules: 14

TotalUtilisation: 45583

}

Utilisation details for PD: timer_driver (9)

{

KernelUtilisation: 3781017

KernelEntries: 4112

NumberSchedules: 3235

TotalUtilisation: 12374098

}

[0m[31mUtilization connection established!

[0m[31mclient0 measurement starting...

[0m[31mclient0 measurement finished

[0m[33m{

L1 i-cache misses: 39386685

L1 d-cache misses: 65303277

L1 i-tlb misses: 1863680

L1 d-tlb misses: 7313521

Instructions: 468207391

Branch mispredictions: 21632774

}

Total utilisation details:

{

KernelUtilisation: 2478522944

KernelEntries: 3684946

NumberSchedules: 2424511

TotalUtilisation: 25085182173

}

Utilisation details for PD: serial_driver (0)

{

KernelUtilisation: 2879

KernelEntries: 2

NumberSchedules: 2

TotalUtilisation: 29069

}

Utilisation details for PD: serial_virt_tx (1)

{

KernelUtilisation: 4007

KernelEntries: 3

NumberSchedules: 2

TotalUtilisation: 12324

}

Utilisation details for PD: ethernet_driver (2)

{

KernelUtilisation: 768188481

KernelEntries: 1026955

NumberSchedules: 862672

TotalUtilisation: 4027813346

}

Utilisation details for PD: net_virt_tx (3)

{

KernelUtilisation: 231636896

KernelEntries: 281998

NumberSchedules: 178796

TotalUtilisation: 1115214463

}

Utilisation details for PD: net_virt_rx (4)

{

KernelUtilisation: 864852292

KernelEntries: 1273742

NumberSchedules: 750455

TotalUtilisation: 2052855678

}

Utilisation details for PD: client0 (5)

{

KernelUtilisation: 168717749

KernelEntries: 323454

NumberSchedules: 172993

TotalUtilisation: 2562680323

}

Utilisation details for PD: client0_net_copier (6)

{

KernelUtilisation: 370840113

KernelEntries: 709608

NumberSchedules: 391254

TotalUtilisation: 2418638566

}

Utilisation details for PD: client1 (7)

{

KernelUtilisation: 940072

KernelEntries: 1174

NumberSchedules: 1169

TotalUtilisation: 3795558

}

Utilisation details for PD: client1_net_copier (8)

{

KernelUtilisation: 0

KernelEntries: 0

NumberSchedules: 0

TotalUtilisation: 0

}

Utilisation details for PD: timer_driver (9)

{

KernelUtilisation: 3713947

KernelEntries: 3893

NumberSchedules: 3059

TotalUtilisation: 12188013

}

[0m[31mUtilization connection established!

[0m[31mclient0 measurement starting...

[0m[31mclient0 measurement finished

[0m[33m{

L1 i-cache misses: 26164941

L1 d-cache misses: 60908011

L1 i-tlb misses: 1457302

L1 d-tlb misses: 6905048

Instructions: 4236504858

Branch mispredictions: 19262939

}

Total utilisation details:

{

KernelUtilisation: 1879766033

KernelEntries: 2775927

NumberSchedules: 1845489

TotalUtilisation: 24273791607

}

Utilisation details for PD: serial_driver (0)

{

KernelUtilisation: 4324

KernelEntries: 3

NumberSchedules: 3

TotalUtilisation: 30694

}

Utilisation details for PD: serial_virt_tx (1)

{

KernelUtilisation: 4030

KernelEntries: 3

NumberSchedules: 2

TotalUtilisation: 12708

}

Utilisation details for PD: ethernet_driver (2)

{

KernelUtilisation: 611936800

KernelEntries: 832395

NumberSchedules: 704434

TotalUtilisation: 4261066767

}

Utilisation details for PD: net_virt_tx (3)

{

KernelUtilisation: 170138590

KernelEntries: 229326

NumberSchedules: 123853

TotalUtilisation: 1157451107

}

Utilisation details for PD: net_virt_rx (4)

{

KernelUtilisation: 599017491

KernelEntries: 875382

NumberSchedules: 513385

TotalUtilisation: 1725044797

}

Utilisation details for PD: client0 (5)

{

KernelUtilisation: 83538203

KernelEntries: 148753

NumberSchedules: 83337

TotalUtilisation: 2704527938

}

Utilisation details for PD: client0_net_copier (6)

{

KernelUtilisation: 338441913

KernelEntries: 620559

NumberSchedules: 351708

TotalUtilisation: 2588081636

}

Utilisation details for PD: client1 (7)

{

KernelUtilisation: 1086281

KernelEntries: 1147

NumberSchedules: 1147

TotalUtilisation: 4037060

}

Utilisation details for PD: client1_net_copier (8)

{

KernelUtilisation: 81493

KernelEntries: 89

NumberSchedules: 61

TotalUtilisation: 210271

}

Utilisation details for PD: timer_driver (9)

{

KernelUtilisation: 3776570

KernelEntries: 3613

NumberSchedules: 2909

TotalUtilisation: 12163279

}

[0m[31mUtilization connection established!

[0m[31mclient0 measurement starting...

[0m[31mclient0 measurement finished

[0m[33m{

L1 i-cache misses: 24597146

L1 d-cache misses: 63911563

L1 i-tlb misses: 1277797

L1 d-tlb misses: 7232226

Instructions: 3668515283

Branch mispredictions: 19623725

}

Total utilisation details:

{

KernelUtilisation: 1680974465

KernelEntries: 2431676

NumberSchedules: 1617554

TotalUtilisation: 23815497069

}

Utilisation details for PD: serial_driver (0)

{

KernelUtilisation: 4199

KernelEntries: 3

NumberSchedules: 3

TotalUtilisation: 31236

}

Utilisation details for PD: serial_virt_tx (1)

{

KernelUtilisation: 4022

KernelEntries: 3

NumberSchedules: 2

TotalUtilisation: 12740

}

Utilisation details for PD: ethernet_driver (2)

{

KernelUtilisation: 526933490

KernelEntries: 729624

NumberSchedules: 587091

TotalUtilisation: 4338467079

}

Utilisation details for PD: net_virt_tx (3)

{

KernelUtilisation: 168991937

KernelEntries: 185883

NumberSchedules: 129855

TotalUtilisation: 1264517850

}

Utilisation details for PD: net_virt_rx (4)

{

KernelUtilisation: 523083529

KernelEntries: 771116

NumberSchedules: 446466

TotalUtilisation: 1696527031

}

Utilisation details for PD: client0 (5)

{

KernelUtilisation: 58545922

KernelEntries: 112519

NumberSchedules: 56844

TotalUtilisation: 2988028573

}

Utilisation details for PD: client0_net_copier (6)

{

KernelUtilisation: 324333653

KernelEntries: 562074

NumberSchedules: 327607

TotalUtilisation: 2853595169

}

Utilisation details for PD: client1 (7)

{

KernelUtilisation: 1136628

KernelEntries: 1113

NumberSchedules: 1113

TotalUtilisation: 4013456

}

Utilisation details for PD: client1_net_copier (8)

{

KernelUtilisation: 53107

KernelEntries: 58

NumberSchedules: 42

TotalUtilisation: 143487

}

Utilisation details for PD: timer_driver (9)

{

KernelUtilisation: 4018145

KernelEntries: 3604

NumberSchedules: 2859

TotalUtilisation: 12464674

}

[0m[31mUtilization connection established!

[0m[31mclient0 measurement starting...

[0m[31mclient0 measurement finished

[0m[33m{

L1 i-cache misses: 23382201

L1 d-cache misses: 64613699

L1 i-tlb misses: 1088771

L1 d-tlb misses: 7408065

Instructions: 3256808719

Branch mispredictions: 20040285

}

Total utilisation details:

{

KernelUtilisation: 1416507106

KernelEntries: 2006243

NumberSchedules: 1352524

TotalUtilisation: 23391150418

}

Utilisation details for PD: serial_driver (0)

{

KernelUtilisation: 2940

KernelEntries: 2

NumberSchedules: 2

TotalUtilisation: 29081

}

Utilisation details for PD: serial_virt_tx (1)

{

KernelUtilisation: 3936

KernelEntries: 3

NumberSchedules: 2

TotalUtilisation: 12799

}

Utilisation details for PD: ethernet_driver (2)

{

KernelUtilisation: 414986074

KernelEntries: 602381

NumberSchedules: 451781

TotalUtilisation: 4462589568

}

Utilisation details for PD: net_virt_tx (3)

{

KernelUtilisation: 190903599

KernelEntries: 215494

NumberSchedules: 146995

TotalUtilisation: 1398347299

}

Utilisation details for PD: net_virt_rx (4)

{

KernelUtilisation: 436926222

KernelEntries: 630369

NumberSchedules: 392044

TotalUtilisation: 1595883863

}

Utilisation details for PD: client0 (5)

{

KernelUtilisation: 61066712

KernelEntries: 116783

NumberSchedules: 59043

TotalUtilisation: 3316092637

}

Utilisation details for PD: client0_net_copier (6)

{

KernelUtilisation: 232633315

KernelEntries: 369625

NumberSchedules: 231967

TotalUtilisation: 2882458069

}

Utilisation details for PD: client1 (7)

{

KernelUtilisation: 1022334

KernelEntries: 1101

NumberSchedules: 1100

TotalUtilisation: 4005727

}

Utilisation details for PD: client1_net_copier (8)

{

KernelUtilisation: 101376

KernelEntries: 100

NumberSchedules: 71

TotalUtilisation: 252692

}

Utilisation details for PD: timer_driver (9)

{

KernelUtilisation: 3974869

KernelEntries: 3695

NumberSchedules: 2862

TotalUtilisation: 12449336

}

[0m[31mUtilization connection established!

[0m[31mclient0 measurement starting...

[0m[31mclient0 measurement finished

[0m[33m{

L1 i-cache misses: 21183970

L1 d-cache misses: 66542932

L1 i-tlb misses: 883522

L1 d-tlb misses: 7588798

Instructions: 2848323121

Branch mispredictions: 19628444

}

Total utilisation details:

{

KernelUtilisation: 1106155257

KernelEntries: 1525078

NumberSchedules: 1029219

TotalUtilisation: 23065743852

}

Utilisation details for PD: serial_driver (0)

{

KernelUtilisation: 4023

KernelEntries: 3

NumberSchedules: 3

TotalUtilisation: 32599

}

Utilisation details for PD: serial_virt_tx (1)

{

KernelUtilisation: 4217

KernelEntries: 3

NumberSchedules: 2

TotalUtilisation: 12873

}

Utilisation details for PD: ethernet_driver (2)

{

KernelUtilisation: 310977773

KernelEntries: 485985

NumberSchedules: 320711

TotalUtilisation: 4641049257

}

Utilisation details for PD: net_virt_tx (3)

{

KernelUtilisation: 197147468

KernelEntries: 218320

NumberSchedules: 147960

TotalUtilisation: 1511646498

}

Utilisation details for PD: net_virt_rx (4)

{

KernelUtilisation: 314660658

KernelEntries: 434040

NumberSchedules: 299959

TotalUtilisation: 1520551364

}

Utilisation details for PD: client0 (5)

{

KernelUtilisation: 63968156

KernelEntries: 119402

NumberSchedules: 60243

TotalUtilisation: 3700181866

}

Utilisation details for PD: client0_net_copier (6)

{

KernelUtilisation: 137746950

KernelEntries: 195529

NumberSchedules: 129386

TotalUtilisation: 2954660658

}

Utilisation details for PD: client1 (7)

{

KernelUtilisation: 960679

KernelEntries: 1068

NumberSchedules: 1068

TotalUtilisation: 3785225

}

Utilisation details for PD: client1_net_copier (8)

{

KernelUtilisation: 21667

KernelEntries: 18

NumberSchedules: 12

TotalUtilisation: 64582

}

Utilisation details for PD: timer_driver (9)

{

KernelUtilisation: 3880960

KernelEntries: 3664

NumberSchedules: 2836

TotalUtilisation: 12145853

}

[0m[31mUtilization connection established!

[0m[31mclient0 measurement starting...

[0m[31mclient0 measurement finished

[0m[33m{

L1 i-cache misses: 21164749

L1 d-cache misses: 69036944

L1 i-tlb misses: 879078

L1 d-tlb misses: 7869328

Instructions: 2599013568

Branch mispredictions: 19991309

}

Total utilisation details:

{

KernelUtilisation: 1028440203

KernelEntries: 1433350

NumberSchedules: 933665

TotalUtilisation: 23060366199

}

Utilisation details for PD: serial_driver (0)

{

KernelUtilisation: 2997

KernelEntries: 2

NumberSchedules: 2

TotalUtilisation: 28913

}

Utilisation details for PD: serial_virt_tx (1)

{

KernelUtilisation: 4291

KernelEntries: 3

NumberSchedules: 2

TotalUtilisation: 15571

}

Utilisation details for PD: ethernet_driver (2)

{

KernelUtilisation: 279659543

KernelEntries: 445971

NumberSchedules: 272063

TotalUtilisation: 4756550463

}

Utilisation details for PD: net_virt_tx (3)

{

KernelUtilisation: 207276019

KernelEntries: 229653

NumberSchedules: 159907

TotalUtilisation: 1585624051

}

Utilisation details for PD: net_virt_rx (4)

{

KernelUtilisation: 252814816

KernelEntries: 363799

NumberSchedules: 236270

TotalUtilisation: 1497363784

}

Utilisation details for PD: client0 (5)

{

KernelUtilisation: 67790626

KernelEntries: 128196

NumberSchedules: 64706

TotalUtilisation: 3925435566

}

Utilisation details for PD: client0_net_copier (6)

{

KernelUtilisation: 135342358

KernelEntries: 191153

NumberSchedules: 126989

TotalUtilisation: 3135091854

}

Utilisation details for PD: client1 (7)

{

KernelUtilisation: 1109898

KernelEntries: 1067

NumberSchedules: 1067

TotalUtilisation: 4004438

}

Utilisation details for PD: client1_net_copier (8)

{

KernelUtilisation: 23295

KernelEntries: 18

NumberSchedules: 12

TotalUtilisation: 64883

}

Utilisation details for PD: timer_driver (9)

{

KernelUtilisation: 4019544

KernelEntries: 3411

NumberSchedules: 2632

TotalUtilisation: 12436117

}

[0mShutting down maaxboard2
