[00:46.39] dbg: Finding plugins in /usr/lib/x86_64-linux-gnu/ipbench
[00:46.39] dbg: Checking /usr/lib/x86_64-linux-gnu/ipbench/liblatencyramp.so against latency ...
[00:46.39] dbg: Checking for header ...
[00:46.39] dbg: Checking magic number ...
[00:46.39] dbg: Checking test name |latency|latency_ramp|...
[00:46.39] dbg: latency does not match latency_ramp
[00:46.39] dbg: Checking /usr/lib/x86_64-linux-gnu/ipbench/libwrapper_target.so against latency ...
[00:46.39] dbg: /usr/lib/x86_64-linux-gnu/ipbench/libwrapper_target.so: undefined symbol: target_wrap_setup_controller
[00:46.39] dbg: Checking /usr/lib/x86_64-linux-gnu/ipbench/libwrapper_client.so against latency ...
[00:46.39] dbg: /usr/lib/x86_64-linux-gnu/ipbench/libwrapper_client.so: undefined symbol: client_wrap_setup_controller
[00:46.39] dbg: Checking /usr/lib/x86_64-linux-gnu/ipbench/libwait.so against latency ...
[00:46.39] dbg: Checking for header ...
[00:46.39] dbg: Checking magic number ...
[00:46.39] dbg: Checking test name |latency|wait|...
[00:46.39] dbg: latency does not match wait
[00:46.39] dbg: Checking /usr/lib/x86_64-linux-gnu/ipbench/libnfsstones.so against latency ...
[00:46.39] dbg: Checking for header ...
[00:46.39] dbg: Checking magic number ...
[00:46.39] dbg: Checking test name |latency|nfsstone|...
[00:46.39] dbg: latency does not match nfsstone
[00:46.39] dbg: Checking /usr/lib/x86_64-linux-gnu/ipbench/libnfs_latency.so against latency ...
[00:46.39] dbg: Checking for header ...
[00:46.39] dbg: Checking magic number ...
[00:46.39] dbg: Checking test name |latency|nfs_latency|...
[00:46.39] dbg: latency does not match nfs_latency
[00:46.39] dbg: Checking /usr/lib/x86_64-linux-gnu/ipbench/liblatencycheck.so against latency ...
[00:46.39] dbg: Checking for header ...
[00:46.39] dbg: Checking magic number ...
[00:46.39] dbg: Checking test name |latency|latency|...
[00:46.39] dbg: Test loaded
[main] setting up target 172.16.1.157
[00:46.39] dbg: Finding plugins in /usr/lib/x86_64-linux-gnu/ipbench
[00:46.39] dbg: Checking /usr/lib/x86_64-linux-gnu/ipbench/liblatencyramp.so against cpu_target_lukem ...
[00:46.39] dbg: Checking for header ...
[00:46.39] dbg: Checking magic number ...
[00:46.39] dbg: Checking test name |cpu_target_lukem|latency_ramp|...
[00:46.39] dbg: cpu_target_lukem does not match latency_ramp
[00:46.39] dbg: Checking /usr/lib/x86_64-linux-gnu/ipbench/libwrapper_target.so against cpu_target_lukem ...
[00:46.39] dbg: /usr/lib/x86_64-linux-gnu/ipbench/libwrapper_target.so: undefined symbol: target_wrap_setup_controller
[00:46.39] dbg: Checking /usr/lib/x86_64-linux-gnu/ipbench/libwrapper_client.so against cpu_target_lukem ...
[00:46.39] dbg: /usr/lib/x86_64-linux-gnu/ipbench/libwrapper_client.so: undefined symbol: client_wrap_setup_controller
[00:46.39] dbg: Checking /usr/lib/x86_64-linux-gnu/ipbench/libwait.so against cpu_target_lukem ...
[00:46.39] dbg: Checking for header ...
[00:46.39] dbg: Checking magic number ...
[00:46.39] dbg: Checking test name |cpu_target_lukem|wait|...
[00:46.39] dbg: cpu_target_lukem does not match wait
[00:46.39] dbg: Checking /usr/lib/x86_64-linux-gnu/ipbench/libnfsstones.so against cpu_target_lukem ...
[00:46.39] dbg: Checking for header ...
[00:46.39] dbg: Checking magic number ...
[00:46.39] dbg: Checking test name |cpu_target_lukem|nfsstone|...
[00:46.39] dbg: cpu_target_lukem does not match nfsstone
[00:46.39] dbg: Checking /usr/lib/x86_64-linux-gnu/ipbench/libnfs_latency.so against cpu_target_lukem ...
[00:46.39] dbg: Checking for header ...
[00:46.39] dbg: Checking magic number ...
[00:46.39] dbg: Checking test name |cpu_target_lukem|nfs_latency|...
[00:46.39] dbg: cpu_target_lukem does not match nfs_latency
[00:46.39] dbg: Checking /usr/lib/x86_64-linux-gnu/ipbench/liblatencycheck.so against cpu_target_lukem ...
[00:46.39] dbg: Checking for header ...
[00:46.39] dbg: Checking magic number ...
[00:46.39] dbg: Checking test name |cpu_target_lukem|latency|...
[00:46.39] dbg: cpu_target_lukem does not match latency
[00:46.39] dbg: Checking /usr/lib/x86_64-linux-gnu/ipbench/liblatency.so against cpu_target_lukem ...
[00:46.39] dbg: Checking for header ...
[00:46.39] dbg: Checking magic number ...
[00:46.39] dbg: Checking test name |cpu_target_lukem|latency|...
[00:46.39] dbg: cpu_target_lukem does not match latency
[00:46.39] dbg: Checking /usr/lib/x86_64-linux-gnu/ipbench/libdummy_target.so against cpu_target_lukem ...
[00:46.39] dbg: Checking for header ...
[00:46.39] dbg: Checking magic number ...
[00:46.39] dbg: Checking test name |cpu_target_lukem|dummy_target|...
[00:46.39] dbg: cpu_target_lukem does not match dummy_target
[00:46.39] dbg: Checking /usr/lib/x86_64-linux-gnu/ipbench/libdummy.so against cpu_target_lukem ...
[00:46.39] dbg: Checking for header ...
[00:46.39] dbg: Checking magic number ...
[00:46.39] dbg: Checking test name |cpu_target_lukem|dummy|...
[00:46.39] dbg: cpu_target_lukem does not match dummy
[00:46.39] dbg: Checking /usr/lib/x86_64-linux-gnu/ipbench/libdiscard.so against cpu_target_lukem ...
[00:46.39] dbg: Checking for header ...
[00:46.39] dbg: Checking magic number ...
[00:46.39] dbg: Checking test name |cpu_target_lukem|discard|...
[00:46.39] dbg: cpu_target_lukem does not match discard
[00:46.39] dbg: Checking /usr/lib/x86_64-linux-gnu/ipbench/libcpu_target_lukem.so against cpu_target_lukem ...
[00:46.39] dbg: Checking for header ...
[00:46.39] dbg: Checking magic number ...
[00:46.39] dbg: Checking test name |cpu_target_lukem|cpu_target_lukem|...
[00:46.39] dbg: Test loaded
[IpbenchTestTarget:__init__] : client 172.16.1.157
[connect] start | hostname 172.16.1.157 | port 1236 | 
[parse_return_code] :  code=100|str=IPBENCH V1.0|msg=|
[send_command] : HELLO
[parse_return_code] :  code=200|str=OK|msg=Ready to go|
[send_command] : LOAD cpu_target_lukem
[parse_return_code] :  code=200|str=OK|msg=|
[send_command] : SETUP args::""
[parse_return_code] :  code=200|str=OK|msg=|
[main] setting up client vb01
[IpbenchTestClient:__init__] : client vb01 port 8036 test_port 1235 test_args socktype=udp,bps=250000000,size=1472,warmup=10,cooldown=10,samples=50000
[connect] start | hostname vb01 | port 8036 | 
[parse_return_code] :  code=100|str=IPBENCH V1.0|msg=|
[send_command] : HELLO
[parse_return_code] :  code=200|str=OK|msg=Ready to go|
[send_command] : LOAD latency
[parse_return_code] :  code=200|str=OK|msg=|
[Setup]: target: 172.16.1.157
[Setup]: port: 1235
[Setup]: args: socktype=udp,bps=250000000,size=1472,warmup=10,cooldown=10,samples=50000
[send_command] : SETUP target::172.16.1.157||port::1235||args::"socktype=udp,bps=250000000,size=1472,warmup=10,cooldown=10,samples=50000"
[parse_return_code] :  code=200|str=OK|msg=|
[main] setting up client vb02
[IpbenchTestClient:__init__] : client vb02 port 8036 test_port 1235 test_args socktype=udp,bps=250000000,size=1472,warmup=10,cooldown=10,samples=50000
[connect] start | hostname vb02 | port 8036 | 
[parse_return_code] :  code=100|str=IPBENCH V1.0|msg=|
[send_command] : HELLO
[parse_return_code] :  code=200|str=OK|msg=Ready to go|
[send_command] : LOAD latency
[parse_return_code] :  code=200|str=OK|msg=|
[Setup]: target: 172.16.1.157
[Setup]: port: 1235
[Setup]: args: socktype=udp,bps=250000000,size=1472,warmup=10,cooldown=10,samples=50000
[send_command] : SETUP target::172.16.1.157||port::1235||args::"socktype=udp,bps=250000000,size=1472,warmup=10,cooldown=10,samples=50000"
[parse_return_code] :  code=200|str=OK|msg=|
[main] setting up client vb03
[IpbenchTestClient:__init__] : client vb03 port 8036 test_port 1235 test_args socktype=udp,bps=250000000,size=1472,warmup=10,cooldown=10,samples=50000
[connect] start | hostname vb03 | port 8036 | 
[parse_return_code] :  code=100|str=IPBENCH V1.0|msg=|
[send_command] : HELLO
[parse_return_code] :  code=200|str=OK|msg=Ready to go|
[send_command] : LOAD latency
[parse_return_code] :  code=200|str=OK|msg=|
[Setup]: target: 172.16.1.157
[Setup]: port: 1235
[Setup]: args: socktype=udp,bps=250000000,size=1472,warmup=10,cooldown=10,samples=50000
[send_command] : SETUP target::172.16.1.157||port::1235||args::"socktype=udp,bps=250000000,size=1472,warmup=10,cooldown=10,samples=50000"
[parse_return_code] :  code=200|str=OK|msg=|
[main] setting up client vb04
[IpbenchTestClient:__init__] : client vb04 port 8036 test_port 1235 test_args socktype=udp,bps=250000000,size=1472,warmup=10,cooldown=10,samples=50000
[connect] start | hostname vb04 | port 8036 | 
[parse_return_code] :  code=100|str=IPBENCH V1.0|msg=|
[send_command] : HELLO
[parse_return_code] :  code=200|str=OK|msg=Ready to go|
[send_command] : LOAD latency
[parse_return_code] :  code=200|str=OK|msg=|
[Setup]: target: 172.16.1.157
[Setup]: port: 1235
[Setup]: args: socktype=udp,bps=250000000,size=1472,warmup=10,cooldown=10,samples=50000
[send_command] : SETUP target::172.16.1.157||port::1235||args::"socktype=udp,bps=250000000,size=1472,warmup=10,cooldown=10,samples=50000"
[parse_return_code] :  code=200|str=OK|msg=|
[send_command] : START
[main] client vb01 start
[send_command] : START
[main] client vb02 start
[send_command] : START
[main] client vb03 start
[send_command] : START
[main] client vb04 start
[send_command] : START
[unmarshall] client vb01 unmarshall 
[parse_return_code] :  code=220|str=VALID DATA|msg=Data to follow|
[unmarshall] client vb01 content-length: 400072
[unmarshall] client vb01 len(201) < 400072
[unmarshall] got 128055 new bytes 
[unmarshall] client vb01 len(128256) < 400072
[unmarshall] got 94720 new bytes 
[unmarshall] client vb01 len(222976) < 400072
[unmarshall] got 94720 new bytes 
[unmarshall] client vb01 len(317696) < 400072
[unmarshall] got 82376 new bytes 
[00:47.40] dbg: [unmarshall] data for client 0 "" [len 400072] [invalid]
[00:47.40] dbg: Latency unmarshall arguments.
[00:47.40] dbg: Unmarshalling 50000 samples
[unmarshall] client vb02 unmarshall 
[parse_return_code] :  code=220|str=VALID DATA|msg=Data to follow|
[unmarshall] client vb02 content-length: 400072
[unmarshall] client vb02 len(201) < 400072
[unmarshall] got 59144 new bytes 
[unmarshall] client vb02 len(59345) < 400072
[unmarshall] got 1448 new bytes 
[unmarshall] client vb02 len(60793) < 400072
[unmarshall] got 1448 new bytes 
[unmarshall] client vb02 len(62241) < 400072
[unmarshall] got 1448 new bytes 
[unmarshall] client vb02 len(63689) < 400072
[unmarshall] got 1448 new bytes 
[unmarshall] client vb02 len(65137) < 400072
[unmarshall] got 4344 new bytes 
[unmarshall] client vb02 len(69481) < 400072
[unmarshall] got 1448 new bytes 
[unmarshall] client vb02 len(70929) < 400072
[unmarshall] got 1448 new bytes 
[unmarshall] client vb02 len(72377) < 400072
[unmarshall] got 1448 new bytes 
[unmarshall] client vb02 len(73825) < 400072
[unmarshall] got 1448 new bytes 
[unmarshall] client vb02 len(75273) < 400072
[unmarshall] got 1448 new bytes 
[unmarshall] client vb02 len(76721) < 400072
[unmarshall] got 1448 new bytes 
[unmarshall] client vb02 len(78169) < 400072
[unmarshall] got 1448 new bytes 
[unmarshall] client vb02 len(79617) < 400072
[unmarshall] got 1448 new bytes 
[unmarshall] client vb02 len(81065) < 400072
[unmarshall] got 2896 new bytes 
[unmarshall] client vb02 len(83961) < 400072
[unmarshall] got 1448 new bytes 
[unmarshall] client vb02 len(85409) < 400072
[unmarshall] got 1448 new bytes 
[unmarshall] client vb02 len(86857) < 400072
[unmarshall] got 1448 new bytes 
[unmarshall] client vb02 len(88305) < 400072
[unmarshall] got 1448 new bytes 
[unmarshall] client vb02 len(89753) < 400072
[unmarshall] got 1448 new bytes 
[unmarshall] client vb02 len(91201) < 400072
[unmarshall] got 1448 new bytes 
[unmarshall] client vb02 len(92649) < 400072
[unmarshall] got 1448 new bytes 
[unmarshall] client vb02 len(94097) < 400072
[unmarshall] got 1448 new bytes 
[unmarshall] client vb02 len(95545) < 400072
[unmarshall] got 5792 new bytes 
[unmarshall] client vb02 len(101337) < 400072
[unmarshall] got 1448 new bytes 
[unmarshall] client vb02 len(102785) < 400072
[unmarshall] got 1448 new bytes 
[unmarshall] client vb02 len(104233) < 400072
[unmarshall] got 1448 new bytes 
[unmarshall] client vb02 len(105681) < 400072
[unmarshall] got 1448 new bytes 
[unmarshall] client vb02 len(107129) < 400072
[unmarshall] got 1448 new bytes 
[unmarshall] client vb02 len(108577) < 400072
[unmarshall] got 1448 new bytes 
[unmarshall] client vb02 len(110025) < 400072
[unmarshall] got 1448 new bytes 
[unmarshall] client vb02 len(111473) < 400072
[unmarshall] got 1448 new bytes 
[unmarshall] client vb02 len(112921) < 400072
[unmarshall] got 1448 new bytes 
[unmarshall] client vb02 len(114369) < 400072
[unmarshall] got 1448 new bytes 
[unmarshall] client vb02 len(115817) < 400072
[unmarshall] got 1448 new bytes 
[unmarshall] client vb02 len(117265) < 400072
[unmarshall] got 1448 new bytes 
[unmarshall] client vb02 len(118713) < 400072
[unmarshall] got 1448 new bytes 
[unmarshall] client vb02 len(120161) < 400072
[unmarshall] got 1448 new bytes 
[unmarshall] client vb02 len(121609) < 400072
[unmarshall] got 1448 new bytes 
[unmarshall] client vb02 len(123057) < 400072
[unmarshall] got 1448 new bytes 
[unmarshall] client vb02 len(124505) < 400072
[unmarshall] got 1448 new bytes 
[unmarshall] client vb02 len(125953) < 400072
[unmarshall] got 1448 new bytes 
[unmarshall] client vb02 len(127401) < 400072
[unmarshall] got 1448 new bytes 
[unmarshall] client vb02 len(128849) < 400072
[unmarshall] got 1448 new bytes 
[unmarshall] client vb02 len(130297) < 400072
[unmarshall] got 5792 new bytes 
[unmarshall] client vb02 len(136089) < 400072
[unmarshall] got 1448 new bytes 
[unmarshall] client vb02 len(137537) < 400072
[unmarshall] got 1448 new bytes 
[unmarshall] client vb02 len(138985) < 400072
[unmarshall] got 1448 new bytes 
[unmarshall] client vb02 len(140433) < 400072
[unmarshall] got 1448 new bytes 
[unmarshall] client vb02 len(141881) < 400072
[unmarshall] got 1448 new bytes 
[unmarshall] client vb02 len(143329) < 400072
[unmarshall] got 1448 new bytes 
[unmarshall] client vb02 len(144777) < 400072
[unmarshall] got 1448 new bytes 
[unmarshall] client vb02 len(146225) < 400072
[unmarshall] got 1448 new bytes 
[unmarshall] client vb02 len(147673) < 400072
[unmarshall] got 1448 new bytes 
[unmarshall] client vb02 len(149121) < 400072
[unmarshall] got 1448 new bytes 
[unmarshall] client vb02 len(150569) < 400072
[unmarshall] got 1448 new bytes 
[unmarshall] client vb02 len(152017) < 400072
[unmarshall] got 1448 new bytes 
[unmarshall] client vb02 len(153465) < 400072
[unmarshall] got 1448 new bytes 
[unmarshall] client vb02 len(154913) < 400072
[unmarshall] got 1448 new bytes 
[unmarshall] client vb02 len(156361) < 400072
[unmarshall] got 1448 new bytes 
[unmarshall] client vb02 len(157809) < 400072
[unmarshall] got 1448 new bytes 
[unmarshall] client vb02 len(159257) < 400072
[unmarshall] got 1448 new bytes 
[unmarshall] client vb02 len(160705) < 400072
[unmarshall] got 1448 new bytes 
[unmarshall] client vb02 len(162153) < 400072
[unmarshall] got 1448 new bytes 
[unmarshall] client vb02 len(163601) < 400072
[unmarshall] got 1448 new bytes 
[unmarshall] client vb02 len(165049) < 400072
[unmarshall] got 1448 new bytes 
[unmarshall] client vb02 len(166497) < 400072
[unmarshall] got 1448 new bytes 
[unmarshall] client vb02 len(167945) < 400072
[unmarshall] got 2896 new bytes 
[unmarshall] client vb02 len(170841) < 400072
[unmarshall] got 1448 new bytes 
[unmarshall] client vb02 len(172289) < 400072
[unmarshall] got 1448 new bytes 
[unmarshall] client vb02 len(173737) < 400072
[unmarshall] got 1448 new bytes 
[unmarshall] client vb02 len(175185) < 400072
[unmarshall] got 1448 new bytes 
[unmarshall] client vb02 len(176633) < 400072
[unmarshall] got 1448 new bytes 
[unmarshall] client vb02 len(178081) < 400072
[unmarshall] got 1448 new bytes 
[unmarshall] client vb02 len(179529) < 400072
[unmarshall] got 2896 new bytes 
[unmarshall] client vb02 len(182425) < 400072
[unmarshall] got 2896 new bytes 
[unmarshall] client vb02 len(185321) < 400072
[unmarshall] got 1448 new bytes 
[unmarshall] client vb02 len(186769) < 400072
[unmarshall] got 1448 new bytes 
[unmarshall] client vb02 len(188217) < 400072
[unmarshall] got 2896 new bytes 
[unmarshall] client vb02 len(191113) < 400072
[unmarshall] got 1448 new bytes 
[unmarshall] client vb02 len(192561) < 400072
[unmarshall] got 1448 new bytes 
[unmarshall] client vb02 len(194009) < 400072
[unmarshall] got 1448 new bytes 
[unmarshall] client vb02 len(195457) < 400072
[unmarshall] got 2896 new bytes 
[unmarshall] client vb02 len(198353) < 400072
[unmarshall] got 1448 new bytes 
[unmarshall] client vb02 len(199801) < 400072
[unmarshall] got 1448 new bytes 
[unmarshall] client vb02 len(201249) < 400072
[unmarshall] got 1448 new bytes 
[unmarshall] client vb02 len(202697) < 400072
[unmarshall] got 1448 new bytes 
[unmarshall] client vb02 len(204145) < 400072
[unmarshall] got 1448 new bytes 
[unmarshall] client vb02 len(205593) < 400072
[unmarshall] got 1448 new bytes 
[unmarshall] client vb02 len(207041) < 400072
[unmarshall] got 1448 new bytes 
[unmarshall] client vb02 len(208489) < 400072
[unmarshall] got 2896 new bytes 
[unmarshall] client vb02 len(211385) < 400072
[unmarshall] got 1448 new bytes 
[unmarshall] client vb02 len(212833) < 400072
[unmarshall] got 2896 new bytes 
[unmarshall] client vb02 len(215729) < 400072
[unmarshall] got 1448 new bytes 
[unmarshall] client vb02 len(217177) < 400072
[unmarshall] got 1448 new bytes 
[unmarshall] client vb02 len(218625) < 400072
[unmarshall] got 1448 new bytes 
[unmarshall] client vb02 len(220073) < 400072
[unmarshall] got 4344 new bytes 
[unmarshall] client vb02 len(224417) < 400072
[unmarshall] got 1448 new bytes 
[unmarshall] client vb02 len(225865) < 400072
[unmarshall] got 1448 new bytes 
[unmarshall] client vb02 len(227313) < 400072
[unmarshall] got 2896 new bytes 
[unmarshall] client vb02 len(230209) < 400072
[unmarshall] got 1448 new bytes 
[unmarshall] client vb02 len(231657) < 400072
[unmarshall] got 2896 new bytes 
[unmarshall] client vb02 len(234553) < 400072
[unmarshall] got 4344 new bytes 
[unmarshall] client vb02 len(238897) < 400072
[unmarshall] got 1448 new bytes 
[unmarshall] client vb02 len(240345) < 400072
[unmarshall] got 2896 new bytes 
[unmarshall] client vb02 len(243241) < 400072
[unmarshall] got 1448 new bytes 
[unmarshall] client vb02 len(244689) < 400072
[unmarshall] got 2896 new bytes 
[unmarshall] client vb02 len(247585) < 400072
[unmarshall] got 2896 new bytes 
[unmarshall] client vb02 len(250481) < 400072
[unmarshall] got 1448 new bytes 
[unmarshall] client vb02 len(251929) < 400072
[unmarshall] got 1448 new bytes 
[unmarshall] client vb02 len(253377) < 400072
[unmarshall] got 1448 new bytes 
[unmarshall] client vb02 len(254825) < 400072
[unmarshall] got 2896 new bytes 
[unmarshall] client vb02 len(257721) < 400072
[unmarshall] got 2896 new bytes 
[unmarshall] client vb02 len(260617) < 400072
[unmarshall] got 1448 new bytes 
[unmarshall] client vb02 len(262065) < 400072
[unmarshall] got 1448 new bytes 
[unmarshall] client vb02 len(263513) < 400072
[unmarshall] got 1448 new bytes 
[unmarshall] client vb02 len(264961) < 400072
[unmarshall] got 2896 new bytes 
[unmarshall] client vb02 len(267857) < 400072
[unmarshall] got 1448 new bytes 
[unmarshall] client vb02 len(269305) < 400072
[unmarshall] got 1448 new bytes 
[unmarshall] client vb02 len(270753) < 400072
[unmarshall] got 2896 new bytes 
[unmarshall] client vb02 len(273649) < 400072
[unmarshall] got 2896 new bytes 
[unmarshall] client vb02 len(276545) < 400072
[unmarshall] got 2896 new bytes 
[unmarshall] client vb02 len(279441) < 400072
[unmarshall] got 1448 new bytes 
[unmarshall] client vb02 len(280889) < 400072
[unmarshall] got 2896 new bytes 
[unmarshall] client vb02 len(283785) < 400072
[unmarshall] got 2896 new bytes 
[unmarshall] client vb02 len(286681) < 400072
[unmarshall] got 1448 new bytes 
[unmarshall] client vb02 len(288129) < 400072
[unmarshall] got 2896 new bytes 
[unmarshall] client vb02 len(291025) < 400072
[unmarshall] got 1448 new bytes 
[unmarshall] client vb02 len(292473) < 400072
[unmarshall] got 5792 new bytes 
[unmarshall] client vb02 len(298265) < 400072
[unmarshall] got 1448 new bytes 
[unmarshall] client vb02 len(299713) < 400072
[unmarshall] got 1448 new bytes 
[unmarshall] client vb02 len(301161) < 400072
[unmarshall] got 1448 new bytes 
[unmarshall] client vb02 len(302609) < 400072
[unmarshall] got 2896 new bytes 
[unmarshall] client vb02 len(305505) < 400072
[unmarshall] got 2896 new bytes 
[unmarshall] client vb02 len(308401) < 400072
[unmarshall] got 1448 new bytes 
[unmarshall] client vb02 len(309849) < 400072
[unmarshall] got 2896 new bytes 
[unmarshall] client vb02 len(312745) < 400072
[unmarshall] got 1448 new bytes 
[unmarshall] client vb02 len(314193) < 400072
[unmarshall] got 1448 new bytes 
[unmarshall] client vb02 len(315641) < 400072
[unmarshall] got 2896 new bytes 
[unmarshall] client vb02 len(318537) < 400072
[unmarshall] got 1448 new bytes 
[unmarshall] client vb02 len(319985) < 400072
[unmarshall] got 4344 new bytes 
[unmarshall] client vb02 len(324329) < 400072
[unmarshall] got 2896 new bytes 
[unmarshall] client vb02 len(327225) < 400072
[unmarshall] got 1448 new bytes 
[unmarshall] client vb02 len(328673) < 400072
[unmarshall] got 1448 new bytes 
[unmarshall] client vb02 len(330121) < 400072
[unmarshall] got 2896 new bytes 
[unmarshall] client vb02 len(333017) < 400072
[unmarshall] got 2896 new bytes 
[unmarshall] client vb02 len(335913) < 400072
[unmarshall] got 2896 new bytes 
[unmarshall] client vb02 len(338809) < 400072
[unmarshall] got 1448 new bytes 
[unmarshall] client vb02 len(340257) < 400072
[unmarshall] got 2896 new bytes 
[unmarshall] client vb02 len(343153) < 400072
[unmarshall] got 1448 new bytes 
[unmarshall] client vb02 len(344601) < 400072
[unmarshall] got 4344 new bytes 
[unmarshall] client vb02 len(348945) < 400072
[unmarshall] got 4344 new bytes 
[unmarshall] client vb02 len(353289) < 400072
[unmarshall] got 10136 new bytes 
[unmarshall] client vb02 len(363425) < 400072
[unmarshall] got 15928 new bytes 
[unmarshall] client vb02 len(379353) < 400072
[unmarshall] got 4344 new bytes 
[unmarshall] client vb02 len(383697) < 400072
[unmarshall] got 11584 new bytes 
[unmarshall] client vb02 len(395281) < 400072
[unmarshall] got 2896 new bytes 
[unmarshall] client vb02 len(398177) < 400072
[unmarshall] got 1895 new bytes 
[00:47.40] dbg: [unmarshall] data for client 1 "" [len 400072] [invalid]
[00:47.40] dbg: Latency unmarshall arguments.
[00:47.40] dbg: Unmarshalling 50000 samples
[unmarshall] client vb04 unmarshall 
[parse_return_code] :  code=220|str=VALID DATA|msg=Data to follow|
[unmarshall] client vb04 content-length: 400072
[unmarshall] client vb04 len(201) < 400072
[unmarshall] got 96080 new bytes 
[unmarshall] client vb04 len(96281) < 400072
[unmarshall] got 56472 new bytes 
[unmarshall] client vb04 len(152753) < 400072
[unmarshall] got 26216 new bytes 
[unmarshall] client vb04 len(178969) < 400072
[unmarshall] got 43440 new bytes 
[unmarshall] client vb04 len(222409) < 400072
[unmarshall] got 41840 new bytes 
[unmarshall] client vb04 len(264249) < 400072
[unmarshall] got 111496 new bytes 
[unmarshall] client vb04 len(375745) < 400072
[unmarshall] got 24327 new bytes 
[00:47.40] dbg: [unmarshall] data for client 3 "" [len 400072] [invalid]
[00:47.40] dbg: Latency unmarshall arguments.
[00:47.40] dbg: Unmarshalling 50000 samples
[unmarshall] client vb03 unmarshall 
[parse_return_code] :  code=220|str=VALID DATA|msg=Data to follow|
[unmarshall] client vb03 content-length: 400072
[unmarshall] client vb03 len(201) < 400072
[unmarshall] got 27288 new bytes 
[unmarshall] client vb03 len(27489) < 400072
[unmarshall] got 41992 new bytes 
[unmarshall] client vb03 len(69481) < 400072
[unmarshall] got 30408 new bytes 
[unmarshall] client vb03 len(99889) < 400072
[unmarshall] got 11584 new bytes 
[unmarshall] client vb03 len(111473) < 400072
[unmarshall] got 33016 new bytes 
[unmarshall] client vb03 len(144489) < 400072
[unmarshall] got 20272 new bytes 
[unmarshall] client vb03 len(164761) < 400072
[unmarshall] got 30408 new bytes 
[unmarshall] client vb03 len(195169) < 400072
[unmarshall] got 13064 new bytes 
[unmarshall] client vb03 len(208233) < 400072
[unmarshall] got 59368 new bytes 
[unmarshall] client vb03 len(267601) < 400072
[unmarshall] got 21720 new bytes 
[unmarshall] client vb03 len(289321) < 400072
[unmarshall] got 62264 new bytes 
[unmarshall] client vb03 len(351585) < 400072
[unmarshall] got 28960 new bytes 
[unmarshall] client vb03 len(380545) < 400072
[unmarshall] got 19527 new bytes 
[00:47.40] dbg: [unmarshall] data for client 2 "" [len 400072] [invalid]
[00:47.40] dbg: Latency unmarshall arguments.
[00:47.40] dbg: Unmarshalling 50000 samples
[send_command] : STOP
[unmarshall] client 172.16.1.157 unmarshall 
[parse_return_code] :  code=220|str=VALID DATA|msg=Data to follow|
[unmarshall] client 172.16.1.157 content-length: 24
[00:47.40] dbg: [unmarshall] data for target ",6580324467,22958145879" [len 24] [invalid]
[00:47.40] dbg: [cpu_target_lukem_unmarhsall] start
[00:47.40] dbg: [cpu_target_lukem_unmarshall] cpu usage ,6580324467,22958145879
[00:47.40] dbg: Latency begin output function
[send_command] : QUIT
[send_command] : QUIT
[send_command] : QUIT
[send_command] : QUIT
[send_command] : QUIT
b'100 IPBENCH V1.0\n'
b'100 IPBENCH V1.0\n'
b'100 IPBENCH V1.0\n'
b'100 IPBENCH V1.0\n'
b'100 IPBENCH V1.0\n'
b'100 IPBENCH V1.0\n'
b'100 IPBENCH V1.0\n'
b'100 IPBENCH V1.0\n'
Requested_Throughput,Receive_Throughput,Send_Throughput,Packet_Size,Minimum_RTT,Average_RTT,Maximum_RTT,Stdev_RTT,Median_RTT,Bad_Packets,Idle_Cycles,Total_Cycles
 1000000000,956719596,999994368,1472,1300,1332,1495,8.83,1332,0,6580324467,22958145879

b'100 IPBENCH V1.0\n'
b'100 IPBENCH V1.0\n'
b'100 IPBENCH V1.0\n'
b'100 IPBENCH V1.0\n'
Result Summary:
Requested_Throughput,Receive_Throughput,Send_Throughput,Packet_Size,Minimum_RTT,Average_RTT,Maximum_RTT,Stdev_RTT,Median_RTT,Bad_Packets,Idle_Cycles,Total_Cycles
1000000000,956719596,999994368,1472,1300,1332,1495,8.83,1332,0,6580324467,22958145879

