co
^Eco
[Enter `^Ec?' for help]
[connecting...up]

U-Boot SPL 2018.03 (Jan 14 2020 - 02:43:08 +0000)
power_bd71837_init
set buck8 to 1.2v for DDR4
DDRINFO: start lpddr4 ddr init
DRAM PHY training for 2400MTS
check ddr4_pmu_train_imem code
check ddr4_pmu_train_imem code pass
check ddr4_pmu_train_dmem code
check ddr4_pmu_train_dmem code pass
Training PASS
DRAM PHY training for 1600MTS
check ddr4_pmu_train_imem code
check ddr4_pmu_train_imem code pass
check ddr4_pmu_train_dmem code
check ddr4_pmu_train_dmem code pass
Training PASS
DRAM PHY training for 1064MTS
check ddr4_pmu_train_imem code
check ddr4_pmu_train_imem code pass
check ddr4_pmu_train_dmem code
check ddr4_pmu_train_dmem code pass
Training PASS
DRAM PHY training for 2400MTS
check ddr4_pmu_train_imem code
check ddr4_pmu_train_imem code pass
check ddr4_pmu_train_dmem code
check ddr4_pmu_train_dmem code pass
Training PASS
DDRINFO:ddrphy calibration done
DDRINFO: ddrmix config done
Normal Boot
Trying to boot from MMC1


U-Boot 2018.03 (Jan 14 2020 - 02:43:08 +0000)

CPU:   Freescale i.MX8MQ rev2.1 1500 MHz (running at 1000 MHz)
CPU:   Commercial temperature grade (0C to 95C) at 42C
Reset cause: POR
Model: Freescale i.MX8MQ EVK
DRAM:  2 GiB
MMC:   FSL_SDHC: 0
Loading Environment from MMC... OK
No panel detected: default to HDMI
Display: HDMI (1280x720)
In:    serial
Out:   serial
Err:   serial

 BuildInfo:
  - ATF d6451cc
  - U-Boot 2018.03

switch to partitions #0, OK
mmc0 is current device
flash target is MMC:0
Net:   
Warning: ethernet@30be0000 (eth0) using random MAC address - a6:4a:23:a5:03:f4
eth0: ethernet@30be0000
Fastboot: Normal
Normal Boot
Hit any key to stop autoboot:  2  
 0 
u-boot=> 
u-boot=> setenv loadaddr 0x50000000
dhcp
setenv loadaddr 0x50000000
u-boot=> dhcp
ethernet@30be0000 Waiting for PHY auto negotiation to complete.... done
BOOTP broadcast 1
BOOTP broadcast 2
BOOTP broadcast 3
BOOTP broadcast 4
BOOTP broadcast 5
BOOTP broadcast 6
DHCP client bound to address 172.16.1.155 (5766 ms)
*** Warning: no boot file name; using 'AC10019B.img'
Using ethernet@30be0000 device
TFTP from server 172.16.0.2; our IP address is 172.16.1.155
Filename 'AC10019B.img'.
Load address: 0x50000000
Loading: *
TFTP error: 'File not found' (1)
Not retrying...
u-boot=> tftp ${loadaddr} /maaxboard2/sel4-image
tftp ${loadaddr} /maaxboard2/sel4-image
Using ethernet@30be0000 device
TFTP from server 172.16.0.2; our IP address is 172.16.1.155
Filename '/maaxboard2/sel4-image'.
Load address: 0x50000000
Loading: *#################################################################
	 #################################################################
	 #################################################################
	 #################################################################
	 #################################################################
	 #################################################################
	 #################################################################
	 ####################################
	 11 MiB/s
done
Bytes transferred = 7204176 (6ded50 hex)
u-boot=> go ${loadaddr}
go ${loadaddr}
## Starting application at 0x50000000 ...
BENCH|LOG: MICROKIT_CONFIG_benchmark defined
BENCH|LOG: CONFIG_BENCHMARK_TRACK_UTILISATION defined
DHCP request finished, IP address for netif client1 is: 172.16.1.156
DHCP request finished, IP address for netif client0 is: 172.16.1.157
Utilization connection established!
client0 measurement starting...
client0 measurement finished 
{
L1 i-cache misses: 25066579
L1 d-cache misses: 69968487
L1 i-tlb misses: 1059397
L1 d-tlb misses: 8126529
Instructions: 1223049730
Branch mispredictions: 34107752
}
Total utilisation details: 
{
KernelUtilisation: 855914921
KernelEntries: 1086971
NumberSchedules: 887657
TotalUtilisation: 22958220047
}
Utilisation details for PD: serial_driver (0)
{
KernelUtilisation: 3285
KernelEntries: 2
NumberSchedules: 2
TotalUtilisation: 30323
}
Utilisation details for PD: serial_virt_tx (1)
{
KernelUtilisation: 4557
KernelEntries: 3
NumberSchedules: 2
TotalUtilisation: 13108
}
Utilisation details for PD: ethernet_driver (2)
{
KernelUtilisation: 259588329
KernelEntries: 426151
NumberSchedules: 246192
TotalUtilisation: 4814165036
}
Utilisation details for PD: net_virt_tx (3)
{
KernelUtilisation: 177273201
KernelEntries: 167346
NumberSchedules: 165300
TotalUtilisation: 1710917676
}
Utilisation details for PD: net_virt_rx (4)
{
KernelUtilisation: 178305873
KernelEntries: 207527
NumberSchedules: 207215
TotalUtilisation: 1930757648
}
Utilisation details for PD: client0 (5)
{
KernelUtilisation: 50629392
KernelEntries: 81970
NumberSchedules: 65984
TotalUtilisation: 3894645952
}
Utilisation details for PD: client0_net_copier (6)
{
KernelUtilisation: 111774545
KernelEntries: 129701
NumberSchedules: 129554
TotalUtilisation: 3904072057
}
Utilisation details for PD: client1 (7)
{
KernelUtilisation: 912925
KernelEntries: 1077
NumberSchedules: 1077
TotalUtilisation: 3932896
}
Utilisation details for PD: client1_net_copier (8)
{
KernelUtilisation: 18681
KernelEntries: 15
NumberSchedules: 15
TotalUtilisation: 82759
}
Utilisation details for PD: timer_driver (9)
{
KernelUtilisation: 3839937
KernelEntries: 3436
NumberSchedules: 2735
TotalUtilisation: 11677729
}
